[2025-04-26T19:32:22.566+0000] {processor.py:156} INFO - Started process (PID=88) to work on /home/airflow/.local/lib/python3.7/site-packages/airflow/example_dags/example_task_group.py
[2025-04-26T19:32:22.567+0000] {processor.py:758} INFO - Processing file /home/airflow/.local/lib/python3.7/site-packages/airflow/example_dags/example_task_group.py for tasks to queue
[2025-04-26T19:32:22.567+0000] {logging_mixin.py:117} INFO - [2025-04-26T19:32:22.567+0000] {dagbag.py:525} INFO - Filling up the DagBag from /home/airflow/.local/lib/python3.7/site-packages/airflow/example_dags/example_task_group.py
[2025-04-26T19:32:22.597+0000] {processor.py:768} INFO - DAG(s) dict_keys(['example_task_group']) retrieved from /home/airflow/.local/lib/python3.7/site-packages/airflow/example_dags/example_task_group.py
[2025-04-26T19:32:22.696+0000] {logging_mixin.py:117} INFO - [2025-04-26T19:32:22.695+0000] {dag.py:2573} INFO - Sync 1 DAGs
[2025-04-26T19:32:22.753+0000] {logging_mixin.py:117} INFO - [2025-04-26T19:32:22.753+0000] {dag.py:3328} INFO - Setting next_dagrun for example_task_group to 2025-04-25T19:32:22.751248+00:00, run_after=2025-04-26T19:32:22.751248+00:00
[2025-04-26T19:32:22.805+0000] {processor.py:178} INFO - Processing /home/airflow/.local/lib/python3.7/site-packages/airflow/example_dags/example_task_group.py took 0.242 seconds
[2025-04-26T19:32:52.935+0000] {processor.py:156} INFO - Started process (PID=142) to work on /home/airflow/.local/lib/python3.7/site-packages/airflow/example_dags/example_task_group.py
[2025-04-26T19:32:52.948+0000] {processor.py:758} INFO - Processing file /home/airflow/.local/lib/python3.7/site-packages/airflow/example_dags/example_task_group.py for tasks to queue
[2025-04-26T19:32:52.948+0000] {logging_mixin.py:117} INFO - [2025-04-26T19:32:52.948+0000] {dagbag.py:525} INFO - Filling up the DagBag from /home/airflow/.local/lib/python3.7/site-packages/airflow/example_dags/example_task_group.py
[2025-04-26T19:32:52.959+0000] {processor.py:768} INFO - DAG(s) dict_keys(['example_task_group']) retrieved from /home/airflow/.local/lib/python3.7/site-packages/airflow/example_dags/example_task_group.py
[2025-04-26T19:32:52.987+0000] {logging_mixin.py:117} INFO - [2025-04-26T19:32:52.987+0000] {dag.py:2573} INFO - Sync 1 DAGs
[2025-04-26T19:32:53.004+0000] {logging_mixin.py:117} INFO - [2025-04-26T19:32:53.003+0000] {dag.py:3328} INFO - Setting next_dagrun for example_task_group to 2025-04-25T19:32:53.003774+00:00, run_after=2025-04-26T19:32:53.003774+00:00
[2025-04-26T19:32:53.046+0000] {processor.py:178} INFO - Processing /home/airflow/.local/lib/python3.7/site-packages/airflow/example_dags/example_task_group.py took 0.113 seconds
[2025-04-26T19:33:23.703+0000] {processor.py:156} INFO - Started process (PID=206) to work on /home/airflow/.local/lib/python3.7/site-packages/airflow/example_dags/example_task_group.py
[2025-04-26T19:33:23.719+0000] {processor.py:758} INFO - Processing file /home/airflow/.local/lib/python3.7/site-packages/airflow/example_dags/example_task_group.py for tasks to queue
[2025-04-26T19:33:23.719+0000] {logging_mixin.py:117} INFO - [2025-04-26T19:33:23.719+0000] {dagbag.py:525} INFO - Filling up the DagBag from /home/airflow/.local/lib/python3.7/site-packages/airflow/example_dags/example_task_group.py
[2025-04-26T19:33:23.732+0000] {processor.py:768} INFO - DAG(s) dict_keys(['example_task_group']) retrieved from /home/airflow/.local/lib/python3.7/site-packages/airflow/example_dags/example_task_group.py
[2025-04-26T19:33:23.767+0000] {logging_mixin.py:117} INFO - [2025-04-26T19:33:23.767+0000] {dag.py:2573} INFO - Sync 1 DAGs
[2025-04-26T19:33:23.787+0000] {logging_mixin.py:117} INFO - [2025-04-26T19:33:23.787+0000] {dag.py:3328} INFO - Setting next_dagrun for example_task_group to 2025-04-25T19:33:23.787311+00:00, run_after=2025-04-26T19:33:23.787311+00:00
[2025-04-26T19:33:23.814+0000] {processor.py:178} INFO - Processing /home/airflow/.local/lib/python3.7/site-packages/airflow/example_dags/example_task_group.py took 0.113 seconds
[2025-04-26T19:33:54.386+0000] {processor.py:156} INFO - Started process (PID=274) to work on /home/airflow/.local/lib/python3.7/site-packages/airflow/example_dags/example_task_group.py
[2025-04-26T19:33:54.388+0000] {processor.py:758} INFO - Processing file /home/airflow/.local/lib/python3.7/site-packages/airflow/example_dags/example_task_group.py for tasks to queue
[2025-04-26T19:33:54.388+0000] {logging_mixin.py:117} INFO - [2025-04-26T19:33:54.388+0000] {dagbag.py:525} INFO - Filling up the DagBag from /home/airflow/.local/lib/python3.7/site-packages/airflow/example_dags/example_task_group.py
[2025-04-26T19:33:54.400+0000] {processor.py:768} INFO - DAG(s) dict_keys(['example_task_group']) retrieved from /home/airflow/.local/lib/python3.7/site-packages/airflow/example_dags/example_task_group.py
[2025-04-26T19:33:54.431+0000] {logging_mixin.py:117} INFO - [2025-04-26T19:33:54.431+0000] {dag.py:2573} INFO - Sync 1 DAGs
[2025-04-26T19:33:54.450+0000] {logging_mixin.py:117} INFO - [2025-04-26T19:33:54.450+0000] {dag.py:3328} INFO - Setting next_dagrun for example_task_group to 2025-04-25T19:33:54.450105+00:00, run_after=2025-04-26T19:33:54.450105+00:00
[2025-04-26T19:33:54.469+0000] {processor.py:178} INFO - Processing /home/airflow/.local/lib/python3.7/site-packages/airflow/example_dags/example_task_group.py took 0.085 seconds
[2025-04-26T19:34:25.253+0000] {processor.py:156} INFO - Started process (PID=332) to work on /home/airflow/.local/lib/python3.7/site-packages/airflow/example_dags/example_task_group.py
[2025-04-26T19:34:25.254+0000] {processor.py:758} INFO - Processing file /home/airflow/.local/lib/python3.7/site-packages/airflow/example_dags/example_task_group.py for tasks to queue
[2025-04-26T19:34:25.255+0000] {logging_mixin.py:117} INFO - [2025-04-26T19:34:25.254+0000] {dagbag.py:525} INFO - Filling up the DagBag from /home/airflow/.local/lib/python3.7/site-packages/airflow/example_dags/example_task_group.py
[2025-04-26T19:34:25.266+0000] {processor.py:768} INFO - DAG(s) dict_keys(['example_task_group']) retrieved from /home/airflow/.local/lib/python3.7/site-packages/airflow/example_dags/example_task_group.py
[2025-04-26T19:34:25.315+0000] {logging_mixin.py:117} INFO - [2025-04-26T19:34:25.315+0000] {dag.py:2573} INFO - Sync 1 DAGs
[2025-04-26T19:34:25.339+0000] {logging_mixin.py:117} INFO - [2025-04-26T19:34:25.339+0000] {dag.py:3328} INFO - Setting next_dagrun for example_task_group to 2025-04-25T19:34:25.339129+00:00, run_after=2025-04-26T19:34:25.339129+00:00
[2025-04-26T19:34:25.364+0000] {processor.py:178} INFO - Processing /home/airflow/.local/lib/python3.7/site-packages/airflow/example_dags/example_task_group.py took 0.114 seconds
[2025-04-26T19:35:48.610+0000] {processor.py:156} INFO - Started process (PID=79) to work on /home/airflow/.local/lib/python3.7/site-packages/airflow/example_dags/example_task_group.py
[2025-04-26T19:35:48.612+0000] {processor.py:758} INFO - Processing file /home/airflow/.local/lib/python3.7/site-packages/airflow/example_dags/example_task_group.py for tasks to queue
[2025-04-26T19:35:48.612+0000] {logging_mixin.py:117} INFO - [2025-04-26T19:35:48.612+0000] {dagbag.py:525} INFO - Filling up the DagBag from /home/airflow/.local/lib/python3.7/site-packages/airflow/example_dags/example_task_group.py
[2025-04-26T19:35:48.623+0000] {processor.py:768} INFO - DAG(s) dict_keys(['example_task_group']) retrieved from /home/airflow/.local/lib/python3.7/site-packages/airflow/example_dags/example_task_group.py
[2025-04-26T19:35:48.651+0000] {logging_mixin.py:117} INFO - [2025-04-26T19:35:48.651+0000] {dag.py:2573} INFO - Sync 1 DAGs
[2025-04-26T19:35:48.684+0000] {logging_mixin.py:117} INFO - [2025-04-26T19:35:48.684+0000] {dag.py:3328} INFO - Setting next_dagrun for example_task_group to 2025-04-25T19:35:48.683892+00:00, run_after=2025-04-26T19:35:48.683892+00:00
[2025-04-26T19:35:48.703+0000] {processor.py:178} INFO - Processing /home/airflow/.local/lib/python3.7/site-packages/airflow/example_dags/example_task_group.py took 0.095 seconds
[2025-04-26T19:36:20.291+0000] {processor.py:156} INFO - Started process (PID=142) to work on /home/airflow/.local/lib/python3.7/site-packages/airflow/example_dags/example_task_group.py
[2025-04-26T19:36:20.292+0000] {processor.py:758} INFO - Processing file /home/airflow/.local/lib/python3.7/site-packages/airflow/example_dags/example_task_group.py for tasks to queue
[2025-04-26T19:36:20.293+0000] {logging_mixin.py:117} INFO - [2025-04-26T19:36:20.293+0000] {dagbag.py:525} INFO - Filling up the DagBag from /home/airflow/.local/lib/python3.7/site-packages/airflow/example_dags/example_task_group.py
[2025-04-26T19:36:20.303+0000] {processor.py:768} INFO - DAG(s) dict_keys(['example_task_group']) retrieved from /home/airflow/.local/lib/python3.7/site-packages/airflow/example_dags/example_task_group.py
[2025-04-26T19:36:20.331+0000] {logging_mixin.py:117} INFO - [2025-04-26T19:36:20.331+0000] {dag.py:2573} INFO - Sync 1 DAGs
[2025-04-26T19:36:20.348+0000] {logging_mixin.py:117} INFO - [2025-04-26T19:36:20.348+0000] {dag.py:3328} INFO - Setting next_dagrun for example_task_group to 2025-04-25T19:36:20.348248+00:00, run_after=2025-04-26T19:36:20.348248+00:00
[2025-04-26T19:36:20.361+0000] {processor.py:178} INFO - Processing /home/airflow/.local/lib/python3.7/site-packages/airflow/example_dags/example_task_group.py took 0.073 seconds
[2025-04-26T19:36:50.708+0000] {processor.py:156} INFO - Started process (PID=206) to work on /home/airflow/.local/lib/python3.7/site-packages/airflow/example_dags/example_task_group.py
[2025-04-26T19:36:50.709+0000] {processor.py:758} INFO - Processing file /home/airflow/.local/lib/python3.7/site-packages/airflow/example_dags/example_task_group.py for tasks to queue
[2025-04-26T19:36:50.710+0000] {logging_mixin.py:117} INFO - [2025-04-26T19:36:50.710+0000] {dagbag.py:525} INFO - Filling up the DagBag from /home/airflow/.local/lib/python3.7/site-packages/airflow/example_dags/example_task_group.py
[2025-04-26T19:36:50.721+0000] {processor.py:768} INFO - DAG(s) dict_keys(['example_task_group']) retrieved from /home/airflow/.local/lib/python3.7/site-packages/airflow/example_dags/example_task_group.py
[2025-04-26T19:36:50.748+0000] {logging_mixin.py:117} INFO - [2025-04-26T19:36:50.748+0000] {dag.py:2573} INFO - Sync 1 DAGs
[2025-04-26T19:36:50.763+0000] {logging_mixin.py:117} INFO - [2025-04-26T19:36:50.763+0000] {dag.py:3328} INFO - Setting next_dagrun for example_task_group to 2025-04-25T19:36:50.763478+00:00, run_after=2025-04-26T19:36:50.763478+00:00
[2025-04-26T19:36:50.777+0000] {processor.py:178} INFO - Processing /home/airflow/.local/lib/python3.7/site-packages/airflow/example_dags/example_task_group.py took 0.071 seconds
[2025-04-26T19:37:21.019+0000] {processor.py:156} INFO - Started process (PID=269) to work on /home/airflow/.local/lib/python3.7/site-packages/airflow/example_dags/example_task_group.py
[2025-04-26T19:37:21.020+0000] {processor.py:758} INFO - Processing file /home/airflow/.local/lib/python3.7/site-packages/airflow/example_dags/example_task_group.py for tasks to queue
[2025-04-26T19:37:21.021+0000] {logging_mixin.py:117} INFO - [2025-04-26T19:37:21.020+0000] {dagbag.py:525} INFO - Filling up the DagBag from /home/airflow/.local/lib/python3.7/site-packages/airflow/example_dags/example_task_group.py
[2025-04-26T19:37:21.031+0000] {processor.py:768} INFO - DAG(s) dict_keys(['example_task_group']) retrieved from /home/airflow/.local/lib/python3.7/site-packages/airflow/example_dags/example_task_group.py
[2025-04-26T19:37:21.060+0000] {logging_mixin.py:117} INFO - [2025-04-26T19:37:21.060+0000] {dag.py:2573} INFO - Sync 1 DAGs
[2025-04-26T19:37:21.077+0000] {logging_mixin.py:117} INFO - [2025-04-26T19:37:21.077+0000] {dag.py:3328} INFO - Setting next_dagrun for example_task_group to 2025-04-25T19:37:21.076984+00:00, run_after=2025-04-26T19:37:21.076984+00:00
[2025-04-26T19:37:21.091+0000] {processor.py:178} INFO - Processing /home/airflow/.local/lib/python3.7/site-packages/airflow/example_dags/example_task_group.py took 0.074 seconds
[2025-04-26T19:37:51.333+0000] {processor.py:156} INFO - Started process (PID=332) to work on /home/airflow/.local/lib/python3.7/site-packages/airflow/example_dags/example_task_group.py
[2025-04-26T19:37:51.334+0000] {processor.py:758} INFO - Processing file /home/airflow/.local/lib/python3.7/site-packages/airflow/example_dags/example_task_group.py for tasks to queue
[2025-04-26T19:37:51.334+0000] {logging_mixin.py:117} INFO - [2025-04-26T19:37:51.334+0000] {dagbag.py:525} INFO - Filling up the DagBag from /home/airflow/.local/lib/python3.7/site-packages/airflow/example_dags/example_task_group.py
[2025-04-26T19:37:51.346+0000] {processor.py:768} INFO - DAG(s) dict_keys(['example_task_group']) retrieved from /home/airflow/.local/lib/python3.7/site-packages/airflow/example_dags/example_task_group.py
[2025-04-26T19:37:51.377+0000] {logging_mixin.py:117} INFO - [2025-04-26T19:37:51.377+0000] {dag.py:2573} INFO - Sync 1 DAGs
[2025-04-26T19:37:51.395+0000] {logging_mixin.py:117} INFO - [2025-04-26T19:37:51.395+0000] {dag.py:3328} INFO - Setting next_dagrun for example_task_group to 2025-04-25T19:37:51.394975+00:00, run_after=2025-04-26T19:37:51.394975+00:00
[2025-04-26T19:37:51.414+0000] {processor.py:178} INFO - Processing /home/airflow/.local/lib/python3.7/site-packages/airflow/example_dags/example_task_group.py took 0.084 seconds
[2025-04-26T19:38:21.767+0000] {processor.py:156} INFO - Started process (PID=395) to work on /home/airflow/.local/lib/python3.7/site-packages/airflow/example_dags/example_task_group.py
[2025-04-26T19:38:21.768+0000] {processor.py:758} INFO - Processing file /home/airflow/.local/lib/python3.7/site-packages/airflow/example_dags/example_task_group.py for tasks to queue
[2025-04-26T19:38:21.768+0000] {logging_mixin.py:117} INFO - [2025-04-26T19:38:21.768+0000] {dagbag.py:525} INFO - Filling up the DagBag from /home/airflow/.local/lib/python3.7/site-packages/airflow/example_dags/example_task_group.py
[2025-04-26T19:38:21.779+0000] {processor.py:768} INFO - DAG(s) dict_keys(['example_task_group']) retrieved from /home/airflow/.local/lib/python3.7/site-packages/airflow/example_dags/example_task_group.py
[2025-04-26T19:38:21.807+0000] {logging_mixin.py:117} INFO - [2025-04-26T19:38:21.807+0000] {dag.py:2573} INFO - Sync 1 DAGs
[2025-04-26T19:38:21.822+0000] {logging_mixin.py:117} INFO - [2025-04-26T19:38:21.822+0000] {dag.py:3328} INFO - Setting next_dagrun for example_task_group to 2025-04-25T19:38:21.822586+00:00, run_after=2025-04-26T19:38:21.822586+00:00
[2025-04-26T19:38:21.836+0000] {processor.py:178} INFO - Processing /home/airflow/.local/lib/python3.7/site-packages/airflow/example_dags/example_task_group.py took 0.072 seconds
[2025-04-26T19:38:52.049+0000] {processor.py:156} INFO - Started process (PID=458) to work on /home/airflow/.local/lib/python3.7/site-packages/airflow/example_dags/example_task_group.py
[2025-04-26T19:38:52.050+0000] {processor.py:758} INFO - Processing file /home/airflow/.local/lib/python3.7/site-packages/airflow/example_dags/example_task_group.py for tasks to queue
[2025-04-26T19:38:52.051+0000] {logging_mixin.py:117} INFO - [2025-04-26T19:38:52.051+0000] {dagbag.py:525} INFO - Filling up the DagBag from /home/airflow/.local/lib/python3.7/site-packages/airflow/example_dags/example_task_group.py
[2025-04-26T19:38:52.062+0000] {processor.py:768} INFO - DAG(s) dict_keys(['example_task_group']) retrieved from /home/airflow/.local/lib/python3.7/site-packages/airflow/example_dags/example_task_group.py
[2025-04-26T19:38:52.090+0000] {logging_mixin.py:117} INFO - [2025-04-26T19:38:52.090+0000] {dag.py:2573} INFO - Sync 1 DAGs
[2025-04-26T19:38:52.106+0000] {logging_mixin.py:117} INFO - [2025-04-26T19:38:52.105+0000] {dag.py:3328} INFO - Setting next_dagrun for example_task_group to 2025-04-25T19:38:52.105788+00:00, run_after=2025-04-26T19:38:52.105788+00:00
[2025-04-26T19:38:52.121+0000] {processor.py:178} INFO - Processing /home/airflow/.local/lib/python3.7/site-packages/airflow/example_dags/example_task_group.py took 0.075 seconds
[2025-04-26T19:39:22.556+0000] {processor.py:156} INFO - Started process (PID=521) to work on /home/airflow/.local/lib/python3.7/site-packages/airflow/example_dags/example_task_group.py
[2025-04-26T19:39:22.558+0000] {processor.py:758} INFO - Processing file /home/airflow/.local/lib/python3.7/site-packages/airflow/example_dags/example_task_group.py for tasks to queue
[2025-04-26T19:39:22.558+0000] {logging_mixin.py:117} INFO - [2025-04-26T19:39:22.558+0000] {dagbag.py:525} INFO - Filling up the DagBag from /home/airflow/.local/lib/python3.7/site-packages/airflow/example_dags/example_task_group.py
[2025-04-26T19:39:22.571+0000] {processor.py:768} INFO - DAG(s) dict_keys(['example_task_group']) retrieved from /home/airflow/.local/lib/python3.7/site-packages/airflow/example_dags/example_task_group.py
[2025-04-26T19:39:22.602+0000] {logging_mixin.py:117} INFO - [2025-04-26T19:39:22.602+0000] {dag.py:2573} INFO - Sync 1 DAGs
[2025-04-26T19:39:22.622+0000] {logging_mixin.py:117} INFO - [2025-04-26T19:39:22.621+0000] {dag.py:3328} INFO - Setting next_dagrun for example_task_group to 2025-04-25T19:39:22.621737+00:00, run_after=2025-04-26T19:39:22.621737+00:00
[2025-04-26T19:39:22.636+0000] {processor.py:178} INFO - Processing /home/airflow/.local/lib/python3.7/site-packages/airflow/example_dags/example_task_group.py took 0.082 seconds
