[2025-04-26T19:32:18.195+0000] {processor.py:156} INFO - Started process (PID=56) to work on /home/airflow/.local/lib/python3.7/site-packages/airflow/example_dags/example_xcomargs.py
[2025-04-26T19:32:18.195+0000] {processor.py:758} INFO - Processing file /home/airflow/.local/lib/python3.7/site-packages/airflow/example_dags/example_xcomargs.py for tasks to queue
[2025-04-26T19:32:18.196+0000] {logging_mixin.py:117} INFO - [2025-04-26T19:32:18.195+0000] {dagbag.py:525} INFO - Filling up the DagBag from /home/airflow/.local/lib/python3.7/site-packages/airflow/example_dags/example_xcomargs.py
[2025-04-26T19:32:18.222+0000] {processor.py:768} INFO - DAG(s) dict_keys(['example_xcom_args', 'example_xcom_args_with_operators']) retrieved from /home/airflow/.local/lib/python3.7/site-packages/airflow/example_dags/example_xcomargs.py
[2025-04-26T19:32:18.285+0000] {logging_mixin.py:117} INFO - [2025-04-26T19:32:18.285+0000] {dag.py:2573} INFO - Sync 2 DAGs
[2025-04-26T19:32:18.333+0000] {logging_mixin.py:117} INFO - [2025-04-26T19:32:18.333+0000] {dag.py:3328} INFO - Setting next_dagrun for example_xcom_args to None, run_after=None
[2025-04-26T19:32:18.338+0000] {logging_mixin.py:117} INFO - [2025-04-26T19:32:18.338+0000] {dag.py:3328} INFO - Setting next_dagrun for example_xcom_args_with_operators to None, run_after=None
[2025-04-26T19:32:18.356+0000] {processor.py:178} INFO - Processing /home/airflow/.local/lib/python3.7/site-packages/airflow/example_dags/example_xcomargs.py took 0.164 seconds
[2025-04-26T19:32:48.487+0000] {processor.py:156} INFO - Started process (PID=119) to work on /home/airflow/.local/lib/python3.7/site-packages/airflow/example_dags/example_xcomargs.py
[2025-04-26T19:32:48.490+0000] {processor.py:758} INFO - Processing file /home/airflow/.local/lib/python3.7/site-packages/airflow/example_dags/example_xcomargs.py for tasks to queue
[2025-04-26T19:32:48.491+0000] {logging_mixin.py:117} INFO - [2025-04-26T19:32:48.491+0000] {dagbag.py:525} INFO - Filling up the DagBag from /home/airflow/.local/lib/python3.7/site-packages/airflow/example_dags/example_xcomargs.py
[2025-04-26T19:32:48.508+0000] {processor.py:768} INFO - DAG(s) dict_keys(['example_xcom_args', 'example_xcom_args_with_operators']) retrieved from /home/airflow/.local/lib/python3.7/site-packages/airflow/example_dags/example_xcomargs.py
[2025-04-26T19:32:48.539+0000] {logging_mixin.py:117} INFO - [2025-04-26T19:32:48.539+0000] {dag.py:2573} INFO - Sync 2 DAGs
[2025-04-26T19:32:48.556+0000] {logging_mixin.py:117} INFO - [2025-04-26T19:32:48.556+0000] {dag.py:3328} INFO - Setting next_dagrun for example_xcom_args to None, run_after=None
[2025-04-26T19:32:48.558+0000] {logging_mixin.py:117} INFO - [2025-04-26T19:32:48.558+0000] {dag.py:3328} INFO - Setting next_dagrun for example_xcom_args_with_operators to None, run_after=None
[2025-04-26T19:32:48.573+0000] {processor.py:178} INFO - Processing /home/airflow/.local/lib/python3.7/site-packages/airflow/example_dags/example_xcomargs.py took 0.089 seconds
[2025-04-26T19:33:19.160+0000] {processor.py:156} INFO - Started process (PID=183) to work on /home/airflow/.local/lib/python3.7/site-packages/airflow/example_dags/example_xcomargs.py
[2025-04-26T19:33:19.178+0000] {processor.py:758} INFO - Processing file /home/airflow/.local/lib/python3.7/site-packages/airflow/example_dags/example_xcomargs.py for tasks to queue
[2025-04-26T19:33:19.178+0000] {logging_mixin.py:117} INFO - [2025-04-26T19:33:19.178+0000] {dagbag.py:525} INFO - Filling up the DagBag from /home/airflow/.local/lib/python3.7/site-packages/airflow/example_dags/example_xcomargs.py
[2025-04-26T19:33:19.198+0000] {processor.py:768} INFO - DAG(s) dict_keys(['example_xcom_args_with_operators', 'example_xcom_args']) retrieved from /home/airflow/.local/lib/python3.7/site-packages/airflow/example_dags/example_xcomargs.py
[2025-04-26T19:33:19.228+0000] {logging_mixin.py:117} INFO - [2025-04-26T19:33:19.228+0000] {dag.py:2573} INFO - Sync 2 DAGs
[2025-04-26T19:33:19.245+0000] {logging_mixin.py:117} INFO - [2025-04-26T19:33:19.245+0000] {dag.py:3328} INFO - Setting next_dagrun for example_xcom_args to None, run_after=None
[2025-04-26T19:33:19.247+0000] {logging_mixin.py:117} INFO - [2025-04-26T19:33:19.247+0000] {dag.py:3328} INFO - Setting next_dagrun for example_xcom_args_with_operators to None, run_after=None
[2025-04-26T19:33:19.277+0000] {processor.py:178} INFO - Processing /home/airflow/.local/lib/python3.7/site-packages/airflow/example_dags/example_xcomargs.py took 0.119 seconds
[2025-04-26T19:33:49.809+0000] {processor.py:156} INFO - Started process (PID=246) to work on /home/airflow/.local/lib/python3.7/site-packages/airflow/example_dags/example_xcomargs.py
[2025-04-26T19:33:49.810+0000] {processor.py:758} INFO - Processing file /home/airflow/.local/lib/python3.7/site-packages/airflow/example_dags/example_xcomargs.py for tasks to queue
[2025-04-26T19:33:49.810+0000] {logging_mixin.py:117} INFO - [2025-04-26T19:33:49.810+0000] {dagbag.py:525} INFO - Filling up the DagBag from /home/airflow/.local/lib/python3.7/site-packages/airflow/example_dags/example_xcomargs.py
[2025-04-26T19:33:49.835+0000] {processor.py:768} INFO - DAG(s) dict_keys(['example_xcom_args', 'example_xcom_args_with_operators']) retrieved from /home/airflow/.local/lib/python3.7/site-packages/airflow/example_dags/example_xcomargs.py
[2025-04-26T19:33:49.876+0000] {logging_mixin.py:117} INFO - [2025-04-26T19:33:49.876+0000] {dag.py:2573} INFO - Sync 2 DAGs
[2025-04-26T19:33:49.898+0000] {logging_mixin.py:117} INFO - [2025-04-26T19:33:49.898+0000] {dag.py:3328} INFO - Setting next_dagrun for example_xcom_args to None, run_after=None
[2025-04-26T19:33:49.901+0000] {logging_mixin.py:117} INFO - [2025-04-26T19:33:49.901+0000] {dag.py:3328} INFO - Setting next_dagrun for example_xcom_args_with_operators to None, run_after=None
[2025-04-26T19:33:49.918+0000] {processor.py:178} INFO - Processing /home/airflow/.local/lib/python3.7/site-packages/airflow/example_dags/example_xcomargs.py took 0.111 seconds
[2025-04-26T19:34:21.251+0000] {processor.py:156} INFO - Started process (PID=309) to work on /home/airflow/.local/lib/python3.7/site-packages/airflow/example_dags/example_xcomargs.py
[2025-04-26T19:34:21.252+0000] {processor.py:758} INFO - Processing file /home/airflow/.local/lib/python3.7/site-packages/airflow/example_dags/example_xcomargs.py for tasks to queue
[2025-04-26T19:34:21.252+0000] {logging_mixin.py:117} INFO - [2025-04-26T19:34:21.252+0000] {dagbag.py:525} INFO - Filling up the DagBag from /home/airflow/.local/lib/python3.7/site-packages/airflow/example_dags/example_xcomargs.py
[2025-04-26T19:34:21.278+0000] {processor.py:768} INFO - DAG(s) dict_keys(['example_xcom_args', 'example_xcom_args_with_operators']) retrieved from /home/airflow/.local/lib/python3.7/site-packages/airflow/example_dags/example_xcomargs.py
[2025-04-26T19:34:21.347+0000] {logging_mixin.py:117} INFO - [2025-04-26T19:34:21.347+0000] {dag.py:2573} INFO - Sync 2 DAGs
[2025-04-26T19:34:21.410+0000] {logging_mixin.py:117} INFO - [2025-04-26T19:34:21.409+0000] {dag.py:3328} INFO - Setting next_dagrun for example_xcom_args to None, run_after=None
[2025-04-26T19:34:21.418+0000] {logging_mixin.py:117} INFO - [2025-04-26T19:34:21.418+0000] {dag.py:3328} INFO - Setting next_dagrun for example_xcom_args_with_operators to None, run_after=None
[2025-04-26T19:34:21.471+0000] {processor.py:178} INFO - Processing /home/airflow/.local/lib/python3.7/site-packages/airflow/example_dags/example_xcomargs.py took 0.224 seconds
[2025-04-26T19:35:48.435+0000] {processor.py:156} INFO - Started process (PID=56) to work on /home/airflow/.local/lib/python3.7/site-packages/airflow/example_dags/example_xcomargs.py
[2025-04-26T19:35:48.436+0000] {processor.py:758} INFO - Processing file /home/airflow/.local/lib/python3.7/site-packages/airflow/example_dags/example_xcomargs.py for tasks to queue
[2025-04-26T19:35:48.436+0000] {logging_mixin.py:117} INFO - [2025-04-26T19:35:48.436+0000] {dagbag.py:525} INFO - Filling up the DagBag from /home/airflow/.local/lib/python3.7/site-packages/airflow/example_dags/example_xcomargs.py
[2025-04-26T19:35:48.454+0000] {processor.py:768} INFO - DAG(s) dict_keys(['example_xcom_args', 'example_xcom_args_with_operators']) retrieved from /home/airflow/.local/lib/python3.7/site-packages/airflow/example_dags/example_xcomargs.py
[2025-04-26T19:35:48.474+0000] {logging_mixin.py:117} INFO - [2025-04-26T19:35:48.473+0000] {dag.py:2573} INFO - Sync 2 DAGs
[2025-04-26T19:35:48.491+0000] {logging_mixin.py:117} INFO - [2025-04-26T19:35:48.490+0000] {dag.py:3328} INFO - Setting next_dagrun for example_xcom_args to None, run_after=None
[2025-04-26T19:35:48.493+0000] {logging_mixin.py:117} INFO - [2025-04-26T19:35:48.493+0000] {dag.py:3328} INFO - Setting next_dagrun for example_xcom_args_with_operators to None, run_after=None
[2025-04-26T19:35:48.506+0000] {processor.py:178} INFO - Processing /home/airflow/.local/lib/python3.7/site-packages/airflow/example_dags/example_xcomargs.py took 0.074 seconds
[2025-04-26T19:36:18.800+0000] {processor.py:156} INFO - Started process (PID=119) to work on /home/airflow/.local/lib/python3.7/site-packages/airflow/example_dags/example_xcomargs.py
[2025-04-26T19:36:18.801+0000] {processor.py:758} INFO - Processing file /home/airflow/.local/lib/python3.7/site-packages/airflow/example_dags/example_xcomargs.py for tasks to queue
[2025-04-26T19:36:18.801+0000] {logging_mixin.py:117} INFO - [2025-04-26T19:36:18.801+0000] {dagbag.py:525} INFO - Filling up the DagBag from /home/airflow/.local/lib/python3.7/site-packages/airflow/example_dags/example_xcomargs.py
[2025-04-26T19:36:18.818+0000] {processor.py:768} INFO - DAG(s) dict_keys(['example_xcom_args', 'example_xcom_args_with_operators']) retrieved from /home/airflow/.local/lib/python3.7/site-packages/airflow/example_dags/example_xcomargs.py
[2025-04-26T19:36:18.847+0000] {logging_mixin.py:117} INFO - [2025-04-26T19:36:18.847+0000] {dag.py:2573} INFO - Sync 2 DAGs
[2025-04-26T19:36:18.863+0000] {logging_mixin.py:117} INFO - [2025-04-26T19:36:18.863+0000] {dag.py:3328} INFO - Setting next_dagrun for example_xcom_args to None, run_after=None
[2025-04-26T19:36:18.865+0000] {logging_mixin.py:117} INFO - [2025-04-26T19:36:18.865+0000] {dag.py:3328} INFO - Setting next_dagrun for example_xcom_args_with_operators to None, run_after=None
[2025-04-26T19:36:18.878+0000] {processor.py:178} INFO - Processing /home/airflow/.local/lib/python3.7/site-packages/airflow/example_dags/example_xcomargs.py took 0.080 seconds
[2025-04-26T19:36:49.198+0000] {processor.py:156} INFO - Started process (PID=183) to work on /home/airflow/.local/lib/python3.7/site-packages/airflow/example_dags/example_xcomargs.py
[2025-04-26T19:36:49.199+0000] {processor.py:758} INFO - Processing file /home/airflow/.local/lib/python3.7/site-packages/airflow/example_dags/example_xcomargs.py for tasks to queue
[2025-04-26T19:36:49.200+0000] {logging_mixin.py:117} INFO - [2025-04-26T19:36:49.199+0000] {dagbag.py:525} INFO - Filling up the DagBag from /home/airflow/.local/lib/python3.7/site-packages/airflow/example_dags/example_xcomargs.py
[2025-04-26T19:36:49.217+0000] {processor.py:768} INFO - DAG(s) dict_keys(['example_xcom_args', 'example_xcom_args_with_operators']) retrieved from /home/airflow/.local/lib/python3.7/site-packages/airflow/example_dags/example_xcomargs.py
[2025-04-26T19:36:49.247+0000] {logging_mixin.py:117} INFO - [2025-04-26T19:36:49.247+0000] {dag.py:2573} INFO - Sync 2 DAGs
[2025-04-26T19:36:49.262+0000] {logging_mixin.py:117} INFO - [2025-04-26T19:36:49.262+0000] {dag.py:3328} INFO - Setting next_dagrun for example_xcom_args to None, run_after=None
[2025-04-26T19:36:49.265+0000] {logging_mixin.py:117} INFO - [2025-04-26T19:36:49.264+0000] {dag.py:3328} INFO - Setting next_dagrun for example_xcom_args_with_operators to None, run_after=None
[2025-04-26T19:36:49.276+0000] {processor.py:178} INFO - Processing /home/airflow/.local/lib/python3.7/site-packages/airflow/example_dags/example_xcomargs.py took 0.081 seconds
[2025-04-26T19:37:19.732+0000] {processor.py:156} INFO - Started process (PID=246) to work on /home/airflow/.local/lib/python3.7/site-packages/airflow/example_dags/example_xcomargs.py
[2025-04-26T19:37:19.733+0000] {processor.py:758} INFO - Processing file /home/airflow/.local/lib/python3.7/site-packages/airflow/example_dags/example_xcomargs.py for tasks to queue
[2025-04-26T19:37:19.733+0000] {logging_mixin.py:117} INFO - [2025-04-26T19:37:19.733+0000] {dagbag.py:525} INFO - Filling up the DagBag from /home/airflow/.local/lib/python3.7/site-packages/airflow/example_dags/example_xcomargs.py
[2025-04-26T19:37:19.753+0000] {processor.py:768} INFO - DAG(s) dict_keys(['example_xcom_args', 'example_xcom_args_with_operators']) retrieved from /home/airflow/.local/lib/python3.7/site-packages/airflow/example_dags/example_xcomargs.py
[2025-04-26T19:37:19.782+0000] {logging_mixin.py:117} INFO - [2025-04-26T19:37:19.782+0000] {dag.py:2573} INFO - Sync 2 DAGs
[2025-04-26T19:37:19.798+0000] {logging_mixin.py:117} INFO - [2025-04-26T19:37:19.798+0000] {dag.py:3328} INFO - Setting next_dagrun for example_xcom_args to None, run_after=None
[2025-04-26T19:37:19.801+0000] {logging_mixin.py:117} INFO - [2025-04-26T19:37:19.801+0000] {dag.py:3328} INFO - Setting next_dagrun for example_xcom_args_with_operators to None, run_after=None
[2025-04-26T19:37:19.813+0000] {processor.py:178} INFO - Processing /home/airflow/.local/lib/python3.7/site-packages/airflow/example_dags/example_xcomargs.py took 0.084 seconds
[2025-04-26T19:37:49.990+0000] {processor.py:156} INFO - Started process (PID=309) to work on /home/airflow/.local/lib/python3.7/site-packages/airflow/example_dags/example_xcomargs.py
[2025-04-26T19:37:49.991+0000] {processor.py:758} INFO - Processing file /home/airflow/.local/lib/python3.7/site-packages/airflow/example_dags/example_xcomargs.py for tasks to queue
[2025-04-26T19:37:49.992+0000] {logging_mixin.py:117} INFO - [2025-04-26T19:37:49.991+0000] {dagbag.py:525} INFO - Filling up the DagBag from /home/airflow/.local/lib/python3.7/site-packages/airflow/example_dags/example_xcomargs.py
[2025-04-26T19:37:50.013+0000] {processor.py:768} INFO - DAG(s) dict_keys(['example_xcom_args_with_operators', 'example_xcom_args']) retrieved from /home/airflow/.local/lib/python3.7/site-packages/airflow/example_dags/example_xcomargs.py
[2025-04-26T19:37:50.048+0000] {logging_mixin.py:117} INFO - [2025-04-26T19:37:50.048+0000] {dag.py:2573} INFO - Sync 2 DAGs
[2025-04-26T19:37:50.066+0000] {logging_mixin.py:117} INFO - [2025-04-26T19:37:50.066+0000] {dag.py:3328} INFO - Setting next_dagrun for example_xcom_args to None, run_after=None
[2025-04-26T19:37:50.069+0000] {logging_mixin.py:117} INFO - [2025-04-26T19:37:50.069+0000] {dag.py:3328} INFO - Setting next_dagrun for example_xcom_args_with_operators to None, run_after=None
[2025-04-26T19:37:50.083+0000] {processor.py:178} INFO - Processing /home/airflow/.local/lib/python3.7/site-packages/airflow/example_dags/example_xcomargs.py took 0.096 seconds
[2025-04-26T19:38:20.468+0000] {processor.py:156} INFO - Started process (PID=372) to work on /home/airflow/.local/lib/python3.7/site-packages/airflow/example_dags/example_xcomargs.py
[2025-04-26T19:38:20.470+0000] {processor.py:758} INFO - Processing file /home/airflow/.local/lib/python3.7/site-packages/airflow/example_dags/example_xcomargs.py for tasks to queue
[2025-04-26T19:38:20.470+0000] {logging_mixin.py:117} INFO - [2025-04-26T19:38:20.470+0000] {dagbag.py:525} INFO - Filling up the DagBag from /home/airflow/.local/lib/python3.7/site-packages/airflow/example_dags/example_xcomargs.py
[2025-04-26T19:38:20.487+0000] {processor.py:768} INFO - DAG(s) dict_keys(['example_xcom_args', 'example_xcom_args_with_operators']) retrieved from /home/airflow/.local/lib/python3.7/site-packages/airflow/example_dags/example_xcomargs.py
[2025-04-26T19:38:20.518+0000] {logging_mixin.py:117} INFO - [2025-04-26T19:38:20.518+0000] {dag.py:2573} INFO - Sync 2 DAGs
[2025-04-26T19:38:20.534+0000] {logging_mixin.py:117} INFO - [2025-04-26T19:38:20.534+0000] {dag.py:3328} INFO - Setting next_dagrun for example_xcom_args to None, run_after=None
[2025-04-26T19:38:20.536+0000] {logging_mixin.py:117} INFO - [2025-04-26T19:38:20.536+0000] {dag.py:3328} INFO - Setting next_dagrun for example_xcom_args_with_operators to None, run_after=None
[2025-04-26T19:38:20.550+0000] {processor.py:178} INFO - Processing /home/airflow/.local/lib/python3.7/site-packages/airflow/example_dags/example_xcomargs.py took 0.084 seconds
[2025-04-26T19:38:50.829+0000] {processor.py:156} INFO - Started process (PID=435) to work on /home/airflow/.local/lib/python3.7/site-packages/airflow/example_dags/example_xcomargs.py
[2025-04-26T19:38:50.831+0000] {processor.py:758} INFO - Processing file /home/airflow/.local/lib/python3.7/site-packages/airflow/example_dags/example_xcomargs.py for tasks to queue
[2025-04-26T19:38:50.831+0000] {logging_mixin.py:117} INFO - [2025-04-26T19:38:50.831+0000] {dagbag.py:525} INFO - Filling up the DagBag from /home/airflow/.local/lib/python3.7/site-packages/airflow/example_dags/example_xcomargs.py
[2025-04-26T19:38:50.850+0000] {processor.py:768} INFO - DAG(s) dict_keys(['example_xcom_args', 'example_xcom_args_with_operators']) retrieved from /home/airflow/.local/lib/python3.7/site-packages/airflow/example_dags/example_xcomargs.py
[2025-04-26T19:38:50.883+0000] {logging_mixin.py:117} INFO - [2025-04-26T19:38:50.883+0000] {dag.py:2573} INFO - Sync 2 DAGs
[2025-04-26T19:38:50.899+0000] {logging_mixin.py:117} INFO - [2025-04-26T19:38:50.899+0000] {dag.py:3328} INFO - Setting next_dagrun for example_xcom_args to None, run_after=None
[2025-04-26T19:38:50.901+0000] {logging_mixin.py:117} INFO - [2025-04-26T19:38:50.901+0000] {dag.py:3328} INFO - Setting next_dagrun for example_xcom_args_with_operators to None, run_after=None
[2025-04-26T19:38:50.914+0000] {processor.py:178} INFO - Processing /home/airflow/.local/lib/python3.7/site-packages/airflow/example_dags/example_xcomargs.py took 0.087 seconds
[2025-04-26T19:39:20.983+0000] {processor.py:156} INFO - Started process (PID=498) to work on /home/airflow/.local/lib/python3.7/site-packages/airflow/example_dags/example_xcomargs.py
[2025-04-26T19:39:20.984+0000] {processor.py:758} INFO - Processing file /home/airflow/.local/lib/python3.7/site-packages/airflow/example_dags/example_xcomargs.py for tasks to queue
[2025-04-26T19:39:20.985+0000] {logging_mixin.py:117} INFO - [2025-04-26T19:39:20.985+0000] {dagbag.py:525} INFO - Filling up the DagBag from /home/airflow/.local/lib/python3.7/site-packages/airflow/example_dags/example_xcomargs.py
[2025-04-26T19:39:21.006+0000] {processor.py:768} INFO - DAG(s) dict_keys(['example_xcom_args_with_operators', 'example_xcom_args']) retrieved from /home/airflow/.local/lib/python3.7/site-packages/airflow/example_dags/example_xcomargs.py
[2025-04-26T19:39:21.042+0000] {logging_mixin.py:117} INFO - [2025-04-26T19:39:21.042+0000] {dag.py:2573} INFO - Sync 2 DAGs
[2025-04-26T19:39:21.061+0000] {logging_mixin.py:117} INFO - [2025-04-26T19:39:21.061+0000] {dag.py:3328} INFO - Setting next_dagrun for example_xcom_args to None, run_after=None
[2025-04-26T19:39:21.064+0000] {logging_mixin.py:117} INFO - [2025-04-26T19:39:21.064+0000] {dag.py:3328} INFO - Setting next_dagrun for example_xcom_args_with_operators to None, run_after=None
[2025-04-26T19:39:21.079+0000] {processor.py:178} INFO - Processing /home/airflow/.local/lib/python3.7/site-packages/airflow/example_dags/example_xcomargs.py took 0.099 seconds
