[2025-04-26T19:32:22.281+0000] {processor.py:156} INFO - Started process (PID=85) to work on /home/airflow/.local/lib/python3.7/site-packages/airflow/example_dags/example_branch_operator_decorator.py
[2025-04-26T19:32:22.287+0000] {processor.py:758} INFO - Processing file /home/airflow/.local/lib/python3.7/site-packages/airflow/example_dags/example_branch_operator_decorator.py for tasks to queue
[2025-04-26T19:32:22.288+0000] {logging_mixin.py:117} INFO - [2025-04-26T19:32:22.288+0000] {dagbag.py:525} INFO - Filling up the DagBag from /home/airflow/.local/lib/python3.7/site-packages/airflow/example_dags/example_branch_operator_decorator.py
[2025-04-26T19:32:22.361+0000] {processor.py:768} INFO - DAG(s) dict_keys(['example_branch_python_operator_decorator']) retrieved from /home/airflow/.local/lib/python3.7/site-packages/airflow/example_dags/example_branch_operator_decorator.py
[2025-04-26T19:32:22.382+0000] {logging_mixin.py:117} INFO - [2025-04-26T19:32:22.382+0000] {dag.py:2573} INFO - Sync 1 DAGs
[2025-04-26T19:32:22.409+0000] {logging_mixin.py:117} INFO - [2025-04-26T19:32:22.409+0000] {dag.py:3328} INFO - Setting next_dagrun for example_branch_python_operator_decorator to 2025-04-25T00:00:00+00:00, run_after=2025-04-26T00:00:00+00:00
[2025-04-26T19:32:22.425+0000] {processor.py:178} INFO - Processing /home/airflow/.local/lib/python3.7/site-packages/airflow/example_dags/example_branch_operator_decorator.py took 0.162 seconds
[2025-04-26T19:32:52.615+0000] {processor.py:156} INFO - Started process (PID=139) to work on /home/airflow/.local/lib/python3.7/site-packages/airflow/example_dags/example_branch_operator_decorator.py
[2025-04-26T19:32:52.616+0000] {processor.py:758} INFO - Processing file /home/airflow/.local/lib/python3.7/site-packages/airflow/example_dags/example_branch_operator_decorator.py for tasks to queue
[2025-04-26T19:32:52.617+0000] {logging_mixin.py:117} INFO - [2025-04-26T19:32:52.616+0000] {dagbag.py:525} INFO - Filling up the DagBag from /home/airflow/.local/lib/python3.7/site-packages/airflow/example_dags/example_branch_operator_decorator.py
[2025-04-26T19:32:52.636+0000] {processor.py:768} INFO - DAG(s) dict_keys(['example_branch_python_operator_decorator']) retrieved from /home/airflow/.local/lib/python3.7/site-packages/airflow/example_dags/example_branch_operator_decorator.py
[2025-04-26T19:32:52.665+0000] {logging_mixin.py:117} INFO - [2025-04-26T19:32:52.665+0000] {dag.py:2573} INFO - Sync 1 DAGs
[2025-04-26T19:32:52.683+0000] {logging_mixin.py:117} INFO - [2025-04-26T19:32:52.683+0000] {dag.py:3328} INFO - Setting next_dagrun for example_branch_python_operator_decorator to 2025-04-25T00:00:00+00:00, run_after=2025-04-26T00:00:00+00:00
[2025-04-26T19:32:52.705+0000] {processor.py:178} INFO - Processing /home/airflow/.local/lib/python3.7/site-packages/airflow/example_dags/example_branch_operator_decorator.py took 0.092 seconds
[2025-04-26T19:33:23.439+0000] {processor.py:156} INFO - Started process (PID=203) to work on /home/airflow/.local/lib/python3.7/site-packages/airflow/example_dags/example_branch_operator_decorator.py
[2025-04-26T19:33:23.456+0000] {processor.py:758} INFO - Processing file /home/airflow/.local/lib/python3.7/site-packages/airflow/example_dags/example_branch_operator_decorator.py for tasks to queue
[2025-04-26T19:33:23.457+0000] {logging_mixin.py:117} INFO - [2025-04-26T19:33:23.457+0000] {dagbag.py:525} INFO - Filling up the DagBag from /home/airflow/.local/lib/python3.7/site-packages/airflow/example_dags/example_branch_operator_decorator.py
[2025-04-26T19:33:23.483+0000] {processor.py:768} INFO - DAG(s) dict_keys(['example_branch_python_operator_decorator']) retrieved from /home/airflow/.local/lib/python3.7/site-packages/airflow/example_dags/example_branch_operator_decorator.py
[2025-04-26T19:33:23.524+0000] {logging_mixin.py:117} INFO - [2025-04-26T19:33:23.523+0000] {dag.py:2573} INFO - Sync 1 DAGs
[2025-04-26T19:33:23.548+0000] {logging_mixin.py:117} INFO - [2025-04-26T19:33:23.548+0000] {dag.py:3328} INFO - Setting next_dagrun for example_branch_python_operator_decorator to 2025-04-25T00:00:00+00:00, run_after=2025-04-26T00:00:00+00:00
[2025-04-26T19:33:23.583+0000] {processor.py:178} INFO - Processing /home/airflow/.local/lib/python3.7/site-packages/airflow/example_dags/example_branch_operator_decorator.py took 0.147 seconds
[2025-04-26T19:33:53.957+0000] {processor.py:156} INFO - Started process (PID=266) to work on /home/airflow/.local/lib/python3.7/site-packages/airflow/example_dags/example_branch_operator_decorator.py
[2025-04-26T19:33:53.959+0000] {processor.py:758} INFO - Processing file /home/airflow/.local/lib/python3.7/site-packages/airflow/example_dags/example_branch_operator_decorator.py for tasks to queue
[2025-04-26T19:33:53.959+0000] {logging_mixin.py:117} INFO - [2025-04-26T19:33:53.959+0000] {dagbag.py:525} INFO - Filling up the DagBag from /home/airflow/.local/lib/python3.7/site-packages/airflow/example_dags/example_branch_operator_decorator.py
[2025-04-26T19:33:53.977+0000] {processor.py:768} INFO - DAG(s) dict_keys(['example_branch_python_operator_decorator']) retrieved from /home/airflow/.local/lib/python3.7/site-packages/airflow/example_dags/example_branch_operator_decorator.py
[2025-04-26T19:33:54.006+0000] {logging_mixin.py:117} INFO - [2025-04-26T19:33:54.006+0000] {dag.py:2573} INFO - Sync 1 DAGs
[2025-04-26T19:33:54.027+0000] {logging_mixin.py:117} INFO - [2025-04-26T19:33:54.027+0000] {dag.py:3328} INFO - Setting next_dagrun for example_branch_python_operator_decorator to 2025-04-25T00:00:00+00:00, run_after=2025-04-26T00:00:00+00:00
[2025-04-26T19:33:54.041+0000] {processor.py:178} INFO - Processing /home/airflow/.local/lib/python3.7/site-packages/airflow/example_dags/example_branch_operator_decorator.py took 0.086 seconds
[2025-04-26T19:34:25.083+0000] {processor.py:156} INFO - Started process (PID=329) to work on /home/airflow/.local/lib/python3.7/site-packages/airflow/example_dags/example_branch_operator_decorator.py
[2025-04-26T19:34:25.084+0000] {processor.py:758} INFO - Processing file /home/airflow/.local/lib/python3.7/site-packages/airflow/example_dags/example_branch_operator_decorator.py for tasks to queue
[2025-04-26T19:34:25.085+0000] {logging_mixin.py:117} INFO - [2025-04-26T19:34:25.085+0000] {dagbag.py:525} INFO - Filling up the DagBag from /home/airflow/.local/lib/python3.7/site-packages/airflow/example_dags/example_branch_operator_decorator.py
[2025-04-26T19:34:25.104+0000] {processor.py:768} INFO - DAG(s) dict_keys(['example_branch_python_operator_decorator']) retrieved from /home/airflow/.local/lib/python3.7/site-packages/airflow/example_dags/example_branch_operator_decorator.py
[2025-04-26T19:34:25.136+0000] {logging_mixin.py:117} INFO - [2025-04-26T19:34:25.136+0000] {dag.py:2573} INFO - Sync 1 DAGs
[2025-04-26T19:34:25.155+0000] {logging_mixin.py:117} INFO - [2025-04-26T19:34:25.155+0000] {dag.py:3328} INFO - Setting next_dagrun for example_branch_python_operator_decorator to 2025-04-25T00:00:00+00:00, run_after=2025-04-26T00:00:00+00:00
[2025-04-26T19:34:25.170+0000] {processor.py:178} INFO - Processing /home/airflow/.local/lib/python3.7/site-packages/airflow/example_dags/example_branch_operator_decorator.py took 0.089 seconds
[2025-04-26T19:35:48.420+0000] {processor.py:156} INFO - Started process (PID=76) to work on /home/airflow/.local/lib/python3.7/site-packages/airflow/example_dags/example_branch_operator_decorator.py
[2025-04-26T19:35:48.421+0000] {processor.py:758} INFO - Processing file /home/airflow/.local/lib/python3.7/site-packages/airflow/example_dags/example_branch_operator_decorator.py for tasks to queue
[2025-04-26T19:35:48.422+0000] {logging_mixin.py:117} INFO - [2025-04-26T19:35:48.422+0000] {dagbag.py:525} INFO - Filling up the DagBag from /home/airflow/.local/lib/python3.7/site-packages/airflow/example_dags/example_branch_operator_decorator.py
[2025-04-26T19:35:48.441+0000] {processor.py:768} INFO - DAG(s) dict_keys(['example_branch_python_operator_decorator']) retrieved from /home/airflow/.local/lib/python3.7/site-packages/airflow/example_dags/example_branch_operator_decorator.py
[2025-04-26T19:35:48.461+0000] {logging_mixin.py:117} INFO - [2025-04-26T19:35:48.461+0000] {dag.py:2573} INFO - Sync 1 DAGs
[2025-04-26T19:35:48.480+0000] {logging_mixin.py:117} INFO - [2025-04-26T19:35:48.480+0000] {dag.py:3328} INFO - Setting next_dagrun for example_branch_python_operator_decorator to 2025-04-25T00:00:00+00:00, run_after=2025-04-26T00:00:00+00:00
[2025-04-26T19:35:48.496+0000] {processor.py:178} INFO - Processing /home/airflow/.local/lib/python3.7/site-packages/airflow/example_dags/example_branch_operator_decorator.py took 0.078 seconds
[2025-04-26T19:36:19.325+0000] {processor.py:156} INFO - Started process (PID=127) to work on /home/airflow/.local/lib/python3.7/site-packages/airflow/example_dags/example_branch_operator_decorator.py
[2025-04-26T19:36:19.326+0000] {processor.py:758} INFO - Processing file /home/airflow/.local/lib/python3.7/site-packages/airflow/example_dags/example_branch_operator_decorator.py for tasks to queue
[2025-04-26T19:36:19.326+0000] {logging_mixin.py:117} INFO - [2025-04-26T19:36:19.326+0000] {dagbag.py:525} INFO - Filling up the DagBag from /home/airflow/.local/lib/python3.7/site-packages/airflow/example_dags/example_branch_operator_decorator.py
[2025-04-26T19:36:19.343+0000] {processor.py:768} INFO - DAG(s) dict_keys(['example_branch_python_operator_decorator']) retrieved from /home/airflow/.local/lib/python3.7/site-packages/airflow/example_dags/example_branch_operator_decorator.py
[2025-04-26T19:36:19.370+0000] {logging_mixin.py:117} INFO - [2025-04-26T19:36:19.370+0000] {dag.py:2573} INFO - Sync 1 DAGs
[2025-04-26T19:36:19.388+0000] {logging_mixin.py:117} INFO - [2025-04-26T19:36:19.388+0000] {dag.py:3328} INFO - Setting next_dagrun for example_branch_python_operator_decorator to 2025-04-25T00:00:00+00:00, run_after=2025-04-26T00:00:00+00:00
[2025-04-26T19:36:19.403+0000] {processor.py:178} INFO - Processing /home/airflow/.local/lib/python3.7/site-packages/airflow/example_dags/example_branch_operator_decorator.py took 0.081 seconds
[2025-04-26T19:36:49.819+0000] {processor.py:156} INFO - Started process (PID=193) to work on /home/airflow/.local/lib/python3.7/site-packages/airflow/example_dags/example_branch_operator_decorator.py
[2025-04-26T19:36:49.820+0000] {processor.py:758} INFO - Processing file /home/airflow/.local/lib/python3.7/site-packages/airflow/example_dags/example_branch_operator_decorator.py for tasks to queue
[2025-04-26T19:36:49.820+0000] {logging_mixin.py:117} INFO - [2025-04-26T19:36:49.820+0000] {dagbag.py:525} INFO - Filling up the DagBag from /home/airflow/.local/lib/python3.7/site-packages/airflow/example_dags/example_branch_operator_decorator.py
[2025-04-26T19:36:49.836+0000] {processor.py:768} INFO - DAG(s) dict_keys(['example_branch_python_operator_decorator']) retrieved from /home/airflow/.local/lib/python3.7/site-packages/airflow/example_dags/example_branch_operator_decorator.py
[2025-04-26T19:36:49.869+0000] {logging_mixin.py:117} INFO - [2025-04-26T19:36:49.869+0000] {dag.py:2573} INFO - Sync 1 DAGs
[2025-04-26T19:36:49.888+0000] {logging_mixin.py:117} INFO - [2025-04-26T19:36:49.888+0000] {dag.py:3328} INFO - Setting next_dagrun for example_branch_python_operator_decorator to 2025-04-25T00:00:00+00:00, run_after=2025-04-26T00:00:00+00:00
[2025-04-26T19:36:49.902+0000] {processor.py:178} INFO - Processing /home/airflow/.local/lib/python3.7/site-packages/airflow/example_dags/example_branch_operator_decorator.py took 0.085 seconds
[2025-04-26T19:37:20.272+0000] {processor.py:156} INFO - Started process (PID=256) to work on /home/airflow/.local/lib/python3.7/site-packages/airflow/example_dags/example_branch_operator_decorator.py
[2025-04-26T19:37:20.273+0000] {processor.py:758} INFO - Processing file /home/airflow/.local/lib/python3.7/site-packages/airflow/example_dags/example_branch_operator_decorator.py for tasks to queue
[2025-04-26T19:37:20.273+0000] {logging_mixin.py:117} INFO - [2025-04-26T19:37:20.273+0000] {dagbag.py:525} INFO - Filling up the DagBag from /home/airflow/.local/lib/python3.7/site-packages/airflow/example_dags/example_branch_operator_decorator.py
[2025-04-26T19:37:20.289+0000] {processor.py:768} INFO - DAG(s) dict_keys(['example_branch_python_operator_decorator']) retrieved from /home/airflow/.local/lib/python3.7/site-packages/airflow/example_dags/example_branch_operator_decorator.py
[2025-04-26T19:37:20.314+0000] {logging_mixin.py:117} INFO - [2025-04-26T19:37:20.314+0000] {dag.py:2573} INFO - Sync 1 DAGs
[2025-04-26T19:37:20.332+0000] {logging_mixin.py:117} INFO - [2025-04-26T19:37:20.331+0000] {dag.py:3328} INFO - Setting next_dagrun for example_branch_python_operator_decorator to 2025-04-25T00:00:00+00:00, run_after=2025-04-26T00:00:00+00:00
[2025-04-26T19:37:20.345+0000] {processor.py:178} INFO - Processing /home/airflow/.local/lib/python3.7/site-packages/airflow/example_dags/example_branch_operator_decorator.py took 0.075 seconds
[2025-04-26T19:37:50.677+0000] {processor.py:156} INFO - Started process (PID=321) to work on /home/airflow/.local/lib/python3.7/site-packages/airflow/example_dags/example_branch_operator_decorator.py
[2025-04-26T19:37:50.678+0000] {processor.py:758} INFO - Processing file /home/airflow/.local/lib/python3.7/site-packages/airflow/example_dags/example_branch_operator_decorator.py for tasks to queue
[2025-04-26T19:37:50.678+0000] {logging_mixin.py:117} INFO - [2025-04-26T19:37:50.678+0000] {dagbag.py:525} INFO - Filling up the DagBag from /home/airflow/.local/lib/python3.7/site-packages/airflow/example_dags/example_branch_operator_decorator.py
[2025-04-26T19:37:50.695+0000] {processor.py:768} INFO - DAG(s) dict_keys(['example_branch_python_operator_decorator']) retrieved from /home/airflow/.local/lib/python3.7/site-packages/airflow/example_dags/example_branch_operator_decorator.py
[2025-04-26T19:37:50.722+0000] {logging_mixin.py:117} INFO - [2025-04-26T19:37:50.722+0000] {dag.py:2573} INFO - Sync 1 DAGs
[2025-04-26T19:37:50.737+0000] {logging_mixin.py:117} INFO - [2025-04-26T19:37:50.737+0000] {dag.py:3328} INFO - Setting next_dagrun for example_branch_python_operator_decorator to 2025-04-25T00:00:00+00:00, run_after=2025-04-26T00:00:00+00:00
[2025-04-26T19:37:50.752+0000] {processor.py:178} INFO - Processing /home/airflow/.local/lib/python3.7/site-packages/airflow/example_dags/example_branch_operator_decorator.py took 0.077 seconds
[2025-04-26T19:38:21.116+0000] {processor.py:156} INFO - Started process (PID=386) to work on /home/airflow/.local/lib/python3.7/site-packages/airflow/example_dags/example_branch_operator_decorator.py
[2025-04-26T19:38:21.117+0000] {processor.py:758} INFO - Processing file /home/airflow/.local/lib/python3.7/site-packages/airflow/example_dags/example_branch_operator_decorator.py for tasks to queue
[2025-04-26T19:38:21.118+0000] {logging_mixin.py:117} INFO - [2025-04-26T19:38:21.117+0000] {dagbag.py:525} INFO - Filling up the DagBag from /home/airflow/.local/lib/python3.7/site-packages/airflow/example_dags/example_branch_operator_decorator.py
[2025-04-26T19:38:21.138+0000] {processor.py:768} INFO - DAG(s) dict_keys(['example_branch_python_operator_decorator']) retrieved from /home/airflow/.local/lib/python3.7/site-packages/airflow/example_dags/example_branch_operator_decorator.py
[2025-04-26T19:38:21.169+0000] {logging_mixin.py:117} INFO - [2025-04-26T19:38:21.169+0000] {dag.py:2573} INFO - Sync 1 DAGs
[2025-04-26T19:38:21.186+0000] {logging_mixin.py:117} INFO - [2025-04-26T19:38:21.186+0000] {dag.py:3328} INFO - Setting next_dagrun for example_branch_python_operator_decorator to 2025-04-25T00:00:00+00:00, run_after=2025-04-26T00:00:00+00:00
[2025-04-26T19:38:21.200+0000] {processor.py:178} INFO - Processing /home/airflow/.local/lib/python3.7/site-packages/airflow/example_dags/example_branch_operator_decorator.py took 0.086 seconds
[2025-04-26T19:38:51.460+0000] {processor.py:156} INFO - Started process (PID=449) to work on /home/airflow/.local/lib/python3.7/site-packages/airflow/example_dags/example_branch_operator_decorator.py
[2025-04-26T19:38:51.461+0000] {processor.py:758} INFO - Processing file /home/airflow/.local/lib/python3.7/site-packages/airflow/example_dags/example_branch_operator_decorator.py for tasks to queue
[2025-04-26T19:38:51.462+0000] {logging_mixin.py:117} INFO - [2025-04-26T19:38:51.462+0000] {dagbag.py:525} INFO - Filling up the DagBag from /home/airflow/.local/lib/python3.7/site-packages/airflow/example_dags/example_branch_operator_decorator.py
[2025-04-26T19:38:51.479+0000] {processor.py:768} INFO - DAG(s) dict_keys(['example_branch_python_operator_decorator']) retrieved from /home/airflow/.local/lib/python3.7/site-packages/airflow/example_dags/example_branch_operator_decorator.py
[2025-04-26T19:38:51.507+0000] {logging_mixin.py:117} INFO - [2025-04-26T19:38:51.507+0000] {dag.py:2573} INFO - Sync 1 DAGs
[2025-04-26T19:38:51.524+0000] {logging_mixin.py:117} INFO - [2025-04-26T19:38:51.524+0000] {dag.py:3328} INFO - Setting next_dagrun for example_branch_python_operator_decorator to 2025-04-25T00:00:00+00:00, run_after=2025-04-26T00:00:00+00:00
[2025-04-26T19:38:51.536+0000] {processor.py:178} INFO - Processing /home/airflow/.local/lib/python3.7/site-packages/airflow/example_dags/example_branch_operator_decorator.py took 0.078 seconds
[2025-04-26T19:39:21.966+0000] {processor.py:156} INFO - Started process (PID=512) to work on /home/airflow/.local/lib/python3.7/site-packages/airflow/example_dags/example_branch_operator_decorator.py
[2025-04-26T19:39:21.967+0000] {processor.py:758} INFO - Processing file /home/airflow/.local/lib/python3.7/site-packages/airflow/example_dags/example_branch_operator_decorator.py for tasks to queue
[2025-04-26T19:39:21.967+0000] {logging_mixin.py:117} INFO - [2025-04-26T19:39:21.967+0000] {dagbag.py:525} INFO - Filling up the DagBag from /home/airflow/.local/lib/python3.7/site-packages/airflow/example_dags/example_branch_operator_decorator.py
[2025-04-26T19:39:21.987+0000] {processor.py:768} INFO - DAG(s) dict_keys(['example_branch_python_operator_decorator']) retrieved from /home/airflow/.local/lib/python3.7/site-packages/airflow/example_dags/example_branch_operator_decorator.py
[2025-04-26T19:39:22.018+0000] {logging_mixin.py:117} INFO - [2025-04-26T19:39:22.017+0000] {dag.py:2573} INFO - Sync 1 DAGs
[2025-04-26T19:39:22.038+0000] {logging_mixin.py:117} INFO - [2025-04-26T19:39:22.038+0000] {dag.py:3328} INFO - Setting next_dagrun for example_branch_python_operator_decorator to 2025-04-25T00:00:00+00:00, run_after=2025-04-26T00:00:00+00:00
[2025-04-26T19:39:22.052+0000] {processor.py:178} INFO - Processing /home/airflow/.local/lib/python3.7/site-packages/airflow/example_dags/example_branch_operator_decorator.py took 0.089 seconds
