[2025-04-26T19:32:21.103+0000] {processor.py:156} INFO - Started process (PID=75) to work on /home/airflow/.local/lib/python3.7/site-packages/airflow/example_dags/example_branch_operator.py
[2025-04-26T19:32:21.112+0000] {processor.py:758} INFO - Processing file /home/airflow/.local/lib/python3.7/site-packages/airflow/example_dags/example_branch_operator.py for tasks to queue
[2025-04-26T19:32:21.119+0000] {logging_mixin.py:117} INFO - [2025-04-26T19:32:21.119+0000] {dagbag.py:525} INFO - Filling up the DagBag from /home/airflow/.local/lib/python3.7/site-packages/airflow/example_dags/example_branch_operator.py
[2025-04-26T19:32:21.150+0000] {processor.py:768} INFO - DAG(s) dict_keys(['example_branch_operator']) retrieved from /home/airflow/.local/lib/python3.7/site-packages/airflow/example_dags/example_branch_operator.py
[2025-04-26T19:32:21.174+0000] {logging_mixin.py:117} INFO - [2025-04-26T19:32:21.173+0000] {dag.py:2573} INFO - Sync 1 DAGs
[2025-04-26T19:32:21.230+0000] {logging_mixin.py:117} INFO - [2025-04-26T19:32:21.230+0000] {dag.py:3328} INFO - Setting next_dagrun for example_branch_operator to 2025-04-25T00:00:00+00:00, run_after=2025-04-26T00:00:00+00:00
[2025-04-26T19:32:21.298+0000] {processor.py:178} INFO - Processing /home/airflow/.local/lib/python3.7/site-packages/airflow/example_dags/example_branch_operator.py took 0.200 seconds
[2025-04-26T19:32:51.977+0000] {processor.py:156} INFO - Started process (PID=129) to work on /home/airflow/.local/lib/python3.7/site-packages/airflow/example_dags/example_branch_operator.py
[2025-04-26T19:32:51.978+0000] {processor.py:758} INFO - Processing file /home/airflow/.local/lib/python3.7/site-packages/airflow/example_dags/example_branch_operator.py for tasks to queue
[2025-04-26T19:32:51.979+0000] {logging_mixin.py:117} INFO - [2025-04-26T19:32:51.979+0000] {dagbag.py:525} INFO - Filling up the DagBag from /home/airflow/.local/lib/python3.7/site-packages/airflow/example_dags/example_branch_operator.py
[2025-04-26T19:32:51.992+0000] {processor.py:768} INFO - DAG(s) dict_keys(['example_branch_operator']) retrieved from /home/airflow/.local/lib/python3.7/site-packages/airflow/example_dags/example_branch_operator.py
[2025-04-26T19:32:52.025+0000] {logging_mixin.py:117} INFO - [2025-04-26T19:32:52.025+0000] {dag.py:2573} INFO - Sync 1 DAGs
[2025-04-26T19:32:52.044+0000] {logging_mixin.py:117} INFO - [2025-04-26T19:32:52.043+0000] {dag.py:3328} INFO - Setting next_dagrun for example_branch_operator to 2025-04-25T00:00:00+00:00, run_after=2025-04-26T00:00:00+00:00
[2025-04-26T19:32:52.073+0000] {processor.py:178} INFO - Processing /home/airflow/.local/lib/python3.7/site-packages/airflow/example_dags/example_branch_operator.py took 0.098 seconds
[2025-04-26T19:33:22.692+0000] {processor.py:156} INFO - Started process (PID=193) to work on /home/airflow/.local/lib/python3.7/site-packages/airflow/example_dags/example_branch_operator.py
[2025-04-26T19:33:22.707+0000] {processor.py:758} INFO - Processing file /home/airflow/.local/lib/python3.7/site-packages/airflow/example_dags/example_branch_operator.py for tasks to queue
[2025-04-26T19:33:22.708+0000] {logging_mixin.py:117} INFO - [2025-04-26T19:33:22.707+0000] {dagbag.py:525} INFO - Filling up the DagBag from /home/airflow/.local/lib/python3.7/site-packages/airflow/example_dags/example_branch_operator.py
[2025-04-26T19:33:22.724+0000] {processor.py:768} INFO - DAG(s) dict_keys(['example_branch_operator']) retrieved from /home/airflow/.local/lib/python3.7/site-packages/airflow/example_dags/example_branch_operator.py
[2025-04-26T19:33:22.756+0000] {logging_mixin.py:117} INFO - [2025-04-26T19:33:22.756+0000] {dag.py:2573} INFO - Sync 1 DAGs
[2025-04-26T19:33:22.777+0000] {logging_mixin.py:117} INFO - [2025-04-26T19:33:22.776+0000] {dag.py:3328} INFO - Setting next_dagrun for example_branch_operator to 2025-04-25T00:00:00+00:00, run_after=2025-04-26T00:00:00+00:00
[2025-04-26T19:33:22.811+0000] {processor.py:178} INFO - Processing /home/airflow/.local/lib/python3.7/site-packages/airflow/example_dags/example_branch_operator.py took 0.122 seconds
[2025-04-26T19:33:53.372+0000] {processor.py:156} INFO - Started process (PID=256) to work on /home/airflow/.local/lib/python3.7/site-packages/airflow/example_dags/example_branch_operator.py
[2025-04-26T19:33:53.373+0000] {processor.py:758} INFO - Processing file /home/airflow/.local/lib/python3.7/site-packages/airflow/example_dags/example_branch_operator.py for tasks to queue
[2025-04-26T19:33:53.374+0000] {logging_mixin.py:117} INFO - [2025-04-26T19:33:53.374+0000] {dagbag.py:525} INFO - Filling up the DagBag from /home/airflow/.local/lib/python3.7/site-packages/airflow/example_dags/example_branch_operator.py
[2025-04-26T19:33:53.386+0000] {processor.py:768} INFO - DAG(s) dict_keys(['example_branch_operator']) retrieved from /home/airflow/.local/lib/python3.7/site-packages/airflow/example_dags/example_branch_operator.py
[2025-04-26T19:33:53.418+0000] {logging_mixin.py:117} INFO - [2025-04-26T19:33:53.418+0000] {dag.py:2573} INFO - Sync 1 DAGs
[2025-04-26T19:33:53.438+0000] {logging_mixin.py:117} INFO - [2025-04-26T19:33:53.438+0000] {dag.py:3328} INFO - Setting next_dagrun for example_branch_operator to 2025-04-25T00:00:00+00:00, run_after=2025-04-26T00:00:00+00:00
[2025-04-26T19:33:53.454+0000] {processor.py:178} INFO - Processing /home/airflow/.local/lib/python3.7/site-packages/airflow/example_dags/example_branch_operator.py took 0.084 seconds
[2025-04-26T19:34:24.368+0000] {processor.py:156} INFO - Started process (PID=319) to work on /home/airflow/.local/lib/python3.7/site-packages/airflow/example_dags/example_branch_operator.py
[2025-04-26T19:34:24.369+0000] {processor.py:758} INFO - Processing file /home/airflow/.local/lib/python3.7/site-packages/airflow/example_dags/example_branch_operator.py for tasks to queue
[2025-04-26T19:34:24.370+0000] {logging_mixin.py:117} INFO - [2025-04-26T19:34:24.370+0000] {dagbag.py:525} INFO - Filling up the DagBag from /home/airflow/.local/lib/python3.7/site-packages/airflow/example_dags/example_branch_operator.py
[2025-04-26T19:34:24.390+0000] {processor.py:768} INFO - DAG(s) dict_keys(['example_branch_operator']) retrieved from /home/airflow/.local/lib/python3.7/site-packages/airflow/example_dags/example_branch_operator.py
[2025-04-26T19:34:24.427+0000] {logging_mixin.py:117} INFO - [2025-04-26T19:34:24.427+0000] {dag.py:2573} INFO - Sync 1 DAGs
[2025-04-26T19:34:24.448+0000] {logging_mixin.py:117} INFO - [2025-04-26T19:34:24.448+0000] {dag.py:3328} INFO - Setting next_dagrun for example_branch_operator to 2025-04-25T00:00:00+00:00, run_after=2025-04-26T00:00:00+00:00
[2025-04-26T19:34:24.465+0000] {processor.py:178} INFO - Processing /home/airflow/.local/lib/python3.7/site-packages/airflow/example_dags/example_branch_operator.py took 0.100 seconds
[2025-04-26T19:35:48.863+0000] {processor.py:156} INFO - Started process (PID=66) to work on /home/airflow/.local/lib/python3.7/site-packages/airflow/example_dags/example_branch_operator.py
[2025-04-26T19:35:48.864+0000] {processor.py:758} INFO - Processing file /home/airflow/.local/lib/python3.7/site-packages/airflow/example_dags/example_branch_operator.py for tasks to queue
[2025-04-26T19:35:48.864+0000] {logging_mixin.py:117} INFO - [2025-04-26T19:35:48.864+0000] {dagbag.py:525} INFO - Filling up the DagBag from /home/airflow/.local/lib/python3.7/site-packages/airflow/example_dags/example_branch_operator.py
[2025-04-26T19:35:48.877+0000] {processor.py:768} INFO - DAG(s) dict_keys(['example_branch_operator']) retrieved from /home/airflow/.local/lib/python3.7/site-packages/airflow/example_dags/example_branch_operator.py
[2025-04-26T19:35:48.898+0000] {logging_mixin.py:117} INFO - [2025-04-26T19:35:48.898+0000] {dag.py:2573} INFO - Sync 1 DAGs
[2025-04-26T19:35:48.922+0000] {logging_mixin.py:117} INFO - [2025-04-26T19:35:48.922+0000] {dag.py:3328} INFO - Setting next_dagrun for example_branch_operator to 2025-04-25T00:00:00+00:00, run_after=2025-04-26T00:00:00+00:00
[2025-04-26T19:35:48.939+0000] {processor.py:178} INFO - Processing /home/airflow/.local/lib/python3.7/site-packages/airflow/example_dags/example_branch_operator.py took 0.078 seconds
[2025-04-26T19:36:19.973+0000] {processor.py:156} INFO - Started process (PID=137) to work on /home/airflow/.local/lib/python3.7/site-packages/airflow/example_dags/example_branch_operator.py
[2025-04-26T19:36:19.974+0000] {processor.py:758} INFO - Processing file /home/airflow/.local/lib/python3.7/site-packages/airflow/example_dags/example_branch_operator.py for tasks to queue
[2025-04-26T19:36:19.974+0000] {logging_mixin.py:117} INFO - [2025-04-26T19:36:19.974+0000] {dagbag.py:525} INFO - Filling up the DagBag from /home/airflow/.local/lib/python3.7/site-packages/airflow/example_dags/example_branch_operator.py
[2025-04-26T19:36:19.986+0000] {processor.py:768} INFO - DAG(s) dict_keys(['example_branch_operator']) retrieved from /home/airflow/.local/lib/python3.7/site-packages/airflow/example_dags/example_branch_operator.py
[2025-04-26T19:36:20.016+0000] {logging_mixin.py:117} INFO - [2025-04-26T19:36:20.016+0000] {dag.py:2573} INFO - Sync 1 DAGs
[2025-04-26T19:36:20.032+0000] {logging_mixin.py:117} INFO - [2025-04-26T19:36:20.032+0000] {dag.py:3328} INFO - Setting next_dagrun for example_branch_operator to 2025-04-25T00:00:00+00:00, run_after=2025-04-26T00:00:00+00:00
[2025-04-26T19:36:20.045+0000] {processor.py:178} INFO - Processing /home/airflow/.local/lib/python3.7/site-packages/airflow/example_dags/example_branch_operator.py took 0.075 seconds
[2025-04-26T19:36:50.442+0000] {processor.py:156} INFO - Started process (PID=201) to work on /home/airflow/.local/lib/python3.7/site-packages/airflow/example_dags/example_branch_operator.py
[2025-04-26T19:36:50.444+0000] {processor.py:758} INFO - Processing file /home/airflow/.local/lib/python3.7/site-packages/airflow/example_dags/example_branch_operator.py for tasks to queue
[2025-04-26T19:36:50.444+0000] {logging_mixin.py:117} INFO - [2025-04-26T19:36:50.444+0000] {dagbag.py:525} INFO - Filling up the DagBag from /home/airflow/.local/lib/python3.7/site-packages/airflow/example_dags/example_branch_operator.py
[2025-04-26T19:36:50.457+0000] {processor.py:768} INFO - DAG(s) dict_keys(['example_branch_operator']) retrieved from /home/airflow/.local/lib/python3.7/site-packages/airflow/example_dags/example_branch_operator.py
[2025-04-26T19:36:50.486+0000] {logging_mixin.py:117} INFO - [2025-04-26T19:36:50.486+0000] {dag.py:2573} INFO - Sync 1 DAGs
[2025-04-26T19:36:50.503+0000] {logging_mixin.py:117} INFO - [2025-04-26T19:36:50.503+0000] {dag.py:3328} INFO - Setting next_dagrun for example_branch_operator to 2025-04-25T00:00:00+00:00, run_after=2025-04-26T00:00:00+00:00
[2025-04-26T19:36:50.517+0000] {processor.py:178} INFO - Processing /home/airflow/.local/lib/python3.7/site-packages/airflow/example_dags/example_branch_operator.py took 0.076 seconds
[2025-04-26T19:37:20.792+0000] {processor.py:156} INFO - Started process (PID=264) to work on /home/airflow/.local/lib/python3.7/site-packages/airflow/example_dags/example_branch_operator.py
[2025-04-26T19:37:20.794+0000] {processor.py:758} INFO - Processing file /home/airflow/.local/lib/python3.7/site-packages/airflow/example_dags/example_branch_operator.py for tasks to queue
[2025-04-26T19:37:20.794+0000] {logging_mixin.py:117} INFO - [2025-04-26T19:37:20.794+0000] {dagbag.py:525} INFO - Filling up the DagBag from /home/airflow/.local/lib/python3.7/site-packages/airflow/example_dags/example_branch_operator.py
[2025-04-26T19:37:20.807+0000] {processor.py:768} INFO - DAG(s) dict_keys(['example_branch_operator']) retrieved from /home/airflow/.local/lib/python3.7/site-packages/airflow/example_dags/example_branch_operator.py
[2025-04-26T19:37:20.833+0000] {logging_mixin.py:117} INFO - [2025-04-26T19:37:20.833+0000] {dag.py:2573} INFO - Sync 1 DAGs
[2025-04-26T19:37:20.852+0000] {logging_mixin.py:117} INFO - [2025-04-26T19:37:20.852+0000] {dag.py:3328} INFO - Setting next_dagrun for example_branch_operator to 2025-04-25T00:00:00+00:00, run_after=2025-04-26T00:00:00+00:00
[2025-04-26T19:37:20.866+0000] {processor.py:178} INFO - Processing /home/airflow/.local/lib/python3.7/site-packages/airflow/example_dags/example_branch_operator.py took 0.076 seconds
[2025-04-26T19:37:50.943+0000] {processor.py:156} INFO - Started process (PID=326) to work on /home/airflow/.local/lib/python3.7/site-packages/airflow/example_dags/example_branch_operator.py
[2025-04-26T19:37:50.944+0000] {processor.py:758} INFO - Processing file /home/airflow/.local/lib/python3.7/site-packages/airflow/example_dags/example_branch_operator.py for tasks to queue
[2025-04-26T19:37:50.945+0000] {logging_mixin.py:117} INFO - [2025-04-26T19:37:50.945+0000] {dagbag.py:525} INFO - Filling up the DagBag from /home/airflow/.local/lib/python3.7/site-packages/airflow/example_dags/example_branch_operator.py
[2025-04-26T19:37:50.957+0000] {processor.py:768} INFO - DAG(s) dict_keys(['example_branch_operator']) retrieved from /home/airflow/.local/lib/python3.7/site-packages/airflow/example_dags/example_branch_operator.py
[2025-04-26T19:37:50.987+0000] {logging_mixin.py:117} INFO - [2025-04-26T19:37:50.986+0000] {dag.py:2573} INFO - Sync 1 DAGs
[2025-04-26T19:37:51.003+0000] {logging_mixin.py:117} INFO - [2025-04-26T19:37:51.003+0000] {dag.py:3328} INFO - Setting next_dagrun for example_branch_operator to 2025-04-25T00:00:00+00:00, run_after=2025-04-26T00:00:00+00:00
[2025-04-26T19:37:51.018+0000] {processor.py:178} INFO - Processing /home/airflow/.local/lib/python3.7/site-packages/airflow/example_dags/example_branch_operator.py took 0.077 seconds
[2025-04-26T19:38:21.287+0000] {processor.py:156} INFO - Started process (PID=389) to work on /home/airflow/.local/lib/python3.7/site-packages/airflow/example_dags/example_branch_operator.py
[2025-04-26T19:38:21.288+0000] {processor.py:758} INFO - Processing file /home/airflow/.local/lib/python3.7/site-packages/airflow/example_dags/example_branch_operator.py for tasks to queue
[2025-04-26T19:38:21.289+0000] {logging_mixin.py:117} INFO - [2025-04-26T19:38:21.289+0000] {dagbag.py:525} INFO - Filling up the DagBag from /home/airflow/.local/lib/python3.7/site-packages/airflow/example_dags/example_branch_operator.py
[2025-04-26T19:38:21.302+0000] {processor.py:768} INFO - DAG(s) dict_keys(['example_branch_operator']) retrieved from /home/airflow/.local/lib/python3.7/site-packages/airflow/example_dags/example_branch_operator.py
[2025-04-26T19:38:21.329+0000] {logging_mixin.py:117} INFO - [2025-04-26T19:38:21.329+0000] {dag.py:2573} INFO - Sync 1 DAGs
[2025-04-26T19:38:21.345+0000] {logging_mixin.py:117} INFO - [2025-04-26T19:38:21.345+0000] {dag.py:3328} INFO - Setting next_dagrun for example_branch_operator to 2025-04-25T00:00:00+00:00, run_after=2025-04-26T00:00:00+00:00
[2025-04-26T19:38:21.358+0000] {processor.py:178} INFO - Processing /home/airflow/.local/lib/python3.7/site-packages/airflow/example_dags/example_branch_operator.py took 0.073 seconds
[2025-04-26T19:38:51.550+0000] {processor.py:156} INFO - Started process (PID=451) to work on /home/airflow/.local/lib/python3.7/site-packages/airflow/example_dags/example_branch_operator.py
[2025-04-26T19:38:51.551+0000] {processor.py:758} INFO - Processing file /home/airflow/.local/lib/python3.7/site-packages/airflow/example_dags/example_branch_operator.py for tasks to queue
[2025-04-26T19:38:51.552+0000] {logging_mixin.py:117} INFO - [2025-04-26T19:38:51.551+0000] {dagbag.py:525} INFO - Filling up the DagBag from /home/airflow/.local/lib/python3.7/site-packages/airflow/example_dags/example_branch_operator.py
[2025-04-26T19:38:51.566+0000] {processor.py:768} INFO - DAG(s) dict_keys(['example_branch_operator']) retrieved from /home/airflow/.local/lib/python3.7/site-packages/airflow/example_dags/example_branch_operator.py
[2025-04-26T19:38:51.598+0000] {logging_mixin.py:117} INFO - [2025-04-26T19:38:51.598+0000] {dag.py:2573} INFO - Sync 1 DAGs
[2025-04-26T19:38:51.615+0000] {logging_mixin.py:117} INFO - [2025-04-26T19:38:51.615+0000] {dag.py:3328} INFO - Setting next_dagrun for example_branch_operator to 2025-04-25T00:00:00+00:00, run_after=2025-04-26T00:00:00+00:00
[2025-04-26T19:38:51.638+0000] {processor.py:178} INFO - Processing /home/airflow/.local/lib/python3.7/site-packages/airflow/example_dags/example_branch_operator.py took 0.090 seconds
[2025-04-26T19:39:22.071+0000] {processor.py:156} INFO - Started process (PID=514) to work on /home/airflow/.local/lib/python3.7/site-packages/airflow/example_dags/example_branch_operator.py
[2025-04-26T19:39:22.071+0000] {processor.py:758} INFO - Processing file /home/airflow/.local/lib/python3.7/site-packages/airflow/example_dags/example_branch_operator.py for tasks to queue
[2025-04-26T19:39:22.072+0000] {logging_mixin.py:117} INFO - [2025-04-26T19:39:22.072+0000] {dagbag.py:525} INFO - Filling up the DagBag from /home/airflow/.local/lib/python3.7/site-packages/airflow/example_dags/example_branch_operator.py
[2025-04-26T19:39:22.084+0000] {processor.py:768} INFO - DAG(s) dict_keys(['example_branch_operator']) retrieved from /home/airflow/.local/lib/python3.7/site-packages/airflow/example_dags/example_branch_operator.py
[2025-04-26T19:39:22.112+0000] {logging_mixin.py:117} INFO - [2025-04-26T19:39:22.112+0000] {dag.py:2573} INFO - Sync 1 DAGs
[2025-04-26T19:39:22.132+0000] {logging_mixin.py:117} INFO - [2025-04-26T19:39:22.132+0000] {dag.py:3328} INFO - Setting next_dagrun for example_branch_operator to 2025-04-25T00:00:00+00:00, run_after=2025-04-26T00:00:00+00:00
[2025-04-26T19:39:22.146+0000] {processor.py:178} INFO - Processing /home/airflow/.local/lib/python3.7/site-packages/airflow/example_dags/example_branch_operator.py took 0.078 seconds
