[2025-04-26T19:32:23.292+0000] {processor.py:156} INFO - Started process (PID=94) to work on /home/airflow/.local/lib/python3.7/site-packages/airflow/example_dags/example_short_circuit_operator.py
[2025-04-26T19:32:23.292+0000] {processor.py:758} INFO - Processing file /home/airflow/.local/lib/python3.7/site-packages/airflow/example_dags/example_short_circuit_operator.py for tasks to queue
[2025-04-26T19:32:23.293+0000] {logging_mixin.py:117} INFO - [2025-04-26T19:32:23.293+0000] {dagbag.py:525} INFO - Filling up the DagBag from /home/airflow/.local/lib/python3.7/site-packages/airflow/example_dags/example_short_circuit_operator.py
[2025-04-26T19:32:23.359+0000] {processor.py:768} INFO - DAG(s) dict_keys(['example_short_circuit_operator']) retrieved from /home/airflow/.local/lib/python3.7/site-packages/airflow/example_dags/example_short_circuit_operator.py
[2025-04-26T19:32:23.474+0000] {logging_mixin.py:117} INFO - [2025-04-26T19:32:23.474+0000] {dag.py:2573} INFO - Sync 1 DAGs
[2025-04-26T19:32:23.513+0000] {logging_mixin.py:117} INFO - [2025-04-26T19:32:23.512+0000] {dag.py:3328} INFO - Setting next_dagrun for example_short_circuit_operator to 2025-04-25T19:32:23.512664+00:00, run_after=2025-04-26T19:32:23.512664+00:00
[2025-04-26T19:32:23.542+0000] {processor.py:178} INFO - Processing /home/airflow/.local/lib/python3.7/site-packages/airflow/example_dags/example_short_circuit_operator.py took 0.254 seconds
[2025-04-26T19:32:53.560+0000] {processor.py:156} INFO - Started process (PID=148) to work on /home/airflow/.local/lib/python3.7/site-packages/airflow/example_dags/example_short_circuit_operator.py
[2025-04-26T19:32:53.571+0000] {processor.py:758} INFO - Processing file /home/airflow/.local/lib/python3.7/site-packages/airflow/example_dags/example_short_circuit_operator.py for tasks to queue
[2025-04-26T19:32:53.571+0000] {logging_mixin.py:117} INFO - [2025-04-26T19:32:53.571+0000] {dagbag.py:525} INFO - Filling up the DagBag from /home/airflow/.local/lib/python3.7/site-packages/airflow/example_dags/example_short_circuit_operator.py
[2025-04-26T19:32:53.582+0000] {processor.py:768} INFO - DAG(s) dict_keys(['example_short_circuit_operator']) retrieved from /home/airflow/.local/lib/python3.7/site-packages/airflow/example_dags/example_short_circuit_operator.py
[2025-04-26T19:32:53.614+0000] {logging_mixin.py:117} INFO - [2025-04-26T19:32:53.614+0000] {dag.py:2573} INFO - Sync 1 DAGs
[2025-04-26T19:32:53.635+0000] {logging_mixin.py:117} INFO - [2025-04-26T19:32:53.635+0000] {dag.py:3328} INFO - Setting next_dagrun for example_short_circuit_operator to 2025-04-25T19:32:53.635389+00:00, run_after=2025-04-26T19:32:53.635389+00:00
[2025-04-26T19:32:53.662+0000] {processor.py:178} INFO - Processing /home/airflow/.local/lib/python3.7/site-packages/airflow/example_dags/example_short_circuit_operator.py took 0.104 seconds
[2025-04-26T19:33:24.435+0000] {processor.py:156} INFO - Started process (PID=220) to work on /home/airflow/.local/lib/python3.7/site-packages/airflow/example_dags/example_short_circuit_operator.py
[2025-04-26T19:33:24.436+0000] {processor.py:758} INFO - Processing file /home/airflow/.local/lib/python3.7/site-packages/airflow/example_dags/example_short_circuit_operator.py for tasks to queue
[2025-04-26T19:33:24.437+0000] {logging_mixin.py:117} INFO - [2025-04-26T19:33:24.436+0000] {dagbag.py:525} INFO - Filling up the DagBag from /home/airflow/.local/lib/python3.7/site-packages/airflow/example_dags/example_short_circuit_operator.py
[2025-04-26T19:33:24.452+0000] {processor.py:768} INFO - DAG(s) dict_keys(['example_short_circuit_operator']) retrieved from /home/airflow/.local/lib/python3.7/site-packages/airflow/example_dags/example_short_circuit_operator.py
[2025-04-26T19:33:24.498+0000] {logging_mixin.py:117} INFO - [2025-04-26T19:33:24.498+0000] {dag.py:2573} INFO - Sync 1 DAGs
[2025-04-26T19:33:24.539+0000] {logging_mixin.py:117} INFO - [2025-04-26T19:33:24.539+0000] {dag.py:3328} INFO - Setting next_dagrun for example_short_circuit_operator to 2025-04-25T19:33:24.539012+00:00, run_after=2025-04-26T19:33:24.539012+00:00
[2025-04-26T19:33:24.570+0000] {processor.py:178} INFO - Processing /home/airflow/.local/lib/python3.7/site-packages/airflow/example_dags/example_short_circuit_operator.py took 0.138 seconds
[2025-04-26T19:33:55.562+0000] {processor.py:156} INFO - Started process (PID=277) to work on /home/airflow/.local/lib/python3.7/site-packages/airflow/example_dags/example_short_circuit_operator.py
[2025-04-26T19:33:55.564+0000] {processor.py:758} INFO - Processing file /home/airflow/.local/lib/python3.7/site-packages/airflow/example_dags/example_short_circuit_operator.py for tasks to queue
[2025-04-26T19:33:55.564+0000] {logging_mixin.py:117} INFO - [2025-04-26T19:33:55.564+0000] {dagbag.py:525} INFO - Filling up the DagBag from /home/airflow/.local/lib/python3.7/site-packages/airflow/example_dags/example_short_circuit_operator.py
[2025-04-26T19:33:55.575+0000] {processor.py:768} INFO - DAG(s) dict_keys(['example_short_circuit_operator']) retrieved from /home/airflow/.local/lib/python3.7/site-packages/airflow/example_dags/example_short_circuit_operator.py
[2025-04-26T19:33:55.606+0000] {logging_mixin.py:117} INFO - [2025-04-26T19:33:55.606+0000] {dag.py:2573} INFO - Sync 1 DAGs
[2025-04-26T19:33:55.624+0000] {logging_mixin.py:117} INFO - [2025-04-26T19:33:55.624+0000] {dag.py:3328} INFO - Setting next_dagrun for example_short_circuit_operator to 2025-04-25T19:33:55.624402+00:00, run_after=2025-04-26T19:33:55.624402+00:00
[2025-04-26T19:33:55.639+0000] {processor.py:178} INFO - Processing /home/airflow/.local/lib/python3.7/site-packages/airflow/example_dags/example_short_circuit_operator.py took 0.080 seconds
[2025-04-26T19:34:25.755+0000] {processor.py:156} INFO - Started process (PID=340) to work on /home/airflow/.local/lib/python3.7/site-packages/airflow/example_dags/example_short_circuit_operator.py
[2025-04-26T19:34:25.756+0000] {processor.py:758} INFO - Processing file /home/airflow/.local/lib/python3.7/site-packages/airflow/example_dags/example_short_circuit_operator.py for tasks to queue
[2025-04-26T19:34:25.757+0000] {logging_mixin.py:117} INFO - [2025-04-26T19:34:25.757+0000] {dagbag.py:525} INFO - Filling up the DagBag from /home/airflow/.local/lib/python3.7/site-packages/airflow/example_dags/example_short_circuit_operator.py
[2025-04-26T19:34:25.769+0000] {processor.py:768} INFO - DAG(s) dict_keys(['example_short_circuit_operator']) retrieved from /home/airflow/.local/lib/python3.7/site-packages/airflow/example_dags/example_short_circuit_operator.py
[2025-04-26T19:34:25.800+0000] {logging_mixin.py:117} INFO - [2025-04-26T19:34:25.800+0000] {dag.py:2573} INFO - Sync 1 DAGs
[2025-04-26T19:34:25.818+0000] {logging_mixin.py:117} INFO - [2025-04-26T19:34:25.818+0000] {dag.py:3328} INFO - Setting next_dagrun for example_short_circuit_operator to 2025-04-25T19:34:25.817929+00:00, run_after=2025-04-26T19:34:25.817929+00:00
[2025-04-26T19:34:25.832+0000] {processor.py:178} INFO - Processing /home/airflow/.local/lib/python3.7/site-packages/airflow/example_dags/example_short_circuit_operator.py took 0.079 seconds
[2025-04-26T19:35:48.978+0000] {processor.py:156} INFO - Started process (PID=85) to work on /home/airflow/.local/lib/python3.7/site-packages/airflow/example_dags/example_short_circuit_operator.py
[2025-04-26T19:35:48.979+0000] {processor.py:758} INFO - Processing file /home/airflow/.local/lib/python3.7/site-packages/airflow/example_dags/example_short_circuit_operator.py for tasks to queue
[2025-04-26T19:35:48.980+0000] {logging_mixin.py:117} INFO - [2025-04-26T19:35:48.980+0000] {dagbag.py:525} INFO - Filling up the DagBag from /home/airflow/.local/lib/python3.7/site-packages/airflow/example_dags/example_short_circuit_operator.py
[2025-04-26T19:35:48.992+0000] {processor.py:768} INFO - DAG(s) dict_keys(['example_short_circuit_operator']) retrieved from /home/airflow/.local/lib/python3.7/site-packages/airflow/example_dags/example_short_circuit_operator.py
[2025-04-26T19:35:49.012+0000] {logging_mixin.py:117} INFO - [2025-04-26T19:35:49.012+0000] {dag.py:2573} INFO - Sync 1 DAGs
[2025-04-26T19:35:49.032+0000] {logging_mixin.py:117} INFO - [2025-04-26T19:35:49.032+0000] {dag.py:3328} INFO - Setting next_dagrun for example_short_circuit_operator to 2025-04-25T19:35:49.032101+00:00, run_after=2025-04-26T19:35:49.032101+00:00
[2025-04-26T19:35:49.052+0000] {processor.py:178} INFO - Processing /home/airflow/.local/lib/python3.7/site-packages/airflow/example_dags/example_short_circuit_operator.py took 0.076 seconds
[2025-04-26T19:36:20.598+0000] {processor.py:156} INFO - Started process (PID=148) to work on /home/airflow/.local/lib/python3.7/site-packages/airflow/example_dags/example_short_circuit_operator.py
[2025-04-26T19:36:20.599+0000] {processor.py:758} INFO - Processing file /home/airflow/.local/lib/python3.7/site-packages/airflow/example_dags/example_short_circuit_operator.py for tasks to queue
[2025-04-26T19:36:20.600+0000] {logging_mixin.py:117} INFO - [2025-04-26T19:36:20.600+0000] {dagbag.py:525} INFO - Filling up the DagBag from /home/airflow/.local/lib/python3.7/site-packages/airflow/example_dags/example_short_circuit_operator.py
[2025-04-26T19:36:20.611+0000] {processor.py:768} INFO - DAG(s) dict_keys(['example_short_circuit_operator']) retrieved from /home/airflow/.local/lib/python3.7/site-packages/airflow/example_dags/example_short_circuit_operator.py
[2025-04-26T19:36:20.640+0000] {logging_mixin.py:117} INFO - [2025-04-26T19:36:20.640+0000] {dag.py:2573} INFO - Sync 1 DAGs
[2025-04-26T19:36:20.660+0000] {logging_mixin.py:117} INFO - [2025-04-26T19:36:20.660+0000] {dag.py:3328} INFO - Setting next_dagrun for example_short_circuit_operator to 2025-04-25T19:36:20.660435+00:00, run_after=2025-04-26T19:36:20.660435+00:00
[2025-04-26T19:36:20.676+0000] {processor.py:178} INFO - Processing /home/airflow/.local/lib/python3.7/site-packages/airflow/example_dags/example_short_circuit_operator.py took 0.080 seconds
[2025-04-26T19:36:50.993+0000] {processor.py:156} INFO - Started process (PID=212) to work on /home/airflow/.local/lib/python3.7/site-packages/airflow/example_dags/example_short_circuit_operator.py
[2025-04-26T19:36:50.994+0000] {processor.py:758} INFO - Processing file /home/airflow/.local/lib/python3.7/site-packages/airflow/example_dags/example_short_circuit_operator.py for tasks to queue
[2025-04-26T19:36:50.994+0000] {logging_mixin.py:117} INFO - [2025-04-26T19:36:50.994+0000] {dagbag.py:525} INFO - Filling up the DagBag from /home/airflow/.local/lib/python3.7/site-packages/airflow/example_dags/example_short_circuit_operator.py
[2025-04-26T19:36:51.007+0000] {processor.py:768} INFO - DAG(s) dict_keys(['example_short_circuit_operator']) retrieved from /home/airflow/.local/lib/python3.7/site-packages/airflow/example_dags/example_short_circuit_operator.py
[2025-04-26T19:36:51.033+0000] {logging_mixin.py:117} INFO - [2025-04-26T19:36:51.033+0000] {dag.py:2573} INFO - Sync 1 DAGs
[2025-04-26T19:36:51.048+0000] {logging_mixin.py:117} INFO - [2025-04-26T19:36:51.048+0000] {dag.py:3328} INFO - Setting next_dagrun for example_short_circuit_operator to 2025-04-25T19:36:51.048428+00:00, run_after=2025-04-26T19:36:51.048428+00:00
[2025-04-26T19:36:51.063+0000] {processor.py:178} INFO - Processing /home/airflow/.local/lib/python3.7/site-packages/airflow/example_dags/example_short_circuit_operator.py took 0.073 seconds
[2025-04-26T19:37:21.309+0000] {processor.py:156} INFO - Started process (PID=275) to work on /home/airflow/.local/lib/python3.7/site-packages/airflow/example_dags/example_short_circuit_operator.py
[2025-04-26T19:37:21.309+0000] {processor.py:758} INFO - Processing file /home/airflow/.local/lib/python3.7/site-packages/airflow/example_dags/example_short_circuit_operator.py for tasks to queue
[2025-04-26T19:37:21.310+0000] {logging_mixin.py:117} INFO - [2025-04-26T19:37:21.310+0000] {dagbag.py:525} INFO - Filling up the DagBag from /home/airflow/.local/lib/python3.7/site-packages/airflow/example_dags/example_short_circuit_operator.py
[2025-04-26T19:37:21.321+0000] {processor.py:768} INFO - DAG(s) dict_keys(['example_short_circuit_operator']) retrieved from /home/airflow/.local/lib/python3.7/site-packages/airflow/example_dags/example_short_circuit_operator.py
[2025-04-26T19:37:21.348+0000] {logging_mixin.py:117} INFO - [2025-04-26T19:37:21.348+0000] {dag.py:2573} INFO - Sync 1 DAGs
[2025-04-26T19:37:21.364+0000] {logging_mixin.py:117} INFO - [2025-04-26T19:37:21.364+0000] {dag.py:3328} INFO - Setting next_dagrun for example_short_circuit_operator to 2025-04-25T19:37:21.363849+00:00, run_after=2025-04-26T19:37:21.363849+00:00
[2025-04-26T19:37:21.379+0000] {processor.py:178} INFO - Processing /home/airflow/.local/lib/python3.7/site-packages/airflow/example_dags/example_short_circuit_operator.py took 0.072 seconds
[2025-04-26T19:37:51.760+0000] {processor.py:156} INFO - Started process (PID=338) to work on /home/airflow/.local/lib/python3.7/site-packages/airflow/example_dags/example_short_circuit_operator.py
[2025-04-26T19:37:51.761+0000] {processor.py:758} INFO - Processing file /home/airflow/.local/lib/python3.7/site-packages/airflow/example_dags/example_short_circuit_operator.py for tasks to queue
[2025-04-26T19:37:51.762+0000] {logging_mixin.py:117} INFO - [2025-04-26T19:37:51.762+0000] {dagbag.py:525} INFO - Filling up the DagBag from /home/airflow/.local/lib/python3.7/site-packages/airflow/example_dags/example_short_circuit_operator.py
[2025-04-26T19:37:51.776+0000] {processor.py:768} INFO - DAG(s) dict_keys(['example_short_circuit_operator']) retrieved from /home/airflow/.local/lib/python3.7/site-packages/airflow/example_dags/example_short_circuit_operator.py
[2025-04-26T19:37:51.809+0000] {logging_mixin.py:117} INFO - [2025-04-26T19:37:51.809+0000] {dag.py:2573} INFO - Sync 1 DAGs
[2025-04-26T19:37:51.827+0000] {logging_mixin.py:117} INFO - [2025-04-26T19:37:51.827+0000] {dag.py:3328} INFO - Setting next_dagrun for example_short_circuit_operator to 2025-04-25T19:37:51.826970+00:00, run_after=2025-04-26T19:37:51.826970+00:00
[2025-04-26T19:37:51.841+0000] {processor.py:178} INFO - Processing /home/airflow/.local/lib/python3.7/site-packages/airflow/example_dags/example_short_circuit_operator.py took 0.084 seconds
[2025-04-26T19:38:22.107+0000] {processor.py:156} INFO - Started process (PID=401) to work on /home/airflow/.local/lib/python3.7/site-packages/airflow/example_dags/example_short_circuit_operator.py
[2025-04-26T19:38:22.109+0000] {processor.py:758} INFO - Processing file /home/airflow/.local/lib/python3.7/site-packages/airflow/example_dags/example_short_circuit_operator.py for tasks to queue
[2025-04-26T19:38:22.109+0000] {logging_mixin.py:117} INFO - [2025-04-26T19:38:22.109+0000] {dagbag.py:525} INFO - Filling up the DagBag from /home/airflow/.local/lib/python3.7/site-packages/airflow/example_dags/example_short_circuit_operator.py
[2025-04-26T19:38:22.121+0000] {processor.py:768} INFO - DAG(s) dict_keys(['example_short_circuit_operator']) retrieved from /home/airflow/.local/lib/python3.7/site-packages/airflow/example_dags/example_short_circuit_operator.py
[2025-04-26T19:38:22.151+0000] {logging_mixin.py:117} INFO - [2025-04-26T19:38:22.151+0000] {dag.py:2573} INFO - Sync 1 DAGs
[2025-04-26T19:38:22.168+0000] {logging_mixin.py:117} INFO - [2025-04-26T19:38:22.167+0000] {dag.py:3328} INFO - Setting next_dagrun for example_short_circuit_operator to 2025-04-25T19:38:22.167759+00:00, run_after=2025-04-26T19:38:22.167759+00:00
[2025-04-26T19:38:22.182+0000] {processor.py:178} INFO - Processing /home/airflow/.local/lib/python3.7/site-packages/airflow/example_dags/example_short_circuit_operator.py took 0.077 seconds
[2025-04-26T19:38:52.405+0000] {processor.py:156} INFO - Started process (PID=464) to work on /home/airflow/.local/lib/python3.7/site-packages/airflow/example_dags/example_short_circuit_operator.py
[2025-04-26T19:38:52.406+0000] {processor.py:758} INFO - Processing file /home/airflow/.local/lib/python3.7/site-packages/airflow/example_dags/example_short_circuit_operator.py for tasks to queue
[2025-04-26T19:38:52.407+0000] {logging_mixin.py:117} INFO - [2025-04-26T19:38:52.407+0000] {dagbag.py:525} INFO - Filling up the DagBag from /home/airflow/.local/lib/python3.7/site-packages/airflow/example_dags/example_short_circuit_operator.py
[2025-04-26T19:38:52.419+0000] {processor.py:768} INFO - DAG(s) dict_keys(['example_short_circuit_operator']) retrieved from /home/airflow/.local/lib/python3.7/site-packages/airflow/example_dags/example_short_circuit_operator.py
[2025-04-26T19:38:52.451+0000] {logging_mixin.py:117} INFO - [2025-04-26T19:38:52.451+0000] {dag.py:2573} INFO - Sync 1 DAGs
[2025-04-26T19:38:52.468+0000] {logging_mixin.py:117} INFO - [2025-04-26T19:38:52.468+0000] {dag.py:3328} INFO - Setting next_dagrun for example_short_circuit_operator to 2025-04-25T19:38:52.467944+00:00, run_after=2025-04-26T19:38:52.467944+00:00
[2025-04-26T19:38:52.483+0000] {processor.py:178} INFO - Processing /home/airflow/.local/lib/python3.7/site-packages/airflow/example_dags/example_short_circuit_operator.py took 0.081 seconds
[2025-04-26T19:39:22.932+0000] {processor.py:156} INFO - Started process (PID=527) to work on /home/airflow/.local/lib/python3.7/site-packages/airflow/example_dags/example_short_circuit_operator.py
[2025-04-26T19:39:22.933+0000] {processor.py:758} INFO - Processing file /home/airflow/.local/lib/python3.7/site-packages/airflow/example_dags/example_short_circuit_operator.py for tasks to queue
[2025-04-26T19:39:22.934+0000] {logging_mixin.py:117} INFO - [2025-04-26T19:39:22.934+0000] {dagbag.py:525} INFO - Filling up the DagBag from /home/airflow/.local/lib/python3.7/site-packages/airflow/example_dags/example_short_circuit_operator.py
[2025-04-26T19:39:22.947+0000] {processor.py:768} INFO - DAG(s) dict_keys(['example_short_circuit_operator']) retrieved from /home/airflow/.local/lib/python3.7/site-packages/airflow/example_dags/example_short_circuit_operator.py
[2025-04-26T19:39:22.975+0000] {logging_mixin.py:117} INFO - [2025-04-26T19:39:22.975+0000] {dag.py:2573} INFO - Sync 1 DAGs
[2025-04-26T19:39:22.993+0000] {logging_mixin.py:117} INFO - [2025-04-26T19:39:22.993+0000] {dag.py:3328} INFO - Setting next_dagrun for example_short_circuit_operator to 2025-04-25T19:39:22.993527+00:00, run_after=2025-04-26T19:39:22.993527+00:00
[2025-04-26T19:39:23.008+0000] {processor.py:178} INFO - Processing /home/airflow/.local/lib/python3.7/site-packages/airflow/example_dags/example_short_circuit_operator.py took 0.079 seconds
[2025-04-26T19:39:53.453+0000] {processor.py:156} INFO - Started process (PID=590) to work on /home/airflow/.local/lib/python3.7/site-packages/airflow/example_dags/example_short_circuit_operator.py
[2025-04-26T19:39:53.454+0000] {processor.py:758} INFO - Processing file /home/airflow/.local/lib/python3.7/site-packages/airflow/example_dags/example_short_circuit_operator.py for tasks to queue
[2025-04-26T19:39:53.454+0000] {logging_mixin.py:117} INFO - [2025-04-26T19:39:53.454+0000] {dagbag.py:525} INFO - Filling up the DagBag from /home/airflow/.local/lib/python3.7/site-packages/airflow/example_dags/example_short_circuit_operator.py
[2025-04-26T19:39:53.467+0000] {processor.py:768} INFO - DAG(s) dict_keys(['example_short_circuit_operator']) retrieved from /home/airflow/.local/lib/python3.7/site-packages/airflow/example_dags/example_short_circuit_operator.py
[2025-04-26T19:39:53.497+0000] {logging_mixin.py:117} INFO - [2025-04-26T19:39:53.497+0000] {dag.py:2573} INFO - Sync 1 DAGs
[2025-04-26T19:39:53.514+0000] {logging_mixin.py:117} INFO - [2025-04-26T19:39:53.514+0000] {dag.py:3328} INFO - Setting next_dagrun for example_short_circuit_operator to 2025-04-25T19:39:53.514398+00:00, run_after=2025-04-26T19:39:53.514398+00:00
[2025-04-26T19:39:53.528+0000] {processor.py:178} INFO - Processing /home/airflow/.local/lib/python3.7/site-packages/airflow/example_dags/example_short_circuit_operator.py took 0.077 seconds
[2025-04-26T19:40:23.933+0000] {processor.py:156} INFO - Started process (PID=654) to work on /home/airflow/.local/lib/python3.7/site-packages/airflow/example_dags/example_short_circuit_operator.py
[2025-04-26T19:40:23.934+0000] {processor.py:758} INFO - Processing file /home/airflow/.local/lib/python3.7/site-packages/airflow/example_dags/example_short_circuit_operator.py for tasks to queue
[2025-04-26T19:40:23.934+0000] {logging_mixin.py:117} INFO - [2025-04-26T19:40:23.934+0000] {dagbag.py:525} INFO - Filling up the DagBag from /home/airflow/.local/lib/python3.7/site-packages/airflow/example_dags/example_short_circuit_operator.py
[2025-04-26T19:40:23.948+0000] {processor.py:768} INFO - DAG(s) dict_keys(['example_short_circuit_operator']) retrieved from /home/airflow/.local/lib/python3.7/site-packages/airflow/example_dags/example_short_circuit_operator.py
[2025-04-26T19:40:23.984+0000] {logging_mixin.py:117} INFO - [2025-04-26T19:40:23.984+0000] {dag.py:2573} INFO - Sync 1 DAGs
[2025-04-26T19:40:24.004+0000] {logging_mixin.py:117} INFO - [2025-04-26T19:40:24.004+0000] {dag.py:3328} INFO - Setting next_dagrun for example_short_circuit_operator to 2025-04-25T19:40:24.004261+00:00, run_after=2025-04-26T19:40:24.004261+00:00
[2025-04-26T19:40:24.022+0000] {processor.py:178} INFO - Processing /home/airflow/.local/lib/python3.7/site-packages/airflow/example_dags/example_short_circuit_operator.py took 0.092 seconds
[2025-04-26T19:40:54.483+0000] {processor.py:156} INFO - Started process (PID=708) to work on /home/airflow/.local/lib/python3.7/site-packages/airflow/example_dags/example_short_circuit_operator.py
[2025-04-26T19:40:54.484+0000] {processor.py:758} INFO - Processing file /home/airflow/.local/lib/python3.7/site-packages/airflow/example_dags/example_short_circuit_operator.py for tasks to queue
[2025-04-26T19:40:54.485+0000] {logging_mixin.py:117} INFO - [2025-04-26T19:40:54.484+0000] {dagbag.py:525} INFO - Filling up the DagBag from /home/airflow/.local/lib/python3.7/site-packages/airflow/example_dags/example_short_circuit_operator.py
[2025-04-26T19:40:54.497+0000] {processor.py:768} INFO - DAG(s) dict_keys(['example_short_circuit_operator']) retrieved from /home/airflow/.local/lib/python3.7/site-packages/airflow/example_dags/example_short_circuit_operator.py
[2025-04-26T19:40:54.528+0000] {logging_mixin.py:117} INFO - [2025-04-26T19:40:54.528+0000] {dag.py:2573} INFO - Sync 1 DAGs
[2025-04-26T19:40:54.547+0000] {logging_mixin.py:117} INFO - [2025-04-26T19:40:54.547+0000] {dag.py:3328} INFO - Setting next_dagrun for example_short_circuit_operator to 2025-04-25T19:40:54.547353+00:00, run_after=2025-04-26T19:40:54.547353+00:00
[2025-04-26T19:40:54.564+0000] {processor.py:178} INFO - Processing /home/airflow/.local/lib/python3.7/site-packages/airflow/example_dags/example_short_circuit_operator.py took 0.083 seconds
