[2025-04-26T19:32:22.065+0000] {processor.py:156} INFO - Started process (PID=82) to work on /home/airflow/.local/lib/python3.7/site-packages/airflow/example_dags/example_branch_python_dop_operator_3.py
[2025-04-26T19:32:22.070+0000] {processor.py:758} INFO - Processing file /home/airflow/.local/lib/python3.7/site-packages/airflow/example_dags/example_branch_python_dop_operator_3.py for tasks to queue
[2025-04-26T19:32:22.071+0000] {logging_mixin.py:117} INFO - [2025-04-26T19:32:22.071+0000] {dagbag.py:525} INFO - Filling up the DagBag from /home/airflow/.local/lib/python3.7/site-packages/airflow/example_dags/example_branch_python_dop_operator_3.py
[2025-04-26T19:32:22.097+0000] {processor.py:768} INFO - DAG(s) dict_keys(['example_branch_dop_operator_v3']) retrieved from /home/airflow/.local/lib/python3.7/site-packages/airflow/example_dags/example_branch_python_dop_operator_3.py
[2025-04-26T19:32:22.120+0000] {logging_mixin.py:117} INFO - [2025-04-26T19:32:22.120+0000] {dag.py:2573} INFO - Sync 1 DAGs
[2025-04-26T19:32:22.147+0000] {logging_mixin.py:117} INFO - [2025-04-26T19:32:22.147+0000] {dag.py:3328} INFO - Setting next_dagrun for example_branch_dop_operator_v3 to 2025-04-26T19:31:00+00:00, run_after=2025-04-26T19:32:00+00:00
[2025-04-26T19:32:22.170+0000] {processor.py:178} INFO - Processing /home/airflow/.local/lib/python3.7/site-packages/airflow/example_dags/example_branch_python_dop_operator_3.py took 0.116 seconds
[2025-04-26T19:32:52.464+0000] {processor.py:156} INFO - Started process (PID=136) to work on /home/airflow/.local/lib/python3.7/site-packages/airflow/example_dags/example_branch_python_dop_operator_3.py
[2025-04-26T19:32:52.466+0000] {processor.py:758} INFO - Processing file /home/airflow/.local/lib/python3.7/site-packages/airflow/example_dags/example_branch_python_dop_operator_3.py for tasks to queue
[2025-04-26T19:32:52.466+0000] {logging_mixin.py:117} INFO - [2025-04-26T19:32:52.466+0000] {dagbag.py:525} INFO - Filling up the DagBag from /home/airflow/.local/lib/python3.7/site-packages/airflow/example_dags/example_branch_python_dop_operator_3.py
[2025-04-26T19:32:52.484+0000] {processor.py:768} INFO - DAG(s) dict_keys(['example_branch_dop_operator_v3']) retrieved from /home/airflow/.local/lib/python3.7/site-packages/airflow/example_dags/example_branch_python_dop_operator_3.py
[2025-04-26T19:32:52.514+0000] {logging_mixin.py:117} INFO - [2025-04-26T19:32:52.514+0000] {dag.py:2573} INFO - Sync 1 DAGs
[2025-04-26T19:32:52.534+0000] {logging_mixin.py:117} INFO - [2025-04-26T19:32:52.534+0000] {dag.py:3328} INFO - Setting next_dagrun for example_branch_dop_operator_v3 to 2025-04-26T19:31:00+00:00, run_after=2025-04-26T19:32:00+00:00
[2025-04-26T19:32:52.564+0000] {processor.py:178} INFO - Processing /home/airflow/.local/lib/python3.7/site-packages/airflow/example_dags/example_branch_python_dop_operator_3.py took 0.102 seconds
[2025-04-26T19:33:23.247+0000] {processor.py:156} INFO - Started process (PID=200) to work on /home/airflow/.local/lib/python3.7/site-packages/airflow/example_dags/example_branch_python_dop_operator_3.py
[2025-04-26T19:33:23.258+0000] {processor.py:758} INFO - Processing file /home/airflow/.local/lib/python3.7/site-packages/airflow/example_dags/example_branch_python_dop_operator_3.py for tasks to queue
[2025-04-26T19:33:23.258+0000] {logging_mixin.py:117} INFO - [2025-04-26T19:33:23.258+0000] {dagbag.py:525} INFO - Filling up the DagBag from /home/airflow/.local/lib/python3.7/site-packages/airflow/example_dags/example_branch_python_dop_operator_3.py
[2025-04-26T19:33:23.291+0000] {processor.py:768} INFO - DAG(s) dict_keys(['example_branch_dop_operator_v3']) retrieved from /home/airflow/.local/lib/python3.7/site-packages/airflow/example_dags/example_branch_python_dop_operator_3.py
[2025-04-26T19:33:23.324+0000] {logging_mixin.py:117} INFO - [2025-04-26T19:33:23.324+0000] {dag.py:2573} INFO - Sync 1 DAGs
[2025-04-26T19:33:23.348+0000] {logging_mixin.py:117} INFO - [2025-04-26T19:33:23.348+0000] {dag.py:3328} INFO - Setting next_dagrun for example_branch_dop_operator_v3 to 2025-04-26T19:32:00+00:00, run_after=2025-04-26T19:33:00+00:00
[2025-04-26T19:33:23.374+0000] {processor.py:178} INFO - Processing /home/airflow/.local/lib/python3.7/site-packages/airflow/example_dags/example_branch_python_dop_operator_3.py took 0.131 seconds
[2025-04-26T19:33:53.814+0000] {processor.py:156} INFO - Started process (PID=263) to work on /home/airflow/.local/lib/python3.7/site-packages/airflow/example_dags/example_branch_python_dop_operator_3.py
[2025-04-26T19:33:53.816+0000] {processor.py:758} INFO - Processing file /home/airflow/.local/lib/python3.7/site-packages/airflow/example_dags/example_branch_python_dop_operator_3.py for tasks to queue
[2025-04-26T19:33:53.816+0000] {logging_mixin.py:117} INFO - [2025-04-26T19:33:53.816+0000] {dagbag.py:525} INFO - Filling up the DagBag from /home/airflow/.local/lib/python3.7/site-packages/airflow/example_dags/example_branch_python_dop_operator_3.py
[2025-04-26T19:33:53.832+0000] {processor.py:768} INFO - DAG(s) dict_keys(['example_branch_dop_operator_v3']) retrieved from /home/airflow/.local/lib/python3.7/site-packages/airflow/example_dags/example_branch_python_dop_operator_3.py
[2025-04-26T19:33:53.863+0000] {logging_mixin.py:117} INFO - [2025-04-26T19:33:53.863+0000] {dag.py:2573} INFO - Sync 1 DAGs
[2025-04-26T19:33:53.883+0000] {logging_mixin.py:117} INFO - [2025-04-26T19:33:53.883+0000] {dag.py:3328} INFO - Setting next_dagrun for example_branch_dop_operator_v3 to 2025-04-26T19:32:00+00:00, run_after=2025-04-26T19:33:00+00:00
[2025-04-26T19:33:53.898+0000] {processor.py:178} INFO - Processing /home/airflow/.local/lib/python3.7/site-packages/airflow/example_dags/example_branch_python_dop_operator_3.py took 0.085 seconds
[2025-04-26T19:34:24.938+0000] {processor.py:156} INFO - Started process (PID=326) to work on /home/airflow/.local/lib/python3.7/site-packages/airflow/example_dags/example_branch_python_dop_operator_3.py
[2025-04-26T19:34:24.939+0000] {processor.py:758} INFO - Processing file /home/airflow/.local/lib/python3.7/site-packages/airflow/example_dags/example_branch_python_dop_operator_3.py for tasks to queue
[2025-04-26T19:34:24.939+0000] {logging_mixin.py:117} INFO - [2025-04-26T19:34:24.939+0000] {dagbag.py:525} INFO - Filling up the DagBag from /home/airflow/.local/lib/python3.7/site-packages/airflow/example_dags/example_branch_python_dop_operator_3.py
[2025-04-26T19:34:24.957+0000] {processor.py:768} INFO - DAG(s) dict_keys(['example_branch_dop_operator_v3']) retrieved from /home/airflow/.local/lib/python3.7/site-packages/airflow/example_dags/example_branch_python_dop_operator_3.py
[2025-04-26T19:34:24.989+0000] {logging_mixin.py:117} INFO - [2025-04-26T19:34:24.989+0000] {dag.py:2573} INFO - Sync 1 DAGs
[2025-04-26T19:34:25.010+0000] {logging_mixin.py:117} INFO - [2025-04-26T19:34:25.010+0000] {dag.py:3328} INFO - Setting next_dagrun for example_branch_dop_operator_v3 to 2025-04-26T19:33:00+00:00, run_after=2025-04-26T19:34:00+00:00
[2025-04-26T19:34:25.025+0000] {processor.py:178} INFO - Processing /home/airflow/.local/lib/python3.7/site-packages/airflow/example_dags/example_branch_python_dop_operator_3.py took 0.089 seconds
[2025-04-26T19:35:48.223+0000] {processor.py:156} INFO - Started process (PID=73) to work on /home/airflow/.local/lib/python3.7/site-packages/airflow/example_dags/example_branch_python_dop_operator_3.py
[2025-04-26T19:35:48.224+0000] {processor.py:758} INFO - Processing file /home/airflow/.local/lib/python3.7/site-packages/airflow/example_dags/example_branch_python_dop_operator_3.py for tasks to queue
[2025-04-26T19:35:48.224+0000] {logging_mixin.py:117} INFO - [2025-04-26T19:35:48.224+0000] {dagbag.py:525} INFO - Filling up the DagBag from /home/airflow/.local/lib/python3.7/site-packages/airflow/example_dags/example_branch_python_dop_operator_3.py
[2025-04-26T19:35:48.242+0000] {processor.py:768} INFO - DAG(s) dict_keys(['example_branch_dop_operator_v3']) retrieved from /home/airflow/.local/lib/python3.7/site-packages/airflow/example_dags/example_branch_python_dop_operator_3.py
[2025-04-26T19:35:48.262+0000] {logging_mixin.py:117} INFO - [2025-04-26T19:35:48.262+0000] {dag.py:2573} INFO - Sync 1 DAGs
[2025-04-26T19:35:48.287+0000] {logging_mixin.py:117} INFO - [2025-04-26T19:35:48.287+0000] {dag.py:3328} INFO - Setting next_dagrun for example_branch_dop_operator_v3 to 2025-04-26T19:34:00+00:00, run_after=2025-04-26T19:35:00+00:00
[2025-04-26T19:35:48.306+0000] {processor.py:178} INFO - Processing /home/airflow/.local/lib/python3.7/site-packages/airflow/example_dags/example_branch_python_dop_operator_3.py took 0.087 seconds
[2025-04-26T19:36:19.145+0000] {processor.py:156} INFO - Started process (PID=124) to work on /home/airflow/.local/lib/python3.7/site-packages/airflow/example_dags/example_branch_python_dop_operator_3.py
[2025-04-26T19:36:19.146+0000] {processor.py:758} INFO - Processing file /home/airflow/.local/lib/python3.7/site-packages/airflow/example_dags/example_branch_python_dop_operator_3.py for tasks to queue
[2025-04-26T19:36:19.146+0000] {logging_mixin.py:117} INFO - [2025-04-26T19:36:19.146+0000] {dagbag.py:525} INFO - Filling up the DagBag from /home/airflow/.local/lib/python3.7/site-packages/airflow/example_dags/example_branch_python_dop_operator_3.py
[2025-04-26T19:36:19.162+0000] {processor.py:768} INFO - DAG(s) dict_keys(['example_branch_dop_operator_v3']) retrieved from /home/airflow/.local/lib/python3.7/site-packages/airflow/example_dags/example_branch_python_dop_operator_3.py
[2025-04-26T19:36:19.191+0000] {logging_mixin.py:117} INFO - [2025-04-26T19:36:19.191+0000] {dag.py:2573} INFO - Sync 1 DAGs
[2025-04-26T19:36:19.211+0000] {logging_mixin.py:117} INFO - [2025-04-26T19:36:19.211+0000] {dag.py:3328} INFO - Setting next_dagrun for example_branch_dop_operator_v3 to 2025-04-26T19:35:00+00:00, run_after=2025-04-26T19:36:00+00:00
[2025-04-26T19:36:19.225+0000] {processor.py:178} INFO - Processing /home/airflow/.local/lib/python3.7/site-packages/airflow/example_dags/example_branch_python_dop_operator_3.py took 0.082 seconds
[2025-04-26T19:36:49.550+0000] {processor.py:156} INFO - Started process (PID=188) to work on /home/airflow/.local/lib/python3.7/site-packages/airflow/example_dags/example_branch_python_dop_operator_3.py
[2025-04-26T19:36:49.551+0000] {processor.py:758} INFO - Processing file /home/airflow/.local/lib/python3.7/site-packages/airflow/example_dags/example_branch_python_dop_operator_3.py for tasks to queue
[2025-04-26T19:36:49.552+0000] {logging_mixin.py:117} INFO - [2025-04-26T19:36:49.551+0000] {dagbag.py:525} INFO - Filling up the DagBag from /home/airflow/.local/lib/python3.7/site-packages/airflow/example_dags/example_branch_python_dop_operator_3.py
[2025-04-26T19:36:49.569+0000] {processor.py:768} INFO - DAG(s) dict_keys(['example_branch_dop_operator_v3']) retrieved from /home/airflow/.local/lib/python3.7/site-packages/airflow/example_dags/example_branch_python_dop_operator_3.py
[2025-04-26T19:36:49.594+0000] {logging_mixin.py:117} INFO - [2025-04-26T19:36:49.594+0000] {dag.py:2573} INFO - Sync 1 DAGs
[2025-04-26T19:36:49.612+0000] {logging_mixin.py:117} INFO - [2025-04-26T19:36:49.612+0000] {dag.py:3328} INFO - Setting next_dagrun for example_branch_dop_operator_v3 to 2025-04-26T19:35:00+00:00, run_after=2025-04-26T19:36:00+00:00
[2025-04-26T19:36:49.627+0000] {processor.py:178} INFO - Processing /home/airflow/.local/lib/python3.7/site-packages/airflow/example_dags/example_branch_python_dop_operator_3.py took 0.079 seconds
[2025-04-26T19:37:20.090+0000] {processor.py:156} INFO - Started process (PID=253) to work on /home/airflow/.local/lib/python3.7/site-packages/airflow/example_dags/example_branch_python_dop_operator_3.py
[2025-04-26T19:37:20.091+0000] {processor.py:758} INFO - Processing file /home/airflow/.local/lib/python3.7/site-packages/airflow/example_dags/example_branch_python_dop_operator_3.py for tasks to queue
[2025-04-26T19:37:20.092+0000] {logging_mixin.py:117} INFO - [2025-04-26T19:37:20.091+0000] {dagbag.py:525} INFO - Filling up the DagBag from /home/airflow/.local/lib/python3.7/site-packages/airflow/example_dags/example_branch_python_dop_operator_3.py
[2025-04-26T19:37:20.106+0000] {processor.py:768} INFO - DAG(s) dict_keys(['example_branch_dop_operator_v3']) retrieved from /home/airflow/.local/lib/python3.7/site-packages/airflow/example_dags/example_branch_python_dop_operator_3.py
[2025-04-26T19:37:20.133+0000] {logging_mixin.py:117} INFO - [2025-04-26T19:37:20.132+0000] {dag.py:2573} INFO - Sync 1 DAGs
[2025-04-26T19:37:20.151+0000] {logging_mixin.py:117} INFO - [2025-04-26T19:37:20.151+0000] {dag.py:3328} INFO - Setting next_dagrun for example_branch_dop_operator_v3 to 2025-04-26T19:36:00+00:00, run_after=2025-04-26T19:37:00+00:00
[2025-04-26T19:37:20.165+0000] {processor.py:178} INFO - Processing /home/airflow/.local/lib/python3.7/site-packages/airflow/example_dags/example_branch_python_dop_operator_3.py took 0.077 seconds
[2025-04-26T19:37:50.394+0000] {processor.py:156} INFO - Started process (PID=316) to work on /home/airflow/.local/lib/python3.7/site-packages/airflow/example_dags/example_branch_python_dop_operator_3.py
[2025-04-26T19:37:50.395+0000] {processor.py:758} INFO - Processing file /home/airflow/.local/lib/python3.7/site-packages/airflow/example_dags/example_branch_python_dop_operator_3.py for tasks to queue
[2025-04-26T19:37:50.395+0000] {logging_mixin.py:117} INFO - [2025-04-26T19:37:50.395+0000] {dagbag.py:525} INFO - Filling up the DagBag from /home/airflow/.local/lib/python3.7/site-packages/airflow/example_dags/example_branch_python_dop_operator_3.py
[2025-04-26T19:37:50.413+0000] {processor.py:768} INFO - DAG(s) dict_keys(['example_branch_dop_operator_v3']) retrieved from /home/airflow/.local/lib/python3.7/site-packages/airflow/example_dags/example_branch_python_dop_operator_3.py
[2025-04-26T19:37:50.446+0000] {logging_mixin.py:117} INFO - [2025-04-26T19:37:50.445+0000] {dag.py:2573} INFO - Sync 1 DAGs
[2025-04-26T19:37:50.466+0000] {logging_mixin.py:117} INFO - [2025-04-26T19:37:50.466+0000] {dag.py:3328} INFO - Setting next_dagrun for example_branch_dop_operator_v3 to 2025-04-26T19:36:00+00:00, run_after=2025-04-26T19:37:00+00:00
[2025-04-26T19:37:50.479+0000] {processor.py:178} INFO - Processing /home/airflow/.local/lib/python3.7/site-packages/airflow/example_dags/example_branch_python_dop_operator_3.py took 0.088 seconds
[2025-04-26T19:38:20.919+0000] {processor.py:156} INFO - Started process (PID=381) to work on /home/airflow/.local/lib/python3.7/site-packages/airflow/example_dags/example_branch_python_dop_operator_3.py
[2025-04-26T19:38:20.920+0000] {processor.py:758} INFO - Processing file /home/airflow/.local/lib/python3.7/site-packages/airflow/example_dags/example_branch_python_dop_operator_3.py for tasks to queue
[2025-04-26T19:38:20.921+0000] {logging_mixin.py:117} INFO - [2025-04-26T19:38:20.921+0000] {dagbag.py:525} INFO - Filling up the DagBag from /home/airflow/.local/lib/python3.7/site-packages/airflow/example_dags/example_branch_python_dop_operator_3.py
[2025-04-26T19:38:20.939+0000] {processor.py:768} INFO - DAG(s) dict_keys(['example_branch_dop_operator_v3']) retrieved from /home/airflow/.local/lib/python3.7/site-packages/airflow/example_dags/example_branch_python_dop_operator_3.py
[2025-04-26T19:38:20.966+0000] {logging_mixin.py:117} INFO - [2025-04-26T19:38:20.966+0000] {dag.py:2573} INFO - Sync 1 DAGs
[2025-04-26T19:38:20.987+0000] {logging_mixin.py:117} INFO - [2025-04-26T19:38:20.987+0000] {dag.py:3328} INFO - Setting next_dagrun for example_branch_dop_operator_v3 to 2025-04-26T19:37:00+00:00, run_after=2025-04-26T19:38:00+00:00
[2025-04-26T19:38:21.001+0000] {processor.py:178} INFO - Processing /home/airflow/.local/lib/python3.7/site-packages/airflow/example_dags/example_branch_python_dop_operator_3.py took 0.085 seconds
[2025-04-26T19:38:51.211+0000] {processor.py:156} INFO - Started process (PID=444) to work on /home/airflow/.local/lib/python3.7/site-packages/airflow/example_dags/example_branch_python_dop_operator_3.py
[2025-04-26T19:38:51.212+0000] {processor.py:758} INFO - Processing file /home/airflow/.local/lib/python3.7/site-packages/airflow/example_dags/example_branch_python_dop_operator_3.py for tasks to queue
[2025-04-26T19:38:51.212+0000] {logging_mixin.py:117} INFO - [2025-04-26T19:38:51.212+0000] {dagbag.py:525} INFO - Filling up the DagBag from /home/airflow/.local/lib/python3.7/site-packages/airflow/example_dags/example_branch_python_dop_operator_3.py
[2025-04-26T19:38:51.230+0000] {processor.py:768} INFO - DAG(s) dict_keys(['example_branch_dop_operator_v3']) retrieved from /home/airflow/.local/lib/python3.7/site-packages/airflow/example_dags/example_branch_python_dop_operator_3.py
[2025-04-26T19:38:51.255+0000] {logging_mixin.py:117} INFO - [2025-04-26T19:38:51.255+0000] {dag.py:2573} INFO - Sync 1 DAGs
[2025-04-26T19:38:51.274+0000] {logging_mixin.py:117} INFO - [2025-04-26T19:38:51.274+0000] {dag.py:3328} INFO - Setting next_dagrun for example_branch_dop_operator_v3 to 2025-04-26T19:37:00+00:00, run_after=2025-04-26T19:38:00+00:00
[2025-04-26T19:38:51.287+0000] {processor.py:178} INFO - Processing /home/airflow/.local/lib/python3.7/site-packages/airflow/example_dags/example_branch_python_dop_operator_3.py took 0.078 seconds
[2025-04-26T19:39:21.747+0000] {processor.py:156} INFO - Started process (PID=509) to work on /home/airflow/.local/lib/python3.7/site-packages/airflow/example_dags/example_branch_python_dop_operator_3.py
[2025-04-26T19:39:21.749+0000] {processor.py:758} INFO - Processing file /home/airflow/.local/lib/python3.7/site-packages/airflow/example_dags/example_branch_python_dop_operator_3.py for tasks to queue
[2025-04-26T19:39:21.750+0000] {logging_mixin.py:117} INFO - [2025-04-26T19:39:21.749+0000] {dagbag.py:525} INFO - Filling up the DagBag from /home/airflow/.local/lib/python3.7/site-packages/airflow/example_dags/example_branch_python_dop_operator_3.py
[2025-04-26T19:39:21.772+0000] {processor.py:768} INFO - DAG(s) dict_keys(['example_branch_dop_operator_v3']) retrieved from /home/airflow/.local/lib/python3.7/site-packages/airflow/example_dags/example_branch_python_dop_operator_3.py
[2025-04-26T19:39:21.809+0000] {logging_mixin.py:117} INFO - [2025-04-26T19:39:21.809+0000] {dag.py:2573} INFO - Sync 1 DAGs
[2025-04-26T19:39:21.833+0000] {logging_mixin.py:117} INFO - [2025-04-26T19:39:21.833+0000] {dag.py:3328} INFO - Setting next_dagrun for example_branch_dop_operator_v3 to 2025-04-26T19:38:00+00:00, run_after=2025-04-26T19:39:00+00:00
[2025-04-26T19:39:21.848+0000] {processor.py:178} INFO - Processing /home/airflow/.local/lib/python3.7/site-packages/airflow/example_dags/example_branch_python_dop_operator_3.py took 0.104 seconds
[2025-04-26T19:39:52.469+0000] {processor.py:156} INFO - Started process (PID=575) to work on /home/airflow/.local/lib/python3.7/site-packages/airflow/example_dags/example_branch_python_dop_operator_3.py
[2025-04-26T19:39:52.470+0000] {processor.py:758} INFO - Processing file /home/airflow/.local/lib/python3.7/site-packages/airflow/example_dags/example_branch_python_dop_operator_3.py for tasks to queue
[2025-04-26T19:39:52.471+0000] {logging_mixin.py:117} INFO - [2025-04-26T19:39:52.471+0000] {dagbag.py:525} INFO - Filling up the DagBag from /home/airflow/.local/lib/python3.7/site-packages/airflow/example_dags/example_branch_python_dop_operator_3.py
[2025-04-26T19:39:52.487+0000] {processor.py:768} INFO - DAG(s) dict_keys(['example_branch_dop_operator_v3']) retrieved from /home/airflow/.local/lib/python3.7/site-packages/airflow/example_dags/example_branch_python_dop_operator_3.py
[2025-04-26T19:39:52.516+0000] {logging_mixin.py:117} INFO - [2025-04-26T19:39:52.515+0000] {dag.py:2573} INFO - Sync 1 DAGs
[2025-04-26T19:39:52.535+0000] {logging_mixin.py:117} INFO - [2025-04-26T19:39:52.534+0000] {dag.py:3328} INFO - Setting next_dagrun for example_branch_dop_operator_v3 to 2025-04-26T19:38:00+00:00, run_after=2025-04-26T19:39:00+00:00
[2025-04-26T19:39:52.552+0000] {processor.py:178} INFO - Processing /home/airflow/.local/lib/python3.7/site-packages/airflow/example_dags/example_branch_python_dop_operator_3.py took 0.085 seconds
[2025-04-26T19:40:22.903+0000] {processor.py:156} INFO - Started process (PID=629) to work on /home/airflow/.local/lib/python3.7/site-packages/airflow/example_dags/example_branch_python_dop_operator_3.py
[2025-04-26T19:40:22.904+0000] {processor.py:758} INFO - Processing file /home/airflow/.local/lib/python3.7/site-packages/airflow/example_dags/example_branch_python_dop_operator_3.py for tasks to queue
[2025-04-26T19:40:22.905+0000] {logging_mixin.py:117} INFO - [2025-04-26T19:40:22.905+0000] {dagbag.py:525} INFO - Filling up the DagBag from /home/airflow/.local/lib/python3.7/site-packages/airflow/example_dags/example_branch_python_dop_operator_3.py
[2025-04-26T19:40:22.921+0000] {processor.py:768} INFO - DAG(s) dict_keys(['example_branch_dop_operator_v3']) retrieved from /home/airflow/.local/lib/python3.7/site-packages/airflow/example_dags/example_branch_python_dop_operator_3.py
[2025-04-26T19:40:22.951+0000] {logging_mixin.py:117} INFO - [2025-04-26T19:40:22.951+0000] {dag.py:2573} INFO - Sync 1 DAGs
[2025-04-26T19:40:22.970+0000] {logging_mixin.py:117} INFO - [2025-04-26T19:40:22.970+0000] {dag.py:3328} INFO - Setting next_dagrun for example_branch_dop_operator_v3 to 2025-04-26T19:39:00+00:00, run_after=2025-04-26T19:40:00+00:00
[2025-04-26T19:40:22.985+0000] {processor.py:178} INFO - Processing /home/airflow/.local/lib/python3.7/site-packages/airflow/example_dags/example_branch_python_dop_operator_3.py took 0.084 seconds
[2025-04-26T19:40:53.671+0000] {processor.py:156} INFO - Started process (PID=696) to work on /home/airflow/.local/lib/python3.7/site-packages/airflow/example_dags/example_branch_python_dop_operator_3.py
[2025-04-26T19:40:53.673+0000] {processor.py:758} INFO - Processing file /home/airflow/.local/lib/python3.7/site-packages/airflow/example_dags/example_branch_python_dop_operator_3.py for tasks to queue
[2025-04-26T19:40:53.673+0000] {logging_mixin.py:117} INFO - [2025-04-26T19:40:53.673+0000] {dagbag.py:525} INFO - Filling up the DagBag from /home/airflow/.local/lib/python3.7/site-packages/airflow/example_dags/example_branch_python_dop_operator_3.py
[2025-04-26T19:40:53.690+0000] {processor.py:768} INFO - DAG(s) dict_keys(['example_branch_dop_operator_v3']) retrieved from /home/airflow/.local/lib/python3.7/site-packages/airflow/example_dags/example_branch_python_dop_operator_3.py
[2025-04-26T19:40:53.722+0000] {logging_mixin.py:117} INFO - [2025-04-26T19:40:53.721+0000] {dag.py:2573} INFO - Sync 1 DAGs
[2025-04-26T19:40:53.743+0000] {logging_mixin.py:117} INFO - [2025-04-26T19:40:53.742+0000] {dag.py:3328} INFO - Setting next_dagrun for example_branch_dop_operator_v3 to 2025-04-26T19:39:00+00:00, run_after=2025-04-26T19:40:00+00:00
[2025-04-26T19:40:53.758+0000] {processor.py:178} INFO - Processing /home/airflow/.local/lib/python3.7/site-packages/airflow/example_dags/example_branch_python_dop_operator_3.py took 0.090 seconds
