[2025-04-26T19:32:18.600+0000] {processor.py:156} INFO - Started process (PID=60) to work on /home/airflow/.local/lib/python3.7/site-packages/airflow/example_dags/example_branch_datetime_operator.py
[2025-04-26T19:32:18.600+0000] {processor.py:758} INFO - Processing file /home/airflow/.local/lib/python3.7/site-packages/airflow/example_dags/example_branch_datetime_operator.py for tasks to queue
[2025-04-26T19:32:18.601+0000] {logging_mixin.py:117} INFO - [2025-04-26T19:32:18.601+0000] {dagbag.py:525} INFO - Filling up the DagBag from /home/airflow/.local/lib/python3.7/site-packages/airflow/example_dags/example_branch_datetime_operator.py
[2025-04-26T19:32:18.636+0000] {processor.py:768} INFO - DAG(s) dict_keys(['example_branch_datetime_operator', 'example_branch_datetime_operator_3', 'example_branch_datetime_operator_2']) retrieved from /home/airflow/.local/lib/python3.7/site-packages/airflow/example_dags/example_branch_datetime_operator.py
[2025-04-26T19:32:18.706+0000] {logging_mixin.py:117} INFO - [2025-04-26T19:32:18.706+0000] {dag.py:2573} INFO - Sync 3 DAGs
[2025-04-26T19:32:18.840+0000] {logging_mixin.py:117} INFO - [2025-04-26T19:32:18.840+0000] {dag.py:3328} INFO - Setting next_dagrun for example_branch_datetime_operator to 2025-04-25T00:00:00+00:00, run_after=2025-04-26T00:00:00+00:00
[2025-04-26T19:32:18.845+0000] {logging_mixin.py:117} INFO - [2025-04-26T19:32:18.845+0000] {dag.py:3328} INFO - Setting next_dagrun for example_branch_datetime_operator_2 to 2025-04-25T00:00:00+00:00, run_after=2025-04-26T00:00:00+00:00
[2025-04-26T19:32:18.847+0000] {logging_mixin.py:117} INFO - [2025-04-26T19:32:18.847+0000] {dag.py:3328} INFO - Setting next_dagrun for example_branch_datetime_operator_3 to 2025-04-25T00:00:00+00:00, run_after=2025-04-26T00:00:00+00:00
[2025-04-26T19:32:19.250+0000] {processor.py:178} INFO - Processing /home/airflow/.local/lib/python3.7/site-packages/airflow/example_dags/example_branch_datetime_operator.py took 0.654 seconds
[2025-04-26T19:32:49.707+0000] {processor.py:156} INFO - Started process (PID=123) to work on /home/airflow/.local/lib/python3.7/site-packages/airflow/example_dags/example_branch_datetime_operator.py
[2025-04-26T19:32:49.712+0000] {processor.py:758} INFO - Processing file /home/airflow/.local/lib/python3.7/site-packages/airflow/example_dags/example_branch_datetime_operator.py for tasks to queue
[2025-04-26T19:32:49.712+0000] {logging_mixin.py:117} INFO - [2025-04-26T19:32:49.712+0000] {dagbag.py:525} INFO - Filling up the DagBag from /home/airflow/.local/lib/python3.7/site-packages/airflow/example_dags/example_branch_datetime_operator.py
[2025-04-26T19:32:49.726+0000] {processor.py:768} INFO - DAG(s) dict_keys(['example_branch_datetime_operator_3', 'example_branch_datetime_operator_2', 'example_branch_datetime_operator']) retrieved from /home/airflow/.local/lib/python3.7/site-packages/airflow/example_dags/example_branch_datetime_operator.py
[2025-04-26T19:32:49.759+0000] {logging_mixin.py:117} INFO - [2025-04-26T19:32:49.759+0000] {dag.py:2573} INFO - Sync 3 DAGs
[2025-04-26T19:32:49.778+0000] {logging_mixin.py:117} INFO - [2025-04-26T19:32:49.778+0000] {dag.py:3328} INFO - Setting next_dagrun for example_branch_datetime_operator to 2025-04-25T00:00:00+00:00, run_after=2025-04-26T00:00:00+00:00
[2025-04-26T19:32:49.781+0000] {logging_mixin.py:117} INFO - [2025-04-26T19:32:49.781+0000] {dag.py:3328} INFO - Setting next_dagrun for example_branch_datetime_operator_2 to 2025-04-25T00:00:00+00:00, run_after=2025-04-26T00:00:00+00:00
[2025-04-26T19:32:49.782+0000] {logging_mixin.py:117} INFO - [2025-04-26T19:32:49.782+0000] {dag.py:3328} INFO - Setting next_dagrun for example_branch_datetime_operator_3 to 2025-04-25T00:00:00+00:00, run_after=2025-04-26T00:00:00+00:00
[2025-04-26T19:32:49.810+0000] {processor.py:178} INFO - Processing /home/airflow/.local/lib/python3.7/site-packages/airflow/example_dags/example_branch_datetime_operator.py took 0.105 seconds
[2025-04-26T19:33:20.310+0000] {processor.py:156} INFO - Started process (PID=187) to work on /home/airflow/.local/lib/python3.7/site-packages/airflow/example_dags/example_branch_datetime_operator.py
[2025-04-26T19:33:20.311+0000] {processor.py:758} INFO - Processing file /home/airflow/.local/lib/python3.7/site-packages/airflow/example_dags/example_branch_datetime_operator.py for tasks to queue
[2025-04-26T19:33:20.311+0000] {logging_mixin.py:117} INFO - [2025-04-26T19:33:20.311+0000] {dagbag.py:525} INFO - Filling up the DagBag from /home/airflow/.local/lib/python3.7/site-packages/airflow/example_dags/example_branch_datetime_operator.py
[2025-04-26T19:33:20.325+0000] {processor.py:768} INFO - DAG(s) dict_keys(['example_branch_datetime_operator', 'example_branch_datetime_operator_2', 'example_branch_datetime_operator_3']) retrieved from /home/airflow/.local/lib/python3.7/site-packages/airflow/example_dags/example_branch_datetime_operator.py
[2025-04-26T19:33:20.361+0000] {logging_mixin.py:117} INFO - [2025-04-26T19:33:20.361+0000] {dag.py:2573} INFO - Sync 3 DAGs
[2025-04-26T19:33:20.380+0000] {logging_mixin.py:117} INFO - [2025-04-26T19:33:20.380+0000] {dag.py:3328} INFO - Setting next_dagrun for example_branch_datetime_operator to 2025-04-25T00:00:00+00:00, run_after=2025-04-26T00:00:00+00:00
[2025-04-26T19:33:20.384+0000] {logging_mixin.py:117} INFO - [2025-04-26T19:33:20.384+0000] {dag.py:3328} INFO - Setting next_dagrun for example_branch_datetime_operator_2 to 2025-04-25T00:00:00+00:00, run_after=2025-04-26T00:00:00+00:00
[2025-04-26T19:33:20.386+0000] {logging_mixin.py:117} INFO - [2025-04-26T19:33:20.386+0000] {dag.py:3328} INFO - Setting next_dagrun for example_branch_datetime_operator_3 to 2025-04-25T00:00:00+00:00, run_after=2025-04-26T00:00:00+00:00
[2025-04-26T19:33:20.411+0000] {processor.py:178} INFO - Processing /home/airflow/.local/lib/python3.7/site-packages/airflow/example_dags/example_branch_datetime_operator.py took 0.104 seconds
[2025-04-26T19:33:51.048+0000] {processor.py:156} INFO - Started process (PID=250) to work on /home/airflow/.local/lib/python3.7/site-packages/airflow/example_dags/example_branch_datetime_operator.py
[2025-04-26T19:33:51.049+0000] {processor.py:758} INFO - Processing file /home/airflow/.local/lib/python3.7/site-packages/airflow/example_dags/example_branch_datetime_operator.py for tasks to queue
[2025-04-26T19:33:51.049+0000] {logging_mixin.py:117} INFO - [2025-04-26T19:33:51.049+0000] {dagbag.py:525} INFO - Filling up the DagBag from /home/airflow/.local/lib/python3.7/site-packages/airflow/example_dags/example_branch_datetime_operator.py
[2025-04-26T19:33:51.061+0000] {processor.py:768} INFO - DAG(s) dict_keys(['example_branch_datetime_operator_3', 'example_branch_datetime_operator_2', 'example_branch_datetime_operator']) retrieved from /home/airflow/.local/lib/python3.7/site-packages/airflow/example_dags/example_branch_datetime_operator.py
[2025-04-26T19:33:51.096+0000] {logging_mixin.py:117} INFO - [2025-04-26T19:33:51.096+0000] {dag.py:2573} INFO - Sync 3 DAGs
[2025-04-26T19:33:51.115+0000] {logging_mixin.py:117} INFO - [2025-04-26T19:33:51.115+0000] {dag.py:3328} INFO - Setting next_dagrun for example_branch_datetime_operator to 2025-04-25T00:00:00+00:00, run_after=2025-04-26T00:00:00+00:00
[2025-04-26T19:33:51.119+0000] {logging_mixin.py:117} INFO - [2025-04-26T19:33:51.118+0000] {dag.py:3328} INFO - Setting next_dagrun for example_branch_datetime_operator_2 to 2025-04-25T00:00:00+00:00, run_after=2025-04-26T00:00:00+00:00
[2025-04-26T19:33:51.120+0000] {logging_mixin.py:117} INFO - [2025-04-26T19:33:51.120+0000] {dag.py:3328} INFO - Setting next_dagrun for example_branch_datetime_operator_3 to 2025-04-25T00:00:00+00:00, run_after=2025-04-26T00:00:00+00:00
[2025-04-26T19:33:51.135+0000] {processor.py:178} INFO - Processing /home/airflow/.local/lib/python3.7/site-packages/airflow/example_dags/example_branch_datetime_operator.py took 0.090 seconds
[2025-04-26T19:34:21.815+0000] {processor.py:156} INFO - Started process (PID=313) to work on /home/airflow/.local/lib/python3.7/site-packages/airflow/example_dags/example_branch_datetime_operator.py
[2025-04-26T19:34:21.816+0000] {processor.py:758} INFO - Processing file /home/airflow/.local/lib/python3.7/site-packages/airflow/example_dags/example_branch_datetime_operator.py for tasks to queue
[2025-04-26T19:34:21.817+0000] {logging_mixin.py:117} INFO - [2025-04-26T19:34:21.816+0000] {dagbag.py:525} INFO - Filling up the DagBag from /home/airflow/.local/lib/python3.7/site-packages/airflow/example_dags/example_branch_datetime_operator.py
[2025-04-26T19:34:21.835+0000] {processor.py:768} INFO - DAG(s) dict_keys(['example_branch_datetime_operator_2', 'example_branch_datetime_operator', 'example_branch_datetime_operator_3']) retrieved from /home/airflow/.local/lib/python3.7/site-packages/airflow/example_dags/example_branch_datetime_operator.py
[2025-04-26T19:34:21.886+0000] {logging_mixin.py:117} INFO - [2025-04-26T19:34:21.886+0000] {dag.py:2573} INFO - Sync 3 DAGs
[2025-04-26T19:34:21.916+0000] {logging_mixin.py:117} INFO - [2025-04-26T19:34:21.916+0000] {dag.py:3328} INFO - Setting next_dagrun for example_branch_datetime_operator to 2025-04-25T00:00:00+00:00, run_after=2025-04-26T00:00:00+00:00
[2025-04-26T19:34:21.920+0000] {logging_mixin.py:117} INFO - [2025-04-26T19:34:21.920+0000] {dag.py:3328} INFO - Setting next_dagrun for example_branch_datetime_operator_2 to 2025-04-25T00:00:00+00:00, run_after=2025-04-26T00:00:00+00:00
[2025-04-26T19:34:21.923+0000] {logging_mixin.py:117} INFO - [2025-04-26T19:34:21.923+0000] {dag.py:3328} INFO - Setting next_dagrun for example_branch_datetime_operator_3 to 2025-04-25T00:00:00+00:00, run_after=2025-04-26T00:00:00+00:00
[2025-04-26T19:34:21.945+0000] {processor.py:178} INFO - Processing /home/airflow/.local/lib/python3.7/site-packages/airflow/example_dags/example_branch_datetime_operator.py took 0.134 seconds
[2025-04-26T19:35:48.607+0000] {processor.py:156} INFO - Started process (PID=60) to work on /home/airflow/.local/lib/python3.7/site-packages/airflow/example_dags/example_branch_datetime_operator.py
[2025-04-26T19:35:48.607+0000] {processor.py:758} INFO - Processing file /home/airflow/.local/lib/python3.7/site-packages/airflow/example_dags/example_branch_datetime_operator.py for tasks to queue
[2025-04-26T19:35:48.608+0000] {logging_mixin.py:117} INFO - [2025-04-26T19:35:48.608+0000] {dagbag.py:525} INFO - Filling up the DagBag from /home/airflow/.local/lib/python3.7/site-packages/airflow/example_dags/example_branch_datetime_operator.py
[2025-04-26T19:35:48.622+0000] {processor.py:768} INFO - DAG(s) dict_keys(['example_branch_datetime_operator_2', 'example_branch_datetime_operator', 'example_branch_datetime_operator_3']) retrieved from /home/airflow/.local/lib/python3.7/site-packages/airflow/example_dags/example_branch_datetime_operator.py
[2025-04-26T19:35:48.642+0000] {logging_mixin.py:117} INFO - [2025-04-26T19:35:48.642+0000] {dag.py:2573} INFO - Sync 3 DAGs
[2025-04-26T19:35:48.664+0000] {logging_mixin.py:117} INFO - [2025-04-26T19:35:48.664+0000] {dag.py:3328} INFO - Setting next_dagrun for example_branch_datetime_operator to 2025-04-25T00:00:00+00:00, run_after=2025-04-26T00:00:00+00:00
[2025-04-26T19:35:48.667+0000] {logging_mixin.py:117} INFO - [2025-04-26T19:35:48.667+0000] {dag.py:3328} INFO - Setting next_dagrun for example_branch_datetime_operator_2 to 2025-04-25T00:00:00+00:00, run_after=2025-04-26T00:00:00+00:00
[2025-04-26T19:35:48.669+0000] {logging_mixin.py:117} INFO - [2025-04-26T19:35:48.669+0000] {dag.py:3328} INFO - Setting next_dagrun for example_branch_datetime_operator_3 to 2025-04-25T00:00:00+00:00, run_after=2025-04-26T00:00:00+00:00
[2025-04-26T19:35:48.682+0000] {processor.py:178} INFO - Processing /home/airflow/.local/lib/python3.7/site-packages/airflow/example_dags/example_branch_datetime_operator.py took 0.078 seconds
[2025-04-26T19:36:19.613+0000] {processor.py:156} INFO - Started process (PID=131) to work on /home/airflow/.local/lib/python3.7/site-packages/airflow/example_dags/example_branch_datetime_operator.py
[2025-04-26T19:36:19.614+0000] {processor.py:758} INFO - Processing file /home/airflow/.local/lib/python3.7/site-packages/airflow/example_dags/example_branch_datetime_operator.py for tasks to queue
[2025-04-26T19:36:19.615+0000] {logging_mixin.py:117} INFO - [2025-04-26T19:36:19.615+0000] {dagbag.py:525} INFO - Filling up the DagBag from /home/airflow/.local/lib/python3.7/site-packages/airflow/example_dags/example_branch_datetime_operator.py
[2025-04-26T19:36:19.628+0000] {processor.py:768} INFO - DAG(s) dict_keys(['example_branch_datetime_operator', 'example_branch_datetime_operator_2', 'example_branch_datetime_operator_3']) retrieved from /home/airflow/.local/lib/python3.7/site-packages/airflow/example_dags/example_branch_datetime_operator.py
[2025-04-26T19:36:19.660+0000] {logging_mixin.py:117} INFO - [2025-04-26T19:36:19.660+0000] {dag.py:2573} INFO - Sync 3 DAGs
[2025-04-26T19:36:19.677+0000] {logging_mixin.py:117} INFO - [2025-04-26T19:36:19.677+0000] {dag.py:3328} INFO - Setting next_dagrun for example_branch_datetime_operator to 2025-04-25T00:00:00+00:00, run_after=2025-04-26T00:00:00+00:00
[2025-04-26T19:36:19.680+0000] {logging_mixin.py:117} INFO - [2025-04-26T19:36:19.680+0000] {dag.py:3328} INFO - Setting next_dagrun for example_branch_datetime_operator_2 to 2025-04-25T00:00:00+00:00, run_after=2025-04-26T00:00:00+00:00
[2025-04-26T19:36:19.682+0000] {logging_mixin.py:117} INFO - [2025-04-26T19:36:19.682+0000] {dag.py:3328} INFO - Setting next_dagrun for example_branch_datetime_operator_3 to 2025-04-25T00:00:00+00:00, run_after=2025-04-26T00:00:00+00:00
[2025-04-26T19:36:19.695+0000] {processor.py:178} INFO - Processing /home/airflow/.local/lib/python3.7/site-packages/airflow/example_dags/example_branch_datetime_operator.py took 0.083 seconds
[2025-04-26T19:36:49.728+0000] {processor.py:156} INFO - Started process (PID=192) to work on /home/airflow/.local/lib/python3.7/site-packages/airflow/example_dags/example_branch_datetime_operator.py
[2025-04-26T19:36:49.729+0000] {processor.py:758} INFO - Processing file /home/airflow/.local/lib/python3.7/site-packages/airflow/example_dags/example_branch_datetime_operator.py for tasks to queue
[2025-04-26T19:36:49.729+0000] {logging_mixin.py:117} INFO - [2025-04-26T19:36:49.729+0000] {dagbag.py:525} INFO - Filling up the DagBag from /home/airflow/.local/lib/python3.7/site-packages/airflow/example_dags/example_branch_datetime_operator.py
[2025-04-26T19:36:49.741+0000] {processor.py:768} INFO - DAG(s) dict_keys(['example_branch_datetime_operator', 'example_branch_datetime_operator_2', 'example_branch_datetime_operator_3']) retrieved from /home/airflow/.local/lib/python3.7/site-packages/airflow/example_dags/example_branch_datetime_operator.py
[2025-04-26T19:36:49.773+0000] {logging_mixin.py:117} INFO - [2025-04-26T19:36:49.773+0000] {dag.py:2573} INFO - Sync 3 DAGs
[2025-04-26T19:36:49.789+0000] {logging_mixin.py:117} INFO - [2025-04-26T19:36:49.788+0000] {dag.py:3328} INFO - Setting next_dagrun for example_branch_datetime_operator to 2025-04-25T00:00:00+00:00, run_after=2025-04-26T00:00:00+00:00
[2025-04-26T19:36:49.791+0000] {logging_mixin.py:117} INFO - [2025-04-26T19:36:49.791+0000] {dag.py:3328} INFO - Setting next_dagrun for example_branch_datetime_operator_2 to 2025-04-25T00:00:00+00:00, run_after=2025-04-26T00:00:00+00:00
[2025-04-26T19:36:49.793+0000] {logging_mixin.py:117} INFO - [2025-04-26T19:36:49.793+0000] {dag.py:3328} INFO - Setting next_dagrun for example_branch_datetime_operator_3 to 2025-04-25T00:00:00+00:00, run_after=2025-04-26T00:00:00+00:00
[2025-04-26T19:36:49.808+0000] {processor.py:178} INFO - Processing /home/airflow/.local/lib/python3.7/site-packages/airflow/example_dags/example_branch_datetime_operator.py took 0.082 seconds
[2025-04-26T19:37:20.087+0000] {processor.py:156} INFO - Started process (PID=252) to work on /home/airflow/.local/lib/python3.7/site-packages/airflow/example_dags/example_branch_datetime_operator.py
[2025-04-26T19:37:20.088+0000] {processor.py:758} INFO - Processing file /home/airflow/.local/lib/python3.7/site-packages/airflow/example_dags/example_branch_datetime_operator.py for tasks to queue
[2025-04-26T19:37:20.088+0000] {logging_mixin.py:117} INFO - [2025-04-26T19:37:20.088+0000] {dagbag.py:525} INFO - Filling up the DagBag from /home/airflow/.local/lib/python3.7/site-packages/airflow/example_dags/example_branch_datetime_operator.py
[2025-04-26T19:37:20.103+0000] {processor.py:768} INFO - DAG(s) dict_keys(['example_branch_datetime_operator_3', 'example_branch_datetime_operator_2', 'example_branch_datetime_operator']) retrieved from /home/airflow/.local/lib/python3.7/site-packages/airflow/example_dags/example_branch_datetime_operator.py
[2025-04-26T19:37:20.137+0000] {logging_mixin.py:117} INFO - [2025-04-26T19:37:20.137+0000] {dag.py:2573} INFO - Sync 3 DAGs
[2025-04-26T19:37:20.155+0000] {logging_mixin.py:117} INFO - [2025-04-26T19:37:20.154+0000] {dag.py:3328} INFO - Setting next_dagrun for example_branch_datetime_operator to 2025-04-25T00:00:00+00:00, run_after=2025-04-26T00:00:00+00:00
[2025-04-26T19:37:20.157+0000] {logging_mixin.py:117} INFO - [2025-04-26T19:37:20.157+0000] {dag.py:3328} INFO - Setting next_dagrun for example_branch_datetime_operator_2 to 2025-04-25T00:00:00+00:00, run_after=2025-04-26T00:00:00+00:00
[2025-04-26T19:37:20.159+0000] {logging_mixin.py:117} INFO - [2025-04-26T19:37:20.159+0000] {dag.py:3328} INFO - Setting next_dagrun for example_branch_datetime_operator_3 to 2025-04-25T00:00:00+00:00, run_after=2025-04-26T00:00:00+00:00
[2025-04-26T19:37:20.171+0000] {processor.py:178} INFO - Processing /home/airflow/.local/lib/python3.7/site-packages/airflow/example_dags/example_branch_datetime_operator.py took 0.087 seconds
[2025-04-26T19:37:50.288+0000] {processor.py:156} INFO - Started process (PID=314) to work on /home/airflow/.local/lib/python3.7/site-packages/airflow/example_dags/example_branch_datetime_operator.py
[2025-04-26T19:37:50.289+0000] {processor.py:758} INFO - Processing file /home/airflow/.local/lib/python3.7/site-packages/airflow/example_dags/example_branch_datetime_operator.py for tasks to queue
[2025-04-26T19:37:50.289+0000] {logging_mixin.py:117} INFO - [2025-04-26T19:37:50.289+0000] {dagbag.py:525} INFO - Filling up the DagBag from /home/airflow/.local/lib/python3.7/site-packages/airflow/example_dags/example_branch_datetime_operator.py
[2025-04-26T19:37:50.303+0000] {processor.py:768} INFO - DAG(s) dict_keys(['example_branch_datetime_operator_3', 'example_branch_datetime_operator', 'example_branch_datetime_operator_2']) retrieved from /home/airflow/.local/lib/python3.7/site-packages/airflow/example_dags/example_branch_datetime_operator.py
[2025-04-26T19:37:50.340+0000] {logging_mixin.py:117} INFO - [2025-04-26T19:37:50.339+0000] {dag.py:2573} INFO - Sync 3 DAGs
[2025-04-26T19:37:50.357+0000] {logging_mixin.py:117} INFO - [2025-04-26T19:37:50.357+0000] {dag.py:3328} INFO - Setting next_dagrun for example_branch_datetime_operator to 2025-04-25T00:00:00+00:00, run_after=2025-04-26T00:00:00+00:00
[2025-04-26T19:37:50.360+0000] {logging_mixin.py:117} INFO - [2025-04-26T19:37:50.360+0000] {dag.py:3328} INFO - Setting next_dagrun for example_branch_datetime_operator_2 to 2025-04-25T00:00:00+00:00, run_after=2025-04-26T00:00:00+00:00
[2025-04-26T19:37:50.362+0000] {logging_mixin.py:117} INFO - [2025-04-26T19:37:50.362+0000] {dag.py:3328} INFO - Setting next_dagrun for example_branch_datetime_operator_3 to 2025-04-25T00:00:00+00:00, run_after=2025-04-26T00:00:00+00:00
[2025-04-26T19:37:50.378+0000] {processor.py:178} INFO - Processing /home/airflow/.local/lib/python3.7/site-packages/airflow/example_dags/example_branch_datetime_operator.py took 0.092 seconds
[2025-04-26T19:38:20.737+0000] {processor.py:156} INFO - Started process (PID=377) to work on /home/airflow/.local/lib/python3.7/site-packages/airflow/example_dags/example_branch_datetime_operator.py
[2025-04-26T19:38:20.738+0000] {processor.py:758} INFO - Processing file /home/airflow/.local/lib/python3.7/site-packages/airflow/example_dags/example_branch_datetime_operator.py for tasks to queue
[2025-04-26T19:38:20.738+0000] {logging_mixin.py:117} INFO - [2025-04-26T19:38:20.738+0000] {dagbag.py:525} INFO - Filling up the DagBag from /home/airflow/.local/lib/python3.7/site-packages/airflow/example_dags/example_branch_datetime_operator.py
[2025-04-26T19:38:20.751+0000] {processor.py:768} INFO - DAG(s) dict_keys(['example_branch_datetime_operator', 'example_branch_datetime_operator_3', 'example_branch_datetime_operator_2']) retrieved from /home/airflow/.local/lib/python3.7/site-packages/airflow/example_dags/example_branch_datetime_operator.py
[2025-04-26T19:38:20.784+0000] {logging_mixin.py:117} INFO - [2025-04-26T19:38:20.784+0000] {dag.py:2573} INFO - Sync 3 DAGs
[2025-04-26T19:38:20.802+0000] {logging_mixin.py:117} INFO - [2025-04-26T19:38:20.801+0000] {dag.py:3328} INFO - Setting next_dagrun for example_branch_datetime_operator to 2025-04-25T00:00:00+00:00, run_after=2025-04-26T00:00:00+00:00
[2025-04-26T19:38:20.804+0000] {logging_mixin.py:117} INFO - [2025-04-26T19:38:20.804+0000] {dag.py:3328} INFO - Setting next_dagrun for example_branch_datetime_operator_2 to 2025-04-25T00:00:00+00:00, run_after=2025-04-26T00:00:00+00:00
[2025-04-26T19:38:20.806+0000] {logging_mixin.py:117} INFO - [2025-04-26T19:38:20.806+0000] {dag.py:3328} INFO - Setting next_dagrun for example_branch_datetime_operator_3 to 2025-04-25T00:00:00+00:00, run_after=2025-04-26T00:00:00+00:00
[2025-04-26T19:38:20.820+0000] {processor.py:178} INFO - Processing /home/airflow/.local/lib/python3.7/site-packages/airflow/example_dags/example_branch_datetime_operator.py took 0.085 seconds
[2025-04-26T19:38:51.023+0000] {processor.py:156} INFO - Started process (PID=440) to work on /home/airflow/.local/lib/python3.7/site-packages/airflow/example_dags/example_branch_datetime_operator.py
[2025-04-26T19:38:51.024+0000] {processor.py:758} INFO - Processing file /home/airflow/.local/lib/python3.7/site-packages/airflow/example_dags/example_branch_datetime_operator.py for tasks to queue
[2025-04-26T19:38:51.024+0000] {logging_mixin.py:117} INFO - [2025-04-26T19:38:51.024+0000] {dagbag.py:525} INFO - Filling up the DagBag from /home/airflow/.local/lib/python3.7/site-packages/airflow/example_dags/example_branch_datetime_operator.py
[2025-04-26T19:38:51.036+0000] {processor.py:768} INFO - DAG(s) dict_keys(['example_branch_datetime_operator', 'example_branch_datetime_operator_3', 'example_branch_datetime_operator_2']) retrieved from /home/airflow/.local/lib/python3.7/site-packages/airflow/example_dags/example_branch_datetime_operator.py
[2025-04-26T19:38:51.068+0000] {logging_mixin.py:117} INFO - [2025-04-26T19:38:51.068+0000] {dag.py:2573} INFO - Sync 3 DAGs
[2025-04-26T19:38:51.084+0000] {logging_mixin.py:117} INFO - [2025-04-26T19:38:51.084+0000] {dag.py:3328} INFO - Setting next_dagrun for example_branch_datetime_operator to 2025-04-25T00:00:00+00:00, run_after=2025-04-26T00:00:00+00:00
[2025-04-26T19:38:51.087+0000] {logging_mixin.py:117} INFO - [2025-04-26T19:38:51.087+0000] {dag.py:3328} INFO - Setting next_dagrun for example_branch_datetime_operator_2 to 2025-04-25T00:00:00+00:00, run_after=2025-04-26T00:00:00+00:00
[2025-04-26T19:38:51.090+0000] {logging_mixin.py:117} INFO - [2025-04-26T19:38:51.090+0000] {dag.py:3328} INFO - Setting next_dagrun for example_branch_datetime_operator_3 to 2025-04-25T00:00:00+00:00, run_after=2025-04-26T00:00:00+00:00
[2025-04-26T19:38:51.105+0000] {processor.py:178} INFO - Processing /home/airflow/.local/lib/python3.7/site-packages/airflow/example_dags/example_branch_datetime_operator.py took 0.084 seconds
[2025-04-26T19:39:21.293+0000] {processor.py:156} INFO - Started process (PID=503) to work on /home/airflow/.local/lib/python3.7/site-packages/airflow/example_dags/example_branch_datetime_operator.py
[2025-04-26T19:39:21.295+0000] {processor.py:758} INFO - Processing file /home/airflow/.local/lib/python3.7/site-packages/airflow/example_dags/example_branch_datetime_operator.py for tasks to queue
[2025-04-26T19:39:21.295+0000] {logging_mixin.py:117} INFO - [2025-04-26T19:39:21.295+0000] {dagbag.py:525} INFO - Filling up the DagBag from /home/airflow/.local/lib/python3.7/site-packages/airflow/example_dags/example_branch_datetime_operator.py
[2025-04-26T19:39:21.309+0000] {processor.py:768} INFO - DAG(s) dict_keys(['example_branch_datetime_operator_3', 'example_branch_datetime_operator', 'example_branch_datetime_operator_2']) retrieved from /home/airflow/.local/lib/python3.7/site-packages/airflow/example_dags/example_branch_datetime_operator.py
[2025-04-26T19:39:21.345+0000] {logging_mixin.py:117} INFO - [2025-04-26T19:39:21.344+0000] {dag.py:2573} INFO - Sync 3 DAGs
[2025-04-26T19:39:21.364+0000] {logging_mixin.py:117} INFO - [2025-04-26T19:39:21.364+0000] {dag.py:3328} INFO - Setting next_dagrun for example_branch_datetime_operator to 2025-04-25T00:00:00+00:00, run_after=2025-04-26T00:00:00+00:00
[2025-04-26T19:39:21.367+0000] {logging_mixin.py:117} INFO - [2025-04-26T19:39:21.367+0000] {dag.py:3328} INFO - Setting next_dagrun for example_branch_datetime_operator_2 to 2025-04-25T00:00:00+00:00, run_after=2025-04-26T00:00:00+00:00
[2025-04-26T19:39:21.369+0000] {logging_mixin.py:117} INFO - [2025-04-26T19:39:21.369+0000] {dag.py:3328} INFO - Setting next_dagrun for example_branch_datetime_operator_3 to 2025-04-25T00:00:00+00:00, run_after=2025-04-26T00:00:00+00:00
[2025-04-26T19:39:21.383+0000] {processor.py:178} INFO - Processing /home/airflow/.local/lib/python3.7/site-packages/airflow/example_dags/example_branch_datetime_operator.py took 0.093 seconds
[2025-04-26T19:39:51.865+0000] {processor.py:156} INFO - Started process (PID=564) to work on /home/airflow/.local/lib/python3.7/site-packages/airflow/example_dags/example_branch_datetime_operator.py
[2025-04-26T19:39:51.867+0000] {processor.py:758} INFO - Processing file /home/airflow/.local/lib/python3.7/site-packages/airflow/example_dags/example_branch_datetime_operator.py for tasks to queue
[2025-04-26T19:39:51.867+0000] {logging_mixin.py:117} INFO - [2025-04-26T19:39:51.867+0000] {dagbag.py:525} INFO - Filling up the DagBag from /home/airflow/.local/lib/python3.7/site-packages/airflow/example_dags/example_branch_datetime_operator.py
[2025-04-26T19:39:51.881+0000] {processor.py:768} INFO - DAG(s) dict_keys(['example_branch_datetime_operator_3', 'example_branch_datetime_operator_2', 'example_branch_datetime_operator']) retrieved from /home/airflow/.local/lib/python3.7/site-packages/airflow/example_dags/example_branch_datetime_operator.py
[2025-04-26T19:39:51.922+0000] {logging_mixin.py:117} INFO - [2025-04-26T19:39:51.922+0000] {dag.py:2573} INFO - Sync 3 DAGs
[2025-04-26T19:39:51.943+0000] {logging_mixin.py:117} INFO - [2025-04-26T19:39:51.943+0000] {dag.py:3328} INFO - Setting next_dagrun for example_branch_datetime_operator to 2025-04-25T00:00:00+00:00, run_after=2025-04-26T00:00:00+00:00
[2025-04-26T19:39:51.947+0000] {logging_mixin.py:117} INFO - [2025-04-26T19:39:51.947+0000] {dag.py:3328} INFO - Setting next_dagrun for example_branch_datetime_operator_2 to 2025-04-25T00:00:00+00:00, run_after=2025-04-26T00:00:00+00:00
[2025-04-26T19:39:51.949+0000] {logging_mixin.py:117} INFO - [2025-04-26T19:39:51.949+0000] {dag.py:3328} INFO - Setting next_dagrun for example_branch_datetime_operator_3 to 2025-04-25T00:00:00+00:00, run_after=2025-04-26T00:00:00+00:00
[2025-04-26T19:39:51.965+0000] {processor.py:178} INFO - Processing /home/airflow/.local/lib/python3.7/site-packages/airflow/example_dags/example_branch_datetime_operator.py took 0.102 seconds
[2025-04-26T19:40:22.231+0000] {processor.py:156} INFO - Started process (PID=619) to work on /home/airflow/.local/lib/python3.7/site-packages/airflow/example_dags/example_branch_datetime_operator.py
[2025-04-26T19:40:22.232+0000] {processor.py:758} INFO - Processing file /home/airflow/.local/lib/python3.7/site-packages/airflow/example_dags/example_branch_datetime_operator.py for tasks to queue
[2025-04-26T19:40:22.233+0000] {logging_mixin.py:117} INFO - [2025-04-26T19:40:22.233+0000] {dagbag.py:525} INFO - Filling up the DagBag from /home/airflow/.local/lib/python3.7/site-packages/airflow/example_dags/example_branch_datetime_operator.py
[2025-04-26T19:40:22.249+0000] {processor.py:768} INFO - DAG(s) dict_keys(['example_branch_datetime_operator_2', 'example_branch_datetime_operator_3', 'example_branch_datetime_operator']) retrieved from /home/airflow/.local/lib/python3.7/site-packages/airflow/example_dags/example_branch_datetime_operator.py
[2025-04-26T19:40:22.286+0000] {logging_mixin.py:117} INFO - [2025-04-26T19:40:22.286+0000] {dag.py:2573} INFO - Sync 3 DAGs
[2025-04-26T19:40:22.304+0000] {logging_mixin.py:117} INFO - [2025-04-26T19:40:22.304+0000] {dag.py:3328} INFO - Setting next_dagrun for example_branch_datetime_operator to 2025-04-25T00:00:00+00:00, run_after=2025-04-26T00:00:00+00:00
[2025-04-26T19:40:22.307+0000] {logging_mixin.py:117} INFO - [2025-04-26T19:40:22.307+0000] {dag.py:3328} INFO - Setting next_dagrun for example_branch_datetime_operator_2 to 2025-04-25T00:00:00+00:00, run_after=2025-04-26T00:00:00+00:00
[2025-04-26T19:40:22.308+0000] {logging_mixin.py:117} INFO - [2025-04-26T19:40:22.308+0000] {dag.py:3328} INFO - Setting next_dagrun for example_branch_datetime_operator_3 to 2025-04-25T00:00:00+00:00, run_after=2025-04-26T00:00:00+00:00
[2025-04-26T19:40:22.323+0000] {processor.py:178} INFO - Processing /home/airflow/.local/lib/python3.7/site-packages/airflow/example_dags/example_branch_datetime_operator.py took 0.093 seconds
[2025-04-26T19:40:52.745+0000] {processor.py:156} INFO - Started process (PID=683) to work on /home/airflow/.local/lib/python3.7/site-packages/airflow/example_dags/example_branch_datetime_operator.py
[2025-04-26T19:40:52.746+0000] {processor.py:758} INFO - Processing file /home/airflow/.local/lib/python3.7/site-packages/airflow/example_dags/example_branch_datetime_operator.py for tasks to queue
[2025-04-26T19:40:52.746+0000] {logging_mixin.py:117} INFO - [2025-04-26T19:40:52.746+0000] {dagbag.py:525} INFO - Filling up the DagBag from /home/airflow/.local/lib/python3.7/site-packages/airflow/example_dags/example_branch_datetime_operator.py
[2025-04-26T19:40:52.761+0000] {processor.py:768} INFO - DAG(s) dict_keys(['example_branch_datetime_operator', 'example_branch_datetime_operator_2', 'example_branch_datetime_operator_3']) retrieved from /home/airflow/.local/lib/python3.7/site-packages/airflow/example_dags/example_branch_datetime_operator.py
[2025-04-26T19:40:52.798+0000] {logging_mixin.py:117} INFO - [2025-04-26T19:40:52.798+0000] {dag.py:2573} INFO - Sync 3 DAGs
[2025-04-26T19:40:52.817+0000] {logging_mixin.py:117} INFO - [2025-04-26T19:40:52.816+0000] {dag.py:3328} INFO - Setting next_dagrun for example_branch_datetime_operator to 2025-04-25T00:00:00+00:00, run_after=2025-04-26T00:00:00+00:00
[2025-04-26T19:40:52.820+0000] {logging_mixin.py:117} INFO - [2025-04-26T19:40:52.820+0000] {dag.py:3328} INFO - Setting next_dagrun for example_branch_datetime_operator_2 to 2025-04-25T00:00:00+00:00, run_after=2025-04-26T00:00:00+00:00
[2025-04-26T19:40:52.821+0000] {logging_mixin.py:117} INFO - [2025-04-26T19:40:52.821+0000] {dag.py:3328} INFO - Setting next_dagrun for example_branch_datetime_operator_3 to 2025-04-25T00:00:00+00:00, run_after=2025-04-26T00:00:00+00:00
[2025-04-26T19:40:52.837+0000] {processor.py:178} INFO - Processing /home/airflow/.local/lib/python3.7/site-packages/airflow/example_dags/example_branch_datetime_operator.py took 0.095 seconds
