[2025-04-26T19:32:20.782+0000] {processor.py:156} INFO - Started process (PID=73) to work on /home/airflow/.local/lib/python3.7/site-packages/airflow/example_dags/example_branch_labels.py
[2025-04-26T19:32:20.782+0000] {processor.py:758} INFO - Processing file /home/airflow/.local/lib/python3.7/site-packages/airflow/example_dags/example_branch_labels.py for tasks to queue
[2025-04-26T19:32:20.783+0000] {logging_mixin.py:117} INFO - [2025-04-26T19:32:20.783+0000] {dagbag.py:525} INFO - Filling up the DagBag from /home/airflow/.local/lib/python3.7/site-packages/airflow/example_dags/example_branch_labels.py
[2025-04-26T19:32:20.811+0000] {processor.py:768} INFO - DAG(s) dict_keys(['example_branch_labels']) retrieved from /home/airflow/.local/lib/python3.7/site-packages/airflow/example_dags/example_branch_labels.py
[2025-04-26T19:32:20.927+0000] {logging_mixin.py:117} INFO - [2025-04-26T19:32:20.926+0000] {dag.py:2573} INFO - Sync 1 DAGs
[2025-04-26T19:32:21.025+0000] {logging_mixin.py:117} INFO - [2025-04-26T19:32:21.025+0000] {dag.py:3328} INFO - Setting next_dagrun for example_branch_labels to 2025-04-25T00:00:00+00:00, run_after=2025-04-26T00:00:00+00:00
[2025-04-26T19:32:21.079+0000] {processor.py:178} INFO - Processing /home/airflow/.local/lib/python3.7/site-packages/airflow/example_dags/example_branch_labels.py took 0.309 seconds
[2025-04-26T19:32:51.869+0000] {processor.py:156} INFO - Started process (PID=127) to work on /home/airflow/.local/lib/python3.7/site-packages/airflow/example_dags/example_branch_labels.py
[2025-04-26T19:32:51.880+0000] {processor.py:758} INFO - Processing file /home/airflow/.local/lib/python3.7/site-packages/airflow/example_dags/example_branch_labels.py for tasks to queue
[2025-04-26T19:32:51.881+0000] {logging_mixin.py:117} INFO - [2025-04-26T19:32:51.881+0000] {dagbag.py:525} INFO - Filling up the DagBag from /home/airflow/.local/lib/python3.7/site-packages/airflow/example_dags/example_branch_labels.py
[2025-04-26T19:32:51.894+0000] {processor.py:768} INFO - DAG(s) dict_keys(['example_branch_labels']) retrieved from /home/airflow/.local/lib/python3.7/site-packages/airflow/example_dags/example_branch_labels.py
[2025-04-26T19:32:51.930+0000] {logging_mixin.py:117} INFO - [2025-04-26T19:32:51.930+0000] {dag.py:2573} INFO - Sync 1 DAGs
[2025-04-26T19:32:51.948+0000] {logging_mixin.py:117} INFO - [2025-04-26T19:32:51.948+0000] {dag.py:3328} INFO - Setting next_dagrun for example_branch_labels to 2025-04-25T00:00:00+00:00, run_after=2025-04-26T00:00:00+00:00
[2025-04-26T19:32:51.963+0000] {processor.py:178} INFO - Processing /home/airflow/.local/lib/python3.7/site-packages/airflow/example_dags/example_branch_labels.py took 0.097 seconds
[2025-04-26T19:33:22.564+0000] {processor.py:156} INFO - Started process (PID=191) to work on /home/airflow/.local/lib/python3.7/site-packages/airflow/example_dags/example_branch_labels.py
[2025-04-26T19:33:22.575+0000] {processor.py:758} INFO - Processing file /home/airflow/.local/lib/python3.7/site-packages/airflow/example_dags/example_branch_labels.py for tasks to queue
[2025-04-26T19:33:22.576+0000] {logging_mixin.py:117} INFO - [2025-04-26T19:33:22.576+0000] {dagbag.py:525} INFO - Filling up the DagBag from /home/airflow/.local/lib/python3.7/site-packages/airflow/example_dags/example_branch_labels.py
[2025-04-26T19:33:22.588+0000] {processor.py:768} INFO - DAG(s) dict_keys(['example_branch_labels']) retrieved from /home/airflow/.local/lib/python3.7/site-packages/airflow/example_dags/example_branch_labels.py
[2025-04-26T19:33:22.620+0000] {logging_mixin.py:117} INFO - [2025-04-26T19:33:22.620+0000] {dag.py:2573} INFO - Sync 1 DAGs
[2025-04-26T19:33:22.640+0000] {logging_mixin.py:117} INFO - [2025-04-26T19:33:22.639+0000] {dag.py:3328} INFO - Setting next_dagrun for example_branch_labels to 2025-04-25T00:00:00+00:00, run_after=2025-04-26T00:00:00+00:00
[2025-04-26T19:33:22.672+0000] {processor.py:178} INFO - Processing /home/airflow/.local/lib/python3.7/site-packages/airflow/example_dags/example_branch_labels.py took 0.111 seconds
[2025-04-26T19:33:53.281+0000] {processor.py:156} INFO - Started process (PID=254) to work on /home/airflow/.local/lib/python3.7/site-packages/airflow/example_dags/example_branch_labels.py
[2025-04-26T19:33:53.282+0000] {processor.py:758} INFO - Processing file /home/airflow/.local/lib/python3.7/site-packages/airflow/example_dags/example_branch_labels.py for tasks to queue
[2025-04-26T19:33:53.283+0000] {logging_mixin.py:117} INFO - [2025-04-26T19:33:53.283+0000] {dagbag.py:525} INFO - Filling up the DagBag from /home/airflow/.local/lib/python3.7/site-packages/airflow/example_dags/example_branch_labels.py
[2025-04-26T19:33:53.296+0000] {processor.py:768} INFO - DAG(s) dict_keys(['example_branch_labels']) retrieved from /home/airflow/.local/lib/python3.7/site-packages/airflow/example_dags/example_branch_labels.py
[2025-04-26T19:33:53.325+0000] {logging_mixin.py:117} INFO - [2025-04-26T19:33:53.324+0000] {dag.py:2573} INFO - Sync 1 DAGs
[2025-04-26T19:33:53.344+0000] {logging_mixin.py:117} INFO - [2025-04-26T19:33:53.344+0000] {dag.py:3328} INFO - Setting next_dagrun for example_branch_labels to 2025-04-25T00:00:00+00:00, run_after=2025-04-26T00:00:00+00:00
[2025-04-26T19:33:53.357+0000] {processor.py:178} INFO - Processing /home/airflow/.local/lib/python3.7/site-packages/airflow/example_dags/example_branch_labels.py took 0.079 seconds
[2025-04-26T19:34:24.125+0000] {processor.py:156} INFO - Started process (PID=317) to work on /home/airflow/.local/lib/python3.7/site-packages/airflow/example_dags/example_branch_labels.py
[2025-04-26T19:34:24.127+0000] {processor.py:758} INFO - Processing file /home/airflow/.local/lib/python3.7/site-packages/airflow/example_dags/example_branch_labels.py for tasks to queue
[2025-04-26T19:34:24.128+0000] {logging_mixin.py:117} INFO - [2025-04-26T19:34:24.127+0000] {dagbag.py:525} INFO - Filling up the DagBag from /home/airflow/.local/lib/python3.7/site-packages/airflow/example_dags/example_branch_labels.py
[2025-04-26T19:34:24.184+0000] {processor.py:768} INFO - DAG(s) dict_keys(['example_branch_labels']) retrieved from /home/airflow/.local/lib/python3.7/site-packages/airflow/example_dags/example_branch_labels.py
[2025-04-26T19:34:24.305+0000] {logging_mixin.py:117} INFO - [2025-04-26T19:34:24.305+0000] {dag.py:2573} INFO - Sync 1 DAGs
[2025-04-26T19:34:24.325+0000] {logging_mixin.py:117} INFO - [2025-04-26T19:34:24.325+0000] {dag.py:3328} INFO - Setting next_dagrun for example_branch_labels to 2025-04-25T00:00:00+00:00, run_after=2025-04-26T00:00:00+00:00
[2025-04-26T19:34:24.341+0000] {processor.py:178} INFO - Processing /home/airflow/.local/lib/python3.7/site-packages/airflow/example_dags/example_branch_labels.py took 0.219 seconds
[2025-04-26T19:35:48.778+0000] {processor.py:156} INFO - Started process (PID=64) to work on /home/airflow/.local/lib/python3.7/site-packages/airflow/example_dags/example_branch_labels.py
[2025-04-26T19:35:48.779+0000] {processor.py:758} INFO - Processing file /home/airflow/.local/lib/python3.7/site-packages/airflow/example_dags/example_branch_labels.py for tasks to queue
[2025-04-26T19:35:48.779+0000] {logging_mixin.py:117} INFO - [2025-04-26T19:35:48.779+0000] {dagbag.py:525} INFO - Filling up the DagBag from /home/airflow/.local/lib/python3.7/site-packages/airflow/example_dags/example_branch_labels.py
[2025-04-26T19:35:48.792+0000] {processor.py:768} INFO - DAG(s) dict_keys(['example_branch_labels']) retrieved from /home/airflow/.local/lib/python3.7/site-packages/airflow/example_dags/example_branch_labels.py
[2025-04-26T19:35:48.811+0000] {logging_mixin.py:117} INFO - [2025-04-26T19:35:48.811+0000] {dag.py:2573} INFO - Sync 1 DAGs
[2025-04-26T19:35:48.833+0000] {logging_mixin.py:117} INFO - [2025-04-26T19:35:48.833+0000] {dag.py:3328} INFO - Setting next_dagrun for example_branch_labels to 2025-04-25T00:00:00+00:00, run_after=2025-04-26T00:00:00+00:00
[2025-04-26T19:35:48.848+0000] {processor.py:178} INFO - Processing /home/airflow/.local/lib/python3.7/site-packages/airflow/example_dags/example_branch_labels.py took 0.073 seconds
[2025-04-26T19:36:19.880+0000] {processor.py:156} INFO - Started process (PID=135) to work on /home/airflow/.local/lib/python3.7/site-packages/airflow/example_dags/example_branch_labels.py
[2025-04-26T19:36:19.881+0000] {processor.py:758} INFO - Processing file /home/airflow/.local/lib/python3.7/site-packages/airflow/example_dags/example_branch_labels.py for tasks to queue
[2025-04-26T19:36:19.882+0000] {logging_mixin.py:117} INFO - [2025-04-26T19:36:19.882+0000] {dagbag.py:525} INFO - Filling up the DagBag from /home/airflow/.local/lib/python3.7/site-packages/airflow/example_dags/example_branch_labels.py
[2025-04-26T19:36:19.892+0000] {processor.py:768} INFO - DAG(s) dict_keys(['example_branch_labels']) retrieved from /home/airflow/.local/lib/python3.7/site-packages/airflow/example_dags/example_branch_labels.py
[2025-04-26T19:36:19.924+0000] {logging_mixin.py:117} INFO - [2025-04-26T19:36:19.924+0000] {dag.py:2573} INFO - Sync 1 DAGs
[2025-04-26T19:36:19.942+0000] {logging_mixin.py:117} INFO - [2025-04-26T19:36:19.942+0000] {dag.py:3328} INFO - Setting next_dagrun for example_branch_labels to 2025-04-25T00:00:00+00:00, run_after=2025-04-26T00:00:00+00:00
[2025-04-26T19:36:19.957+0000] {processor.py:178} INFO - Processing /home/airflow/.local/lib/python3.7/site-packages/airflow/example_dags/example_branch_labels.py took 0.080 seconds
[2025-04-26T19:36:50.191+0000] {processor.py:156} INFO - Started process (PID=199) to work on /home/airflow/.local/lib/python3.7/site-packages/airflow/example_dags/example_branch_labels.py
[2025-04-26T19:36:50.192+0000] {processor.py:758} INFO - Processing file /home/airflow/.local/lib/python3.7/site-packages/airflow/example_dags/example_branch_labels.py for tasks to queue
[2025-04-26T19:36:50.192+0000] {logging_mixin.py:117} INFO - [2025-04-26T19:36:50.192+0000] {dagbag.py:525} INFO - Filling up the DagBag from /home/airflow/.local/lib/python3.7/site-packages/airflow/example_dags/example_branch_labels.py
[2025-04-26T19:36:50.205+0000] {processor.py:768} INFO - DAG(s) dict_keys(['example_branch_labels']) retrieved from /home/airflow/.local/lib/python3.7/site-packages/airflow/example_dags/example_branch_labels.py
[2025-04-26T19:36:50.232+0000] {logging_mixin.py:117} INFO - [2025-04-26T19:36:50.232+0000] {dag.py:2573} INFO - Sync 1 DAGs
[2025-04-26T19:36:50.249+0000] {logging_mixin.py:117} INFO - [2025-04-26T19:36:50.249+0000] {dag.py:3328} INFO - Setting next_dagrun for example_branch_labels to 2025-04-25T00:00:00+00:00, run_after=2025-04-26T00:00:00+00:00
[2025-04-26T19:36:50.264+0000] {processor.py:178} INFO - Processing /home/airflow/.local/lib/python3.7/site-packages/airflow/example_dags/example_branch_labels.py took 0.075 seconds
[2025-04-26T19:37:20.529+0000] {processor.py:156} INFO - Started process (PID=260) to work on /home/airflow/.local/lib/python3.7/site-packages/airflow/example_dags/example_branch_labels.py
[2025-04-26T19:37:20.530+0000] {processor.py:758} INFO - Processing file /home/airflow/.local/lib/python3.7/site-packages/airflow/example_dags/example_branch_labels.py for tasks to queue
[2025-04-26T19:37:20.530+0000] {logging_mixin.py:117} INFO - [2025-04-26T19:37:20.530+0000] {dagbag.py:525} INFO - Filling up the DagBag from /home/airflow/.local/lib/python3.7/site-packages/airflow/example_dags/example_branch_labels.py
[2025-04-26T19:37:20.541+0000] {processor.py:768} INFO - DAG(s) dict_keys(['example_branch_labels']) retrieved from /home/airflow/.local/lib/python3.7/site-packages/airflow/example_dags/example_branch_labels.py
[2025-04-26T19:37:20.567+0000] {logging_mixin.py:117} INFO - [2025-04-26T19:37:20.567+0000] {dag.py:2573} INFO - Sync 1 DAGs
[2025-04-26T19:37:20.587+0000] {logging_mixin.py:117} INFO - [2025-04-26T19:37:20.586+0000] {dag.py:3328} INFO - Setting next_dagrun for example_branch_labels to 2025-04-25T00:00:00+00:00, run_after=2025-04-26T00:00:00+00:00
[2025-04-26T19:37:20.599+0000] {processor.py:178} INFO - Processing /home/airflow/.local/lib/python3.7/site-packages/airflow/example_dags/example_branch_labels.py took 0.072 seconds
[2025-04-26T19:37:50.848+0000] {processor.py:156} INFO - Started process (PID=323) to work on /home/airflow/.local/lib/python3.7/site-packages/airflow/example_dags/example_branch_labels.py
[2025-04-26T19:37:50.849+0000] {processor.py:758} INFO - Processing file /home/airflow/.local/lib/python3.7/site-packages/airflow/example_dags/example_branch_labels.py for tasks to queue
[2025-04-26T19:37:50.849+0000] {logging_mixin.py:117} INFO - [2025-04-26T19:37:50.849+0000] {dagbag.py:525} INFO - Filling up the DagBag from /home/airflow/.local/lib/python3.7/site-packages/airflow/example_dags/example_branch_labels.py
[2025-04-26T19:37:50.860+0000] {processor.py:768} INFO - DAG(s) dict_keys(['example_branch_labels']) retrieved from /home/airflow/.local/lib/python3.7/site-packages/airflow/example_dags/example_branch_labels.py
[2025-04-26T19:37:50.889+0000] {logging_mixin.py:117} INFO - [2025-04-26T19:37:50.889+0000] {dag.py:2573} INFO - Sync 1 DAGs
[2025-04-26T19:37:50.906+0000] {logging_mixin.py:117} INFO - [2025-04-26T19:37:50.906+0000] {dag.py:3328} INFO - Setting next_dagrun for example_branch_labels to 2025-04-25T00:00:00+00:00, run_after=2025-04-26T00:00:00+00:00
[2025-04-26T19:37:50.920+0000] {processor.py:178} INFO - Processing /home/airflow/.local/lib/python3.7/site-packages/airflow/example_dags/example_branch_labels.py took 0.075 seconds
[2025-04-26T19:38:21.015+0000] {processor.py:156} INFO - Started process (PID=383) to work on /home/airflow/.local/lib/python3.7/site-packages/airflow/example_dags/example_branch_labels.py
[2025-04-26T19:38:21.016+0000] {processor.py:758} INFO - Processing file /home/airflow/.local/lib/python3.7/site-packages/airflow/example_dags/example_branch_labels.py for tasks to queue
[2025-04-26T19:38:21.016+0000] {logging_mixin.py:117} INFO - [2025-04-26T19:38:21.016+0000] {dagbag.py:525} INFO - Filling up the DagBag from /home/airflow/.local/lib/python3.7/site-packages/airflow/example_dags/example_branch_labels.py
[2025-04-26T19:38:21.027+0000] {processor.py:768} INFO - DAG(s) dict_keys(['example_branch_labels']) retrieved from /home/airflow/.local/lib/python3.7/site-packages/airflow/example_dags/example_branch_labels.py
[2025-04-26T19:38:21.057+0000] {logging_mixin.py:117} INFO - [2025-04-26T19:38:21.057+0000] {dag.py:2573} INFO - Sync 1 DAGs
[2025-04-26T19:38:21.073+0000] {logging_mixin.py:117} INFO - [2025-04-26T19:38:21.073+0000] {dag.py:3328} INFO - Setting next_dagrun for example_branch_labels to 2025-04-25T00:00:00+00:00, run_after=2025-04-26T00:00:00+00:00
[2025-04-26T19:38:21.085+0000] {processor.py:178} INFO - Processing /home/airflow/.local/lib/python3.7/site-packages/airflow/example_dags/example_branch_labels.py took 0.073 seconds
[2025-04-26T19:38:51.300+0000] {processor.py:156} INFO - Started process (PID=446) to work on /home/airflow/.local/lib/python3.7/site-packages/airflow/example_dags/example_branch_labels.py
[2025-04-26T19:38:51.301+0000] {processor.py:758} INFO - Processing file /home/airflow/.local/lib/python3.7/site-packages/airflow/example_dags/example_branch_labels.py for tasks to queue
[2025-04-26T19:38:51.301+0000] {logging_mixin.py:117} INFO - [2025-04-26T19:38:51.301+0000] {dagbag.py:525} INFO - Filling up the DagBag from /home/airflow/.local/lib/python3.7/site-packages/airflow/example_dags/example_branch_labels.py
[2025-04-26T19:38:51.312+0000] {processor.py:768} INFO - DAG(s) dict_keys(['example_branch_labels']) retrieved from /home/airflow/.local/lib/python3.7/site-packages/airflow/example_dags/example_branch_labels.py
[2025-04-26T19:38:51.340+0000] {logging_mixin.py:117} INFO - [2025-04-26T19:38:51.340+0000] {dag.py:2573} INFO - Sync 1 DAGs
[2025-04-26T19:38:51.357+0000] {logging_mixin.py:117} INFO - [2025-04-26T19:38:51.356+0000] {dag.py:3328} INFO - Setting next_dagrun for example_branch_labels to 2025-04-25T00:00:00+00:00, run_after=2025-04-26T00:00:00+00:00
[2025-04-26T19:38:51.370+0000] {processor.py:178} INFO - Processing /home/airflow/.local/lib/python3.7/site-packages/airflow/example_dags/example_branch_labels.py took 0.072 seconds
[2025-04-26T19:39:21.649+0000] {processor.py:156} INFO - Started process (PID=508) to work on /home/airflow/.local/lib/python3.7/site-packages/airflow/example_dags/example_branch_labels.py
[2025-04-26T19:39:21.650+0000] {processor.py:758} INFO - Processing file /home/airflow/.local/lib/python3.7/site-packages/airflow/example_dags/example_branch_labels.py for tasks to queue
[2025-04-26T19:39:21.650+0000] {logging_mixin.py:117} INFO - [2025-04-26T19:39:21.650+0000] {dagbag.py:525} INFO - Filling up the DagBag from /home/airflow/.local/lib/python3.7/site-packages/airflow/example_dags/example_branch_labels.py
[2025-04-26T19:39:21.664+0000] {processor.py:768} INFO - DAG(s) dict_keys(['example_branch_labels']) retrieved from /home/airflow/.local/lib/python3.7/site-packages/airflow/example_dags/example_branch_labels.py
[2025-04-26T19:39:21.696+0000] {logging_mixin.py:117} INFO - [2025-04-26T19:39:21.696+0000] {dag.py:2573} INFO - Sync 1 DAGs
[2025-04-26T19:39:21.716+0000] {logging_mixin.py:117} INFO - [2025-04-26T19:39:21.716+0000] {dag.py:3328} INFO - Setting next_dagrun for example_branch_labels to 2025-04-25T00:00:00+00:00, run_after=2025-04-26T00:00:00+00:00
[2025-04-26T19:39:21.731+0000] {processor.py:178} INFO - Processing /home/airflow/.local/lib/python3.7/site-packages/airflow/example_dags/example_branch_labels.py took 0.085 seconds
[2025-04-26T19:39:52.174+0000] {processor.py:156} INFO - Started process (PID=570) to work on /home/airflow/.local/lib/python3.7/site-packages/airflow/example_dags/example_branch_labels.py
[2025-04-26T19:39:52.175+0000] {processor.py:758} INFO - Processing file /home/airflow/.local/lib/python3.7/site-packages/airflow/example_dags/example_branch_labels.py for tasks to queue
[2025-04-26T19:39:52.175+0000] {logging_mixin.py:117} INFO - [2025-04-26T19:39:52.175+0000] {dagbag.py:525} INFO - Filling up the DagBag from /home/airflow/.local/lib/python3.7/site-packages/airflow/example_dags/example_branch_labels.py
[2025-04-26T19:39:52.189+0000] {processor.py:768} INFO - DAG(s) dict_keys(['example_branch_labels']) retrieved from /home/airflow/.local/lib/python3.7/site-packages/airflow/example_dags/example_branch_labels.py
[2025-04-26T19:39:52.219+0000] {logging_mixin.py:117} INFO - [2025-04-26T19:39:52.219+0000] {dag.py:2573} INFO - Sync 1 DAGs
[2025-04-26T19:39:52.239+0000] {logging_mixin.py:117} INFO - [2025-04-26T19:39:52.239+0000] {dag.py:3328} INFO - Setting next_dagrun for example_branch_labels to 2025-04-25T00:00:00+00:00, run_after=2025-04-26T00:00:00+00:00
[2025-04-26T19:39:52.254+0000] {processor.py:178} INFO - Processing /home/airflow/.local/lib/python3.7/site-packages/airflow/example_dags/example_branch_labels.py took 0.082 seconds
[2025-04-26T19:40:22.591+0000] {processor.py:156} INFO - Started process (PID=624) to work on /home/airflow/.local/lib/python3.7/site-packages/airflow/example_dags/example_branch_labels.py
[2025-04-26T19:40:22.592+0000] {processor.py:758} INFO - Processing file /home/airflow/.local/lib/python3.7/site-packages/airflow/example_dags/example_branch_labels.py for tasks to queue
[2025-04-26T19:40:22.592+0000] {logging_mixin.py:117} INFO - [2025-04-26T19:40:22.592+0000] {dagbag.py:525} INFO - Filling up the DagBag from /home/airflow/.local/lib/python3.7/site-packages/airflow/example_dags/example_branch_labels.py
[2025-04-26T19:40:22.604+0000] {processor.py:768} INFO - DAG(s) dict_keys(['example_branch_labels']) retrieved from /home/airflow/.local/lib/python3.7/site-packages/airflow/example_dags/example_branch_labels.py
[2025-04-26T19:40:22.636+0000] {logging_mixin.py:117} INFO - [2025-04-26T19:40:22.636+0000] {dag.py:2573} INFO - Sync 1 DAGs
[2025-04-26T19:40:22.654+0000] {logging_mixin.py:117} INFO - [2025-04-26T19:40:22.654+0000] {dag.py:3328} INFO - Setting next_dagrun for example_branch_labels to 2025-04-25T00:00:00+00:00, run_after=2025-04-26T00:00:00+00:00
[2025-04-26T19:40:22.668+0000] {processor.py:178} INFO - Processing /home/airflow/.local/lib/python3.7/site-packages/airflow/example_dags/example_branch_labels.py took 0.080 seconds
[2025-04-26T19:40:53.036+0000] {processor.py:156} INFO - Started process (PID=687) to work on /home/airflow/.local/lib/python3.7/site-packages/airflow/example_dags/example_branch_labels.py
[2025-04-26T19:40:53.037+0000] {processor.py:758} INFO - Processing file /home/airflow/.local/lib/python3.7/site-packages/airflow/example_dags/example_branch_labels.py for tasks to queue
[2025-04-26T19:40:53.038+0000] {logging_mixin.py:117} INFO - [2025-04-26T19:40:53.038+0000] {dagbag.py:525} INFO - Filling up the DagBag from /home/airflow/.local/lib/python3.7/site-packages/airflow/example_dags/example_branch_labels.py
[2025-04-26T19:40:53.050+0000] {processor.py:768} INFO - DAG(s) dict_keys(['example_branch_labels']) retrieved from /home/airflow/.local/lib/python3.7/site-packages/airflow/example_dags/example_branch_labels.py
[2025-04-26T19:40:53.083+0000] {logging_mixin.py:117} INFO - [2025-04-26T19:40:53.083+0000] {dag.py:2573} INFO - Sync 1 DAGs
[2025-04-26T19:40:53.104+0000] {logging_mixin.py:117} INFO - [2025-04-26T19:40:53.104+0000] {dag.py:3328} INFO - Setting next_dagrun for example_branch_labels to 2025-04-25T00:00:00+00:00, run_after=2025-04-26T00:00:00+00:00
[2025-04-26T19:40:53.121+0000] {processor.py:178} INFO - Processing /home/airflow/.local/lib/python3.7/site-packages/airflow/example_dags/example_branch_labels.py took 0.087 seconds
