[2025-04-26T19:32:18.382+0000] {processor.py:156} INFO - Started process (PID=58) to work on /home/airflow/.local/lib/python3.7/site-packages/airflow/example_dags/example_short_circuit_decorator.py
[2025-04-26T19:32:18.382+0000] {processor.py:758} INFO - Processing file /home/airflow/.local/lib/python3.7/site-packages/airflow/example_dags/example_short_circuit_decorator.py for tasks to queue
[2025-04-26T19:32:18.383+0000] {logging_mixin.py:117} INFO - [2025-04-26T19:32:18.383+0000] {dagbag.py:525} INFO - Filling up the DagBag from /home/airflow/.local/lib/python3.7/site-packages/airflow/example_dags/example_short_circuit_decorator.py
[2025-04-26T19:32:18.416+0000] {processor.py:768} INFO - DAG(s) dict_keys(['example_short_circuit_decorator']) retrieved from /home/airflow/.local/lib/python3.7/site-packages/airflow/example_dags/example_short_circuit_decorator.py
[2025-04-26T19:32:18.522+0000] {logging_mixin.py:117} INFO - [2025-04-26T19:32:18.522+0000] {dag.py:2573} INFO - Sync 1 DAGs
[2025-04-26T19:32:18.551+0000] {logging_mixin.py:117} INFO - [2025-04-26T19:32:18.551+0000] {dag.py:3328} INFO - Setting next_dagrun for example_short_circuit_decorator to 2025-04-25T19:32:18.551151+00:00, run_after=2025-04-26T19:32:18.551151+00:00
[2025-04-26T19:32:18.578+0000] {processor.py:178} INFO - Processing /home/airflow/.local/lib/python3.7/site-packages/airflow/example_dags/example_short_circuit_decorator.py took 0.199 seconds
[2025-04-26T19:32:48.613+0000] {processor.py:156} INFO - Started process (PID=121) to work on /home/airflow/.local/lib/python3.7/site-packages/airflow/example_dags/example_short_circuit_decorator.py
[2025-04-26T19:32:48.614+0000] {processor.py:758} INFO - Processing file /home/airflow/.local/lib/python3.7/site-packages/airflow/example_dags/example_short_circuit_decorator.py for tasks to queue
[2025-04-26T19:32:48.614+0000] {logging_mixin.py:117} INFO - [2025-04-26T19:32:48.614+0000] {dagbag.py:525} INFO - Filling up the DagBag from /home/airflow/.local/lib/python3.7/site-packages/airflow/example_dags/example_short_circuit_decorator.py
[2025-04-26T19:32:48.632+0000] {processor.py:768} INFO - DAG(s) dict_keys(['example_short_circuit_decorator']) retrieved from /home/airflow/.local/lib/python3.7/site-packages/airflow/example_dags/example_short_circuit_decorator.py
[2025-04-26T19:32:48.678+0000] {logging_mixin.py:117} INFO - [2025-04-26T19:32:48.677+0000] {dag.py:2573} INFO - Sync 1 DAGs
[2025-04-26T19:32:48.695+0000] {logging_mixin.py:117} INFO - [2025-04-26T19:32:48.695+0000] {dag.py:3328} INFO - Setting next_dagrun for example_short_circuit_decorator to 2025-04-25T19:32:48.694965+00:00, run_after=2025-04-26T19:32:48.694965+00:00
[2025-04-26T19:32:48.714+0000] {processor.py:178} INFO - Processing /home/airflow/.local/lib/python3.7/site-packages/airflow/example_dags/example_short_circuit_decorator.py took 0.103 seconds
[2025-04-26T19:33:19.292+0000] {processor.py:156} INFO - Started process (PID=185) to work on /home/airflow/.local/lib/python3.7/site-packages/airflow/example_dags/example_short_circuit_decorator.py
[2025-04-26T19:33:19.303+0000] {processor.py:758} INFO - Processing file /home/airflow/.local/lib/python3.7/site-packages/airflow/example_dags/example_short_circuit_decorator.py for tasks to queue
[2025-04-26T19:33:19.303+0000] {logging_mixin.py:117} INFO - [2025-04-26T19:33:19.303+0000] {dagbag.py:525} INFO - Filling up the DagBag from /home/airflow/.local/lib/python3.7/site-packages/airflow/example_dags/example_short_circuit_decorator.py
[2025-04-26T19:33:19.322+0000] {processor.py:768} INFO - DAG(s) dict_keys(['example_short_circuit_decorator']) retrieved from /home/airflow/.local/lib/python3.7/site-packages/airflow/example_dags/example_short_circuit_decorator.py
[2025-04-26T19:33:19.350+0000] {logging_mixin.py:117} INFO - [2025-04-26T19:33:19.350+0000] {dag.py:2573} INFO - Sync 1 DAGs
[2025-04-26T19:33:19.367+0000] {logging_mixin.py:117} INFO - [2025-04-26T19:33:19.367+0000] {dag.py:3328} INFO - Setting next_dagrun for example_short_circuit_decorator to 2025-04-25T19:33:19.366833+00:00, run_after=2025-04-26T19:33:19.366833+00:00
[2025-04-26T19:33:19.396+0000] {processor.py:178} INFO - Processing /home/airflow/.local/lib/python3.7/site-packages/airflow/example_dags/example_short_circuit_decorator.py took 0.107 seconds
[2025-04-26T19:33:49.940+0000] {processor.py:156} INFO - Started process (PID=248) to work on /home/airflow/.local/lib/python3.7/site-packages/airflow/example_dags/example_short_circuit_decorator.py
[2025-04-26T19:33:49.941+0000] {processor.py:758} INFO - Processing file /home/airflow/.local/lib/python3.7/site-packages/airflow/example_dags/example_short_circuit_decorator.py for tasks to queue
[2025-04-26T19:33:49.941+0000] {logging_mixin.py:117} INFO - [2025-04-26T19:33:49.941+0000] {dagbag.py:525} INFO - Filling up the DagBag from /home/airflow/.local/lib/python3.7/site-packages/airflow/example_dags/example_short_circuit_decorator.py
[2025-04-26T19:33:49.962+0000] {processor.py:768} INFO - DAG(s) dict_keys(['example_short_circuit_decorator']) retrieved from /home/airflow/.local/lib/python3.7/site-packages/airflow/example_dags/example_short_circuit_decorator.py
[2025-04-26T19:33:49.997+0000] {logging_mixin.py:117} INFO - [2025-04-26T19:33:49.997+0000] {dag.py:2573} INFO - Sync 1 DAGs
[2025-04-26T19:33:50.020+0000] {logging_mixin.py:117} INFO - [2025-04-26T19:33:50.020+0000] {dag.py:3328} INFO - Setting next_dagrun for example_short_circuit_decorator to 2025-04-25T19:33:50.020392+00:00, run_after=2025-04-26T19:33:50.020392+00:00
[2025-04-26T19:33:50.040+0000] {processor.py:178} INFO - Processing /home/airflow/.local/lib/python3.7/site-packages/airflow/example_dags/example_short_circuit_decorator.py took 0.103 seconds
[2025-04-26T19:34:21.498+0000] {processor.py:156} INFO - Started process (PID=311) to work on /home/airflow/.local/lib/python3.7/site-packages/airflow/example_dags/example_short_circuit_decorator.py
[2025-04-26T19:34:21.501+0000] {processor.py:758} INFO - Processing file /home/airflow/.local/lib/python3.7/site-packages/airflow/example_dags/example_short_circuit_decorator.py for tasks to queue
[2025-04-26T19:34:21.502+0000] {logging_mixin.py:117} INFO - [2025-04-26T19:34:21.502+0000] {dagbag.py:525} INFO - Filling up the DagBag from /home/airflow/.local/lib/python3.7/site-packages/airflow/example_dags/example_short_circuit_decorator.py
[2025-04-26T19:34:21.537+0000] {processor.py:768} INFO - DAG(s) dict_keys(['example_short_circuit_decorator']) retrieved from /home/airflow/.local/lib/python3.7/site-packages/airflow/example_dags/example_short_circuit_decorator.py
[2025-04-26T19:34:21.702+0000] {logging_mixin.py:117} INFO - [2025-04-26T19:34:21.702+0000] {dag.py:2573} INFO - Sync 1 DAGs
[2025-04-26T19:34:21.733+0000] {logging_mixin.py:117} INFO - [2025-04-26T19:34:21.733+0000] {dag.py:3328} INFO - Setting next_dagrun for example_short_circuit_decorator to 2025-04-25T19:34:21.733261+00:00, run_after=2025-04-26T19:34:21.733261+00:00
[2025-04-26T19:34:21.770+0000] {processor.py:178} INFO - Processing /home/airflow/.local/lib/python3.7/site-packages/airflow/example_dags/example_short_circuit_decorator.py took 0.275 seconds
[2025-04-26T19:35:48.522+0000] {processor.py:156} INFO - Started process (PID=58) to work on /home/airflow/.local/lib/python3.7/site-packages/airflow/example_dags/example_short_circuit_decorator.py
[2025-04-26T19:35:48.522+0000] {processor.py:758} INFO - Processing file /home/airflow/.local/lib/python3.7/site-packages/airflow/example_dags/example_short_circuit_decorator.py for tasks to queue
[2025-04-26T19:35:48.523+0000] {logging_mixin.py:117} INFO - [2025-04-26T19:35:48.523+0000] {dagbag.py:525} INFO - Filling up the DagBag from /home/airflow/.local/lib/python3.7/site-packages/airflow/example_dags/example_short_circuit_decorator.py
[2025-04-26T19:35:48.540+0000] {processor.py:768} INFO - DAG(s) dict_keys(['example_short_circuit_decorator']) retrieved from /home/airflow/.local/lib/python3.7/site-packages/airflow/example_dags/example_short_circuit_decorator.py
[2025-04-26T19:35:48.561+0000] {logging_mixin.py:117} INFO - [2025-04-26T19:35:48.561+0000] {dag.py:2573} INFO - Sync 1 DAGs
[2025-04-26T19:35:48.578+0000] {logging_mixin.py:117} INFO - [2025-04-26T19:35:48.578+0000] {dag.py:3328} INFO - Setting next_dagrun for example_short_circuit_decorator to 2025-04-25T19:35:48.578411+00:00, run_after=2025-04-26T19:35:48.578411+00:00
[2025-04-26T19:35:48.592+0000] {processor.py:178} INFO - Processing /home/airflow/.local/lib/python3.7/site-packages/airflow/example_dags/example_short_circuit_decorator.py took 0.073 seconds
[2025-04-26T19:36:18.975+0000] {processor.py:156} INFO - Started process (PID=121) to work on /home/airflow/.local/lib/python3.7/site-packages/airflow/example_dags/example_short_circuit_decorator.py
[2025-04-26T19:36:18.977+0000] {processor.py:758} INFO - Processing file /home/airflow/.local/lib/python3.7/site-packages/airflow/example_dags/example_short_circuit_decorator.py for tasks to queue
[2025-04-26T19:36:18.977+0000] {logging_mixin.py:117} INFO - [2025-04-26T19:36:18.977+0000] {dagbag.py:525} INFO - Filling up the DagBag from /home/airflow/.local/lib/python3.7/site-packages/airflow/example_dags/example_short_circuit_decorator.py
[2025-04-26T19:36:18.994+0000] {processor.py:768} INFO - DAG(s) dict_keys(['example_short_circuit_decorator']) retrieved from /home/airflow/.local/lib/python3.7/site-packages/airflow/example_dags/example_short_circuit_decorator.py
[2025-04-26T19:36:19.022+0000] {logging_mixin.py:117} INFO - [2025-04-26T19:36:19.022+0000] {dag.py:2573} INFO - Sync 1 DAGs
[2025-04-26T19:36:19.039+0000] {logging_mixin.py:117} INFO - [2025-04-26T19:36:19.039+0000] {dag.py:3328} INFO - Setting next_dagrun for example_short_circuit_decorator to 2025-04-25T19:36:19.039680+00:00, run_after=2025-04-26T19:36:19.039680+00:00
[2025-04-26T19:36:19.053+0000] {processor.py:178} INFO - Processing /home/airflow/.local/lib/python3.7/site-packages/airflow/example_dags/example_short_circuit_decorator.py took 0.080 seconds
[2025-04-26T19:36:49.379+0000] {processor.py:156} INFO - Started process (PID=185) to work on /home/airflow/.local/lib/python3.7/site-packages/airflow/example_dags/example_short_circuit_decorator.py
[2025-04-26T19:36:49.380+0000] {processor.py:758} INFO - Processing file /home/airflow/.local/lib/python3.7/site-packages/airflow/example_dags/example_short_circuit_decorator.py for tasks to queue
[2025-04-26T19:36:49.381+0000] {logging_mixin.py:117} INFO - [2025-04-26T19:36:49.381+0000] {dagbag.py:525} INFO - Filling up the DagBag from /home/airflow/.local/lib/python3.7/site-packages/airflow/example_dags/example_short_circuit_decorator.py
[2025-04-26T19:36:49.397+0000] {processor.py:768} INFO - DAG(s) dict_keys(['example_short_circuit_decorator']) retrieved from /home/airflow/.local/lib/python3.7/site-packages/airflow/example_dags/example_short_circuit_decorator.py
[2025-04-26T19:36:49.426+0000] {logging_mixin.py:117} INFO - [2025-04-26T19:36:49.426+0000] {dag.py:2573} INFO - Sync 1 DAGs
[2025-04-26T19:36:49.441+0000] {logging_mixin.py:117} INFO - [2025-04-26T19:36:49.441+0000] {dag.py:3328} INFO - Setting next_dagrun for example_short_circuit_decorator to 2025-04-25T19:36:49.441457+00:00, run_after=2025-04-26T19:36:49.441457+00:00
[2025-04-26T19:36:49.455+0000] {processor.py:178} INFO - Processing /home/airflow/.local/lib/python3.7/site-packages/airflow/example_dags/example_short_circuit_decorator.py took 0.078 seconds
[2025-04-26T19:37:19.828+0000] {processor.py:156} INFO - Started process (PID=248) to work on /home/airflow/.local/lib/python3.7/site-packages/airflow/example_dags/example_short_circuit_decorator.py
[2025-04-26T19:37:19.829+0000] {processor.py:758} INFO - Processing file /home/airflow/.local/lib/python3.7/site-packages/airflow/example_dags/example_short_circuit_decorator.py for tasks to queue
[2025-04-26T19:37:19.829+0000] {logging_mixin.py:117} INFO - [2025-04-26T19:37:19.829+0000] {dagbag.py:525} INFO - Filling up the DagBag from /home/airflow/.local/lib/python3.7/site-packages/airflow/example_dags/example_short_circuit_decorator.py
[2025-04-26T19:37:19.847+0000] {processor.py:768} INFO - DAG(s) dict_keys(['example_short_circuit_decorator']) retrieved from /home/airflow/.local/lib/python3.7/site-packages/airflow/example_dags/example_short_circuit_decorator.py
[2025-04-26T19:37:19.875+0000] {logging_mixin.py:117} INFO - [2025-04-26T19:37:19.875+0000] {dag.py:2573} INFO - Sync 1 DAGs
[2025-04-26T19:37:19.892+0000] {logging_mixin.py:117} INFO - [2025-04-26T19:37:19.892+0000] {dag.py:3328} INFO - Setting next_dagrun for example_short_circuit_decorator to 2025-04-25T19:37:19.891974+00:00, run_after=2025-04-26T19:37:19.891974+00:00
[2025-04-26T19:37:19.905+0000] {processor.py:178} INFO - Processing /home/airflow/.local/lib/python3.7/site-packages/airflow/example_dags/example_short_circuit_decorator.py took 0.079 seconds
[2025-04-26T19:37:50.100+0000] {processor.py:156} INFO - Started process (PID=311) to work on /home/airflow/.local/lib/python3.7/site-packages/airflow/example_dags/example_short_circuit_decorator.py
[2025-04-26T19:37:50.101+0000] {processor.py:758} INFO - Processing file /home/airflow/.local/lib/python3.7/site-packages/airflow/example_dags/example_short_circuit_decorator.py for tasks to queue
[2025-04-26T19:37:50.101+0000] {logging_mixin.py:117} INFO - [2025-04-26T19:37:50.101+0000] {dagbag.py:525} INFO - Filling up the DagBag from /home/airflow/.local/lib/python3.7/site-packages/airflow/example_dags/example_short_circuit_decorator.py
[2025-04-26T19:37:50.120+0000] {processor.py:768} INFO - DAG(s) dict_keys(['example_short_circuit_decorator']) retrieved from /home/airflow/.local/lib/python3.7/site-packages/airflow/example_dags/example_short_circuit_decorator.py
[2025-04-26T19:37:50.153+0000] {logging_mixin.py:117} INFO - [2025-04-26T19:37:50.153+0000] {dag.py:2573} INFO - Sync 1 DAGs
[2025-04-26T19:37:50.171+0000] {logging_mixin.py:117} INFO - [2025-04-26T19:37:50.170+0000] {dag.py:3328} INFO - Setting next_dagrun for example_short_circuit_decorator to 2025-04-25T19:37:50.170670+00:00, run_after=2025-04-26T19:37:50.170670+00:00
[2025-04-26T19:37:50.185+0000] {processor.py:178} INFO - Processing /home/airflow/.local/lib/python3.7/site-packages/airflow/example_dags/example_short_circuit_decorator.py took 0.087 seconds
[2025-04-26T19:38:20.564+0000] {processor.py:156} INFO - Started process (PID=374) to work on /home/airflow/.local/lib/python3.7/site-packages/airflow/example_dags/example_short_circuit_decorator.py
[2025-04-26T19:38:20.565+0000] {processor.py:758} INFO - Processing file /home/airflow/.local/lib/python3.7/site-packages/airflow/example_dags/example_short_circuit_decorator.py for tasks to queue
[2025-04-26T19:38:20.566+0000] {logging_mixin.py:117} INFO - [2025-04-26T19:38:20.566+0000] {dagbag.py:525} INFO - Filling up the DagBag from /home/airflow/.local/lib/python3.7/site-packages/airflow/example_dags/example_short_circuit_decorator.py
[2025-04-26T19:38:20.583+0000] {processor.py:768} INFO - DAG(s) dict_keys(['example_short_circuit_decorator']) retrieved from /home/airflow/.local/lib/python3.7/site-packages/airflow/example_dags/example_short_circuit_decorator.py
[2025-04-26T19:38:20.616+0000] {logging_mixin.py:117} INFO - [2025-04-26T19:38:20.615+0000] {dag.py:2573} INFO - Sync 1 DAGs
[2025-04-26T19:38:20.631+0000] {logging_mixin.py:117} INFO - [2025-04-26T19:38:20.631+0000] {dag.py:3328} INFO - Setting next_dagrun for example_short_circuit_decorator to 2025-04-25T19:38:20.631505+00:00, run_after=2025-04-26T19:38:20.631505+00:00
[2025-04-26T19:38:20.644+0000] {processor.py:178} INFO - Processing /home/airflow/.local/lib/python3.7/site-packages/airflow/example_dags/example_short_circuit_decorator.py took 0.082 seconds
[2025-04-26T19:38:50.921+0000] {processor.py:156} INFO - Started process (PID=437) to work on /home/airflow/.local/lib/python3.7/site-packages/airflow/example_dags/example_short_circuit_decorator.py
[2025-04-26T19:38:50.923+0000] {processor.py:758} INFO - Processing file /home/airflow/.local/lib/python3.7/site-packages/airflow/example_dags/example_short_circuit_decorator.py for tasks to queue
[2025-04-26T19:38:50.923+0000] {logging_mixin.py:117} INFO - [2025-04-26T19:38:50.923+0000] {dagbag.py:525} INFO - Filling up the DagBag from /home/airflow/.local/lib/python3.7/site-packages/airflow/example_dags/example_short_circuit_decorator.py
[2025-04-26T19:38:50.939+0000] {processor.py:768} INFO - DAG(s) dict_keys(['example_short_circuit_decorator']) retrieved from /home/airflow/.local/lib/python3.7/site-packages/airflow/example_dags/example_short_circuit_decorator.py
[2025-04-26T19:38:50.968+0000] {logging_mixin.py:117} INFO - [2025-04-26T19:38:50.968+0000] {dag.py:2573} INFO - Sync 1 DAGs
[2025-04-26T19:38:50.985+0000] {logging_mixin.py:117} INFO - [2025-04-26T19:38:50.985+0000] {dag.py:3328} INFO - Setting next_dagrun for example_short_circuit_decorator to 2025-04-25T19:38:50.985328+00:00, run_after=2025-04-26T19:38:50.985328+00:00
[2025-04-26T19:38:51.000+0000] {processor.py:178} INFO - Processing /home/airflow/.local/lib/python3.7/site-packages/airflow/example_dags/example_short_circuit_decorator.py took 0.081 seconds
[2025-04-26T19:39:21.095+0000] {processor.py:156} INFO - Started process (PID=500) to work on /home/airflow/.local/lib/python3.7/site-packages/airflow/example_dags/example_short_circuit_decorator.py
[2025-04-26T19:39:21.097+0000] {processor.py:758} INFO - Processing file /home/airflow/.local/lib/python3.7/site-packages/airflow/example_dags/example_short_circuit_decorator.py for tasks to queue
[2025-04-26T19:39:21.097+0000] {logging_mixin.py:117} INFO - [2025-04-26T19:39:21.097+0000] {dagbag.py:525} INFO - Filling up the DagBag from /home/airflow/.local/lib/python3.7/site-packages/airflow/example_dags/example_short_circuit_decorator.py
[2025-04-26T19:39:21.116+0000] {processor.py:768} INFO - DAG(s) dict_keys(['example_short_circuit_decorator']) retrieved from /home/airflow/.local/lib/python3.7/site-packages/airflow/example_dags/example_short_circuit_decorator.py
[2025-04-26T19:39:21.151+0000] {logging_mixin.py:117} INFO - [2025-04-26T19:39:21.151+0000] {dag.py:2573} INFO - Sync 1 DAGs
[2025-04-26T19:39:21.173+0000] {logging_mixin.py:117} INFO - [2025-04-26T19:39:21.172+0000] {dag.py:3328} INFO - Setting next_dagrun for example_short_circuit_decorator to 2025-04-25T19:39:21.172731+00:00, run_after=2025-04-26T19:39:21.172731+00:00
[2025-04-26T19:39:21.188+0000] {processor.py:178} INFO - Processing /home/airflow/.local/lib/python3.7/site-packages/airflow/example_dags/example_short_circuit_decorator.py took 0.095 seconds
