[2025-04-26T19:32:22.390+0000] {processor.py:156} INFO - Started process (PID=86) to work on /home/airflow/.local/lib/python3.7/site-packages/airflow/example_dags/example_nested_branch_dag.py
[2025-04-26T19:32:22.390+0000] {processor.py:758} INFO - Processing file /home/airflow/.local/lib/python3.7/site-packages/airflow/example_dags/example_nested_branch_dag.py for tasks to queue
[2025-04-26T19:32:22.391+0000] {logging_mixin.py:117} INFO - [2025-04-26T19:32:22.391+0000] {dagbag.py:525} INFO - Filling up the DagBag from /home/airflow/.local/lib/python3.7/site-packages/airflow/example_dags/example_nested_branch_dag.py
[2025-04-26T19:32:22.412+0000] {processor.py:768} INFO - DAG(s) dict_keys(['example_nested_branch_dag']) retrieved from /home/airflow/.local/lib/python3.7/site-packages/airflow/example_dags/example_nested_branch_dag.py
[2025-04-26T19:32:22.448+0000] {logging_mixin.py:117} INFO - [2025-04-26T19:32:22.448+0000] {dag.py:2573} INFO - Sync 1 DAGs
[2025-04-26T19:32:22.476+0000] {logging_mixin.py:117} INFO - [2025-04-26T19:32:22.476+0000] {dag.py:3328} INFO - Setting next_dagrun for example_nested_branch_dag to 2025-04-25T00:00:00+00:00, run_after=2025-04-26T00:00:00+00:00
[2025-04-26T19:32:22.528+0000] {processor.py:178} INFO - Processing /home/airflow/.local/lib/python3.7/site-packages/airflow/example_dags/example_nested_branch_dag.py took 0.141 seconds
[2025-04-26T19:32:52.698+0000] {processor.py:156} INFO - Started process (PID=140) to work on /home/airflow/.local/lib/python3.7/site-packages/airflow/example_dags/example_nested_branch_dag.py
[2025-04-26T19:32:52.699+0000] {processor.py:758} INFO - Processing file /home/airflow/.local/lib/python3.7/site-packages/airflow/example_dags/example_nested_branch_dag.py for tasks to queue
[2025-04-26T19:32:52.700+0000] {logging_mixin.py:117} INFO - [2025-04-26T19:32:52.700+0000] {dagbag.py:525} INFO - Filling up the DagBag from /home/airflow/.local/lib/python3.7/site-packages/airflow/example_dags/example_nested_branch_dag.py
[2025-04-26T19:32:52.718+0000] {processor.py:768} INFO - DAG(s) dict_keys(['example_nested_branch_dag']) retrieved from /home/airflow/.local/lib/python3.7/site-packages/airflow/example_dags/example_nested_branch_dag.py
[2025-04-26T19:32:52.747+0000] {logging_mixin.py:117} INFO - [2025-04-26T19:32:52.747+0000] {dag.py:2573} INFO - Sync 1 DAGs
[2025-04-26T19:32:52.765+0000] {logging_mixin.py:117} INFO - [2025-04-26T19:32:52.765+0000] {dag.py:3328} INFO - Setting next_dagrun for example_nested_branch_dag to 2025-04-25T00:00:00+00:00, run_after=2025-04-26T00:00:00+00:00
[2025-04-26T19:32:52.788+0000] {processor.py:178} INFO - Processing /home/airflow/.local/lib/python3.7/site-packages/airflow/example_dags/example_nested_branch_dag.py took 0.093 seconds
[2025-04-26T19:33:23.560+0000] {processor.py:156} INFO - Started process (PID=204) to work on /home/airflow/.local/lib/python3.7/site-packages/airflow/example_dags/example_nested_branch_dag.py
[2025-04-26T19:33:23.574+0000] {processor.py:758} INFO - Processing file /home/airflow/.local/lib/python3.7/site-packages/airflow/example_dags/example_nested_branch_dag.py for tasks to queue
[2025-04-26T19:33:23.575+0000] {logging_mixin.py:117} INFO - [2025-04-26T19:33:23.575+0000] {dagbag.py:525} INFO - Filling up the DagBag from /home/airflow/.local/lib/python3.7/site-packages/airflow/example_dags/example_nested_branch_dag.py
[2025-04-26T19:33:23.596+0000] {processor.py:768} INFO - DAG(s) dict_keys(['example_nested_branch_dag']) retrieved from /home/airflow/.local/lib/python3.7/site-packages/airflow/example_dags/example_nested_branch_dag.py
[2025-04-26T19:33:23.630+0000] {logging_mixin.py:117} INFO - [2025-04-26T19:33:23.630+0000] {dag.py:2573} INFO - Sync 1 DAGs
[2025-04-26T19:33:23.654+0000] {logging_mixin.py:117} INFO - [2025-04-26T19:33:23.654+0000] {dag.py:3328} INFO - Setting next_dagrun for example_nested_branch_dag to 2025-04-25T00:00:00+00:00, run_after=2025-04-26T00:00:00+00:00
[2025-04-26T19:33:23.684+0000] {processor.py:178} INFO - Processing /home/airflow/.local/lib/python3.7/site-packages/airflow/example_dags/example_nested_branch_dag.py took 0.126 seconds
[2025-04-26T19:33:54.012+0000] {processor.py:156} INFO - Started process (PID=267) to work on /home/airflow/.local/lib/python3.7/site-packages/airflow/example_dags/example_nested_branch_dag.py
[2025-04-26T19:33:54.013+0000] {processor.py:758} INFO - Processing file /home/airflow/.local/lib/python3.7/site-packages/airflow/example_dags/example_nested_branch_dag.py for tasks to queue
[2025-04-26T19:33:54.013+0000] {logging_mixin.py:117} INFO - [2025-04-26T19:33:54.013+0000] {dagbag.py:525} INFO - Filling up the DagBag from /home/airflow/.local/lib/python3.7/site-packages/airflow/example_dags/example_nested_branch_dag.py
[2025-04-26T19:33:54.032+0000] {processor.py:768} INFO - DAG(s) dict_keys(['example_nested_branch_dag']) retrieved from /home/airflow/.local/lib/python3.7/site-packages/airflow/example_dags/example_nested_branch_dag.py
[2025-04-26T19:33:54.064+0000] {logging_mixin.py:117} INFO - [2025-04-26T19:33:54.064+0000] {dag.py:2573} INFO - Sync 1 DAGs
[2025-04-26T19:33:54.082+0000] {logging_mixin.py:117} INFO - [2025-04-26T19:33:54.082+0000] {dag.py:3328} INFO - Setting next_dagrun for example_nested_branch_dag to 2025-04-25T00:00:00+00:00, run_after=2025-04-26T00:00:00+00:00
[2025-04-26T19:33:54.097+0000] {processor.py:178} INFO - Processing /home/airflow/.local/lib/python3.7/site-packages/airflow/example_dags/example_nested_branch_dag.py took 0.088 seconds
[2025-04-26T19:34:25.146+0000] {processor.py:156} INFO - Started process (PID=330) to work on /home/airflow/.local/lib/python3.7/site-packages/airflow/example_dags/example_nested_branch_dag.py
[2025-04-26T19:34:25.146+0000] {processor.py:758} INFO - Processing file /home/airflow/.local/lib/python3.7/site-packages/airflow/example_dags/example_nested_branch_dag.py for tasks to queue
[2025-04-26T19:34:25.147+0000] {logging_mixin.py:117} INFO - [2025-04-26T19:34:25.147+0000] {dagbag.py:525} INFO - Filling up the DagBag from /home/airflow/.local/lib/python3.7/site-packages/airflow/example_dags/example_nested_branch_dag.py
[2025-04-26T19:34:25.167+0000] {processor.py:768} INFO - DAG(s) dict_keys(['example_nested_branch_dag']) retrieved from /home/airflow/.local/lib/python3.7/site-packages/airflow/example_dags/example_nested_branch_dag.py
[2025-04-26T19:34:25.199+0000] {logging_mixin.py:117} INFO - [2025-04-26T19:34:25.199+0000] {dag.py:2573} INFO - Sync 1 DAGs
[2025-04-26T19:34:25.218+0000] {logging_mixin.py:117} INFO - [2025-04-26T19:34:25.218+0000] {dag.py:3328} INFO - Setting next_dagrun for example_nested_branch_dag to 2025-04-25T00:00:00+00:00, run_after=2025-04-26T00:00:00+00:00
[2025-04-26T19:34:25.236+0000] {processor.py:178} INFO - Processing /home/airflow/.local/lib/python3.7/site-packages/airflow/example_dags/example_nested_branch_dag.py took 0.093 seconds
[2025-04-26T19:35:48.423+0000] {processor.py:156} INFO - Started process (PID=77) to work on /home/airflow/.local/lib/python3.7/site-packages/airflow/example_dags/example_nested_branch_dag.py
[2025-04-26T19:35:48.424+0000] {processor.py:758} INFO - Processing file /home/airflow/.local/lib/python3.7/site-packages/airflow/example_dags/example_nested_branch_dag.py for tasks to queue
[2025-04-26T19:35:48.424+0000] {logging_mixin.py:117} INFO - [2025-04-26T19:35:48.424+0000] {dagbag.py:525} INFO - Filling up the DagBag from /home/airflow/.local/lib/python3.7/site-packages/airflow/example_dags/example_nested_branch_dag.py
[2025-04-26T19:35:48.443+0000] {processor.py:768} INFO - DAG(s) dict_keys(['example_nested_branch_dag']) retrieved from /home/airflow/.local/lib/python3.7/site-packages/airflow/example_dags/example_nested_branch_dag.py
[2025-04-26T19:35:48.461+0000] {logging_mixin.py:117} INFO - [2025-04-26T19:35:48.461+0000] {dag.py:2573} INFO - Sync 1 DAGs
[2025-04-26T19:35:48.481+0000] {logging_mixin.py:117} INFO - [2025-04-26T19:35:48.480+0000] {dag.py:3328} INFO - Setting next_dagrun for example_nested_branch_dag to 2025-04-25T00:00:00+00:00, run_after=2025-04-26T00:00:00+00:00
[2025-04-26T19:35:48.498+0000] {processor.py:178} INFO - Processing /home/airflow/.local/lib/python3.7/site-packages/airflow/example_dags/example_nested_branch_dag.py took 0.077 seconds
[2025-04-26T19:36:19.326+0000] {processor.py:156} INFO - Started process (PID=128) to work on /home/airflow/.local/lib/python3.7/site-packages/airflow/example_dags/example_nested_branch_dag.py
[2025-04-26T19:36:19.326+0000] {processor.py:758} INFO - Processing file /home/airflow/.local/lib/python3.7/site-packages/airflow/example_dags/example_nested_branch_dag.py for tasks to queue
[2025-04-26T19:36:19.327+0000] {logging_mixin.py:117} INFO - [2025-04-26T19:36:19.327+0000] {dagbag.py:525} INFO - Filling up the DagBag from /home/airflow/.local/lib/python3.7/site-packages/airflow/example_dags/example_nested_branch_dag.py
[2025-04-26T19:36:19.342+0000] {processor.py:768} INFO - DAG(s) dict_keys(['example_nested_branch_dag']) retrieved from /home/airflow/.local/lib/python3.7/site-packages/airflow/example_dags/example_nested_branch_dag.py
[2025-04-26T19:36:19.370+0000] {logging_mixin.py:117} INFO - [2025-04-26T19:36:19.370+0000] {dag.py:2573} INFO - Sync 1 DAGs
[2025-04-26T19:36:19.387+0000] {logging_mixin.py:117} INFO - [2025-04-26T19:36:19.387+0000] {dag.py:3328} INFO - Setting next_dagrun for example_nested_branch_dag to 2025-04-25T00:00:00+00:00, run_after=2025-04-26T00:00:00+00:00
[2025-04-26T19:36:19.402+0000] {processor.py:178} INFO - Processing /home/airflow/.local/lib/python3.7/site-packages/airflow/example_dags/example_nested_branch_dag.py took 0.079 seconds
[2025-04-26T19:36:49.915+0000] {processor.py:156} INFO - Started process (PID=194) to work on /home/airflow/.local/lib/python3.7/site-packages/airflow/example_dags/example_nested_branch_dag.py
[2025-04-26T19:36:49.916+0000] {processor.py:758} INFO - Processing file /home/airflow/.local/lib/python3.7/site-packages/airflow/example_dags/example_nested_branch_dag.py for tasks to queue
[2025-04-26T19:36:49.917+0000] {logging_mixin.py:117} INFO - [2025-04-26T19:36:49.917+0000] {dagbag.py:525} INFO - Filling up the DagBag from /home/airflow/.local/lib/python3.7/site-packages/airflow/example_dags/example_nested_branch_dag.py
[2025-04-26T19:36:49.934+0000] {processor.py:768} INFO - DAG(s) dict_keys(['example_nested_branch_dag']) retrieved from /home/airflow/.local/lib/python3.7/site-packages/airflow/example_dags/example_nested_branch_dag.py
[2025-04-26T19:36:49.964+0000] {logging_mixin.py:117} INFO - [2025-04-26T19:36:49.963+0000] {dag.py:2573} INFO - Sync 1 DAGs
[2025-04-26T19:36:49.980+0000] {logging_mixin.py:117} INFO - [2025-04-26T19:36:49.979+0000] {dag.py:3328} INFO - Setting next_dagrun for example_nested_branch_dag to 2025-04-25T00:00:00+00:00, run_after=2025-04-26T00:00:00+00:00
[2025-04-26T19:36:49.994+0000] {processor.py:178} INFO - Processing /home/airflow/.local/lib/python3.7/site-packages/airflow/example_dags/example_nested_branch_dag.py took 0.081 seconds
[2025-04-26T19:37:20.532+0000] {processor.py:156} INFO - Started process (PID=261) to work on /home/airflow/.local/lib/python3.7/site-packages/airflow/example_dags/example_nested_branch_dag.py
[2025-04-26T19:37:20.533+0000] {processor.py:758} INFO - Processing file /home/airflow/.local/lib/python3.7/site-packages/airflow/example_dags/example_nested_branch_dag.py for tasks to queue
[2025-04-26T19:37:20.533+0000] {logging_mixin.py:117} INFO - [2025-04-26T19:37:20.533+0000] {dagbag.py:525} INFO - Filling up the DagBag from /home/airflow/.local/lib/python3.7/site-packages/airflow/example_dags/example_nested_branch_dag.py
[2025-04-26T19:37:20.550+0000] {processor.py:768} INFO - DAG(s) dict_keys(['example_nested_branch_dag']) retrieved from /home/airflow/.local/lib/python3.7/site-packages/airflow/example_dags/example_nested_branch_dag.py
[2025-04-26T19:37:20.578+0000] {logging_mixin.py:117} INFO - [2025-04-26T19:37:20.578+0000] {dag.py:2573} INFO - Sync 1 DAGs
[2025-04-26T19:37:20.594+0000] {logging_mixin.py:117} INFO - [2025-04-26T19:37:20.593+0000] {dag.py:3328} INFO - Setting next_dagrun for example_nested_branch_dag to 2025-04-25T00:00:00+00:00, run_after=2025-04-26T00:00:00+00:00
[2025-04-26T19:37:20.606+0000] {processor.py:178} INFO - Processing /home/airflow/.local/lib/python3.7/site-packages/airflow/example_dags/example_nested_branch_dag.py took 0.076 seconds
[2025-04-26T19:37:50.849+0000] {processor.py:156} INFO - Started process (PID=324) to work on /home/airflow/.local/lib/python3.7/site-packages/airflow/example_dags/example_nested_branch_dag.py
[2025-04-26T19:37:50.850+0000] {processor.py:758} INFO - Processing file /home/airflow/.local/lib/python3.7/site-packages/airflow/example_dags/example_nested_branch_dag.py for tasks to queue
[2025-04-26T19:37:50.850+0000] {logging_mixin.py:117} INFO - [2025-04-26T19:37:50.850+0000] {dagbag.py:525} INFO - Filling up the DagBag from /home/airflow/.local/lib/python3.7/site-packages/airflow/example_dags/example_nested_branch_dag.py
[2025-04-26T19:37:50.868+0000] {processor.py:768} INFO - DAG(s) dict_keys(['example_nested_branch_dag']) retrieved from /home/airflow/.local/lib/python3.7/site-packages/airflow/example_dags/example_nested_branch_dag.py
[2025-04-26T19:37:50.900+0000] {logging_mixin.py:117} INFO - [2025-04-26T19:37:50.900+0000] {dag.py:2573} INFO - Sync 1 DAGs
[2025-04-26T19:37:50.916+0000] {logging_mixin.py:117} INFO - [2025-04-26T19:37:50.915+0000] {dag.py:3328} INFO - Setting next_dagrun for example_nested_branch_dag to 2025-04-25T00:00:00+00:00, run_after=2025-04-26T00:00:00+00:00
[2025-04-26T19:37:50.929+0000] {processor.py:178} INFO - Processing /home/airflow/.local/lib/python3.7/site-packages/airflow/example_dags/example_nested_branch_dag.py took 0.082 seconds
[2025-04-26T19:38:21.192+0000] {processor.py:156} INFO - Started process (PID=387) to work on /home/airflow/.local/lib/python3.7/site-packages/airflow/example_dags/example_nested_branch_dag.py
[2025-04-26T19:38:21.193+0000] {processor.py:758} INFO - Processing file /home/airflow/.local/lib/python3.7/site-packages/airflow/example_dags/example_nested_branch_dag.py for tasks to queue
[2025-04-26T19:38:21.194+0000] {logging_mixin.py:117} INFO - [2025-04-26T19:38:21.194+0000] {dagbag.py:525} INFO - Filling up the DagBag from /home/airflow/.local/lib/python3.7/site-packages/airflow/example_dags/example_nested_branch_dag.py
[2025-04-26T19:38:21.213+0000] {processor.py:768} INFO - DAG(s) dict_keys(['example_nested_branch_dag']) retrieved from /home/airflow/.local/lib/python3.7/site-packages/airflow/example_dags/example_nested_branch_dag.py
[2025-04-26T19:38:21.240+0000] {logging_mixin.py:117} INFO - [2025-04-26T19:38:21.240+0000] {dag.py:2573} INFO - Sync 1 DAGs
[2025-04-26T19:38:21.259+0000] {logging_mixin.py:117} INFO - [2025-04-26T19:38:21.259+0000] {dag.py:3328} INFO - Setting next_dagrun for example_nested_branch_dag to 2025-04-25T00:00:00+00:00, run_after=2025-04-26T00:00:00+00:00
[2025-04-26T19:38:21.272+0000] {processor.py:178} INFO - Processing /home/airflow/.local/lib/python3.7/site-packages/airflow/example_dags/example_nested_branch_dag.py took 0.083 seconds
[2025-04-26T19:38:51.746+0000] {processor.py:156} INFO - Started process (PID=454) to work on /home/airflow/.local/lib/python3.7/site-packages/airflow/example_dags/example_nested_branch_dag.py
[2025-04-26T19:38:51.747+0000] {processor.py:758} INFO - Processing file /home/airflow/.local/lib/python3.7/site-packages/airflow/example_dags/example_nested_branch_dag.py for tasks to queue
[2025-04-26T19:38:51.748+0000] {logging_mixin.py:117} INFO - [2025-04-26T19:38:51.747+0000] {dagbag.py:525} INFO - Filling up the DagBag from /home/airflow/.local/lib/python3.7/site-packages/airflow/example_dags/example_nested_branch_dag.py
[2025-04-26T19:38:51.764+0000] {processor.py:768} INFO - DAG(s) dict_keys(['example_nested_branch_dag']) retrieved from /home/airflow/.local/lib/python3.7/site-packages/airflow/example_dags/example_nested_branch_dag.py
[2025-04-26T19:38:51.792+0000] {logging_mixin.py:117} INFO - [2025-04-26T19:38:51.792+0000] {dag.py:2573} INFO - Sync 1 DAGs
[2025-04-26T19:38:51.808+0000] {logging_mixin.py:117} INFO - [2025-04-26T19:38:51.808+0000] {dag.py:3328} INFO - Setting next_dagrun for example_nested_branch_dag to 2025-04-25T00:00:00+00:00, run_after=2025-04-26T00:00:00+00:00
[2025-04-26T19:38:51.822+0000] {processor.py:178} INFO - Processing /home/airflow/.local/lib/python3.7/site-packages/airflow/example_dags/example_nested_branch_dag.py took 0.078 seconds
[2025-04-26T19:39:22.459+0000] {processor.py:156} INFO - Started process (PID=519) to work on /home/airflow/.local/lib/python3.7/site-packages/airflow/example_dags/example_nested_branch_dag.py
[2025-04-26T19:39:22.460+0000] {processor.py:758} INFO - Processing file /home/airflow/.local/lib/python3.7/site-packages/airflow/example_dags/example_nested_branch_dag.py for tasks to queue
[2025-04-26T19:39:22.460+0000] {logging_mixin.py:117} INFO - [2025-04-26T19:39:22.460+0000] {dagbag.py:525} INFO - Filling up the DagBag from /home/airflow/.local/lib/python3.7/site-packages/airflow/example_dags/example_nested_branch_dag.py
[2025-04-26T19:39:22.477+0000] {processor.py:768} INFO - DAG(s) dict_keys(['example_nested_branch_dag']) retrieved from /home/airflow/.local/lib/python3.7/site-packages/airflow/example_dags/example_nested_branch_dag.py
[2025-04-26T19:39:22.507+0000] {logging_mixin.py:117} INFO - [2025-04-26T19:39:22.507+0000] {dag.py:2573} INFO - Sync 1 DAGs
[2025-04-26T19:39:22.527+0000] {logging_mixin.py:117} INFO - [2025-04-26T19:39:22.527+0000] {dag.py:3328} INFO - Setting next_dagrun for example_nested_branch_dag to 2025-04-25T00:00:00+00:00, run_after=2025-04-26T00:00:00+00:00
[2025-04-26T19:39:22.541+0000] {processor.py:178} INFO - Processing /home/airflow/.local/lib/python3.7/site-packages/airflow/example_dags/example_nested_branch_dag.py took 0.085 seconds
[2025-04-26T19:39:52.929+0000] {processor.py:156} INFO - Started process (PID=582) to work on /home/airflow/.local/lib/python3.7/site-packages/airflow/example_dags/example_nested_branch_dag.py
[2025-04-26T19:39:52.930+0000] {processor.py:758} INFO - Processing file /home/airflow/.local/lib/python3.7/site-packages/airflow/example_dags/example_nested_branch_dag.py for tasks to queue
[2025-04-26T19:39:52.931+0000] {logging_mixin.py:117} INFO - [2025-04-26T19:39:52.931+0000] {dagbag.py:525} INFO - Filling up the DagBag from /home/airflow/.local/lib/python3.7/site-packages/airflow/example_dags/example_nested_branch_dag.py
[2025-04-26T19:39:52.950+0000] {processor.py:768} INFO - DAG(s) dict_keys(['example_nested_branch_dag']) retrieved from /home/airflow/.local/lib/python3.7/site-packages/airflow/example_dags/example_nested_branch_dag.py
[2025-04-26T19:39:52.992+0000] {logging_mixin.py:117} INFO - [2025-04-26T19:39:52.991+0000] {dag.py:2573} INFO - Sync 1 DAGs
[2025-04-26T19:39:53.029+0000] {logging_mixin.py:117} INFO - [2025-04-26T19:39:53.028+0000] {dag.py:3328} INFO - Setting next_dagrun for example_nested_branch_dag to 2025-04-25T00:00:00+00:00, run_after=2025-04-26T00:00:00+00:00
[2025-04-26T19:39:53.048+0000] {processor.py:178} INFO - Processing /home/airflow/.local/lib/python3.7/site-packages/airflow/example_dags/example_nested_branch_dag.py took 0.121 seconds
[2025-04-26T19:40:23.332+0000] {processor.py:156} INFO - Started process (PID=636) to work on /home/airflow/.local/lib/python3.7/site-packages/airflow/example_dags/example_nested_branch_dag.py
[2025-04-26T19:40:23.333+0000] {processor.py:758} INFO - Processing file /home/airflow/.local/lib/python3.7/site-packages/airflow/example_dags/example_nested_branch_dag.py for tasks to queue
[2025-04-26T19:40:23.334+0000] {logging_mixin.py:117} INFO - [2025-04-26T19:40:23.334+0000] {dagbag.py:525} INFO - Filling up the DagBag from /home/airflow/.local/lib/python3.7/site-packages/airflow/example_dags/example_nested_branch_dag.py
[2025-04-26T19:40:23.352+0000] {processor.py:768} INFO - DAG(s) dict_keys(['example_nested_branch_dag']) retrieved from /home/airflow/.local/lib/python3.7/site-packages/airflow/example_dags/example_nested_branch_dag.py
[2025-04-26T19:40:23.383+0000] {logging_mixin.py:117} INFO - [2025-04-26T19:40:23.383+0000] {dag.py:2573} INFO - Sync 1 DAGs
[2025-04-26T19:40:23.401+0000] {logging_mixin.py:117} INFO - [2025-04-26T19:40:23.400+0000] {dag.py:3328} INFO - Setting next_dagrun for example_nested_branch_dag to 2025-04-25T00:00:00+00:00, run_after=2025-04-26T00:00:00+00:00
[2025-04-26T19:40:23.415+0000] {processor.py:178} INFO - Processing /home/airflow/.local/lib/python3.7/site-packages/airflow/example_dags/example_nested_branch_dag.py took 0.085 seconds
[2025-04-26T19:40:53.979+0000] {processor.py:156} INFO - Started process (PID=700) to work on /home/airflow/.local/lib/python3.7/site-packages/airflow/example_dags/example_nested_branch_dag.py
[2025-04-26T19:40:53.980+0000] {processor.py:758} INFO - Processing file /home/airflow/.local/lib/python3.7/site-packages/airflow/example_dags/example_nested_branch_dag.py for tasks to queue
[2025-04-26T19:40:53.980+0000] {logging_mixin.py:117} INFO - [2025-04-26T19:40:53.980+0000] {dagbag.py:525} INFO - Filling up the DagBag from /home/airflow/.local/lib/python3.7/site-packages/airflow/example_dags/example_nested_branch_dag.py
[2025-04-26T19:40:53.998+0000] {processor.py:768} INFO - DAG(s) dict_keys(['example_nested_branch_dag']) retrieved from /home/airflow/.local/lib/python3.7/site-packages/airflow/example_dags/example_nested_branch_dag.py
[2025-04-26T19:40:54.027+0000] {logging_mixin.py:117} INFO - [2025-04-26T19:40:54.027+0000] {dag.py:2573} INFO - Sync 1 DAGs
[2025-04-26T19:40:54.047+0000] {logging_mixin.py:117} INFO - [2025-04-26T19:40:54.047+0000] {dag.py:3328} INFO - Setting next_dagrun for example_nested_branch_dag to 2025-04-25T00:00:00+00:00, run_after=2025-04-26T00:00:00+00:00
[2025-04-26T19:40:54.063+0000] {processor.py:178} INFO - Processing /home/airflow/.local/lib/python3.7/site-packages/airflow/example_dags/example_nested_branch_dag.py took 0.087 seconds
