[2025-04-26T19:32:18.077+0000] {processor.py:156} INFO - Started process (PID=54) to work on /home/airflow/.local/lib/python3.7/site-packages/airflow/example_dags/example_skip_dag.py
[2025-04-26T19:32:18.078+0000] {processor.py:758} INFO - Processing file /home/airflow/.local/lib/python3.7/site-packages/airflow/example_dags/example_skip_dag.py for tasks to queue
[2025-04-26T19:32:18.079+0000] {logging_mixin.py:117} INFO - [2025-04-26T19:32:18.078+0000] {dagbag.py:525} INFO - Filling up the DagBag from /home/airflow/.local/lib/python3.7/site-packages/airflow/example_dags/example_skip_dag.py
[2025-04-26T19:32:18.090+0000] {processor.py:768} INFO - DAG(s) dict_keys(['example_skip_dag']) retrieved from /home/airflow/.local/lib/python3.7/site-packages/airflow/example_dags/example_skip_dag.py
[2025-04-26T19:32:18.111+0000] {logging_mixin.py:117} INFO - [2025-04-26T19:32:18.111+0000] {dag.py:2573} INFO - Sync 1 DAGs
[2025-04-26T19:32:18.135+0000] {logging_mixin.py:117} INFO - [2025-04-26T19:32:18.135+0000] {dag.py:3328} INFO - Setting next_dagrun for example_skip_dag to 2025-04-25T19:32:18.133897+00:00, run_after=2025-04-26T19:32:18.133897+00:00
[2025-04-26T19:32:18.171+0000] {processor.py:178} INFO - Processing /home/airflow/.local/lib/python3.7/site-packages/airflow/example_dags/example_skip_dag.py took 0.096 seconds
[2025-04-26T19:32:48.379+0000] {processor.py:156} INFO - Started process (PID=117) to work on /home/airflow/.local/lib/python3.7/site-packages/airflow/example_dags/example_skip_dag.py
[2025-04-26T19:32:48.380+0000] {processor.py:758} INFO - Processing file /home/airflow/.local/lib/python3.7/site-packages/airflow/example_dags/example_skip_dag.py for tasks to queue
[2025-04-26T19:32:48.380+0000] {logging_mixin.py:117} INFO - [2025-04-26T19:32:48.380+0000] {dagbag.py:525} INFO - Filling up the DagBag from /home/airflow/.local/lib/python3.7/site-packages/airflow/example_dags/example_skip_dag.py
[2025-04-26T19:32:48.391+0000] {processor.py:768} INFO - DAG(s) dict_keys(['example_skip_dag']) retrieved from /home/airflow/.local/lib/python3.7/site-packages/airflow/example_dags/example_skip_dag.py
[2025-04-26T19:32:48.422+0000] {logging_mixin.py:117} INFO - [2025-04-26T19:32:48.421+0000] {dag.py:2573} INFO - Sync 1 DAGs
[2025-04-26T19:32:48.439+0000] {logging_mixin.py:117} INFO - [2025-04-26T19:32:48.439+0000] {dag.py:3328} INFO - Setting next_dagrun for example_skip_dag to 2025-04-25T19:32:48.439553+00:00, run_after=2025-04-26T19:32:48.439553+00:00
[2025-04-26T19:32:48.466+0000] {processor.py:178} INFO - Processing /home/airflow/.local/lib/python3.7/site-packages/airflow/example_dags/example_skip_dag.py took 0.089 seconds
[2025-04-26T19:33:19.044+0000] {processor.py:156} INFO - Started process (PID=181) to work on /home/airflow/.local/lib/python3.7/site-packages/airflow/example_dags/example_skip_dag.py
[2025-04-26T19:33:19.044+0000] {processor.py:758} INFO - Processing file /home/airflow/.local/lib/python3.7/site-packages/airflow/example_dags/example_skip_dag.py for tasks to queue
[2025-04-26T19:33:19.045+0000] {logging_mixin.py:117} INFO - [2025-04-26T19:33:19.045+0000] {dagbag.py:525} INFO - Filling up the DagBag from /home/airflow/.local/lib/python3.7/site-packages/airflow/example_dags/example_skip_dag.py
[2025-04-26T19:33:19.057+0000] {processor.py:768} INFO - DAG(s) dict_keys(['example_skip_dag']) retrieved from /home/airflow/.local/lib/python3.7/site-packages/airflow/example_dags/example_skip_dag.py
[2025-04-26T19:33:19.090+0000] {logging_mixin.py:117} INFO - [2025-04-26T19:33:19.090+0000] {dag.py:2573} INFO - Sync 1 DAGs
[2025-04-26T19:33:19.124+0000] {logging_mixin.py:117} INFO - [2025-04-26T19:33:19.124+0000] {dag.py:3328} INFO - Setting next_dagrun for example_skip_dag to 2025-04-25T19:33:19.124597+00:00, run_after=2025-04-26T19:33:19.124597+00:00
[2025-04-26T19:33:19.141+0000] {processor.py:178} INFO - Processing /home/airflow/.local/lib/python3.7/site-packages/airflow/example_dags/example_skip_dag.py took 0.100 seconds
[2025-04-26T19:33:49.710+0000] {processor.py:156} INFO - Started process (PID=244) to work on /home/airflow/.local/lib/python3.7/site-packages/airflow/example_dags/example_skip_dag.py
[2025-04-26T19:33:49.712+0000] {processor.py:758} INFO - Processing file /home/airflow/.local/lib/python3.7/site-packages/airflow/example_dags/example_skip_dag.py for tasks to queue
[2025-04-26T19:33:49.712+0000] {logging_mixin.py:117} INFO - [2025-04-26T19:33:49.712+0000] {dagbag.py:525} INFO - Filling up the DagBag from /home/airflow/.local/lib/python3.7/site-packages/airflow/example_dags/example_skip_dag.py
[2025-04-26T19:33:49.723+0000] {processor.py:768} INFO - DAG(s) dict_keys(['example_skip_dag']) retrieved from /home/airflow/.local/lib/python3.7/site-packages/airflow/example_dags/example_skip_dag.py
[2025-04-26T19:33:49.757+0000] {logging_mixin.py:117} INFO - [2025-04-26T19:33:49.757+0000] {dag.py:2573} INFO - Sync 1 DAGs
[2025-04-26T19:33:49.775+0000] {logging_mixin.py:117} INFO - [2025-04-26T19:33:49.775+0000] {dag.py:3328} INFO - Setting next_dagrun for example_skip_dag to 2025-04-25T19:33:49.775004+00:00, run_after=2025-04-26T19:33:49.775004+00:00
[2025-04-26T19:33:49.791+0000] {processor.py:178} INFO - Processing /home/airflow/.local/lib/python3.7/site-packages/airflow/example_dags/example_skip_dag.py took 0.083 seconds
[2025-04-26T19:34:20.992+0000] {processor.py:156} INFO - Started process (PID=307) to work on /home/airflow/.local/lib/python3.7/site-packages/airflow/example_dags/example_skip_dag.py
[2025-04-26T19:34:20.994+0000] {processor.py:758} INFO - Processing file /home/airflow/.local/lib/python3.7/site-packages/airflow/example_dags/example_skip_dag.py for tasks to queue
[2025-04-26T19:34:20.995+0000] {logging_mixin.py:117} INFO - [2025-04-26T19:34:20.994+0000] {dagbag.py:525} INFO - Filling up the DagBag from /home/airflow/.local/lib/python3.7/site-packages/airflow/example_dags/example_skip_dag.py
[2025-04-26T19:34:21.019+0000] {processor.py:768} INFO - DAG(s) dict_keys(['example_skip_dag']) retrieved from /home/airflow/.local/lib/python3.7/site-packages/airflow/example_dags/example_skip_dag.py
[2025-04-26T19:34:21.063+0000] {logging_mixin.py:117} INFO - [2025-04-26T19:34:21.063+0000] {dag.py:2573} INFO - Sync 1 DAGs
[2025-04-26T19:34:21.169+0000] {logging_mixin.py:117} INFO - [2025-04-26T19:34:21.168+0000] {dag.py:3328} INFO - Setting next_dagrun for example_skip_dag to 2025-04-25T19:34:21.166442+00:00, run_after=2025-04-26T19:34:21.166442+00:00
[2025-04-26T19:34:21.222+0000] {processor.py:178} INFO - Processing /home/airflow/.local/lib/python3.7/site-packages/airflow/example_dags/example_skip_dag.py took 0.234 seconds
[2025-04-26T19:35:48.356+0000] {processor.py:156} INFO - Started process (PID=54) to work on /home/airflow/.local/lib/python3.7/site-packages/airflow/example_dags/example_skip_dag.py
[2025-04-26T19:35:48.356+0000] {processor.py:758} INFO - Processing file /home/airflow/.local/lib/python3.7/site-packages/airflow/example_dags/example_skip_dag.py for tasks to queue
[2025-04-26T19:35:48.357+0000] {logging_mixin.py:117} INFO - [2025-04-26T19:35:48.357+0000] {dagbag.py:525} INFO - Filling up the DagBag from /home/airflow/.local/lib/python3.7/site-packages/airflow/example_dags/example_skip_dag.py
[2025-04-26T19:35:48.367+0000] {processor.py:768} INFO - DAG(s) dict_keys(['example_skip_dag']) retrieved from /home/airflow/.local/lib/python3.7/site-packages/airflow/example_dags/example_skip_dag.py
[2025-04-26T19:35:48.386+0000] {logging_mixin.py:117} INFO - [2025-04-26T19:35:48.386+0000] {dag.py:2573} INFO - Sync 1 DAGs
[2025-04-26T19:35:48.404+0000] {logging_mixin.py:117} INFO - [2025-04-26T19:35:48.404+0000] {dag.py:3328} INFO - Setting next_dagrun for example_skip_dag to 2025-04-25T19:35:48.404122+00:00, run_after=2025-04-26T19:35:48.404122+00:00
[2025-04-26T19:35:48.418+0000] {processor.py:178} INFO - Processing /home/airflow/.local/lib/python3.7/site-packages/airflow/example_dags/example_skip_dag.py took 0.065 seconds
[2025-04-26T19:36:18.716+0000] {processor.py:156} INFO - Started process (PID=117) to work on /home/airflow/.local/lib/python3.7/site-packages/airflow/example_dags/example_skip_dag.py
[2025-04-26T19:36:18.718+0000] {processor.py:758} INFO - Processing file /home/airflow/.local/lib/python3.7/site-packages/airflow/example_dags/example_skip_dag.py for tasks to queue
[2025-04-26T19:36:18.718+0000] {logging_mixin.py:117} INFO - [2025-04-26T19:36:18.718+0000] {dagbag.py:525} INFO - Filling up the DagBag from /home/airflow/.local/lib/python3.7/site-packages/airflow/example_dags/example_skip_dag.py
[2025-04-26T19:36:18.727+0000] {processor.py:768} INFO - DAG(s) dict_keys(['example_skip_dag']) retrieved from /home/airflow/.local/lib/python3.7/site-packages/airflow/example_dags/example_skip_dag.py
[2025-04-26T19:36:18.755+0000] {logging_mixin.py:117} INFO - [2025-04-26T19:36:18.755+0000] {dag.py:2573} INFO - Sync 1 DAGs
[2025-04-26T19:36:18.769+0000] {logging_mixin.py:117} INFO - [2025-04-26T19:36:18.769+0000] {dag.py:3328} INFO - Setting next_dagrun for example_skip_dag to 2025-04-25T19:36:18.769575+00:00, run_after=2025-04-26T19:36:18.769575+00:00
[2025-04-26T19:36:18.784+0000] {processor.py:178} INFO - Processing /home/airflow/.local/lib/python3.7/site-packages/airflow/example_dags/example_skip_dag.py took 0.070 seconds
[2025-04-26T19:36:49.113+0000] {processor.py:156} INFO - Started process (PID=181) to work on /home/airflow/.local/lib/python3.7/site-packages/airflow/example_dags/example_skip_dag.py
[2025-04-26T19:36:49.114+0000] {processor.py:758} INFO - Processing file /home/airflow/.local/lib/python3.7/site-packages/airflow/example_dags/example_skip_dag.py for tasks to queue
[2025-04-26T19:36:49.114+0000] {logging_mixin.py:117} INFO - [2025-04-26T19:36:49.114+0000] {dagbag.py:525} INFO - Filling up the DagBag from /home/airflow/.local/lib/python3.7/site-packages/airflow/example_dags/example_skip_dag.py
[2025-04-26T19:36:49.124+0000] {processor.py:768} INFO - DAG(s) dict_keys(['example_skip_dag']) retrieved from /home/airflow/.local/lib/python3.7/site-packages/airflow/example_dags/example_skip_dag.py
[2025-04-26T19:36:49.154+0000] {logging_mixin.py:117} INFO - [2025-04-26T19:36:49.154+0000] {dag.py:2573} INFO - Sync 1 DAGs
[2025-04-26T19:36:49.169+0000] {logging_mixin.py:117} INFO - [2025-04-26T19:36:49.169+0000] {dag.py:3328} INFO - Setting next_dagrun for example_skip_dag to 2025-04-25T19:36:49.169436+00:00, run_after=2025-04-26T19:36:49.169436+00:00
[2025-04-26T19:36:49.185+0000] {processor.py:178} INFO - Processing /home/airflow/.local/lib/python3.7/site-packages/airflow/example_dags/example_skip_dag.py took 0.074 seconds
[2025-04-26T19:37:19.641+0000] {processor.py:156} INFO - Started process (PID=244) to work on /home/airflow/.local/lib/python3.7/site-packages/airflow/example_dags/example_skip_dag.py
[2025-04-26T19:37:19.643+0000] {processor.py:758} INFO - Processing file /home/airflow/.local/lib/python3.7/site-packages/airflow/example_dags/example_skip_dag.py for tasks to queue
[2025-04-26T19:37:19.643+0000] {logging_mixin.py:117} INFO - [2025-04-26T19:37:19.643+0000] {dagbag.py:525} INFO - Filling up the DagBag from /home/airflow/.local/lib/python3.7/site-packages/airflow/example_dags/example_skip_dag.py
[2025-04-26T19:37:19.653+0000] {processor.py:768} INFO - DAG(s) dict_keys(['example_skip_dag']) retrieved from /home/airflow/.local/lib/python3.7/site-packages/airflow/example_dags/example_skip_dag.py
[2025-04-26T19:37:19.679+0000] {logging_mixin.py:117} INFO - [2025-04-26T19:37:19.678+0000] {dag.py:2573} INFO - Sync 1 DAGs
[2025-04-26T19:37:19.694+0000] {logging_mixin.py:117} INFO - [2025-04-26T19:37:19.694+0000] {dag.py:3328} INFO - Setting next_dagrun for example_skip_dag to 2025-04-25T19:37:19.694552+00:00, run_after=2025-04-26T19:37:19.694552+00:00
[2025-04-26T19:37:19.710+0000] {processor.py:178} INFO - Processing /home/airflow/.local/lib/python3.7/site-packages/airflow/example_dags/example_skip_dag.py took 0.071 seconds
[2025-04-26T19:37:49.890+0000] {processor.py:156} INFO - Started process (PID=307) to work on /home/airflow/.local/lib/python3.7/site-packages/airflow/example_dags/example_skip_dag.py
[2025-04-26T19:37:49.891+0000] {processor.py:758} INFO - Processing file /home/airflow/.local/lib/python3.7/site-packages/airflow/example_dags/example_skip_dag.py for tasks to queue
[2025-04-26T19:37:49.891+0000] {logging_mixin.py:117} INFO - [2025-04-26T19:37:49.891+0000] {dagbag.py:525} INFO - Filling up the DagBag from /home/airflow/.local/lib/python3.7/site-packages/airflow/example_dags/example_skip_dag.py
[2025-04-26T19:37:49.903+0000] {processor.py:768} INFO - DAG(s) dict_keys(['example_skip_dag']) retrieved from /home/airflow/.local/lib/python3.7/site-packages/airflow/example_dags/example_skip_dag.py
[2025-04-26T19:37:49.935+0000] {logging_mixin.py:117} INFO - [2025-04-26T19:37:49.935+0000] {dag.py:2573} INFO - Sync 1 DAGs
[2025-04-26T19:37:49.956+0000] {logging_mixin.py:117} INFO - [2025-04-26T19:37:49.956+0000] {dag.py:3328} INFO - Setting next_dagrun for example_skip_dag to 2025-04-25T19:37:49.955916+00:00, run_after=2025-04-26T19:37:49.955916+00:00
[2025-04-26T19:37:49.973+0000] {processor.py:178} INFO - Processing /home/airflow/.local/lib/python3.7/site-packages/airflow/example_dags/example_skip_dag.py took 0.086 seconds
[2025-04-26T19:38:20.381+0000] {processor.py:156} INFO - Started process (PID=370) to work on /home/airflow/.local/lib/python3.7/site-packages/airflow/example_dags/example_skip_dag.py
[2025-04-26T19:38:20.383+0000] {processor.py:758} INFO - Processing file /home/airflow/.local/lib/python3.7/site-packages/airflow/example_dags/example_skip_dag.py for tasks to queue
[2025-04-26T19:38:20.383+0000] {logging_mixin.py:117} INFO - [2025-04-26T19:38:20.383+0000] {dagbag.py:525} INFO - Filling up the DagBag from /home/airflow/.local/lib/python3.7/site-packages/airflow/example_dags/example_skip_dag.py
[2025-04-26T19:38:20.393+0000] {processor.py:768} INFO - DAG(s) dict_keys(['example_skip_dag']) retrieved from /home/airflow/.local/lib/python3.7/site-packages/airflow/example_dags/example_skip_dag.py
[2025-04-26T19:38:20.421+0000] {logging_mixin.py:117} INFO - [2025-04-26T19:38:20.421+0000] {dag.py:2573} INFO - Sync 1 DAGs
[2025-04-26T19:38:20.440+0000] {logging_mixin.py:117} INFO - [2025-04-26T19:38:20.439+0000] {dag.py:3328} INFO - Setting next_dagrun for example_skip_dag to 2025-04-25T19:38:20.439736+00:00, run_after=2025-04-26T19:38:20.439736+00:00
[2025-04-26T19:38:20.453+0000] {processor.py:178} INFO - Processing /home/airflow/.local/lib/python3.7/site-packages/airflow/example_dags/example_skip_dag.py took 0.074 seconds
[2025-04-26T19:38:50.647+0000] {processor.py:156} INFO - Started process (PID=433) to work on /home/airflow/.local/lib/python3.7/site-packages/airflow/example_dags/example_skip_dag.py
[2025-04-26T19:38:50.648+0000] {processor.py:758} INFO - Processing file /home/airflow/.local/lib/python3.7/site-packages/airflow/example_dags/example_skip_dag.py for tasks to queue
[2025-04-26T19:38:50.649+0000] {logging_mixin.py:117} INFO - [2025-04-26T19:38:50.649+0000] {dagbag.py:525} INFO - Filling up the DagBag from /home/airflow/.local/lib/python3.7/site-packages/airflow/example_dags/example_skip_dag.py
[2025-04-26T19:38:50.660+0000] {processor.py:768} INFO - DAG(s) dict_keys(['example_skip_dag']) retrieved from /home/airflow/.local/lib/python3.7/site-packages/airflow/example_dags/example_skip_dag.py
[2025-04-26T19:38:50.690+0000] {logging_mixin.py:117} INFO - [2025-04-26T19:38:50.690+0000] {dag.py:2573} INFO - Sync 1 DAGs
[2025-04-26T19:38:50.706+0000] {logging_mixin.py:117} INFO - [2025-04-26T19:38:50.706+0000] {dag.py:3328} INFO - Setting next_dagrun for example_skip_dag to 2025-04-25T19:38:50.706558+00:00, run_after=2025-04-26T19:38:50.706558+00:00
[2025-04-26T19:38:50.726+0000] {processor.py:178} INFO - Processing /home/airflow/.local/lib/python3.7/site-packages/airflow/example_dags/example_skip_dag.py took 0.081 seconds
[2025-04-26T19:39:20.790+0000] {processor.py:156} INFO - Started process (PID=496) to work on /home/airflow/.local/lib/python3.7/site-packages/airflow/example_dags/example_skip_dag.py
[2025-04-26T19:39:20.792+0000] {processor.py:758} INFO - Processing file /home/airflow/.local/lib/python3.7/site-packages/airflow/example_dags/example_skip_dag.py for tasks to queue
[2025-04-26T19:39:20.793+0000] {logging_mixin.py:117} INFO - [2025-04-26T19:39:20.793+0000] {dagbag.py:525} INFO - Filling up the DagBag from /home/airflow/.local/lib/python3.7/site-packages/airflow/example_dags/example_skip_dag.py
[2025-04-26T19:39:20.805+0000] {processor.py:768} INFO - DAG(s) dict_keys(['example_skip_dag']) retrieved from /home/airflow/.local/lib/python3.7/site-packages/airflow/example_dags/example_skip_dag.py
[2025-04-26T19:39:20.840+0000] {logging_mixin.py:117} INFO - [2025-04-26T19:39:20.839+0000] {dag.py:2573} INFO - Sync 1 DAGs
[2025-04-26T19:39:20.858+0000] {logging_mixin.py:117} INFO - [2025-04-26T19:39:20.858+0000] {dag.py:3328} INFO - Setting next_dagrun for example_skip_dag to 2025-04-25T19:39:20.858328+00:00, run_after=2025-04-26T19:39:20.858328+00:00
[2025-04-26T19:39:20.875+0000] {processor.py:178} INFO - Processing /home/airflow/.local/lib/python3.7/site-packages/airflow/example_dags/example_skip_dag.py took 0.087 seconds
