[2025-04-26T19:32:23.000+0000] {processor.py:156} INFO - Started process (PID=92) to work on /home/airflow/.local/lib/python3.7/site-packages/airflow/example_dags/example_datasets.py
[2025-04-26T19:32:23.001+0000] {processor.py:758} INFO - Processing file /home/airflow/.local/lib/python3.7/site-packages/airflow/example_dags/example_datasets.py for tasks to queue
[2025-04-26T19:32:23.001+0000] {logging_mixin.py:117} INFO - [2025-04-26T19:32:23.001+0000] {dagbag.py:525} INFO - Filling up the DagBag from /home/airflow/.local/lib/python3.7/site-packages/airflow/example_dags/example_datasets.py
[2025-04-26T19:32:23.084+0000] {processor.py:768} INFO - DAG(s) dict_keys(['dataset_consumes_unknown_never_scheduled', 'dataset_consumes_1_never_scheduled', 'dataset_produces_1', 'dataset_consumes_1', 'dataset_consumes_1_and_2', 'dataset_produces_2']) retrieved from /home/airflow/.local/lib/python3.7/site-packages/airflow/example_dags/example_datasets.py
[2025-04-26T19:32:23.154+0000] {logging_mixin.py:117} INFO - [2025-04-26T19:32:23.153+0000] {dag.py:2573} INFO - Sync 6 DAGs
[2025-04-26T19:32:23.221+0000] {logging_mixin.py:117} INFO - [2025-04-26T19:32:23.221+0000] {dag.py:3328} INFO - Setting next_dagrun for dataset_consumes_1 to None, run_after=None
[2025-04-26T19:32:23.224+0000] {logging_mixin.py:117} INFO - [2025-04-26T19:32:23.224+0000] {dag.py:3328} INFO - Setting next_dagrun for dataset_consumes_1_and_2 to None, run_after=None
[2025-04-26T19:32:23.226+0000] {logging_mixin.py:117} INFO - [2025-04-26T19:32:23.225+0000] {dag.py:3328} INFO - Setting next_dagrun for dataset_consumes_1_never_scheduled to None, run_after=None
[2025-04-26T19:32:23.227+0000] {logging_mixin.py:117} INFO - [2025-04-26T19:32:23.226+0000] {dag.py:3328} INFO - Setting next_dagrun for dataset_consumes_unknown_never_scheduled to None, run_after=None
[2025-04-26T19:32:23.229+0000] {logging_mixin.py:117} INFO - [2025-04-26T19:32:23.228+0000] {dag.py:3328} INFO - Setting next_dagrun for dataset_produces_1 to 2025-04-25T00:00:00+00:00, run_after=2025-04-26T00:00:00+00:00
[2025-04-26T19:32:23.232+0000] {logging_mixin.py:117} INFO - [2025-04-26T19:32:23.231+0000] {dag.py:3328} INFO - Setting next_dagrun for dataset_produces_2 to None, run_after=None
[2025-04-26T19:32:23.270+0000] {processor.py:178} INFO - Processing /home/airflow/.local/lib/python3.7/site-packages/airflow/example_dags/example_datasets.py took 0.274 seconds
[2025-04-26T19:32:53.397+0000] {processor.py:156} INFO - Started process (PID=146) to work on /home/airflow/.local/lib/python3.7/site-packages/airflow/example_dags/example_datasets.py
[2025-04-26T19:32:53.398+0000] {processor.py:758} INFO - Processing file /home/airflow/.local/lib/python3.7/site-packages/airflow/example_dags/example_datasets.py for tasks to queue
[2025-04-26T19:32:53.398+0000] {logging_mixin.py:117} INFO - [2025-04-26T19:32:53.398+0000] {dagbag.py:525} INFO - Filling up the DagBag from /home/airflow/.local/lib/python3.7/site-packages/airflow/example_dags/example_datasets.py
[2025-04-26T19:32:53.411+0000] {processor.py:768} INFO - DAG(s) dict_keys(['dataset_produces_1', 'dataset_consumes_1_and_2', 'dataset_consumes_1_never_scheduled', 'dataset_consumes_unknown_never_scheduled', 'dataset_produces_2', 'dataset_consumes_1']) retrieved from /home/airflow/.local/lib/python3.7/site-packages/airflow/example_dags/example_datasets.py
[2025-04-26T19:32:53.484+0000] {logging_mixin.py:117} INFO - [2025-04-26T19:32:53.483+0000] {dag.py:2573} INFO - Sync 6 DAGs
[2025-04-26T19:32:53.502+0000] {logging_mixin.py:117} INFO - [2025-04-26T19:32:53.501+0000] {dag.py:3328} INFO - Setting next_dagrun for dataset_consumes_1 to None, run_after=None
[2025-04-26T19:32:53.503+0000] {logging_mixin.py:117} INFO - [2025-04-26T19:32:53.503+0000] {dag.py:3328} INFO - Setting next_dagrun for dataset_consumes_1_and_2 to None, run_after=None
[2025-04-26T19:32:53.504+0000] {logging_mixin.py:117} INFO - [2025-04-26T19:32:53.504+0000] {dag.py:3328} INFO - Setting next_dagrun for dataset_consumes_1_never_scheduled to None, run_after=None
[2025-04-26T19:32:53.505+0000] {logging_mixin.py:117} INFO - [2025-04-26T19:32:53.505+0000] {dag.py:3328} INFO - Setting next_dagrun for dataset_consumes_unknown_never_scheduled to None, run_after=None
[2025-04-26T19:32:53.507+0000] {logging_mixin.py:117} INFO - [2025-04-26T19:32:53.507+0000] {dag.py:3328} INFO - Setting next_dagrun for dataset_produces_1 to 2025-04-25T00:00:00+00:00, run_after=2025-04-26T00:00:00+00:00
[2025-04-26T19:32:53.508+0000] {logging_mixin.py:117} INFO - [2025-04-26T19:32:53.508+0000] {dag.py:3328} INFO - Setting next_dagrun for dataset_produces_2 to None, run_after=None
[2025-04-26T19:32:53.545+0000] {processor.py:178} INFO - Processing /home/airflow/.local/lib/python3.7/site-packages/airflow/example_dags/example_datasets.py took 0.150 seconds
[2025-04-26T19:33:23.149+0000] {processor.py:156} INFO - Started process (PID=210) to work on /home/airflow/.local/lib/python3.7/site-packages/airflow/example_dags/example_datasets.py
[2025-04-26T19:33:23.160+0000] {processor.py:758} INFO - Processing file /home/airflow/.local/lib/python3.7/site-packages/airflow/example_dags/example_datasets.py for tasks to queue
[2025-04-26T19:33:23.161+0000] {logging_mixin.py:117} INFO - [2025-04-26T19:33:23.161+0000] {dagbag.py:525} INFO - Filling up the DagBag from /home/airflow/.local/lib/python3.7/site-packages/airflow/example_dags/example_datasets.py
[2025-04-26T19:33:23.191+0000] {processor.py:768} INFO - DAG(s) dict_keys(['dataset_consumes_unknown_never_scheduled', 'dataset_produces_1', 'dataset_consumes_1_never_scheduled', 'dataset_consumes_1', 'dataset_consumes_1_and_2', 'dataset_produces_2']) retrieved from /home/airflow/.local/lib/python3.7/site-packages/airflow/example_dags/example_datasets.py
[2025-04-26T19:33:23.244+0000] {logging_mixin.py:117} INFO - [2025-04-26T19:33:23.244+0000] {dag.py:2573} INFO - Sync 6 DAGs
[2025-04-26T19:33:23.270+0000] {logging_mixin.py:117} INFO - [2025-04-26T19:33:23.270+0000] {dag.py:3328} INFO - Setting next_dagrun for dataset_consumes_1 to None, run_after=None
[2025-04-26T19:33:23.273+0000] {logging_mixin.py:117} INFO - [2025-04-26T19:33:23.273+0000] {dag.py:3328} INFO - Setting next_dagrun for dataset_consumes_1_and_2 to None, run_after=None
[2025-04-26T19:33:23.274+0000] {logging_mixin.py:117} INFO - [2025-04-26T19:33:23.274+0000] {dag.py:3328} INFO - Setting next_dagrun for dataset_consumes_1_never_scheduled to None, run_after=None
[2025-04-26T19:33:23.275+0000] {logging_mixin.py:117} INFO - [2025-04-26T19:33:23.275+0000] {dag.py:3328} INFO - Setting next_dagrun for dataset_consumes_unknown_never_scheduled to None, run_after=None
[2025-04-26T19:33:23.276+0000] {logging_mixin.py:117} INFO - [2025-04-26T19:33:23.276+0000] {dag.py:3328} INFO - Setting next_dagrun for dataset_produces_1 to 2025-04-25T00:00:00+00:00, run_after=2025-04-26T00:00:00+00:00
[2025-04-26T19:33:23.277+0000] {logging_mixin.py:117} INFO - [2025-04-26T19:33:23.277+0000] {dag.py:3328} INFO - Setting next_dagrun for dataset_produces_2 to None, run_after=None
[2025-04-26T19:33:23.309+0000] {processor.py:178} INFO - Processing /home/airflow/.local/lib/python3.7/site-packages/airflow/example_dags/example_datasets.py took 0.163 seconds
[2025-04-26T19:33:54.161+0000] {processor.py:156} INFO - Started process (PID=270) to work on /home/airflow/.local/lib/python3.7/site-packages/airflow/example_dags/example_datasets.py
[2025-04-26T19:33:54.163+0000] {processor.py:758} INFO - Processing file /home/airflow/.local/lib/python3.7/site-packages/airflow/example_dags/example_datasets.py for tasks to queue
[2025-04-26T19:33:54.163+0000] {logging_mixin.py:117} INFO - [2025-04-26T19:33:54.163+0000] {dagbag.py:525} INFO - Filling up the DagBag from /home/airflow/.local/lib/python3.7/site-packages/airflow/example_dags/example_datasets.py
[2025-04-26T19:33:54.176+0000] {processor.py:768} INFO - DAG(s) dict_keys(['dataset_produces_1', 'dataset_consumes_1_and_2', 'dataset_consumes_1_never_scheduled', 'dataset_produces_2', 'dataset_consumes_unknown_never_scheduled', 'dataset_consumes_1']) retrieved from /home/airflow/.local/lib/python3.7/site-packages/airflow/example_dags/example_datasets.py
[2025-04-26T19:33:54.215+0000] {logging_mixin.py:117} INFO - [2025-04-26T19:33:54.215+0000] {dag.py:2573} INFO - Sync 6 DAGs
[2025-04-26T19:33:54.236+0000] {logging_mixin.py:117} INFO - [2025-04-26T19:33:54.235+0000] {dag.py:3328} INFO - Setting next_dagrun for dataset_consumes_1 to None, run_after=None
[2025-04-26T19:33:54.238+0000] {logging_mixin.py:117} INFO - [2025-04-26T19:33:54.238+0000] {dag.py:3328} INFO - Setting next_dagrun for dataset_consumes_1_and_2 to None, run_after=None
[2025-04-26T19:33:54.239+0000] {logging_mixin.py:117} INFO - [2025-04-26T19:33:54.238+0000] {dag.py:3328} INFO - Setting next_dagrun for dataset_consumes_1_never_scheduled to None, run_after=None
[2025-04-26T19:33:54.239+0000] {logging_mixin.py:117} INFO - [2025-04-26T19:33:54.239+0000] {dag.py:3328} INFO - Setting next_dagrun for dataset_consumes_unknown_never_scheduled to None, run_after=None
[2025-04-26T19:33:54.242+0000] {logging_mixin.py:117} INFO - [2025-04-26T19:33:54.241+0000] {dag.py:3328} INFO - Setting next_dagrun for dataset_produces_1 to 2025-04-25T00:00:00+00:00, run_after=2025-04-26T00:00:00+00:00
[2025-04-26T19:33:54.242+0000] {logging_mixin.py:117} INFO - [2025-04-26T19:33:54.242+0000] {dag.py:3328} INFO - Setting next_dagrun for dataset_produces_2 to None, run_after=None
[2025-04-26T19:33:54.262+0000] {processor.py:178} INFO - Processing /home/airflow/.local/lib/python3.7/site-packages/airflow/example_dags/example_datasets.py took 0.104 seconds
[2025-04-26T19:34:25.565+0000] {processor.py:156} INFO - Started process (PID=336) to work on /home/airflow/.local/lib/python3.7/site-packages/airflow/example_dags/example_datasets.py
[2025-04-26T19:34:25.566+0000] {processor.py:758} INFO - Processing file /home/airflow/.local/lib/python3.7/site-packages/airflow/example_dags/example_datasets.py for tasks to queue
[2025-04-26T19:34:25.566+0000] {logging_mixin.py:117} INFO - [2025-04-26T19:34:25.566+0000] {dagbag.py:525} INFO - Filling up the DagBag from /home/airflow/.local/lib/python3.7/site-packages/airflow/example_dags/example_datasets.py
[2025-04-26T19:34:25.579+0000] {processor.py:768} INFO - DAG(s) dict_keys(['dataset_consumes_1', 'dataset_produces_2', 'dataset_consumes_unknown_never_scheduled', 'dataset_consumes_1_and_2', 'dataset_consumes_1_never_scheduled', 'dataset_produces_1']) retrieved from /home/airflow/.local/lib/python3.7/site-packages/airflow/example_dags/example_datasets.py
[2025-04-26T19:34:25.621+0000] {logging_mixin.py:117} INFO - [2025-04-26T19:34:25.620+0000] {dag.py:2573} INFO - Sync 6 DAGs
[2025-04-26T19:34:25.639+0000] {logging_mixin.py:117} INFO - [2025-04-26T19:34:25.638+0000] {dag.py:3328} INFO - Setting next_dagrun for dataset_consumes_1 to None, run_after=None
[2025-04-26T19:34:25.641+0000] {logging_mixin.py:117} INFO - [2025-04-26T19:34:25.641+0000] {dag.py:3328} INFO - Setting next_dagrun for dataset_consumes_1_and_2 to None, run_after=None
[2025-04-26T19:34:25.642+0000] {logging_mixin.py:117} INFO - [2025-04-26T19:34:25.642+0000] {dag.py:3328} INFO - Setting next_dagrun for dataset_consumes_1_never_scheduled to None, run_after=None
[2025-04-26T19:34:25.643+0000] {logging_mixin.py:117} INFO - [2025-04-26T19:34:25.642+0000] {dag.py:3328} INFO - Setting next_dagrun for dataset_consumes_unknown_never_scheduled to None, run_after=None
[2025-04-26T19:34:25.644+0000] {logging_mixin.py:117} INFO - [2025-04-26T19:34:25.644+0000] {dag.py:3328} INFO - Setting next_dagrun for dataset_produces_1 to 2025-04-25T00:00:00+00:00, run_after=2025-04-26T00:00:00+00:00
[2025-04-26T19:34:25.645+0000] {logging_mixin.py:117} INFO - [2025-04-26T19:34:25.645+0000] {dag.py:3328} INFO - Setting next_dagrun for dataset_produces_2 to None, run_after=None
[2025-04-26T19:34:25.667+0000] {processor.py:178} INFO - Processing /home/airflow/.local/lib/python3.7/site-packages/airflow/example_dags/example_datasets.py took 0.105 seconds
[2025-04-26T19:35:48.835+0000] {processor.py:156} INFO - Started process (PID=83) to work on /home/airflow/.local/lib/python3.7/site-packages/airflow/example_dags/example_datasets.py
[2025-04-26T19:35:48.837+0000] {processor.py:758} INFO - Processing file /home/airflow/.local/lib/python3.7/site-packages/airflow/example_dags/example_datasets.py for tasks to queue
[2025-04-26T19:35:48.837+0000] {logging_mixin.py:117} INFO - [2025-04-26T19:35:48.837+0000] {dagbag.py:525} INFO - Filling up the DagBag from /home/airflow/.local/lib/python3.7/site-packages/airflow/example_dags/example_datasets.py
[2025-04-26T19:35:48.859+0000] {processor.py:768} INFO - DAG(s) dict_keys(['dataset_consumes_1', 'dataset_produces_2', 'dataset_consumes_unknown_never_scheduled', 'dataset_consumes_1_never_scheduled', 'dataset_produces_1', 'dataset_consumes_1_and_2']) retrieved from /home/airflow/.local/lib/python3.7/site-packages/airflow/example_dags/example_datasets.py
[2025-04-26T19:35:48.897+0000] {logging_mixin.py:117} INFO - [2025-04-26T19:35:48.897+0000] {dag.py:2573} INFO - Sync 6 DAGs
[2025-04-26T19:35:48.925+0000] {logging_mixin.py:117} INFO - [2025-04-26T19:35:48.925+0000] {dag.py:3328} INFO - Setting next_dagrun for dataset_consumes_1 to None, run_after=None
[2025-04-26T19:35:48.929+0000] {logging_mixin.py:117} INFO - [2025-04-26T19:35:48.929+0000] {dag.py:3328} INFO - Setting next_dagrun for dataset_consumes_1_and_2 to None, run_after=None
[2025-04-26T19:35:48.930+0000] {logging_mixin.py:117} INFO - [2025-04-26T19:35:48.930+0000] {dag.py:3328} INFO - Setting next_dagrun for dataset_consumes_1_never_scheduled to None, run_after=None
[2025-04-26T19:35:48.931+0000] {logging_mixin.py:117} INFO - [2025-04-26T19:35:48.931+0000] {dag.py:3328} INFO - Setting next_dagrun for dataset_consumes_unknown_never_scheduled to None, run_after=None
[2025-04-26T19:35:48.933+0000] {logging_mixin.py:117} INFO - [2025-04-26T19:35:48.933+0000] {dag.py:3328} INFO - Setting next_dagrun for dataset_produces_1 to 2025-04-25T00:00:00+00:00, run_after=2025-04-26T00:00:00+00:00
[2025-04-26T19:35:48.934+0000] {logging_mixin.py:117} INFO - [2025-04-26T19:35:48.934+0000] {dag.py:3328} INFO - Setting next_dagrun for dataset_produces_2 to None, run_after=None
[2025-04-26T19:35:48.960+0000] {processor.py:178} INFO - Processing /home/airflow/.local/lib/python3.7/site-packages/airflow/example_dags/example_datasets.py took 0.127 seconds
[2025-04-26T19:36:20.465+0000] {processor.py:156} INFO - Started process (PID=146) to work on /home/airflow/.local/lib/python3.7/site-packages/airflow/example_dags/example_datasets.py
[2025-04-26T19:36:20.467+0000] {processor.py:758} INFO - Processing file /home/airflow/.local/lib/python3.7/site-packages/airflow/example_dags/example_datasets.py for tasks to queue
[2025-04-26T19:36:20.467+0000] {logging_mixin.py:117} INFO - [2025-04-26T19:36:20.467+0000] {dagbag.py:525} INFO - Filling up the DagBag from /home/airflow/.local/lib/python3.7/site-packages/airflow/example_dags/example_datasets.py
[2025-04-26T19:36:20.479+0000] {processor.py:768} INFO - DAG(s) dict_keys(['dataset_produces_2', 'dataset_consumes_1', 'dataset_consumes_1_and_2', 'dataset_consumes_unknown_never_scheduled', 'dataset_consumes_1_never_scheduled', 'dataset_produces_1']) retrieved from /home/airflow/.local/lib/python3.7/site-packages/airflow/example_dags/example_datasets.py
[2025-04-26T19:36:20.542+0000] {logging_mixin.py:117} INFO - [2025-04-26T19:36:20.542+0000] {dag.py:2573} INFO - Sync 6 DAGs
[2025-04-26T19:36:20.556+0000] {logging_mixin.py:117} INFO - [2025-04-26T19:36:20.556+0000] {dag.py:3328} INFO - Setting next_dagrun for dataset_consumes_1 to None, run_after=None
[2025-04-26T19:36:20.558+0000] {logging_mixin.py:117} INFO - [2025-04-26T19:36:20.558+0000] {dag.py:3328} INFO - Setting next_dagrun for dataset_consumes_1_and_2 to None, run_after=None
[2025-04-26T19:36:20.559+0000] {logging_mixin.py:117} INFO - [2025-04-26T19:36:20.559+0000] {dag.py:3328} INFO - Setting next_dagrun for dataset_consumes_1_never_scheduled to None, run_after=None
[2025-04-26T19:36:20.560+0000] {logging_mixin.py:117} INFO - [2025-04-26T19:36:20.560+0000] {dag.py:3328} INFO - Setting next_dagrun for dataset_consumes_unknown_never_scheduled to None, run_after=None
[2025-04-26T19:36:20.562+0000] {logging_mixin.py:117} INFO - [2025-04-26T19:36:20.561+0000] {dag.py:3328} INFO - Setting next_dagrun for dataset_produces_1 to 2025-04-25T00:00:00+00:00, run_after=2025-04-26T00:00:00+00:00
[2025-04-26T19:36:20.562+0000] {logging_mixin.py:117} INFO - [2025-04-26T19:36:20.562+0000] {dag.py:3328} INFO - Setting next_dagrun for dataset_produces_2 to None, run_after=None
[2025-04-26T19:36:20.585+0000] {processor.py:178} INFO - Processing /home/airflow/.local/lib/python3.7/site-packages/airflow/example_dags/example_datasets.py took 0.122 seconds
[2025-04-26T19:36:50.885+0000] {processor.py:156} INFO - Started process (PID=210) to work on /home/airflow/.local/lib/python3.7/site-packages/airflow/example_dags/example_datasets.py
[2025-04-26T19:36:50.886+0000] {processor.py:758} INFO - Processing file /home/airflow/.local/lib/python3.7/site-packages/airflow/example_dags/example_datasets.py for tasks to queue
[2025-04-26T19:36:50.886+0000] {logging_mixin.py:117} INFO - [2025-04-26T19:36:50.886+0000] {dagbag.py:525} INFO - Filling up the DagBag from /home/airflow/.local/lib/python3.7/site-packages/airflow/example_dags/example_datasets.py
[2025-04-26T19:36:50.903+0000] {processor.py:768} INFO - DAG(s) dict_keys(['dataset_consumes_1_never_scheduled', 'dataset_consumes_unknown_never_scheduled', 'dataset_consumes_1_and_2', 'dataset_produces_2', 'dataset_consumes_1', 'dataset_produces_1']) retrieved from /home/airflow/.local/lib/python3.7/site-packages/airflow/example_dags/example_datasets.py
[2025-04-26T19:36:50.938+0000] {logging_mixin.py:117} INFO - [2025-04-26T19:36:50.938+0000] {dag.py:2573} INFO - Sync 6 DAGs
[2025-04-26T19:36:50.955+0000] {logging_mixin.py:117} INFO - [2025-04-26T19:36:50.955+0000] {dag.py:3328} INFO - Setting next_dagrun for dataset_consumes_1 to None, run_after=None
[2025-04-26T19:36:50.957+0000] {logging_mixin.py:117} INFO - [2025-04-26T19:36:50.957+0000] {dag.py:3328} INFO - Setting next_dagrun for dataset_consumes_1_and_2 to None, run_after=None
[2025-04-26T19:36:50.958+0000] {logging_mixin.py:117} INFO - [2025-04-26T19:36:50.958+0000] {dag.py:3328} INFO - Setting next_dagrun for dataset_consumes_1_never_scheduled to None, run_after=None
[2025-04-26T19:36:50.958+0000] {logging_mixin.py:117} INFO - [2025-04-26T19:36:50.958+0000] {dag.py:3328} INFO - Setting next_dagrun for dataset_consumes_unknown_never_scheduled to None, run_after=None
[2025-04-26T19:36:50.960+0000] {logging_mixin.py:117} INFO - [2025-04-26T19:36:50.960+0000] {dag.py:3328} INFO - Setting next_dagrun for dataset_produces_1 to 2025-04-25T00:00:00+00:00, run_after=2025-04-26T00:00:00+00:00
[2025-04-26T19:36:50.961+0000] {logging_mixin.py:117} INFO - [2025-04-26T19:36:50.961+0000] {dag.py:3328} INFO - Setting next_dagrun for dataset_produces_2 to None, run_after=None
[2025-04-26T19:36:50.979+0000] {processor.py:178} INFO - Processing /home/airflow/.local/lib/python3.7/site-packages/airflow/example_dags/example_datasets.py took 0.097 seconds
[2025-04-26T19:37:21.199+0000] {processor.py:156} INFO - Started process (PID=273) to work on /home/airflow/.local/lib/python3.7/site-packages/airflow/example_dags/example_datasets.py
[2025-04-26T19:37:21.200+0000] {processor.py:758} INFO - Processing file /home/airflow/.local/lib/python3.7/site-packages/airflow/example_dags/example_datasets.py for tasks to queue
[2025-04-26T19:37:21.201+0000] {logging_mixin.py:117} INFO - [2025-04-26T19:37:21.201+0000] {dagbag.py:525} INFO - Filling up the DagBag from /home/airflow/.local/lib/python3.7/site-packages/airflow/example_dags/example_datasets.py
[2025-04-26T19:37:21.215+0000] {processor.py:768} INFO - DAG(s) dict_keys(['dataset_produces_2', 'dataset_consumes_unknown_never_scheduled', 'dataset_consumes_1_never_scheduled', 'dataset_consumes_1', 'dataset_produces_1', 'dataset_consumes_1_and_2']) retrieved from /home/airflow/.local/lib/python3.7/site-packages/airflow/example_dags/example_datasets.py
[2025-04-26T19:37:21.249+0000] {logging_mixin.py:117} INFO - [2025-04-26T19:37:21.249+0000] {dag.py:2573} INFO - Sync 6 DAGs
[2025-04-26T19:37:21.266+0000] {logging_mixin.py:117} INFO - [2025-04-26T19:37:21.266+0000] {dag.py:3328} INFO - Setting next_dagrun for dataset_consumes_1 to None, run_after=None
[2025-04-26T19:37:21.268+0000] {logging_mixin.py:117} INFO - [2025-04-26T19:37:21.268+0000] {dag.py:3328} INFO - Setting next_dagrun for dataset_consumes_1_and_2 to None, run_after=None
[2025-04-26T19:37:21.269+0000] {logging_mixin.py:117} INFO - [2025-04-26T19:37:21.269+0000] {dag.py:3328} INFO - Setting next_dagrun for dataset_consumes_1_never_scheduled to None, run_after=None
[2025-04-26T19:37:21.269+0000] {logging_mixin.py:117} INFO - [2025-04-26T19:37:21.269+0000] {dag.py:3328} INFO - Setting next_dagrun for dataset_consumes_unknown_never_scheduled to None, run_after=None
[2025-04-26T19:37:21.271+0000] {logging_mixin.py:117} INFO - [2025-04-26T19:37:21.271+0000] {dag.py:3328} INFO - Setting next_dagrun for dataset_produces_1 to 2025-04-25T00:00:00+00:00, run_after=2025-04-26T00:00:00+00:00
[2025-04-26T19:37:21.272+0000] {logging_mixin.py:117} INFO - [2025-04-26T19:37:21.272+0000] {dag.py:3328} INFO - Setting next_dagrun for dataset_produces_2 to None, run_after=None
[2025-04-26T19:37:21.292+0000] {processor.py:178} INFO - Processing /home/airflow/.local/lib/python3.7/site-packages/airflow/example_dags/example_datasets.py took 0.095 seconds
[2025-04-26T19:37:51.630+0000] {processor.py:156} INFO - Started process (PID=336) to work on /home/airflow/.local/lib/python3.7/site-packages/airflow/example_dags/example_datasets.py
[2025-04-26T19:37:51.631+0000] {processor.py:758} INFO - Processing file /home/airflow/.local/lib/python3.7/site-packages/airflow/example_dags/example_datasets.py for tasks to queue
[2025-04-26T19:37:51.632+0000] {logging_mixin.py:117} INFO - [2025-04-26T19:37:51.632+0000] {dagbag.py:525} INFO - Filling up the DagBag from /home/airflow/.local/lib/python3.7/site-packages/airflow/example_dags/example_datasets.py
[2025-04-26T19:37:51.647+0000] {processor.py:768} INFO - DAG(s) dict_keys(['dataset_consumes_1_never_scheduled', 'dataset_consumes_1_and_2', 'dataset_produces_2', 'dataset_consumes_unknown_never_scheduled', 'dataset_produces_1', 'dataset_consumes_1']) retrieved from /home/airflow/.local/lib/python3.7/site-packages/airflow/example_dags/example_datasets.py
[2025-04-26T19:37:51.691+0000] {logging_mixin.py:117} INFO - [2025-04-26T19:37:51.690+0000] {dag.py:2573} INFO - Sync 6 DAGs
[2025-04-26T19:37:51.712+0000] {logging_mixin.py:117} INFO - [2025-04-26T19:37:51.712+0000] {dag.py:3328} INFO - Setting next_dagrun for dataset_consumes_1 to None, run_after=None
[2025-04-26T19:37:51.715+0000] {logging_mixin.py:117} INFO - [2025-04-26T19:37:51.715+0000] {dag.py:3328} INFO - Setting next_dagrun for dataset_consumes_1_and_2 to None, run_after=None
[2025-04-26T19:37:51.716+0000] {logging_mixin.py:117} INFO - [2025-04-26T19:37:51.716+0000] {dag.py:3328} INFO - Setting next_dagrun for dataset_consumes_1_never_scheduled to None, run_after=None
[2025-04-26T19:37:51.717+0000] {logging_mixin.py:117} INFO - [2025-04-26T19:37:51.717+0000] {dag.py:3328} INFO - Setting next_dagrun for dataset_consumes_unknown_never_scheduled to None, run_after=None
[2025-04-26T19:37:51.719+0000] {logging_mixin.py:117} INFO - [2025-04-26T19:37:51.719+0000] {dag.py:3328} INFO - Setting next_dagrun for dataset_produces_1 to 2025-04-25T00:00:00+00:00, run_after=2025-04-26T00:00:00+00:00
[2025-04-26T19:37:51.720+0000] {logging_mixin.py:117} INFO - [2025-04-26T19:37:51.720+0000] {dag.py:3328} INFO - Setting next_dagrun for dataset_produces_2 to None, run_after=None
[2025-04-26T19:37:51.743+0000] {processor.py:178} INFO - Processing /home/airflow/.local/lib/python3.7/site-packages/airflow/example_dags/example_datasets.py took 0.115 seconds
[2025-04-26T19:38:21.944+0000] {processor.py:156} INFO - Started process (PID=399) to work on /home/airflow/.local/lib/python3.7/site-packages/airflow/example_dags/example_datasets.py
[2025-04-26T19:38:21.945+0000] {processor.py:758} INFO - Processing file /home/airflow/.local/lib/python3.7/site-packages/airflow/example_dags/example_datasets.py for tasks to queue
[2025-04-26T19:38:21.945+0000] {logging_mixin.py:117} INFO - [2025-04-26T19:38:21.945+0000] {dagbag.py:525} INFO - Filling up the DagBag from /home/airflow/.local/lib/python3.7/site-packages/airflow/example_dags/example_datasets.py
[2025-04-26T19:38:21.959+0000] {processor.py:768} INFO - DAG(s) dict_keys(['dataset_produces_1', 'dataset_produces_2', 'dataset_consumes_1', 'dataset_consumes_1_never_scheduled', 'dataset_consumes_1_and_2', 'dataset_consumes_unknown_never_scheduled']) retrieved from /home/airflow/.local/lib/python3.7/site-packages/airflow/example_dags/example_datasets.py
[2025-04-26T19:38:21.997+0000] {logging_mixin.py:117} INFO - [2025-04-26T19:38:21.997+0000] {dag.py:2573} INFO - Sync 6 DAGs
[2025-04-26T19:38:22.016+0000] {logging_mixin.py:117} INFO - [2025-04-26T19:38:22.016+0000] {dag.py:3328} INFO - Setting next_dagrun for dataset_consumes_1 to None, run_after=None
[2025-04-26T19:38:22.018+0000] {logging_mixin.py:117} INFO - [2025-04-26T19:38:22.018+0000] {dag.py:3328} INFO - Setting next_dagrun for dataset_consumes_1_and_2 to None, run_after=None
[2025-04-26T19:38:22.019+0000] {logging_mixin.py:117} INFO - [2025-04-26T19:38:22.019+0000] {dag.py:3328} INFO - Setting next_dagrun for dataset_consumes_1_never_scheduled to None, run_after=None
[2025-04-26T19:38:22.020+0000] {logging_mixin.py:117} INFO - [2025-04-26T19:38:22.020+0000] {dag.py:3328} INFO - Setting next_dagrun for dataset_consumes_unknown_never_scheduled to None, run_after=None
[2025-04-26T19:38:22.023+0000] {logging_mixin.py:117} INFO - [2025-04-26T19:38:22.023+0000] {dag.py:3328} INFO - Setting next_dagrun for dataset_produces_1 to 2025-04-25T00:00:00+00:00, run_after=2025-04-26T00:00:00+00:00
[2025-04-26T19:38:22.023+0000] {logging_mixin.py:117} INFO - [2025-04-26T19:38:22.023+0000] {dag.py:3328} INFO - Setting next_dagrun for dataset_produces_2 to None, run_after=None
[2025-04-26T19:38:22.048+0000] {processor.py:178} INFO - Processing /home/airflow/.local/lib/python3.7/site-packages/airflow/example_dags/example_datasets.py took 0.107 seconds
[2025-04-26T19:38:52.249+0000] {processor.py:156} INFO - Started process (PID=462) to work on /home/airflow/.local/lib/python3.7/site-packages/airflow/example_dags/example_datasets.py
[2025-04-26T19:38:52.251+0000] {processor.py:758} INFO - Processing file /home/airflow/.local/lib/python3.7/site-packages/airflow/example_dags/example_datasets.py for tasks to queue
[2025-04-26T19:38:52.251+0000] {logging_mixin.py:117} INFO - [2025-04-26T19:38:52.251+0000] {dagbag.py:525} INFO - Filling up the DagBag from /home/airflow/.local/lib/python3.7/site-packages/airflow/example_dags/example_datasets.py
[2025-04-26T19:38:52.265+0000] {processor.py:768} INFO - DAG(s) dict_keys(['dataset_consumes_1_never_scheduled', 'dataset_produces_2', 'dataset_consumes_unknown_never_scheduled', 'dataset_produces_1', 'dataset_consumes_1_and_2', 'dataset_consumes_1']) retrieved from /home/airflow/.local/lib/python3.7/site-packages/airflow/example_dags/example_datasets.py
[2025-04-26T19:38:52.301+0000] {logging_mixin.py:117} INFO - [2025-04-26T19:38:52.301+0000] {dag.py:2573} INFO - Sync 6 DAGs
[2025-04-26T19:38:52.321+0000] {logging_mixin.py:117} INFO - [2025-04-26T19:38:52.321+0000] {dag.py:3328} INFO - Setting next_dagrun for dataset_consumes_1 to None, run_after=None
[2025-04-26T19:38:52.324+0000] {logging_mixin.py:117} INFO - [2025-04-26T19:38:52.324+0000] {dag.py:3328} INFO - Setting next_dagrun for dataset_consumes_1_and_2 to None, run_after=None
[2025-04-26T19:38:52.325+0000] {logging_mixin.py:117} INFO - [2025-04-26T19:38:52.325+0000] {dag.py:3328} INFO - Setting next_dagrun for dataset_consumes_1_never_scheduled to None, run_after=None
[2025-04-26T19:38:52.326+0000] {logging_mixin.py:117} INFO - [2025-04-26T19:38:52.326+0000] {dag.py:3328} INFO - Setting next_dagrun for dataset_consumes_unknown_never_scheduled to None, run_after=None
[2025-04-26T19:38:52.328+0000] {logging_mixin.py:117} INFO - [2025-04-26T19:38:52.328+0000] {dag.py:3328} INFO - Setting next_dagrun for dataset_produces_1 to 2025-04-25T00:00:00+00:00, run_after=2025-04-26T00:00:00+00:00
[2025-04-26T19:38:52.329+0000] {logging_mixin.py:117} INFO - [2025-04-26T19:38:52.328+0000] {dag.py:3328} INFO - Setting next_dagrun for dataset_produces_2 to None, run_after=None
[2025-04-26T19:38:52.348+0000] {processor.py:178} INFO - Processing /home/airflow/.local/lib/python3.7/site-packages/airflow/example_dags/example_datasets.py took 0.101 seconds
[2025-04-26T19:39:22.788+0000] {processor.py:156} INFO - Started process (PID=525) to work on /home/airflow/.local/lib/python3.7/site-packages/airflow/example_dags/example_datasets.py
[2025-04-26T19:39:22.789+0000] {processor.py:758} INFO - Processing file /home/airflow/.local/lib/python3.7/site-packages/airflow/example_dags/example_datasets.py for tasks to queue
[2025-04-26T19:39:22.790+0000] {logging_mixin.py:117} INFO - [2025-04-26T19:39:22.790+0000] {dagbag.py:525} INFO - Filling up the DagBag from /home/airflow/.local/lib/python3.7/site-packages/airflow/example_dags/example_datasets.py
[2025-04-26T19:39:22.802+0000] {processor.py:768} INFO - DAG(s) dict_keys(['dataset_produces_1', 'dataset_consumes_1_and_2', 'dataset_produces_2', 'dataset_consumes_1', 'dataset_consumes_unknown_never_scheduled', 'dataset_consumes_1_never_scheduled']) retrieved from /home/airflow/.local/lib/python3.7/site-packages/airflow/example_dags/example_datasets.py
[2025-04-26T19:39:22.840+0000] {logging_mixin.py:117} INFO - [2025-04-26T19:39:22.840+0000] {dag.py:2573} INFO - Sync 6 DAGs
[2025-04-26T19:39:22.861+0000] {logging_mixin.py:117} INFO - [2025-04-26T19:39:22.861+0000] {dag.py:3328} INFO - Setting next_dagrun for dataset_consumes_1 to None, run_after=None
[2025-04-26T19:39:22.864+0000] {logging_mixin.py:117} INFO - [2025-04-26T19:39:22.864+0000] {dag.py:3328} INFO - Setting next_dagrun for dataset_consumes_1_and_2 to None, run_after=None
[2025-04-26T19:39:22.865+0000] {logging_mixin.py:117} INFO - [2025-04-26T19:39:22.865+0000] {dag.py:3328} INFO - Setting next_dagrun for dataset_consumes_1_never_scheduled to None, run_after=None
[2025-04-26T19:39:22.865+0000] {logging_mixin.py:117} INFO - [2025-04-26T19:39:22.865+0000] {dag.py:3328} INFO - Setting next_dagrun for dataset_consumes_unknown_never_scheduled to None, run_after=None
[2025-04-26T19:39:22.867+0000] {logging_mixin.py:117} INFO - [2025-04-26T19:39:22.867+0000] {dag.py:3328} INFO - Setting next_dagrun for dataset_produces_1 to 2025-04-25T00:00:00+00:00, run_after=2025-04-26T00:00:00+00:00
[2025-04-26T19:39:22.868+0000] {logging_mixin.py:117} INFO - [2025-04-26T19:39:22.868+0000] {dag.py:3328} INFO - Setting next_dagrun for dataset_produces_2 to None, run_after=None
[2025-04-26T19:39:22.891+0000] {processor.py:178} INFO - Processing /home/airflow/.local/lib/python3.7/site-packages/airflow/example_dags/example_datasets.py took 0.105 seconds
