[2025-04-26T19:32:17.688+0000] {processor.py:156} INFO - Started process (PID=53) to work on /home/airflow/.local/lib/python3.7/site-packages/airflow/example_dags/example_task_group_decorator.py
[2025-04-26T19:32:17.690+0000] {processor.py:758} INFO - Processing file /home/airflow/.local/lib/python3.7/site-packages/airflow/example_dags/example_task_group_decorator.py for tasks to queue
[2025-04-26T19:32:17.691+0000] {logging_mixin.py:117} INFO - [2025-04-26T19:32:17.691+0000] {dagbag.py:525} INFO - Filling up the DagBag from /home/airflow/.local/lib/python3.7/site-packages/airflow/example_dags/example_task_group_decorator.py
[2025-04-26T19:32:17.856+0000] {processor.py:768} INFO - DAG(s) dict_keys(['example_task_group_decorator']) retrieved from /home/airflow/.local/lib/python3.7/site-packages/airflow/example_dags/example_task_group_decorator.py
[2025-04-26T19:32:17.958+0000] {logging_mixin.py:117} INFO - [2025-04-26T19:32:17.958+0000] {dag.py:2573} INFO - Sync 1 DAGs
[2025-04-26T19:32:18.009+0000] {logging_mixin.py:117} INFO - [2025-04-26T19:32:18.008+0000] {dag.py:3328} INFO - Setting next_dagrun for example_task_group_decorator to 2025-04-25T19:32:18.006828+00:00, run_after=2025-04-26T19:32:18.006828+00:00
[2025-04-26T19:32:18.051+0000] {processor.py:178} INFO - Processing /home/airflow/.local/lib/python3.7/site-packages/airflow/example_dags/example_task_group_decorator.py took 0.391 seconds
[2025-04-26T19:32:48.256+0000] {processor.py:156} INFO - Started process (PID=116) to work on /home/airflow/.local/lib/python3.7/site-packages/airflow/example_dags/example_task_group_decorator.py
[2025-04-26T19:32:48.257+0000] {processor.py:758} INFO - Processing file /home/airflow/.local/lib/python3.7/site-packages/airflow/example_dags/example_task_group_decorator.py for tasks to queue
[2025-04-26T19:32:48.257+0000] {logging_mixin.py:117} INFO - [2025-04-26T19:32:48.257+0000] {dagbag.py:525} INFO - Filling up the DagBag from /home/airflow/.local/lib/python3.7/site-packages/airflow/example_dags/example_task_group_decorator.py
[2025-04-26T19:32:48.295+0000] {processor.py:768} INFO - DAG(s) dict_keys(['example_task_group_decorator']) retrieved from /home/airflow/.local/lib/python3.7/site-packages/airflow/example_dags/example_task_group_decorator.py
[2025-04-26T19:32:48.328+0000] {logging_mixin.py:117} INFO - [2025-04-26T19:32:48.328+0000] {dag.py:2573} INFO - Sync 1 DAGs
[2025-04-26T19:32:48.346+0000] {logging_mixin.py:117} INFO - [2025-04-26T19:32:48.346+0000] {dag.py:3328} INFO - Setting next_dagrun for example_task_group_decorator to 2025-04-25T19:32:48.346548+00:00, run_after=2025-04-26T19:32:48.346548+00:00
[2025-04-26T19:32:48.363+0000] {processor.py:178} INFO - Processing /home/airflow/.local/lib/python3.7/site-packages/airflow/example_dags/example_task_group_decorator.py took 0.110 seconds
[2025-04-26T19:33:18.852+0000] {processor.py:156} INFO - Started process (PID=180) to work on /home/airflow/.local/lib/python3.7/site-packages/airflow/example_dags/example_task_group_decorator.py
[2025-04-26T19:33:18.857+0000] {processor.py:758} INFO - Processing file /home/airflow/.local/lib/python3.7/site-packages/airflow/example_dags/example_task_group_decorator.py for tasks to queue
[2025-04-26T19:33:18.859+0000] {logging_mixin.py:117} INFO - [2025-04-26T19:33:18.859+0000] {dagbag.py:525} INFO - Filling up the DagBag from /home/airflow/.local/lib/python3.7/site-packages/airflow/example_dags/example_task_group_decorator.py
[2025-04-26T19:33:18.940+0000] {processor.py:768} INFO - DAG(s) dict_keys(['example_task_group_decorator']) retrieved from /home/airflow/.local/lib/python3.7/site-packages/airflow/example_dags/example_task_group_decorator.py
[2025-04-26T19:33:18.980+0000] {logging_mixin.py:117} INFO - [2025-04-26T19:33:18.980+0000] {dag.py:2573} INFO - Sync 1 DAGs
[2025-04-26T19:33:19.001+0000] {logging_mixin.py:117} INFO - [2025-04-26T19:33:19.000+0000] {dag.py:3328} INFO - Setting next_dagrun for example_task_group_decorator to 2025-04-25T19:33:19.000711+00:00, run_after=2025-04-26T19:33:19.000711+00:00
[2025-04-26T19:33:19.026+0000] {processor.py:178} INFO - Processing /home/airflow/.local/lib/python3.7/site-packages/airflow/example_dags/example_task_group_decorator.py took 0.186 seconds
[2025-04-26T19:33:49.615+0000] {processor.py:156} INFO - Started process (PID=243) to work on /home/airflow/.local/lib/python3.7/site-packages/airflow/example_dags/example_task_group_decorator.py
[2025-04-26T19:33:49.616+0000] {processor.py:758} INFO - Processing file /home/airflow/.local/lib/python3.7/site-packages/airflow/example_dags/example_task_group_decorator.py for tasks to queue
[2025-04-26T19:33:49.616+0000] {logging_mixin.py:117} INFO - [2025-04-26T19:33:49.616+0000] {dagbag.py:525} INFO - Filling up the DagBag from /home/airflow/.local/lib/python3.7/site-packages/airflow/example_dags/example_task_group_decorator.py
[2025-04-26T19:33:49.638+0000] {processor.py:768} INFO - DAG(s) dict_keys(['example_task_group_decorator']) retrieved from /home/airflow/.local/lib/python3.7/site-packages/airflow/example_dags/example_task_group_decorator.py
[2025-04-26T19:33:49.670+0000] {logging_mixin.py:117} INFO - [2025-04-26T19:33:49.670+0000] {dag.py:2573} INFO - Sync 1 DAGs
[2025-04-26T19:33:49.687+0000] {logging_mixin.py:117} INFO - [2025-04-26T19:33:49.686+0000] {dag.py:3328} INFO - Setting next_dagrun for example_task_group_decorator to 2025-04-25T19:33:49.686811+00:00, run_after=2025-04-26T19:33:49.686811+00:00
[2025-04-26T19:33:49.701+0000] {processor.py:178} INFO - Processing /home/airflow/.local/lib/python3.7/site-packages/airflow/example_dags/example_task_group_decorator.py took 0.088 seconds
[2025-04-26T19:34:20.300+0000] {processor.py:156} INFO - Started process (PID=306) to work on /home/airflow/.local/lib/python3.7/site-packages/airflow/example_dags/example_task_group_decorator.py
[2025-04-26T19:34:20.315+0000] {processor.py:758} INFO - Processing file /home/airflow/.local/lib/python3.7/site-packages/airflow/example_dags/example_task_group_decorator.py for tasks to queue
[2025-04-26T19:34:20.329+0000] {logging_mixin.py:117} INFO - [2025-04-26T19:34:20.328+0000] {dagbag.py:525} INFO - Filling up the DagBag from /home/airflow/.local/lib/python3.7/site-packages/airflow/example_dags/example_task_group_decorator.py
[2025-04-26T19:34:20.597+0000] {processor.py:768} INFO - DAG(s) dict_keys(['example_task_group_decorator']) retrieved from /home/airflow/.local/lib/python3.7/site-packages/airflow/example_dags/example_task_group_decorator.py
[2025-04-26T19:34:20.851+0000] {logging_mixin.py:117} INFO - [2025-04-26T19:34:20.850+0000] {dag.py:2573} INFO - Sync 1 DAGs
[2025-04-26T19:34:20.979+0000] {logging_mixin.py:117} INFO - [2025-04-26T19:34:20.979+0000] {dag.py:3328} INFO - Setting next_dagrun for example_task_group_decorator to 2025-04-25T19:34:20.978981+00:00, run_after=2025-04-26T19:34:20.978981+00:00
[2025-04-26T19:34:21.020+0000] {processor.py:178} INFO - Processing /home/airflow/.local/lib/python3.7/site-packages/airflow/example_dags/example_task_group_decorator.py took 0.759 seconds
[2025-04-26T19:35:48.230+0000] {processor.py:156} INFO - Started process (PID=53) to work on /home/airflow/.local/lib/python3.7/site-packages/airflow/example_dags/example_task_group_decorator.py
[2025-04-26T19:35:48.231+0000] {processor.py:758} INFO - Processing file /home/airflow/.local/lib/python3.7/site-packages/airflow/example_dags/example_task_group_decorator.py for tasks to queue
[2025-04-26T19:35:48.231+0000] {logging_mixin.py:117} INFO - [2025-04-26T19:35:48.231+0000] {dagbag.py:525} INFO - Filling up the DagBag from /home/airflow/.local/lib/python3.7/site-packages/airflow/example_dags/example_task_group_decorator.py
[2025-04-26T19:35:48.276+0000] {processor.py:768} INFO - DAG(s) dict_keys(['example_task_group_decorator']) retrieved from /home/airflow/.local/lib/python3.7/site-packages/airflow/example_dags/example_task_group_decorator.py
[2025-04-26T19:35:48.301+0000] {logging_mixin.py:117} INFO - [2025-04-26T19:35:48.301+0000] {dag.py:2573} INFO - Sync 1 DAGs
[2025-04-26T19:35:48.327+0000] {logging_mixin.py:117} INFO - [2025-04-26T19:35:48.327+0000] {dag.py:3328} INFO - Setting next_dagrun for example_task_group_decorator to 2025-04-25T19:35:48.326965+00:00, run_after=2025-04-26T19:35:48.326965+00:00
[2025-04-26T19:35:48.344+0000] {processor.py:178} INFO - Processing /home/airflow/.local/lib/python3.7/site-packages/airflow/example_dags/example_task_group_decorator.py took 0.117 seconds
[2025-04-26T19:36:18.628+0000] {processor.py:156} INFO - Started process (PID=116) to work on /home/airflow/.local/lib/python3.7/site-packages/airflow/example_dags/example_task_group_decorator.py
[2025-04-26T19:36:18.629+0000] {processor.py:758} INFO - Processing file /home/airflow/.local/lib/python3.7/site-packages/airflow/example_dags/example_task_group_decorator.py for tasks to queue
[2025-04-26T19:36:18.630+0000] {logging_mixin.py:117} INFO - [2025-04-26T19:36:18.629+0000] {dagbag.py:525} INFO - Filling up the DagBag from /home/airflow/.local/lib/python3.7/site-packages/airflow/example_dags/example_task_group_decorator.py
[2025-04-26T19:36:18.649+0000] {processor.py:768} INFO - DAG(s) dict_keys(['example_task_group_decorator']) retrieved from /home/airflow/.local/lib/python3.7/site-packages/airflow/example_dags/example_task_group_decorator.py
[2025-04-26T19:36:18.675+0000] {logging_mixin.py:117} INFO - [2025-04-26T19:36:18.675+0000] {dag.py:2573} INFO - Sync 1 DAGs
[2025-04-26T19:36:18.691+0000] {logging_mixin.py:117} INFO - [2025-04-26T19:36:18.691+0000] {dag.py:3328} INFO - Setting next_dagrun for example_task_group_decorator to 2025-04-25T19:36:18.691182+00:00, run_after=2025-04-26T19:36:18.691182+00:00
[2025-04-26T19:36:18.706+0000] {processor.py:178} INFO - Processing /home/airflow/.local/lib/python3.7/site-packages/airflow/example_dags/example_task_group_decorator.py took 0.079 seconds
[2025-04-26T19:36:49.022+0000] {processor.py:156} INFO - Started process (PID=180) to work on /home/airflow/.local/lib/python3.7/site-packages/airflow/example_dags/example_task_group_decorator.py
[2025-04-26T19:36:49.024+0000] {processor.py:758} INFO - Processing file /home/airflow/.local/lib/python3.7/site-packages/airflow/example_dags/example_task_group_decorator.py for tasks to queue
[2025-04-26T19:36:49.024+0000] {logging_mixin.py:117} INFO - [2025-04-26T19:36:49.024+0000] {dagbag.py:525} INFO - Filling up the DagBag from /home/airflow/.local/lib/python3.7/site-packages/airflow/example_dags/example_task_group_decorator.py
[2025-04-26T19:36:49.050+0000] {processor.py:768} INFO - DAG(s) dict_keys(['example_task_group_decorator']) retrieved from /home/airflow/.local/lib/python3.7/site-packages/airflow/example_dags/example_task_group_decorator.py
[2025-04-26T19:36:49.076+0000] {logging_mixin.py:117} INFO - [2025-04-26T19:36:49.076+0000] {dag.py:2573} INFO - Sync 1 DAGs
[2025-04-26T19:36:49.092+0000] {logging_mixin.py:117} INFO - [2025-04-26T19:36:49.092+0000] {dag.py:3328} INFO - Setting next_dagrun for example_task_group_decorator to 2025-04-25T19:36:49.092356+00:00, run_after=2025-04-26T19:36:49.092356+00:00
[2025-04-26T19:36:49.106+0000] {processor.py:178} INFO - Processing /home/airflow/.local/lib/python3.7/site-packages/airflow/example_dags/example_task_group_decorator.py took 0.086 seconds
[2025-04-26T19:37:19.555+0000] {processor.py:156} INFO - Started process (PID=243) to work on /home/airflow/.local/lib/python3.7/site-packages/airflow/example_dags/example_task_group_decorator.py
[2025-04-26T19:37:19.556+0000] {processor.py:758} INFO - Processing file /home/airflow/.local/lib/python3.7/site-packages/airflow/example_dags/example_task_group_decorator.py for tasks to queue
[2025-04-26T19:37:19.557+0000] {logging_mixin.py:117} INFO - [2025-04-26T19:37:19.556+0000] {dagbag.py:525} INFO - Filling up the DagBag from /home/airflow/.local/lib/python3.7/site-packages/airflow/example_dags/example_task_group_decorator.py
[2025-04-26T19:37:19.576+0000] {processor.py:768} INFO - DAG(s) dict_keys(['example_task_group_decorator']) retrieved from /home/airflow/.local/lib/python3.7/site-packages/airflow/example_dags/example_task_group_decorator.py
[2025-04-26T19:37:19.601+0000] {logging_mixin.py:117} INFO - [2025-04-26T19:37:19.601+0000] {dag.py:2573} INFO - Sync 1 DAGs
[2025-04-26T19:37:19.617+0000] {logging_mixin.py:117} INFO - [2025-04-26T19:37:19.617+0000] {dag.py:3328} INFO - Setting next_dagrun for example_task_group_decorator to 2025-04-25T19:37:19.617432+00:00, run_after=2025-04-26T19:37:19.617432+00:00
[2025-04-26T19:37:19.630+0000] {processor.py:178} INFO - Processing /home/airflow/.local/lib/python3.7/site-packages/airflow/example_dags/example_task_group_decorator.py took 0.076 seconds
[2025-04-26T19:37:49.786+0000] {processor.py:156} INFO - Started process (PID=306) to work on /home/airflow/.local/lib/python3.7/site-packages/airflow/example_dags/example_task_group_decorator.py
[2025-04-26T19:37:49.787+0000] {processor.py:758} INFO - Processing file /home/airflow/.local/lib/python3.7/site-packages/airflow/example_dags/example_task_group_decorator.py for tasks to queue
[2025-04-26T19:37:49.787+0000] {logging_mixin.py:117} INFO - [2025-04-26T19:37:49.787+0000] {dagbag.py:525} INFO - Filling up the DagBag from /home/airflow/.local/lib/python3.7/site-packages/airflow/example_dags/example_task_group_decorator.py
[2025-04-26T19:37:49.810+0000] {processor.py:768} INFO - DAG(s) dict_keys(['example_task_group_decorator']) retrieved from /home/airflow/.local/lib/python3.7/site-packages/airflow/example_dags/example_task_group_decorator.py
[2025-04-26T19:37:49.846+0000] {logging_mixin.py:117} INFO - [2025-04-26T19:37:49.846+0000] {dag.py:2573} INFO - Sync 1 DAGs
[2025-04-26T19:37:49.866+0000] {logging_mixin.py:117} INFO - [2025-04-26T19:37:49.866+0000] {dag.py:3328} INFO - Setting next_dagrun for example_task_group_decorator to 2025-04-25T19:37:49.865886+00:00, run_after=2025-04-26T19:37:49.865886+00:00
[2025-04-26T19:37:49.881+0000] {processor.py:178} INFO - Processing /home/airflow/.local/lib/python3.7/site-packages/airflow/example_dags/example_task_group_decorator.py took 0.098 seconds
[2025-04-26T19:38:20.288+0000] {processor.py:156} INFO - Started process (PID=369) to work on /home/airflow/.local/lib/python3.7/site-packages/airflow/example_dags/example_task_group_decorator.py
[2025-04-26T19:38:20.289+0000] {processor.py:758} INFO - Processing file /home/airflow/.local/lib/python3.7/site-packages/airflow/example_dags/example_task_group_decorator.py for tasks to queue
[2025-04-26T19:38:20.289+0000] {logging_mixin.py:117} INFO - [2025-04-26T19:38:20.289+0000] {dagbag.py:525} INFO - Filling up the DagBag from /home/airflow/.local/lib/python3.7/site-packages/airflow/example_dags/example_task_group_decorator.py
[2025-04-26T19:38:20.312+0000] {processor.py:768} INFO - DAG(s) dict_keys(['example_task_group_decorator']) retrieved from /home/airflow/.local/lib/python3.7/site-packages/airflow/example_dags/example_task_group_decorator.py
[2025-04-26T19:38:20.343+0000] {logging_mixin.py:117} INFO - [2025-04-26T19:38:20.342+0000] {dag.py:2573} INFO - Sync 1 DAGs
[2025-04-26T19:38:20.358+0000] {logging_mixin.py:117} INFO - [2025-04-26T19:38:20.358+0000] {dag.py:3328} INFO - Setting next_dagrun for example_task_group_decorator to 2025-04-25T19:38:20.357872+00:00, run_after=2025-04-26T19:38:20.357872+00:00
[2025-04-26T19:38:20.370+0000] {processor.py:178} INFO - Processing /home/airflow/.local/lib/python3.7/site-packages/airflow/example_dags/example_task_group_decorator.py took 0.084 seconds
[2025-04-26T19:38:50.560+0000] {processor.py:156} INFO - Started process (PID=432) to work on /home/airflow/.local/lib/python3.7/site-packages/airflow/example_dags/example_task_group_decorator.py
[2025-04-26T19:38:50.561+0000] {processor.py:758} INFO - Processing file /home/airflow/.local/lib/python3.7/site-packages/airflow/example_dags/example_task_group_decorator.py for tasks to queue
[2025-04-26T19:38:50.561+0000] {logging_mixin.py:117} INFO - [2025-04-26T19:38:50.561+0000] {dagbag.py:525} INFO - Filling up the DagBag from /home/airflow/.local/lib/python3.7/site-packages/airflow/example_dags/example_task_group_decorator.py
[2025-04-26T19:38:50.581+0000] {processor.py:768} INFO - DAG(s) dict_keys(['example_task_group_decorator']) retrieved from /home/airflow/.local/lib/python3.7/site-packages/airflow/example_dags/example_task_group_decorator.py
[2025-04-26T19:38:50.608+0000] {logging_mixin.py:117} INFO - [2025-04-26T19:38:50.608+0000] {dag.py:2573} INFO - Sync 1 DAGs
[2025-04-26T19:38:50.625+0000] {logging_mixin.py:117} INFO - [2025-04-26T19:38:50.625+0000] {dag.py:3328} INFO - Setting next_dagrun for example_task_group_decorator to 2025-04-25T19:38:50.625140+00:00, run_after=2025-04-26T19:38:50.625140+00:00
[2025-04-26T19:38:50.638+0000] {processor.py:178} INFO - Processing /home/airflow/.local/lib/python3.7/site-packages/airflow/example_dags/example_task_group_decorator.py took 0.080 seconds
[2025-04-26T19:39:20.698+0000] {processor.py:156} INFO - Started process (PID=495) to work on /home/airflow/.local/lib/python3.7/site-packages/airflow/example_dags/example_task_group_decorator.py
[2025-04-26T19:39:20.700+0000] {processor.py:758} INFO - Processing file /home/airflow/.local/lib/python3.7/site-packages/airflow/example_dags/example_task_group_decorator.py for tasks to queue
[2025-04-26T19:39:20.700+0000] {logging_mixin.py:117} INFO - [2025-04-26T19:39:20.700+0000] {dagbag.py:525} INFO - Filling up the DagBag from /home/airflow/.local/lib/python3.7/site-packages/airflow/example_dags/example_task_group_decorator.py
[2025-04-26T19:39:20.722+0000] {processor.py:768} INFO - DAG(s) dict_keys(['example_task_group_decorator']) retrieved from /home/airflow/.local/lib/python3.7/site-packages/airflow/example_dags/example_task_group_decorator.py
[2025-04-26T19:39:20.753+0000] {logging_mixin.py:117} INFO - [2025-04-26T19:39:20.753+0000] {dag.py:2573} INFO - Sync 1 DAGs
[2025-04-26T19:39:20.773+0000] {logging_mixin.py:117} INFO - [2025-04-26T19:39:20.773+0000] {dag.py:3328} INFO - Setting next_dagrun for example_task_group_decorator to 2025-04-25T19:39:20.773251+00:00, run_after=2025-04-26T19:39:20.773251+00:00
[2025-04-26T19:39:20.788+0000] {processor.py:178} INFO - Processing /home/airflow/.local/lib/python3.7/site-packages/airflow/example_dags/example_task_group_decorator.py took 0.092 seconds
[2025-04-26T19:39:51.345+0000] {processor.py:156} INFO - Started process (PID=549) to work on /home/airflow/.local/lib/python3.7/site-packages/airflow/example_dags/example_task_group_decorator.py
[2025-04-26T19:39:51.346+0000] {processor.py:758} INFO - Processing file /home/airflow/.local/lib/python3.7/site-packages/airflow/example_dags/example_task_group_decorator.py for tasks to queue
[2025-04-26T19:39:51.346+0000] {logging_mixin.py:117} INFO - [2025-04-26T19:39:51.346+0000] {dagbag.py:525} INFO - Filling up the DagBag from /home/airflow/.local/lib/python3.7/site-packages/airflow/example_dags/example_task_group_decorator.py
[2025-04-26T19:39:51.369+0000] {processor.py:768} INFO - DAG(s) dict_keys(['example_task_group_decorator']) retrieved from /home/airflow/.local/lib/python3.7/site-packages/airflow/example_dags/example_task_group_decorator.py
[2025-04-26T19:39:51.401+0000] {logging_mixin.py:117} INFO - [2025-04-26T19:39:51.401+0000] {dag.py:2573} INFO - Sync 1 DAGs
[2025-04-26T19:39:51.420+0000] {logging_mixin.py:117} INFO - [2025-04-26T19:39:51.420+0000] {dag.py:3328} INFO - Setting next_dagrun for example_task_group_decorator to 2025-04-25T19:39:51.420370+00:00, run_after=2025-04-26T19:39:51.420370+00:00
[2025-04-26T19:39:51.436+0000] {processor.py:178} INFO - Processing /home/airflow/.local/lib/python3.7/site-packages/airflow/example_dags/example_task_group_decorator.py took 0.093 seconds
[2025-04-26T19:40:21.856+0000] {processor.py:156} INFO - Started process (PID=612) to work on /home/airflow/.local/lib/python3.7/site-packages/airflow/example_dags/example_task_group_decorator.py
[2025-04-26T19:40:21.857+0000] {processor.py:758} INFO - Processing file /home/airflow/.local/lib/python3.7/site-packages/airflow/example_dags/example_task_group_decorator.py for tasks to queue
[2025-04-26T19:40:21.858+0000] {logging_mixin.py:117} INFO - [2025-04-26T19:40:21.858+0000] {dagbag.py:525} INFO - Filling up the DagBag from /home/airflow/.local/lib/python3.7/site-packages/airflow/example_dags/example_task_group_decorator.py
[2025-04-26T19:40:21.882+0000] {processor.py:768} INFO - DAG(s) dict_keys(['example_task_group_decorator']) retrieved from /home/airflow/.local/lib/python3.7/site-packages/airflow/example_dags/example_task_group_decorator.py
[2025-04-26T19:40:21.913+0000] {logging_mixin.py:117} INFO - [2025-04-26T19:40:21.913+0000] {dag.py:2573} INFO - Sync 1 DAGs
[2025-04-26T19:40:21.929+0000] {logging_mixin.py:117} INFO - [2025-04-26T19:40:21.929+0000] {dag.py:3328} INFO - Setting next_dagrun for example_task_group_decorator to 2025-04-25T19:40:21.929340+00:00, run_after=2025-04-26T19:40:21.929340+00:00
[2025-04-26T19:40:21.943+0000] {processor.py:178} INFO - Processing /home/airflow/.local/lib/python3.7/site-packages/airflow/example_dags/example_task_group_decorator.py took 0.089 seconds
[2025-04-26T19:40:52.341+0000] {processor.py:156} INFO - Started process (PID=676) to work on /home/airflow/.local/lib/python3.7/site-packages/airflow/example_dags/example_task_group_decorator.py
[2025-04-26T19:40:52.341+0000] {processor.py:758} INFO - Processing file /home/airflow/.local/lib/python3.7/site-packages/airflow/example_dags/example_task_group_decorator.py for tasks to queue
[2025-04-26T19:40:52.342+0000] {logging_mixin.py:117} INFO - [2025-04-26T19:40:52.342+0000] {dagbag.py:525} INFO - Filling up the DagBag from /home/airflow/.local/lib/python3.7/site-packages/airflow/example_dags/example_task_group_decorator.py
[2025-04-26T19:40:52.365+0000] {processor.py:768} INFO - DAG(s) dict_keys(['example_task_group_decorator']) retrieved from /home/airflow/.local/lib/python3.7/site-packages/airflow/example_dags/example_task_group_decorator.py
[2025-04-26T19:40:52.395+0000] {logging_mixin.py:117} INFO - [2025-04-26T19:40:52.395+0000] {dag.py:2573} INFO - Sync 1 DAGs
[2025-04-26T19:40:52.414+0000] {logging_mixin.py:117} INFO - [2025-04-26T19:40:52.414+0000] {dag.py:3328} INFO - Setting next_dagrun for example_task_group_decorator to 2025-04-25T19:40:52.414333+00:00, run_after=2025-04-26T19:40:52.414333+00:00
[2025-04-26T19:40:52.430+0000] {processor.py:178} INFO - Processing /home/airflow/.local/lib/python3.7/site-packages/airflow/example_dags/example_task_group_decorator.py took 0.092 seconds
