[2025-04-26T19:32:20.178+0000] {processor.py:156} INFO - Started process (PID=71) to work on /home/airflow/.local/lib/python3.7/site-packages/airflow/example_dags/example_branch_day_of_week_operator.py
[2025-04-26T19:32:20.183+0000] {processor.py:758} INFO - Processing file /home/airflow/.local/lib/python3.7/site-packages/airflow/example_dags/example_branch_day_of_week_operator.py for tasks to queue
[2025-04-26T19:32:20.186+0000] {logging_mixin.py:117} INFO - [2025-04-26T19:32:20.186+0000] {dagbag.py:525} INFO - Filling up the DagBag from /home/airflow/.local/lib/python3.7/site-packages/airflow/example_dags/example_branch_day_of_week_operator.py
[2025-04-26T19:32:20.334+0000] {processor.py:768} INFO - DAG(s) dict_keys(['example_weekday_branch_operator']) retrieved from /home/airflow/.local/lib/python3.7/site-packages/airflow/example_dags/example_branch_day_of_week_operator.py
[2025-04-26T19:32:20.491+0000] {logging_mixin.py:117} INFO - [2025-04-26T19:32:20.491+0000] {dag.py:2573} INFO - Sync 1 DAGs
[2025-04-26T19:32:20.753+0000] {logging_mixin.py:117} INFO - [2025-04-26T19:32:20.752+0000] {dag.py:3328} INFO - Setting next_dagrun for example_weekday_branch_operator to 2025-04-25T00:00:00+00:00, run_after=2025-04-26T00:00:00+00:00
[2025-04-26T19:32:20.778+0000] {processor.py:178} INFO - Processing /home/airflow/.local/lib/python3.7/site-packages/airflow/example_dags/example_branch_day_of_week_operator.py took 0.636 seconds
[2025-04-26T19:32:50.848+0000] {processor.py:156} INFO - Started process (PID=125) to work on /home/airflow/.local/lib/python3.7/site-packages/airflow/example_dags/example_branch_day_of_week_operator.py
[2025-04-26T19:32:50.863+0000] {processor.py:758} INFO - Processing file /home/airflow/.local/lib/python3.7/site-packages/airflow/example_dags/example_branch_day_of_week_operator.py for tasks to queue
[2025-04-26T19:32:50.863+0000] {logging_mixin.py:117} INFO - [2025-04-26T19:32:50.863+0000] {dagbag.py:525} INFO - Filling up the DagBag from /home/airflow/.local/lib/python3.7/site-packages/airflow/example_dags/example_branch_day_of_week_operator.py
[2025-04-26T19:32:50.875+0000] {processor.py:768} INFO - DAG(s) dict_keys(['example_weekday_branch_operator']) retrieved from /home/airflow/.local/lib/python3.7/site-packages/airflow/example_dags/example_branch_day_of_week_operator.py
[2025-04-26T19:32:50.904+0000] {logging_mixin.py:117} INFO - [2025-04-26T19:32:50.904+0000] {dag.py:2573} INFO - Sync 1 DAGs
[2025-04-26T19:32:50.920+0000] {logging_mixin.py:117} INFO - [2025-04-26T19:32:50.920+0000] {dag.py:3328} INFO - Setting next_dagrun for example_weekday_branch_operator to 2025-04-25T00:00:00+00:00, run_after=2025-04-26T00:00:00+00:00
[2025-04-26T19:32:50.935+0000] {processor.py:178} INFO - Processing /home/airflow/.local/lib/python3.7/site-packages/airflow/example_dags/example_branch_day_of_week_operator.py took 0.090 seconds
[2025-04-26T19:33:21.438+0000] {processor.py:156} INFO - Started process (PID=189) to work on /home/airflow/.local/lib/python3.7/site-packages/airflow/example_dags/example_branch_day_of_week_operator.py
[2025-04-26T19:33:21.448+0000] {processor.py:758} INFO - Processing file /home/airflow/.local/lib/python3.7/site-packages/airflow/example_dags/example_branch_day_of_week_operator.py for tasks to queue
[2025-04-26T19:33:21.448+0000] {logging_mixin.py:117} INFO - [2025-04-26T19:33:21.448+0000] {dagbag.py:525} INFO - Filling up the DagBag from /home/airflow/.local/lib/python3.7/site-packages/airflow/example_dags/example_branch_day_of_week_operator.py
[2025-04-26T19:33:21.462+0000] {processor.py:768} INFO - DAG(s) dict_keys(['example_weekday_branch_operator']) retrieved from /home/airflow/.local/lib/python3.7/site-packages/airflow/example_dags/example_branch_day_of_week_operator.py
[2025-04-26T19:33:21.495+0000] {logging_mixin.py:117} INFO - [2025-04-26T19:33:21.495+0000] {dag.py:2573} INFO - Sync 1 DAGs
[2025-04-26T19:33:21.515+0000] {logging_mixin.py:117} INFO - [2025-04-26T19:33:21.515+0000] {dag.py:3328} INFO - Setting next_dagrun for example_weekday_branch_operator to 2025-04-25T00:00:00+00:00, run_after=2025-04-26T00:00:00+00:00
[2025-04-26T19:33:21.553+0000] {processor.py:178} INFO - Processing /home/airflow/.local/lib/python3.7/site-packages/airflow/example_dags/example_branch_day_of_week_operator.py took 0.118 seconds
[2025-04-26T19:33:52.159+0000] {processor.py:156} INFO - Started process (PID=252) to work on /home/airflow/.local/lib/python3.7/site-packages/airflow/example_dags/example_branch_day_of_week_operator.py
[2025-04-26T19:33:52.160+0000] {processor.py:758} INFO - Processing file /home/airflow/.local/lib/python3.7/site-packages/airflow/example_dags/example_branch_day_of_week_operator.py for tasks to queue
[2025-04-26T19:33:52.160+0000] {logging_mixin.py:117} INFO - [2025-04-26T19:33:52.160+0000] {dagbag.py:525} INFO - Filling up the DagBag from /home/airflow/.local/lib/python3.7/site-packages/airflow/example_dags/example_branch_day_of_week_operator.py
[2025-04-26T19:33:52.172+0000] {processor.py:768} INFO - DAG(s) dict_keys(['example_weekday_branch_operator']) retrieved from /home/airflow/.local/lib/python3.7/site-packages/airflow/example_dags/example_branch_day_of_week_operator.py
[2025-04-26T19:33:52.203+0000] {logging_mixin.py:117} INFO - [2025-04-26T19:33:52.203+0000] {dag.py:2573} INFO - Sync 1 DAGs
[2025-04-26T19:33:52.222+0000] {logging_mixin.py:117} INFO - [2025-04-26T19:33:52.222+0000] {dag.py:3328} INFO - Setting next_dagrun for example_weekday_branch_operator to 2025-04-25T00:00:00+00:00, run_after=2025-04-26T00:00:00+00:00
[2025-04-26T19:33:52.238+0000] {processor.py:178} INFO - Processing /home/airflow/.local/lib/python3.7/site-packages/airflow/example_dags/example_branch_day_of_week_operator.py took 0.082 seconds
[2025-04-26T19:34:22.990+0000] {processor.py:156} INFO - Started process (PID=315) to work on /home/airflow/.local/lib/python3.7/site-packages/airflow/example_dags/example_branch_day_of_week_operator.py
[2025-04-26T19:34:22.991+0000] {processor.py:758} INFO - Processing file /home/airflow/.local/lib/python3.7/site-packages/airflow/example_dags/example_branch_day_of_week_operator.py for tasks to queue
[2025-04-26T19:34:22.992+0000] {logging_mixin.py:117} INFO - [2025-04-26T19:34:22.992+0000] {dagbag.py:525} INFO - Filling up the DagBag from /home/airflow/.local/lib/python3.7/site-packages/airflow/example_dags/example_branch_day_of_week_operator.py
[2025-04-26T19:34:23.016+0000] {processor.py:768} INFO - DAG(s) dict_keys(['example_weekday_branch_operator']) retrieved from /home/airflow/.local/lib/python3.7/site-packages/airflow/example_dags/example_branch_day_of_week_operator.py
[2025-04-26T19:34:23.068+0000] {logging_mixin.py:117} INFO - [2025-04-26T19:34:23.068+0000] {dag.py:2573} INFO - Sync 1 DAGs
[2025-04-26T19:34:23.089+0000] {logging_mixin.py:117} INFO - [2025-04-26T19:34:23.089+0000] {dag.py:3328} INFO - Setting next_dagrun for example_weekday_branch_operator to 2025-04-25T00:00:00+00:00, run_after=2025-04-26T00:00:00+00:00
[2025-04-26T19:34:23.106+0000] {processor.py:178} INFO - Processing /home/airflow/.local/lib/python3.7/site-packages/airflow/example_dags/example_branch_day_of_week_operator.py took 0.119 seconds
[2025-04-26T19:35:48.696+0000] {processor.py:156} INFO - Started process (PID=62) to work on /home/airflow/.local/lib/python3.7/site-packages/airflow/example_dags/example_branch_day_of_week_operator.py
[2025-04-26T19:35:48.697+0000] {processor.py:758} INFO - Processing file /home/airflow/.local/lib/python3.7/site-packages/airflow/example_dags/example_branch_day_of_week_operator.py for tasks to queue
[2025-04-26T19:35:48.698+0000] {logging_mixin.py:117} INFO - [2025-04-26T19:35:48.697+0000] {dagbag.py:525} INFO - Filling up the DagBag from /home/airflow/.local/lib/python3.7/site-packages/airflow/example_dags/example_branch_day_of_week_operator.py
[2025-04-26T19:35:48.711+0000] {processor.py:768} INFO - DAG(s) dict_keys(['example_weekday_branch_operator']) retrieved from /home/airflow/.local/lib/python3.7/site-packages/airflow/example_dags/example_branch_day_of_week_operator.py
[2025-04-26T19:35:48.730+0000] {logging_mixin.py:117} INFO - [2025-04-26T19:35:48.730+0000] {dag.py:2573} INFO - Sync 1 DAGs
[2025-04-26T19:35:48.750+0000] {logging_mixin.py:117} INFO - [2025-04-26T19:35:48.750+0000] {dag.py:3328} INFO - Setting next_dagrun for example_weekday_branch_operator to 2025-04-25T00:00:00+00:00, run_after=2025-04-26T00:00:00+00:00
[2025-04-26T19:35:48.763+0000] {processor.py:178} INFO - Processing /home/airflow/.local/lib/python3.7/site-packages/airflow/example_dags/example_branch_day_of_week_operator.py took 0.069 seconds
[2025-04-26T19:36:19.796+0000] {processor.py:156} INFO - Started process (PID=133) to work on /home/airflow/.local/lib/python3.7/site-packages/airflow/example_dags/example_branch_day_of_week_operator.py
[2025-04-26T19:36:19.797+0000] {processor.py:758} INFO - Processing file /home/airflow/.local/lib/python3.7/site-packages/airflow/example_dags/example_branch_day_of_week_operator.py for tasks to queue
[2025-04-26T19:36:19.798+0000] {logging_mixin.py:117} INFO - [2025-04-26T19:36:19.798+0000] {dagbag.py:525} INFO - Filling up the DagBag from /home/airflow/.local/lib/python3.7/site-packages/airflow/example_dags/example_branch_day_of_week_operator.py
[2025-04-26T19:36:19.808+0000] {processor.py:768} INFO - DAG(s) dict_keys(['example_weekday_branch_operator']) retrieved from /home/airflow/.local/lib/python3.7/site-packages/airflow/example_dags/example_branch_day_of_week_operator.py
[2025-04-26T19:36:19.838+0000] {logging_mixin.py:117} INFO - [2025-04-26T19:36:19.838+0000] {dag.py:2573} INFO - Sync 1 DAGs
[2025-04-26T19:36:19.854+0000] {logging_mixin.py:117} INFO - [2025-04-26T19:36:19.854+0000] {dag.py:3328} INFO - Setting next_dagrun for example_weekday_branch_operator to 2025-04-25T00:00:00+00:00, run_after=2025-04-26T00:00:00+00:00
[2025-04-26T19:36:19.867+0000] {processor.py:178} INFO - Processing /home/airflow/.local/lib/python3.7/site-packages/airflow/example_dags/example_branch_day_of_week_operator.py took 0.073 seconds
[2025-04-26T19:36:50.098+0000] {processor.py:156} INFO - Started process (PID=197) to work on /home/airflow/.local/lib/python3.7/site-packages/airflow/example_dags/example_branch_day_of_week_operator.py
[2025-04-26T19:36:50.100+0000] {processor.py:758} INFO - Processing file /home/airflow/.local/lib/python3.7/site-packages/airflow/example_dags/example_branch_day_of_week_operator.py for tasks to queue
[2025-04-26T19:36:50.100+0000] {logging_mixin.py:117} INFO - [2025-04-26T19:36:50.100+0000] {dagbag.py:525} INFO - Filling up the DagBag from /home/airflow/.local/lib/python3.7/site-packages/airflow/example_dags/example_branch_day_of_week_operator.py
[2025-04-26T19:36:50.111+0000] {processor.py:768} INFO - DAG(s) dict_keys(['example_weekday_branch_operator']) retrieved from /home/airflow/.local/lib/python3.7/site-packages/airflow/example_dags/example_branch_day_of_week_operator.py
[2025-04-26T19:36:50.138+0000] {logging_mixin.py:117} INFO - [2025-04-26T19:36:50.138+0000] {dag.py:2573} INFO - Sync 1 DAGs
[2025-04-26T19:36:50.153+0000] {logging_mixin.py:117} INFO - [2025-04-26T19:36:50.153+0000] {dag.py:3328} INFO - Setting next_dagrun for example_weekday_branch_operator to 2025-04-25T00:00:00+00:00, run_after=2025-04-26T00:00:00+00:00
[2025-04-26T19:36:50.172+0000] {processor.py:178} INFO - Processing /home/airflow/.local/lib/python3.7/site-packages/airflow/example_dags/example_branch_day_of_week_operator.py took 0.076 seconds
[2025-04-26T19:37:20.360+0000] {processor.py:156} INFO - Started process (PID=258) to work on /home/airflow/.local/lib/python3.7/site-packages/airflow/example_dags/example_branch_day_of_week_operator.py
[2025-04-26T19:37:20.361+0000] {processor.py:758} INFO - Processing file /home/airflow/.local/lib/python3.7/site-packages/airflow/example_dags/example_branch_day_of_week_operator.py for tasks to queue
[2025-04-26T19:37:20.361+0000] {logging_mixin.py:117} INFO - [2025-04-26T19:37:20.361+0000] {dagbag.py:525} INFO - Filling up the DagBag from /home/airflow/.local/lib/python3.7/site-packages/airflow/example_dags/example_branch_day_of_week_operator.py
[2025-04-26T19:37:20.372+0000] {processor.py:768} INFO - DAG(s) dict_keys(['example_weekday_branch_operator']) retrieved from /home/airflow/.local/lib/python3.7/site-packages/airflow/example_dags/example_branch_day_of_week_operator.py
[2025-04-26T19:37:20.400+0000] {logging_mixin.py:117} INFO - [2025-04-26T19:37:20.400+0000] {dag.py:2573} INFO - Sync 1 DAGs
[2025-04-26T19:37:20.418+0000] {logging_mixin.py:117} INFO - [2025-04-26T19:37:20.418+0000] {dag.py:3328} INFO - Setting next_dagrun for example_weekday_branch_operator to 2025-04-25T00:00:00+00:00, run_after=2025-04-26T00:00:00+00:00
[2025-04-26T19:37:20.433+0000] {processor.py:178} INFO - Processing /home/airflow/.local/lib/python3.7/site-packages/airflow/example_dags/example_branch_day_of_week_operator.py took 0.075 seconds
[2025-04-26T19:37:50.497+0000] {processor.py:156} INFO - Started process (PID=318) to work on /home/airflow/.local/lib/python3.7/site-packages/airflow/example_dags/example_branch_day_of_week_operator.py
[2025-04-26T19:37:50.498+0000] {processor.py:758} INFO - Processing file /home/airflow/.local/lib/python3.7/site-packages/airflow/example_dags/example_branch_day_of_week_operator.py for tasks to queue
[2025-04-26T19:37:50.498+0000] {logging_mixin.py:117} INFO - [2025-04-26T19:37:50.498+0000] {dagbag.py:525} INFO - Filling up the DagBag from /home/airflow/.local/lib/python3.7/site-packages/airflow/example_dags/example_branch_day_of_week_operator.py
[2025-04-26T19:37:50.509+0000] {processor.py:768} INFO - DAG(s) dict_keys(['example_weekday_branch_operator']) retrieved from /home/airflow/.local/lib/python3.7/site-packages/airflow/example_dags/example_branch_day_of_week_operator.py
[2025-04-26T19:37:50.540+0000] {logging_mixin.py:117} INFO - [2025-04-26T19:37:50.540+0000] {dag.py:2573} INFO - Sync 1 DAGs
[2025-04-26T19:37:50.557+0000] {logging_mixin.py:117} INFO - [2025-04-26T19:37:50.557+0000] {dag.py:3328} INFO - Setting next_dagrun for example_weekday_branch_operator to 2025-04-25T00:00:00+00:00, run_after=2025-04-26T00:00:00+00:00
[2025-04-26T19:37:50.571+0000] {processor.py:178} INFO - Processing /home/airflow/.local/lib/python3.7/site-packages/airflow/example_dags/example_branch_day_of_week_operator.py took 0.076 seconds
[2025-04-26T19:38:20.834+0000] {processor.py:156} INFO - Started process (PID=379) to work on /home/airflow/.local/lib/python3.7/site-packages/airflow/example_dags/example_branch_day_of_week_operator.py
[2025-04-26T19:38:20.835+0000] {processor.py:758} INFO - Processing file /home/airflow/.local/lib/python3.7/site-packages/airflow/example_dags/example_branch_day_of_week_operator.py for tasks to queue
[2025-04-26T19:38:20.836+0000] {logging_mixin.py:117} INFO - [2025-04-26T19:38:20.836+0000] {dagbag.py:525} INFO - Filling up the DagBag from /home/airflow/.local/lib/python3.7/site-packages/airflow/example_dags/example_branch_day_of_week_operator.py
[2025-04-26T19:38:20.847+0000] {processor.py:768} INFO - DAG(s) dict_keys(['example_weekday_branch_operator']) retrieved from /home/airflow/.local/lib/python3.7/site-packages/airflow/example_dags/example_branch_day_of_week_operator.py
[2025-04-26T19:38:20.873+0000] {logging_mixin.py:117} INFO - [2025-04-26T19:38:20.873+0000] {dag.py:2573} INFO - Sync 1 DAGs
[2025-04-26T19:38:20.890+0000] {logging_mixin.py:117} INFO - [2025-04-26T19:38:20.890+0000] {dag.py:3328} INFO - Setting next_dagrun for example_weekday_branch_operator to 2025-04-25T00:00:00+00:00, run_after=2025-04-26T00:00:00+00:00
[2025-04-26T19:38:20.903+0000] {processor.py:178} INFO - Processing /home/airflow/.local/lib/python3.7/site-packages/airflow/example_dags/example_branch_day_of_week_operator.py took 0.071 seconds
[2025-04-26T19:38:51.120+0000] {processor.py:156} INFO - Started process (PID=442) to work on /home/airflow/.local/lib/python3.7/site-packages/airflow/example_dags/example_branch_day_of_week_operator.py
[2025-04-26T19:38:51.121+0000] {processor.py:758} INFO - Processing file /home/airflow/.local/lib/python3.7/site-packages/airflow/example_dags/example_branch_day_of_week_operator.py for tasks to queue
[2025-04-26T19:38:51.121+0000] {logging_mixin.py:117} INFO - [2025-04-26T19:38:51.121+0000] {dagbag.py:525} INFO - Filling up the DagBag from /home/airflow/.local/lib/python3.7/site-packages/airflow/example_dags/example_branch_day_of_week_operator.py
[2025-04-26T19:38:51.133+0000] {processor.py:768} INFO - DAG(s) dict_keys(['example_weekday_branch_operator']) retrieved from /home/airflow/.local/lib/python3.7/site-packages/airflow/example_dags/example_branch_day_of_week_operator.py
[2025-04-26T19:38:51.164+0000] {logging_mixin.py:117} INFO - [2025-04-26T19:38:51.163+0000] {dag.py:2573} INFO - Sync 1 DAGs
[2025-04-26T19:38:51.181+0000] {logging_mixin.py:117} INFO - [2025-04-26T19:38:51.180+0000] {dag.py:3328} INFO - Setting next_dagrun for example_weekday_branch_operator to 2025-04-25T00:00:00+00:00, run_after=2025-04-26T00:00:00+00:00
[2025-04-26T19:38:51.196+0000] {processor.py:178} INFO - Processing /home/airflow/.local/lib/python3.7/site-packages/airflow/example_dags/example_branch_day_of_week_operator.py took 0.079 seconds
[2025-04-26T19:39:21.397+0000] {processor.py:156} INFO - Started process (PID=505) to work on /home/airflow/.local/lib/python3.7/site-packages/airflow/example_dags/example_branch_day_of_week_operator.py
[2025-04-26T19:39:21.399+0000] {processor.py:758} INFO - Processing file /home/airflow/.local/lib/python3.7/site-packages/airflow/example_dags/example_branch_day_of_week_operator.py for tasks to queue
[2025-04-26T19:39:21.399+0000] {logging_mixin.py:117} INFO - [2025-04-26T19:39:21.399+0000] {dagbag.py:525} INFO - Filling up the DagBag from /home/airflow/.local/lib/python3.7/site-packages/airflow/example_dags/example_branch_day_of_week_operator.py
[2025-04-26T19:39:21.411+0000] {processor.py:768} INFO - DAG(s) dict_keys(['example_weekday_branch_operator']) retrieved from /home/airflow/.local/lib/python3.7/site-packages/airflow/example_dags/example_branch_day_of_week_operator.py
[2025-04-26T19:39:21.441+0000] {logging_mixin.py:117} INFO - [2025-04-26T19:39:21.441+0000] {dag.py:2573} INFO - Sync 1 DAGs
[2025-04-26T19:39:21.464+0000] {logging_mixin.py:117} INFO - [2025-04-26T19:39:21.464+0000] {dag.py:3328} INFO - Setting next_dagrun for example_weekday_branch_operator to 2025-04-25T00:00:00+00:00, run_after=2025-04-26T00:00:00+00:00
[2025-04-26T19:39:21.481+0000] {processor.py:178} INFO - Processing /home/airflow/.local/lib/python3.7/site-packages/airflow/example_dags/example_branch_day_of_week_operator.py took 0.086 seconds
[2025-04-26T19:39:51.985+0000] {processor.py:156} INFO - Started process (PID=568) to work on /home/airflow/.local/lib/python3.7/site-packages/airflow/example_dags/example_branch_day_of_week_operator.py
[2025-04-26T19:39:51.986+0000] {processor.py:758} INFO - Processing file /home/airflow/.local/lib/python3.7/site-packages/airflow/example_dags/example_branch_day_of_week_operator.py for tasks to queue
[2025-04-26T19:39:51.986+0000] {logging_mixin.py:117} INFO - [2025-04-26T19:39:51.986+0000] {dagbag.py:525} INFO - Filling up the DagBag from /home/airflow/.local/lib/python3.7/site-packages/airflow/example_dags/example_branch_day_of_week_operator.py
[2025-04-26T19:39:51.999+0000] {processor.py:768} INFO - DAG(s) dict_keys(['example_weekday_branch_operator']) retrieved from /home/airflow/.local/lib/python3.7/site-packages/airflow/example_dags/example_branch_day_of_week_operator.py
[2025-04-26T19:39:52.035+0000] {logging_mixin.py:117} INFO - [2025-04-26T19:39:52.035+0000] {dag.py:2573} INFO - Sync 1 DAGs
[2025-04-26T19:39:52.057+0000] {logging_mixin.py:117} INFO - [2025-04-26T19:39:52.056+0000] {dag.py:3328} INFO - Setting next_dagrun for example_weekday_branch_operator to 2025-04-25T00:00:00+00:00, run_after=2025-04-26T00:00:00+00:00
[2025-04-26T19:39:52.072+0000] {processor.py:178} INFO - Processing /home/airflow/.local/lib/python3.7/site-packages/airflow/example_dags/example_branch_day_of_week_operator.py took 0.090 seconds
[2025-04-26T19:40:22.338+0000] {processor.py:156} INFO - Started process (PID=621) to work on /home/airflow/.local/lib/python3.7/site-packages/airflow/example_dags/example_branch_day_of_week_operator.py
[2025-04-26T19:40:22.339+0000] {processor.py:758} INFO - Processing file /home/airflow/.local/lib/python3.7/site-packages/airflow/example_dags/example_branch_day_of_week_operator.py for tasks to queue
[2025-04-26T19:40:22.339+0000] {logging_mixin.py:117} INFO - [2025-04-26T19:40:22.339+0000] {dagbag.py:525} INFO - Filling up the DagBag from /home/airflow/.local/lib/python3.7/site-packages/airflow/example_dags/example_branch_day_of_week_operator.py
[2025-04-26T19:40:22.350+0000] {processor.py:768} INFO - DAG(s) dict_keys(['example_weekday_branch_operator']) retrieved from /home/airflow/.local/lib/python3.7/site-packages/airflow/example_dags/example_branch_day_of_week_operator.py
[2025-04-26T19:40:22.379+0000] {logging_mixin.py:117} INFO - [2025-04-26T19:40:22.379+0000] {dag.py:2573} INFO - Sync 1 DAGs
[2025-04-26T19:40:22.396+0000] {logging_mixin.py:117} INFO - [2025-04-26T19:40:22.396+0000] {dag.py:3328} INFO - Setting next_dagrun for example_weekday_branch_operator to 2025-04-25T00:00:00+00:00, run_after=2025-04-26T00:00:00+00:00
[2025-04-26T19:40:22.410+0000] {processor.py:178} INFO - Processing /home/airflow/.local/lib/python3.7/site-packages/airflow/example_dags/example_branch_day_of_week_operator.py took 0.075 seconds
[2025-04-26T19:40:52.854+0000] {processor.py:156} INFO - Started process (PID=685) to work on /home/airflow/.local/lib/python3.7/site-packages/airflow/example_dags/example_branch_day_of_week_operator.py
[2025-04-26T19:40:52.855+0000] {processor.py:758} INFO - Processing file /home/airflow/.local/lib/python3.7/site-packages/airflow/example_dags/example_branch_day_of_week_operator.py for tasks to queue
[2025-04-26T19:40:52.855+0000] {logging_mixin.py:117} INFO - [2025-04-26T19:40:52.855+0000] {dagbag.py:525} INFO - Filling up the DagBag from /home/airflow/.local/lib/python3.7/site-packages/airflow/example_dags/example_branch_day_of_week_operator.py
[2025-04-26T19:40:52.868+0000] {processor.py:768} INFO - DAG(s) dict_keys(['example_weekday_branch_operator']) retrieved from /home/airflow/.local/lib/python3.7/site-packages/airflow/example_dags/example_branch_day_of_week_operator.py
[2025-04-26T19:40:52.897+0000] {logging_mixin.py:117} INFO - [2025-04-26T19:40:52.897+0000] {dag.py:2573} INFO - Sync 1 DAGs
[2025-04-26T19:40:52.915+0000] {logging_mixin.py:117} INFO - [2025-04-26T19:40:52.915+0000] {dag.py:3328} INFO - Setting next_dagrun for example_weekday_branch_operator to 2025-04-25T00:00:00+00:00, run_after=2025-04-26T00:00:00+00:00
[2025-04-26T19:40:52.932+0000] {processor.py:178} INFO - Processing /home/airflow/.local/lib/python3.7/site-packages/airflow/example_dags/example_branch_day_of_week_operator.py took 0.081 seconds
