[2025-04-26T19:32:17.672+0000] {processor.py:156} INFO - Started process (PID=52) to work on /home/airflow/.local/lib/python3.7/site-packages/airflow/example_dags/example_trigger_target_dag.py
[2025-04-26T19:32:17.673+0000] {processor.py:758} INFO - Processing file /home/airflow/.local/lib/python3.7/site-packages/airflow/example_dags/example_trigger_target_dag.py for tasks to queue
[2025-04-26T19:32:17.674+0000] {logging_mixin.py:117} INFO - [2025-04-26T19:32:17.674+0000] {dagbag.py:525} INFO - Filling up the DagBag from /home/airflow/.local/lib/python3.7/site-packages/airflow/example_dags/example_trigger_target_dag.py
[2025-04-26T19:32:17.859+0000] {processor.py:768} INFO - DAG(s) dict_keys(['example_trigger_target_dag']) retrieved from /home/airflow/.local/lib/python3.7/site-packages/airflow/example_dags/example_trigger_target_dag.py
[2025-04-26T19:32:17.959+0000] {logging_mixin.py:117} INFO - [2025-04-26T19:32:17.959+0000] {dag.py:2573} INFO - Sync 1 DAGs
[2025-04-26T19:32:18.019+0000] {logging_mixin.py:117} INFO - [2025-04-26T19:32:18.019+0000] {dag.py:3328} INFO - Setting next_dagrun for example_trigger_target_dag to None, run_after=None
[2025-04-26T19:32:18.051+0000] {processor.py:178} INFO - Processing /home/airflow/.local/lib/python3.7/site-packages/airflow/example_dags/example_trigger_target_dag.py took 0.414 seconds
[2025-04-26T19:32:48.254+0000] {processor.py:156} INFO - Started process (PID=115) to work on /home/airflow/.local/lib/python3.7/site-packages/airflow/example_dags/example_trigger_target_dag.py
[2025-04-26T19:32:48.257+0000] {processor.py:758} INFO - Processing file /home/airflow/.local/lib/python3.7/site-packages/airflow/example_dags/example_trigger_target_dag.py for tasks to queue
[2025-04-26T19:32:48.257+0000] {logging_mixin.py:117} INFO - [2025-04-26T19:32:48.257+0000] {dagbag.py:525} INFO - Filling up the DagBag from /home/airflow/.local/lib/python3.7/site-packages/airflow/example_dags/example_trigger_target_dag.py
[2025-04-26T19:32:48.278+0000] {processor.py:768} INFO - DAG(s) dict_keys(['example_trigger_target_dag']) retrieved from /home/airflow/.local/lib/python3.7/site-packages/airflow/example_dags/example_trigger_target_dag.py
[2025-04-26T19:32:48.327+0000] {logging_mixin.py:117} INFO - [2025-04-26T19:32:48.327+0000] {dag.py:2573} INFO - Sync 1 DAGs
[2025-04-26T19:32:48.346+0000] {logging_mixin.py:117} INFO - [2025-04-26T19:32:48.346+0000] {dag.py:3328} INFO - Setting next_dagrun for example_trigger_target_dag to None, run_after=None
[2025-04-26T19:32:48.365+0000] {processor.py:178} INFO - Processing /home/airflow/.local/lib/python3.7/site-packages/airflow/example_dags/example_trigger_target_dag.py took 0.113 seconds
[2025-04-26T19:33:18.839+0000] {processor.py:156} INFO - Started process (PID=179) to work on /home/airflow/.local/lib/python3.7/site-packages/airflow/example_dags/example_trigger_target_dag.py
[2025-04-26T19:33:18.841+0000] {processor.py:758} INFO - Processing file /home/airflow/.local/lib/python3.7/site-packages/airflow/example_dags/example_trigger_target_dag.py for tasks to queue
[2025-04-26T19:33:18.841+0000] {logging_mixin.py:117} INFO - [2025-04-26T19:33:18.841+0000] {dagbag.py:525} INFO - Filling up the DagBag from /home/airflow/.local/lib/python3.7/site-packages/airflow/example_dags/example_trigger_target_dag.py
[2025-04-26T19:33:18.938+0000] {processor.py:768} INFO - DAG(s) dict_keys(['example_trigger_target_dag']) retrieved from /home/airflow/.local/lib/python3.7/site-packages/airflow/example_dags/example_trigger_target_dag.py
[2025-04-26T19:33:18.976+0000] {logging_mixin.py:117} INFO - [2025-04-26T19:33:18.976+0000] {dag.py:2573} INFO - Sync 1 DAGs
[2025-04-26T19:33:18.997+0000] {logging_mixin.py:117} INFO - [2025-04-26T19:33:18.997+0000] {dag.py:3328} INFO - Setting next_dagrun for example_trigger_target_dag to None, run_after=None
[2025-04-26T19:33:19.038+0000] {processor.py:178} INFO - Processing /home/airflow/.local/lib/python3.7/site-packages/airflow/example_dags/example_trigger_target_dag.py took 0.202 seconds
[2025-04-26T19:33:49.612+0000] {processor.py:156} INFO - Started process (PID=242) to work on /home/airflow/.local/lib/python3.7/site-packages/airflow/example_dags/example_trigger_target_dag.py
[2025-04-26T19:33:49.615+0000] {processor.py:758} INFO - Processing file /home/airflow/.local/lib/python3.7/site-packages/airflow/example_dags/example_trigger_target_dag.py for tasks to queue
[2025-04-26T19:33:49.616+0000] {logging_mixin.py:117} INFO - [2025-04-26T19:33:49.616+0000] {dagbag.py:525} INFO - Filling up the DagBag from /home/airflow/.local/lib/python3.7/site-packages/airflow/example_dags/example_trigger_target_dag.py
[2025-04-26T19:33:49.633+0000] {processor.py:768} INFO - DAG(s) dict_keys(['example_trigger_target_dag']) retrieved from /home/airflow/.local/lib/python3.7/site-packages/airflow/example_dags/example_trigger_target_dag.py
[2025-04-26T19:33:49.665+0000] {logging_mixin.py:117} INFO - [2025-04-26T19:33:49.664+0000] {dag.py:2573} INFO - Sync 1 DAGs
[2025-04-26T19:33:49.682+0000] {logging_mixin.py:117} INFO - [2025-04-26T19:33:49.682+0000] {dag.py:3328} INFO - Setting next_dagrun for example_trigger_target_dag to None, run_after=None
[2025-04-26T19:33:49.696+0000] {processor.py:178} INFO - Processing /home/airflow/.local/lib/python3.7/site-packages/airflow/example_dags/example_trigger_target_dag.py took 0.086 seconds
[2025-04-26T19:34:19.794+0000] {processor.py:156} INFO - Started process (PID=305) to work on /home/airflow/.local/lib/python3.7/site-packages/airflow/example_dags/example_trigger_target_dag.py
[2025-04-26T19:34:19.889+0000] {processor.py:758} INFO - Processing file /home/airflow/.local/lib/python3.7/site-packages/airflow/example_dags/example_trigger_target_dag.py for tasks to queue
[2025-04-26T19:34:19.890+0000] {logging_mixin.py:117} INFO - [2025-04-26T19:34:19.890+0000] {dagbag.py:525} INFO - Filling up the DagBag from /home/airflow/.local/lib/python3.7/site-packages/airflow/example_dags/example_trigger_target_dag.py
[2025-04-26T19:34:20.340+0000] {processor.py:768} INFO - DAG(s) dict_keys(['example_trigger_target_dag']) retrieved from /home/airflow/.local/lib/python3.7/site-packages/airflow/example_dags/example_trigger_target_dag.py
[2025-04-26T19:34:20.805+0000] {logging_mixin.py:117} INFO - [2025-04-26T19:34:20.804+0000] {dag.py:2573} INFO - Sync 1 DAGs
[2025-04-26T19:34:20.910+0000] {logging_mixin.py:117} INFO - [2025-04-26T19:34:20.910+0000] {dag.py:3328} INFO - Setting next_dagrun for example_trigger_target_dag to None, run_after=None
[2025-04-26T19:34:20.964+0000] {processor.py:178} INFO - Processing /home/airflow/.local/lib/python3.7/site-packages/airflow/example_dags/example_trigger_target_dag.py took 1.175 seconds
[2025-04-26T19:35:48.226+0000] {processor.py:156} INFO - Started process (PID=52) to work on /home/airflow/.local/lib/python3.7/site-packages/airflow/example_dags/example_trigger_target_dag.py
[2025-04-26T19:35:48.230+0000] {processor.py:758} INFO - Processing file /home/airflow/.local/lib/python3.7/site-packages/airflow/example_dags/example_trigger_target_dag.py for tasks to queue
[2025-04-26T19:35:48.230+0000] {logging_mixin.py:117} INFO - [2025-04-26T19:35:48.230+0000] {dagbag.py:525} INFO - Filling up the DagBag from /home/airflow/.local/lib/python3.7/site-packages/airflow/example_dags/example_trigger_target_dag.py
[2025-04-26T19:35:48.276+0000] {processor.py:768} INFO - DAG(s) dict_keys(['example_trigger_target_dag']) retrieved from /home/airflow/.local/lib/python3.7/site-packages/airflow/example_dags/example_trigger_target_dag.py
[2025-04-26T19:35:48.301+0000] {logging_mixin.py:117} INFO - [2025-04-26T19:35:48.301+0000] {dag.py:2573} INFO - Sync 1 DAGs
[2025-04-26T19:35:48.327+0000] {logging_mixin.py:117} INFO - [2025-04-26T19:35:48.326+0000] {dag.py:3328} INFO - Setting next_dagrun for example_trigger_target_dag to None, run_after=None
[2025-04-26T19:35:48.342+0000] {processor.py:178} INFO - Processing /home/airflow/.local/lib/python3.7/site-packages/airflow/example_dags/example_trigger_target_dag.py took 0.120 seconds
[2025-04-26T19:36:18.622+0000] {processor.py:156} INFO - Started process (PID=115) to work on /home/airflow/.local/lib/python3.7/site-packages/airflow/example_dags/example_trigger_target_dag.py
[2025-04-26T19:36:18.623+0000] {processor.py:758} INFO - Processing file /home/airflow/.local/lib/python3.7/site-packages/airflow/example_dags/example_trigger_target_dag.py for tasks to queue
[2025-04-26T19:36:18.624+0000] {logging_mixin.py:117} INFO - [2025-04-26T19:36:18.624+0000] {dagbag.py:525} INFO - Filling up the DagBag from /home/airflow/.local/lib/python3.7/site-packages/airflow/example_dags/example_trigger_target_dag.py
[2025-04-26T19:36:18.641+0000] {processor.py:768} INFO - DAG(s) dict_keys(['example_trigger_target_dag']) retrieved from /home/airflow/.local/lib/python3.7/site-packages/airflow/example_dags/example_trigger_target_dag.py
[2025-04-26T19:36:18.672+0000] {logging_mixin.py:117} INFO - [2025-04-26T19:36:18.672+0000] {dag.py:2573} INFO - Sync 1 DAGs
[2025-04-26T19:36:18.688+0000] {logging_mixin.py:117} INFO - [2025-04-26T19:36:18.688+0000] {dag.py:3328} INFO - Setting next_dagrun for example_trigger_target_dag to None, run_after=None
[2025-04-26T19:36:18.704+0000] {processor.py:178} INFO - Processing /home/airflow/.local/lib/python3.7/site-packages/airflow/example_dags/example_trigger_target_dag.py took 0.084 seconds
[2025-04-26T19:36:49.020+0000] {processor.py:156} INFO - Started process (PID=179) to work on /home/airflow/.local/lib/python3.7/site-packages/airflow/example_dags/example_trigger_target_dag.py
[2025-04-26T19:36:49.023+0000] {processor.py:758} INFO - Processing file /home/airflow/.local/lib/python3.7/site-packages/airflow/example_dags/example_trigger_target_dag.py for tasks to queue
[2025-04-26T19:36:49.024+0000] {logging_mixin.py:117} INFO - [2025-04-26T19:36:49.024+0000] {dagbag.py:525} INFO - Filling up the DagBag from /home/airflow/.local/lib/python3.7/site-packages/airflow/example_dags/example_trigger_target_dag.py
[2025-04-26T19:36:49.042+0000] {processor.py:768} INFO - DAG(s) dict_keys(['example_trigger_target_dag']) retrieved from /home/airflow/.local/lib/python3.7/site-packages/airflow/example_dags/example_trigger_target_dag.py
[2025-04-26T19:36:49.070+0000] {logging_mixin.py:117} INFO - [2025-04-26T19:36:49.069+0000] {dag.py:2573} INFO - Sync 1 DAGs
[2025-04-26T19:36:49.087+0000] {logging_mixin.py:117} INFO - [2025-04-26T19:36:49.087+0000] {dag.py:3328} INFO - Setting next_dagrun for example_trigger_target_dag to None, run_after=None
[2025-04-26T19:36:49.101+0000] {processor.py:178} INFO - Processing /home/airflow/.local/lib/python3.7/site-packages/airflow/example_dags/example_trigger_target_dag.py took 0.083 seconds
[2025-04-26T19:37:19.552+0000] {processor.py:156} INFO - Started process (PID=242) to work on /home/airflow/.local/lib/python3.7/site-packages/airflow/example_dags/example_trigger_target_dag.py
[2025-04-26T19:37:19.554+0000] {processor.py:758} INFO - Processing file /home/airflow/.local/lib/python3.7/site-packages/airflow/example_dags/example_trigger_target_dag.py for tasks to queue
[2025-04-26T19:37:19.554+0000] {logging_mixin.py:117} INFO - [2025-04-26T19:37:19.554+0000] {dagbag.py:525} INFO - Filling up the DagBag from /home/airflow/.local/lib/python3.7/site-packages/airflow/example_dags/example_trigger_target_dag.py
[2025-04-26T19:37:19.573+0000] {processor.py:768} INFO - DAG(s) dict_keys(['example_trigger_target_dag']) retrieved from /home/airflow/.local/lib/python3.7/site-packages/airflow/example_dags/example_trigger_target_dag.py
[2025-04-26T19:37:19.599+0000] {logging_mixin.py:117} INFO - [2025-04-26T19:37:19.599+0000] {dag.py:2573} INFO - Sync 1 DAGs
[2025-04-26T19:37:19.616+0000] {logging_mixin.py:117} INFO - [2025-04-26T19:37:19.616+0000] {dag.py:3328} INFO - Setting next_dagrun for example_trigger_target_dag to None, run_after=None
[2025-04-26T19:37:19.629+0000] {processor.py:178} INFO - Processing /home/airflow/.local/lib/python3.7/site-packages/airflow/example_dags/example_trigger_target_dag.py took 0.079 seconds
[2025-04-26T19:37:49.781+0000] {processor.py:156} INFO - Started process (PID=305) to work on /home/airflow/.local/lib/python3.7/site-packages/airflow/example_dags/example_trigger_target_dag.py
[2025-04-26T19:37:49.785+0000] {processor.py:758} INFO - Processing file /home/airflow/.local/lib/python3.7/site-packages/airflow/example_dags/example_trigger_target_dag.py for tasks to queue
[2025-04-26T19:37:49.785+0000] {logging_mixin.py:117} INFO - [2025-04-26T19:37:49.785+0000] {dagbag.py:525} INFO - Filling up the DagBag from /home/airflow/.local/lib/python3.7/site-packages/airflow/example_dags/example_trigger_target_dag.py
[2025-04-26T19:37:49.803+0000] {processor.py:768} INFO - DAG(s) dict_keys(['example_trigger_target_dag']) retrieved from /home/airflow/.local/lib/python3.7/site-packages/airflow/example_dags/example_trigger_target_dag.py
[2025-04-26T19:37:49.836+0000] {logging_mixin.py:117} INFO - [2025-04-26T19:37:49.836+0000] {dag.py:2573} INFO - Sync 1 DAGs
[2025-04-26T19:37:49.858+0000] {logging_mixin.py:117} INFO - [2025-04-26T19:37:49.858+0000] {dag.py:3328} INFO - Setting next_dagrun for example_trigger_target_dag to None, run_after=None
[2025-04-26T19:37:49.875+0000] {processor.py:178} INFO - Processing /home/airflow/.local/lib/python3.7/site-packages/airflow/example_dags/example_trigger_target_dag.py took 0.096 seconds
[2025-04-26T19:38:20.286+0000] {processor.py:156} INFO - Started process (PID=368) to work on /home/airflow/.local/lib/python3.7/site-packages/airflow/example_dags/example_trigger_target_dag.py
[2025-04-26T19:38:20.289+0000] {processor.py:758} INFO - Processing file /home/airflow/.local/lib/python3.7/site-packages/airflow/example_dags/example_trigger_target_dag.py for tasks to queue
[2025-04-26T19:38:20.289+0000] {logging_mixin.py:117} INFO - [2025-04-26T19:38:20.289+0000] {dagbag.py:525} INFO - Filling up the DagBag from /home/airflow/.local/lib/python3.7/site-packages/airflow/example_dags/example_trigger_target_dag.py
[2025-04-26T19:38:20.308+0000] {processor.py:768} INFO - DAG(s) dict_keys(['example_trigger_target_dag']) retrieved from /home/airflow/.local/lib/python3.7/site-packages/airflow/example_dags/example_trigger_target_dag.py
[2025-04-26T19:38:20.339+0000] {logging_mixin.py:117} INFO - [2025-04-26T19:38:20.339+0000] {dag.py:2573} INFO - Sync 1 DAGs
[2025-04-26T19:38:20.355+0000] {logging_mixin.py:117} INFO - [2025-04-26T19:38:20.355+0000] {dag.py:3328} INFO - Setting next_dagrun for example_trigger_target_dag to None, run_after=None
[2025-04-26T19:38:20.368+0000] {processor.py:178} INFO - Processing /home/airflow/.local/lib/python3.7/site-packages/airflow/example_dags/example_trigger_target_dag.py took 0.085 seconds
[2025-04-26T19:38:50.557+0000] {processor.py:156} INFO - Started process (PID=431) to work on /home/airflow/.local/lib/python3.7/site-packages/airflow/example_dags/example_trigger_target_dag.py
[2025-04-26T19:38:50.558+0000] {processor.py:758} INFO - Processing file /home/airflow/.local/lib/python3.7/site-packages/airflow/example_dags/example_trigger_target_dag.py for tasks to queue
[2025-04-26T19:38:50.558+0000] {logging_mixin.py:117} INFO - [2025-04-26T19:38:50.558+0000] {dagbag.py:525} INFO - Filling up the DagBag from /home/airflow/.local/lib/python3.7/site-packages/airflow/example_dags/example_trigger_target_dag.py
[2025-04-26T19:38:50.574+0000] {processor.py:768} INFO - DAG(s) dict_keys(['example_trigger_target_dag']) retrieved from /home/airflow/.local/lib/python3.7/site-packages/airflow/example_dags/example_trigger_target_dag.py
[2025-04-26T19:38:50.603+0000] {logging_mixin.py:117} INFO - [2025-04-26T19:38:50.603+0000] {dag.py:2573} INFO - Sync 1 DAGs
[2025-04-26T19:38:50.620+0000] {logging_mixin.py:117} INFO - [2025-04-26T19:38:50.620+0000] {dag.py:3328} INFO - Setting next_dagrun for example_trigger_target_dag to None, run_after=None
[2025-04-26T19:38:50.635+0000] {processor.py:178} INFO - Processing /home/airflow/.local/lib/python3.7/site-packages/airflow/example_dags/example_trigger_target_dag.py took 0.080 seconds
[2025-04-26T19:39:20.691+0000] {processor.py:156} INFO - Started process (PID=494) to work on /home/airflow/.local/lib/python3.7/site-packages/airflow/example_dags/example_trigger_target_dag.py
[2025-04-26T19:39:20.692+0000] {processor.py:758} INFO - Processing file /home/airflow/.local/lib/python3.7/site-packages/airflow/example_dags/example_trigger_target_dag.py for tasks to queue
[2025-04-26T19:39:20.692+0000] {logging_mixin.py:117} INFO - [2025-04-26T19:39:20.692+0000] {dagbag.py:525} INFO - Filling up the DagBag from /home/airflow/.local/lib/python3.7/site-packages/airflow/example_dags/example_trigger_target_dag.py
[2025-04-26T19:39:20.709+0000] {processor.py:768} INFO - DAG(s) dict_keys(['example_trigger_target_dag']) retrieved from /home/airflow/.local/lib/python3.7/site-packages/airflow/example_dags/example_trigger_target_dag.py
[2025-04-26T19:39:20.740+0000] {logging_mixin.py:117} INFO - [2025-04-26T19:39:20.740+0000] {dag.py:2573} INFO - Sync 1 DAGs
[2025-04-26T19:39:20.761+0000] {logging_mixin.py:117} INFO - [2025-04-26T19:39:20.760+0000] {dag.py:3328} INFO - Setting next_dagrun for example_trigger_target_dag to None, run_after=None
[2025-04-26T19:39:20.776+0000] {processor.py:178} INFO - Processing /home/airflow/.local/lib/python3.7/site-packages/airflow/example_dags/example_trigger_target_dag.py took 0.088 seconds
[2025-04-26T19:39:51.340+0000] {processor.py:156} INFO - Started process (PID=548) to work on /home/airflow/.local/lib/python3.7/site-packages/airflow/example_dags/example_trigger_target_dag.py
[2025-04-26T19:39:51.342+0000] {processor.py:758} INFO - Processing file /home/airflow/.local/lib/python3.7/site-packages/airflow/example_dags/example_trigger_target_dag.py for tasks to queue
[2025-04-26T19:39:51.342+0000] {logging_mixin.py:117} INFO - [2025-04-26T19:39:51.342+0000] {dagbag.py:525} INFO - Filling up the DagBag from /home/airflow/.local/lib/python3.7/site-packages/airflow/example_dags/example_trigger_target_dag.py
[2025-04-26T19:39:51.360+0000] {processor.py:768} INFO - DAG(s) dict_keys(['example_trigger_target_dag']) retrieved from /home/airflow/.local/lib/python3.7/site-packages/airflow/example_dags/example_trigger_target_dag.py
[2025-04-26T19:39:51.390+0000] {logging_mixin.py:117} INFO - [2025-04-26T19:39:51.390+0000] {dag.py:2573} INFO - Sync 1 DAGs
[2025-04-26T19:39:51.408+0000] {logging_mixin.py:117} INFO - [2025-04-26T19:39:51.408+0000] {dag.py:3328} INFO - Setting next_dagrun for example_trigger_target_dag to None, run_after=None
[2025-04-26T19:39:51.427+0000] {processor.py:178} INFO - Processing /home/airflow/.local/lib/python3.7/site-packages/airflow/example_dags/example_trigger_target_dag.py took 0.089 seconds
[2025-04-26T19:40:21.852+0000] {processor.py:156} INFO - Started process (PID=611) to work on /home/airflow/.local/lib/python3.7/site-packages/airflow/example_dags/example_trigger_target_dag.py
[2025-04-26T19:40:21.854+0000] {processor.py:758} INFO - Processing file /home/airflow/.local/lib/python3.7/site-packages/airflow/example_dags/example_trigger_target_dag.py for tasks to queue
[2025-04-26T19:40:21.854+0000] {logging_mixin.py:117} INFO - [2025-04-26T19:40:21.854+0000] {dagbag.py:525} INFO - Filling up the DagBag from /home/airflow/.local/lib/python3.7/site-packages/airflow/example_dags/example_trigger_target_dag.py
[2025-04-26T19:40:21.873+0000] {processor.py:768} INFO - DAG(s) dict_keys(['example_trigger_target_dag']) retrieved from /home/airflow/.local/lib/python3.7/site-packages/airflow/example_dags/example_trigger_target_dag.py
[2025-04-26T19:40:21.905+0000] {logging_mixin.py:117} INFO - [2025-04-26T19:40:21.905+0000] {dag.py:2573} INFO - Sync 1 DAGs
[2025-04-26T19:40:21.923+0000] {logging_mixin.py:117} INFO - [2025-04-26T19:40:21.923+0000] {dag.py:3328} INFO - Setting next_dagrun for example_trigger_target_dag to None, run_after=None
[2025-04-26T19:40:21.937+0000] {processor.py:178} INFO - Processing /home/airflow/.local/lib/python3.7/site-packages/airflow/example_dags/example_trigger_target_dag.py took 0.088 seconds
[2025-04-26T19:40:52.337+0000] {processor.py:156} INFO - Started process (PID=675) to work on /home/airflow/.local/lib/python3.7/site-packages/airflow/example_dags/example_trigger_target_dag.py
[2025-04-26T19:40:52.338+0000] {processor.py:758} INFO - Processing file /home/airflow/.local/lib/python3.7/site-packages/airflow/example_dags/example_trigger_target_dag.py for tasks to queue
[2025-04-26T19:40:52.339+0000] {logging_mixin.py:117} INFO - [2025-04-26T19:40:52.339+0000] {dagbag.py:525} INFO - Filling up the DagBag from /home/airflow/.local/lib/python3.7/site-packages/airflow/example_dags/example_trigger_target_dag.py
[2025-04-26T19:40:52.356+0000] {processor.py:768} INFO - DAG(s) dict_keys(['example_trigger_target_dag']) retrieved from /home/airflow/.local/lib/python3.7/site-packages/airflow/example_dags/example_trigger_target_dag.py
[2025-04-26T19:40:52.392+0000] {logging_mixin.py:117} INFO - [2025-04-26T19:40:52.392+0000] {dag.py:2573} INFO - Sync 1 DAGs
[2025-04-26T19:40:52.413+0000] {logging_mixin.py:117} INFO - [2025-04-26T19:40:52.413+0000] {dag.py:3328} INFO - Setting next_dagrun for example_trigger_target_dag to None, run_after=None
[2025-04-26T19:40:52.429+0000] {processor.py:178} INFO - Processing /home/airflow/.local/lib/python3.7/site-packages/airflow/example_dags/example_trigger_target_dag.py took 0.095 seconds
