[2025-04-26T19:32:20.829+0000] {processor.py:156} INFO - Started process (PID=74) to work on /home/airflow/.local/lib/python3.7/site-packages/airflow/example_dags/example_external_task_marker_dag.py
[2025-04-26T19:32:20.836+0000] {processor.py:758} INFO - Processing file /home/airflow/.local/lib/python3.7/site-packages/airflow/example_dags/example_external_task_marker_dag.py for tasks to queue
[2025-04-26T19:32:20.840+0000] {logging_mixin.py:117} INFO - [2025-04-26T19:32:20.838+0000] {dagbag.py:525} INFO - Filling up the DagBag from /home/airflow/.local/lib/python3.7/site-packages/airflow/example_dags/example_external_task_marker_dag.py
[2025-04-26T19:32:20.938+0000] {processor.py:768} INFO - DAG(s) dict_keys(['example_external_task_marker_parent', 'example_external_task_marker_child']) retrieved from /home/airflow/.local/lib/python3.7/site-packages/airflow/example_dags/example_external_task_marker_dag.py
[2025-04-26T19:32:21.028+0000] {logging_mixin.py:117} INFO - [2025-04-26T19:32:21.027+0000] {dag.py:2573} INFO - Sync 2 DAGs
[2025-04-26T19:32:21.115+0000] {logging_mixin.py:117} INFO - [2025-04-26T19:32:21.115+0000] {dag.py:3328} INFO - Setting next_dagrun for example_external_task_marker_child to None, run_after=None
[2025-04-26T19:32:21.120+0000] {logging_mixin.py:117} INFO - [2025-04-26T19:32:21.120+0000] {dag.py:3328} INFO - Setting next_dagrun for example_external_task_marker_parent to None, run_after=None
[2025-04-26T19:32:21.139+0000] {processor.py:178} INFO - Processing /home/airflow/.local/lib/python3.7/site-packages/airflow/example_dags/example_external_task_marker_dag.py took 0.326 seconds
[2025-04-26T19:32:51.872+0000] {processor.py:156} INFO - Started process (PID=128) to work on /home/airflow/.local/lib/python3.7/site-packages/airflow/example_dags/example_external_task_marker_dag.py
[2025-04-26T19:32:51.880+0000] {processor.py:758} INFO - Processing file /home/airflow/.local/lib/python3.7/site-packages/airflow/example_dags/example_external_task_marker_dag.py for tasks to queue
[2025-04-26T19:32:51.881+0000] {logging_mixin.py:117} INFO - [2025-04-26T19:32:51.881+0000] {dagbag.py:525} INFO - Filling up the DagBag from /home/airflow/.local/lib/python3.7/site-packages/airflow/example_dags/example_external_task_marker_dag.py
[2025-04-26T19:32:51.894+0000] {processor.py:768} INFO - DAG(s) dict_keys(['example_external_task_marker_parent', 'example_external_task_marker_child']) retrieved from /home/airflow/.local/lib/python3.7/site-packages/airflow/example_dags/example_external_task_marker_dag.py
[2025-04-26T19:32:52.044+0000] {logging_mixin.py:117} INFO - [2025-04-26T19:32:52.044+0000] {dag.py:2573} INFO - Sync 2 DAGs
[2025-04-26T19:32:52.060+0000] {logging_mixin.py:117} INFO - [2025-04-26T19:32:52.060+0000] {dag.py:3328} INFO - Setting next_dagrun for example_external_task_marker_child to None, run_after=None
[2025-04-26T19:32:52.062+0000] {logging_mixin.py:117} INFO - [2025-04-26T19:32:52.062+0000] {dag.py:3328} INFO - Setting next_dagrun for example_external_task_marker_parent to None, run_after=None
[2025-04-26T19:32:52.088+0000] {processor.py:178} INFO - Processing /home/airflow/.local/lib/python3.7/site-packages/airflow/example_dags/example_external_task_marker_dag.py took 0.218 seconds
[2025-04-26T19:33:22.571+0000] {processor.py:156} INFO - Started process (PID=192) to work on /home/airflow/.local/lib/python3.7/site-packages/airflow/example_dags/example_external_task_marker_dag.py
[2025-04-26T19:33:22.575+0000] {processor.py:758} INFO - Processing file /home/airflow/.local/lib/python3.7/site-packages/airflow/example_dags/example_external_task_marker_dag.py for tasks to queue
[2025-04-26T19:33:22.576+0000] {logging_mixin.py:117} INFO - [2025-04-26T19:33:22.576+0000] {dagbag.py:525} INFO - Filling up the DagBag from /home/airflow/.local/lib/python3.7/site-packages/airflow/example_dags/example_external_task_marker_dag.py
[2025-04-26T19:33:22.587+0000] {processor.py:768} INFO - DAG(s) dict_keys(['example_external_task_marker_child', 'example_external_task_marker_parent']) retrieved from /home/airflow/.local/lib/python3.7/site-packages/airflow/example_dags/example_external_task_marker_dag.py
[2025-04-26T19:33:22.720+0000] {logging_mixin.py:117} INFO - [2025-04-26T19:33:22.720+0000] {dag.py:2573} INFO - Sync 2 DAGs
[2025-04-26T19:33:22.740+0000] {logging_mixin.py:117} INFO - [2025-04-26T19:33:22.740+0000] {dag.py:3328} INFO - Setting next_dagrun for example_external_task_marker_child to None, run_after=None
[2025-04-26T19:33:22.743+0000] {logging_mixin.py:117} INFO - [2025-04-26T19:33:22.743+0000] {dag.py:3328} INFO - Setting next_dagrun for example_external_task_marker_parent to None, run_after=None
[2025-04-26T19:33:22.767+0000] {processor.py:178} INFO - Processing /home/airflow/.local/lib/python3.7/site-packages/airflow/example_dags/example_external_task_marker_dag.py took 0.198 seconds
[2025-04-26T19:33:53.283+0000] {processor.py:156} INFO - Started process (PID=255) to work on /home/airflow/.local/lib/python3.7/site-packages/airflow/example_dags/example_external_task_marker_dag.py
[2025-04-26T19:33:53.284+0000] {processor.py:758} INFO - Processing file /home/airflow/.local/lib/python3.7/site-packages/airflow/example_dags/example_external_task_marker_dag.py for tasks to queue
[2025-04-26T19:33:53.285+0000] {logging_mixin.py:117} INFO - [2025-04-26T19:33:53.284+0000] {dagbag.py:525} INFO - Filling up the DagBag from /home/airflow/.local/lib/python3.7/site-packages/airflow/example_dags/example_external_task_marker_dag.py
[2025-04-26T19:33:53.296+0000] {processor.py:768} INFO - DAG(s) dict_keys(['example_external_task_marker_parent', 'example_external_task_marker_child']) retrieved from /home/airflow/.local/lib/python3.7/site-packages/airflow/example_dags/example_external_task_marker_dag.py
[2025-04-26T19:33:53.425+0000] {logging_mixin.py:117} INFO - [2025-04-26T19:33:53.425+0000] {dag.py:2573} INFO - Sync 2 DAGs
[2025-04-26T19:33:53.444+0000] {logging_mixin.py:117} INFO - [2025-04-26T19:33:53.443+0000] {dag.py:3328} INFO - Setting next_dagrun for example_external_task_marker_child to None, run_after=None
[2025-04-26T19:33:53.446+0000] {logging_mixin.py:117} INFO - [2025-04-26T19:33:53.446+0000] {dag.py:3328} INFO - Setting next_dagrun for example_external_task_marker_parent to None, run_after=None
[2025-04-26T19:33:53.459+0000] {processor.py:178} INFO - Processing /home/airflow/.local/lib/python3.7/site-packages/airflow/example_dags/example_external_task_marker_dag.py took 0.178 seconds
[2025-04-26T19:34:24.140+0000] {processor.py:156} INFO - Started process (PID=318) to work on /home/airflow/.local/lib/python3.7/site-packages/airflow/example_dags/example_external_task_marker_dag.py
[2025-04-26T19:34:24.145+0000] {processor.py:758} INFO - Processing file /home/airflow/.local/lib/python3.7/site-packages/airflow/example_dags/example_external_task_marker_dag.py for tasks to queue
[2025-04-26T19:34:24.151+0000] {logging_mixin.py:117} INFO - [2025-04-26T19:34:24.151+0000] {dagbag.py:525} INFO - Filling up the DagBag from /home/airflow/.local/lib/python3.7/site-packages/airflow/example_dags/example_external_task_marker_dag.py
[2025-04-26T19:34:24.214+0000] {processor.py:768} INFO - DAG(s) dict_keys(['example_external_task_marker_parent', 'example_external_task_marker_child']) retrieved from /home/airflow/.local/lib/python3.7/site-packages/airflow/example_dags/example_external_task_marker_dag.py
[2025-04-26T19:34:24.432+0000] {logging_mixin.py:117} INFO - [2025-04-26T19:34:24.432+0000] {dag.py:2573} INFO - Sync 2 DAGs
[2025-04-26T19:34:24.453+0000] {logging_mixin.py:117} INFO - [2025-04-26T19:34:24.452+0000] {dag.py:3328} INFO - Setting next_dagrun for example_external_task_marker_child to None, run_after=None
[2025-04-26T19:34:24.455+0000] {logging_mixin.py:117} INFO - [2025-04-26T19:34:24.455+0000] {dag.py:3328} INFO - Setting next_dagrun for example_external_task_marker_parent to None, run_after=None
[2025-04-26T19:34:24.472+0000] {processor.py:178} INFO - Processing /home/airflow/.local/lib/python3.7/site-packages/airflow/example_dags/example_external_task_marker_dag.py took 0.340 seconds
[2025-04-26T19:35:48.843+0000] {processor.py:156} INFO - Started process (PID=65) to work on /home/airflow/.local/lib/python3.7/site-packages/airflow/example_dags/example_external_task_marker_dag.py
[2025-04-26T19:35:48.844+0000] {processor.py:758} INFO - Processing file /home/airflow/.local/lib/python3.7/site-packages/airflow/example_dags/example_external_task_marker_dag.py for tasks to queue
[2025-04-26T19:35:48.844+0000] {logging_mixin.py:117} INFO - [2025-04-26T19:35:48.844+0000] {dagbag.py:525} INFO - Filling up the DagBag from /home/airflow/.local/lib/python3.7/site-packages/airflow/example_dags/example_external_task_marker_dag.py
[2025-04-26T19:35:48.857+0000] {processor.py:768} INFO - DAG(s) dict_keys(['example_external_task_marker_child', 'example_external_task_marker_parent']) retrieved from /home/airflow/.local/lib/python3.7/site-packages/airflow/example_dags/example_external_task_marker_dag.py
[2025-04-26T19:35:48.875+0000] {logging_mixin.py:117} INFO - [2025-04-26T19:35:48.875+0000] {dag.py:2573} INFO - Sync 2 DAGs
[2025-04-26T19:35:48.898+0000] {logging_mixin.py:117} INFO - [2025-04-26T19:35:48.897+0000] {dag.py:3328} INFO - Setting next_dagrun for example_external_task_marker_child to None, run_after=None
[2025-04-26T19:35:48.900+0000] {logging_mixin.py:117} INFO - [2025-04-26T19:35:48.900+0000] {dag.py:3328} INFO - Setting next_dagrun for example_external_task_marker_parent to None, run_after=None
[2025-04-26T19:35:48.915+0000] {processor.py:178} INFO - Processing /home/airflow/.local/lib/python3.7/site-packages/airflow/example_dags/example_external_task_marker_dag.py took 0.074 seconds
[2025-04-26T19:36:19.971+0000] {processor.py:156} INFO - Started process (PID=136) to work on /home/airflow/.local/lib/python3.7/site-packages/airflow/example_dags/example_external_task_marker_dag.py
[2025-04-26T19:36:19.973+0000] {processor.py:758} INFO - Processing file /home/airflow/.local/lib/python3.7/site-packages/airflow/example_dags/example_external_task_marker_dag.py for tasks to queue
[2025-04-26T19:36:19.973+0000] {logging_mixin.py:117} INFO - [2025-04-26T19:36:19.973+0000] {dagbag.py:525} INFO - Filling up the DagBag from /home/airflow/.local/lib/python3.7/site-packages/airflow/example_dags/example_external_task_marker_dag.py
[2025-04-26T19:36:19.986+0000] {processor.py:768} INFO - DAG(s) dict_keys(['example_external_task_marker_child', 'example_external_task_marker_parent']) retrieved from /home/airflow/.local/lib/python3.7/site-packages/airflow/example_dags/example_external_task_marker_dag.py
[2025-04-26T19:36:20.125+0000] {logging_mixin.py:117} INFO - [2025-04-26T19:36:20.125+0000] {dag.py:2573} INFO - Sync 2 DAGs
[2025-04-26T19:36:20.138+0000] {logging_mixin.py:117} INFO - [2025-04-26T19:36:20.138+0000] {dag.py:3328} INFO - Setting next_dagrun for example_external_task_marker_child to None, run_after=None
[2025-04-26T19:36:20.140+0000] {logging_mixin.py:117} INFO - [2025-04-26T19:36:20.140+0000] {dag.py:3328} INFO - Setting next_dagrun for example_external_task_marker_parent to None, run_after=None
[2025-04-26T19:36:20.153+0000] {processor.py:178} INFO - Processing /home/airflow/.local/lib/python3.7/site-packages/airflow/example_dags/example_external_task_marker_dag.py took 0.184 seconds
[2025-04-26T19:36:50.272+0000] {processor.py:156} INFO - Started process (PID=200) to work on /home/airflow/.local/lib/python3.7/site-packages/airflow/example_dags/example_external_task_marker_dag.py
[2025-04-26T19:36:50.273+0000] {processor.py:758} INFO - Processing file /home/airflow/.local/lib/python3.7/site-packages/airflow/example_dags/example_external_task_marker_dag.py for tasks to queue
[2025-04-26T19:36:50.274+0000] {logging_mixin.py:117} INFO - [2025-04-26T19:36:50.274+0000] {dagbag.py:525} INFO - Filling up the DagBag from /home/airflow/.local/lib/python3.7/site-packages/airflow/example_dags/example_external_task_marker_dag.py
[2025-04-26T19:36:50.284+0000] {processor.py:768} INFO - DAG(s) dict_keys(['example_external_task_marker_parent', 'example_external_task_marker_child']) retrieved from /home/airflow/.local/lib/python3.7/site-packages/airflow/example_dags/example_external_task_marker_dag.py
[2025-04-26T19:36:50.400+0000] {logging_mixin.py:117} INFO - [2025-04-26T19:36:50.400+0000] {dag.py:2573} INFO - Sync 2 DAGs
[2025-04-26T19:36:50.416+0000] {logging_mixin.py:117} INFO - [2025-04-26T19:36:50.416+0000] {dag.py:3328} INFO - Setting next_dagrun for example_external_task_marker_child to None, run_after=None
[2025-04-26T19:36:50.418+0000] {logging_mixin.py:117} INFO - [2025-04-26T19:36:50.418+0000] {dag.py:3328} INFO - Setting next_dagrun for example_external_task_marker_parent to None, run_after=None
[2025-04-26T19:36:50.430+0000] {processor.py:178} INFO - Processing /home/airflow/.local/lib/python3.7/site-packages/airflow/example_dags/example_external_task_marker_dag.py took 0.160 seconds
[2025-04-26T19:37:20.619+0000] {processor.py:156} INFO - Started process (PID=263) to work on /home/airflow/.local/lib/python3.7/site-packages/airflow/example_dags/example_external_task_marker_dag.py
[2025-04-26T19:37:20.620+0000] {processor.py:758} INFO - Processing file /home/airflow/.local/lib/python3.7/site-packages/airflow/example_dags/example_external_task_marker_dag.py for tasks to queue
[2025-04-26T19:37:20.621+0000] {logging_mixin.py:117} INFO - [2025-04-26T19:37:20.621+0000] {dagbag.py:525} INFO - Filling up the DagBag from /home/airflow/.local/lib/python3.7/site-packages/airflow/example_dags/example_external_task_marker_dag.py
[2025-04-26T19:37:20.631+0000] {processor.py:768} INFO - DAG(s) dict_keys(['example_external_task_marker_parent', 'example_external_task_marker_child']) retrieved from /home/airflow/.local/lib/python3.7/site-packages/airflow/example_dags/example_external_task_marker_dag.py
[2025-04-26T19:37:20.748+0000] {logging_mixin.py:117} INFO - [2025-04-26T19:37:20.748+0000] {dag.py:2573} INFO - Sync 2 DAGs
[2025-04-26T19:37:20.764+0000] {logging_mixin.py:117} INFO - [2025-04-26T19:37:20.764+0000] {dag.py:3328} INFO - Setting next_dagrun for example_external_task_marker_child to None, run_after=None
[2025-04-26T19:37:20.767+0000] {logging_mixin.py:117} INFO - [2025-04-26T19:37:20.767+0000] {dag.py:3328} INFO - Setting next_dagrun for example_external_task_marker_parent to None, run_after=None
[2025-04-26T19:37:20.779+0000] {processor.py:178} INFO - Processing /home/airflow/.local/lib/python3.7/site-packages/airflow/example_dags/example_external_task_marker_dag.py took 0.162 seconds
[2025-04-26T19:37:50.935+0000] {processor.py:156} INFO - Started process (PID=325) to work on /home/airflow/.local/lib/python3.7/site-packages/airflow/example_dags/example_external_task_marker_dag.py
[2025-04-26T19:37:50.936+0000] {processor.py:758} INFO - Processing file /home/airflow/.local/lib/python3.7/site-packages/airflow/example_dags/example_external_task_marker_dag.py for tasks to queue
[2025-04-26T19:37:50.937+0000] {logging_mixin.py:117} INFO - [2025-04-26T19:37:50.937+0000] {dagbag.py:525} INFO - Filling up the DagBag from /home/airflow/.local/lib/python3.7/site-packages/airflow/example_dags/example_external_task_marker_dag.py
[2025-04-26T19:37:50.948+0000] {processor.py:768} INFO - DAG(s) dict_keys(['example_external_task_marker_parent', 'example_external_task_marker_child']) retrieved from /home/airflow/.local/lib/python3.7/site-packages/airflow/example_dags/example_external_task_marker_dag.py
[2025-04-26T19:37:51.067+0000] {logging_mixin.py:117} INFO - [2025-04-26T19:37:51.067+0000] {dag.py:2573} INFO - Sync 2 DAGs
[2025-04-26T19:37:51.084+0000] {logging_mixin.py:117} INFO - [2025-04-26T19:37:51.084+0000] {dag.py:3328} INFO - Setting next_dagrun for example_external_task_marker_child to None, run_after=None
[2025-04-26T19:37:51.086+0000] {logging_mixin.py:117} INFO - [2025-04-26T19:37:51.086+0000] {dag.py:3328} INFO - Setting next_dagrun for example_external_task_marker_parent to None, run_after=None
[2025-04-26T19:37:51.099+0000] {processor.py:178} INFO - Processing /home/airflow/.local/lib/python3.7/site-packages/airflow/example_dags/example_external_task_marker_dag.py took 0.166 seconds
[2025-04-26T19:38:21.214+0000] {processor.py:156} INFO - Started process (PID=388) to work on /home/airflow/.local/lib/python3.7/site-packages/airflow/example_dags/example_external_task_marker_dag.py
[2025-04-26T19:38:21.215+0000] {processor.py:758} INFO - Processing file /home/airflow/.local/lib/python3.7/site-packages/airflow/example_dags/example_external_task_marker_dag.py for tasks to queue
[2025-04-26T19:38:21.216+0000] {logging_mixin.py:117} INFO - [2025-04-26T19:38:21.216+0000] {dagbag.py:525} INFO - Filling up the DagBag from /home/airflow/.local/lib/python3.7/site-packages/airflow/example_dags/example_external_task_marker_dag.py
[2025-04-26T19:38:21.227+0000] {processor.py:768} INFO - DAG(s) dict_keys(['example_external_task_marker_child', 'example_external_task_marker_parent']) retrieved from /home/airflow/.local/lib/python3.7/site-packages/airflow/example_dags/example_external_task_marker_dag.py
[2025-04-26T19:38:21.348+0000] {logging_mixin.py:117} INFO - [2025-04-26T19:38:21.348+0000] {dag.py:2573} INFO - Sync 2 DAGs
[2025-04-26T19:38:21.364+0000] {logging_mixin.py:117} INFO - [2025-04-26T19:38:21.364+0000] {dag.py:3328} INFO - Setting next_dagrun for example_external_task_marker_child to None, run_after=None
[2025-04-26T19:38:21.366+0000] {logging_mixin.py:117} INFO - [2025-04-26T19:38:21.366+0000] {dag.py:3328} INFO - Setting next_dagrun for example_external_task_marker_parent to None, run_after=None
[2025-04-26T19:38:21.379+0000] {processor.py:178} INFO - Processing /home/airflow/.local/lib/python3.7/site-packages/airflow/example_dags/example_external_task_marker_dag.py took 0.167 seconds
[2025-04-26T19:38:51.471+0000] {processor.py:156} INFO - Started process (PID=450) to work on /home/airflow/.local/lib/python3.7/site-packages/airflow/example_dags/example_external_task_marker_dag.py
[2025-04-26T19:38:51.472+0000] {processor.py:758} INFO - Processing file /home/airflow/.local/lib/python3.7/site-packages/airflow/example_dags/example_external_task_marker_dag.py for tasks to queue
[2025-04-26T19:38:51.472+0000] {logging_mixin.py:117} INFO - [2025-04-26T19:38:51.472+0000] {dagbag.py:525} INFO - Filling up the DagBag from /home/airflow/.local/lib/python3.7/site-packages/airflow/example_dags/example_external_task_marker_dag.py
[2025-04-26T19:38:51.484+0000] {processor.py:768} INFO - DAG(s) dict_keys(['example_external_task_marker_child', 'example_external_task_marker_parent']) retrieved from /home/airflow/.local/lib/python3.7/site-packages/airflow/example_dags/example_external_task_marker_dag.py
[2025-04-26T19:38:51.601+0000] {logging_mixin.py:117} INFO - [2025-04-26T19:38:51.601+0000] {dag.py:2573} INFO - Sync 2 DAGs
[2025-04-26T19:38:51.617+0000] {logging_mixin.py:117} INFO - [2025-04-26T19:38:51.617+0000] {dag.py:3328} INFO - Setting next_dagrun for example_external_task_marker_child to None, run_after=None
[2025-04-26T19:38:51.619+0000] {logging_mixin.py:117} INFO - [2025-04-26T19:38:51.619+0000] {dag.py:3328} INFO - Setting next_dagrun for example_external_task_marker_parent to None, run_after=None
[2025-04-26T19:38:51.639+0000] {processor.py:178} INFO - Processing /home/airflow/.local/lib/python3.7/site-packages/airflow/example_dags/example_external_task_marker_dag.py took 0.170 seconds
[2025-04-26T19:39:22.067+0000] {processor.py:156} INFO - Started process (PID=513) to work on /home/airflow/.local/lib/python3.7/site-packages/airflow/example_dags/example_external_task_marker_dag.py
[2025-04-26T19:39:22.069+0000] {processor.py:758} INFO - Processing file /home/airflow/.local/lib/python3.7/site-packages/airflow/example_dags/example_external_task_marker_dag.py for tasks to queue
[2025-04-26T19:39:22.069+0000] {logging_mixin.py:117} INFO - [2025-04-26T19:39:22.069+0000] {dagbag.py:525} INFO - Filling up the DagBag from /home/airflow/.local/lib/python3.7/site-packages/airflow/example_dags/example_external_task_marker_dag.py
[2025-04-26T19:39:22.080+0000] {processor.py:768} INFO - DAG(s) dict_keys(['example_external_task_marker_parent', 'example_external_task_marker_child']) retrieved from /home/airflow/.local/lib/python3.7/site-packages/airflow/example_dags/example_external_task_marker_dag.py
[2025-04-26T19:39:22.214+0000] {logging_mixin.py:117} INFO - [2025-04-26T19:39:22.214+0000] {dag.py:2573} INFO - Sync 2 DAGs
[2025-04-26T19:39:22.231+0000] {logging_mixin.py:117} INFO - [2025-04-26T19:39:22.231+0000] {dag.py:3328} INFO - Setting next_dagrun for example_external_task_marker_child to None, run_after=None
[2025-04-26T19:39:22.234+0000] {logging_mixin.py:117} INFO - [2025-04-26T19:39:22.234+0000] {dag.py:3328} INFO - Setting next_dagrun for example_external_task_marker_parent to None, run_after=None
[2025-04-26T19:39:22.246+0000] {processor.py:178} INFO - Processing /home/airflow/.local/lib/python3.7/site-packages/airflow/example_dags/example_external_task_marker_dag.py took 0.181 seconds
[2025-04-26T19:39:52.271+0000] {processor.py:156} INFO - Started process (PID=572) to work on /home/airflow/.local/lib/python3.7/site-packages/airflow/example_dags/example_external_task_marker_dag.py
[2025-04-26T19:39:52.272+0000] {processor.py:758} INFO - Processing file /home/airflow/.local/lib/python3.7/site-packages/airflow/example_dags/example_external_task_marker_dag.py for tasks to queue
[2025-04-26T19:39:52.273+0000] {logging_mixin.py:117} INFO - [2025-04-26T19:39:52.272+0000] {dagbag.py:525} INFO - Filling up the DagBag from /home/airflow/.local/lib/python3.7/site-packages/airflow/example_dags/example_external_task_marker_dag.py
[2025-04-26T19:39:52.290+0000] {processor.py:768} INFO - DAG(s) dict_keys(['example_external_task_marker_parent', 'example_external_task_marker_child']) retrieved from /home/airflow/.local/lib/python3.7/site-packages/airflow/example_dags/example_external_task_marker_dag.py
[2025-04-26T19:39:52.419+0000] {logging_mixin.py:117} INFO - [2025-04-26T19:39:52.419+0000] {dag.py:2573} INFO - Sync 2 DAGs
[2025-04-26T19:39:52.439+0000] {logging_mixin.py:117} INFO - [2025-04-26T19:39:52.439+0000] {dag.py:3328} INFO - Setting next_dagrun for example_external_task_marker_child to None, run_after=None
[2025-04-26T19:39:52.441+0000] {logging_mixin.py:117} INFO - [2025-04-26T19:39:52.441+0000] {dag.py:3328} INFO - Setting next_dagrun for example_external_task_marker_parent to None, run_after=None
[2025-04-26T19:39:52.455+0000] {processor.py:178} INFO - Processing /home/airflow/.local/lib/python3.7/site-packages/airflow/example_dags/example_external_task_marker_dag.py took 0.186 seconds
[2025-04-26T19:40:22.594+0000] {processor.py:156} INFO - Started process (PID=625) to work on /home/airflow/.local/lib/python3.7/site-packages/airflow/example_dags/example_external_task_marker_dag.py
[2025-04-26T19:40:22.595+0000] {processor.py:758} INFO - Processing file /home/airflow/.local/lib/python3.7/site-packages/airflow/example_dags/example_external_task_marker_dag.py for tasks to queue
[2025-04-26T19:40:22.595+0000] {logging_mixin.py:117} INFO - [2025-04-26T19:40:22.595+0000] {dagbag.py:525} INFO - Filling up the DagBag from /home/airflow/.local/lib/python3.7/site-packages/airflow/example_dags/example_external_task_marker_dag.py
[2025-04-26T19:40:22.605+0000] {processor.py:768} INFO - DAG(s) dict_keys(['example_external_task_marker_child', 'example_external_task_marker_parent']) retrieved from /home/airflow/.local/lib/python3.7/site-packages/airflow/example_dags/example_external_task_marker_dag.py
[2025-04-26T19:40:22.736+0000] {logging_mixin.py:117} INFO - [2025-04-26T19:40:22.736+0000] {dag.py:2573} INFO - Sync 2 DAGs
[2025-04-26T19:40:22.753+0000] {logging_mixin.py:117} INFO - [2025-04-26T19:40:22.753+0000] {dag.py:3328} INFO - Setting next_dagrun for example_external_task_marker_child to None, run_after=None
[2025-04-26T19:40:22.755+0000] {logging_mixin.py:117} INFO - [2025-04-26T19:40:22.755+0000] {dag.py:3328} INFO - Setting next_dagrun for example_external_task_marker_parent to None, run_after=None
[2025-04-26T19:40:22.770+0000] {processor.py:178} INFO - Processing /home/airflow/.local/lib/python3.7/site-packages/airflow/example_dags/example_external_task_marker_dag.py took 0.178 seconds
[2025-04-26T19:40:53.040+0000] {processor.py:156} INFO - Started process (PID=688) to work on /home/airflow/.local/lib/python3.7/site-packages/airflow/example_dags/example_external_task_marker_dag.py
[2025-04-26T19:40:53.041+0000] {processor.py:758} INFO - Processing file /home/airflow/.local/lib/python3.7/site-packages/airflow/example_dags/example_external_task_marker_dag.py for tasks to queue
[2025-04-26T19:40:53.042+0000] {logging_mixin.py:117} INFO - [2025-04-26T19:40:53.041+0000] {dagbag.py:525} INFO - Filling up the DagBag from /home/airflow/.local/lib/python3.7/site-packages/airflow/example_dags/example_external_task_marker_dag.py
[2025-04-26T19:40:53.053+0000] {processor.py:768} INFO - DAG(s) dict_keys(['example_external_task_marker_parent', 'example_external_task_marker_child']) retrieved from /home/airflow/.local/lib/python3.7/site-packages/airflow/example_dags/example_external_task_marker_dag.py
[2025-04-26T19:40:53.188+0000] {logging_mixin.py:117} INFO - [2025-04-26T19:40:53.188+0000] {dag.py:2573} INFO - Sync 2 DAGs
[2025-04-26T19:40:53.208+0000] {logging_mixin.py:117} INFO - [2025-04-26T19:40:53.208+0000] {dag.py:3328} INFO - Setting next_dagrun for example_external_task_marker_child to None, run_after=None
[2025-04-26T19:40:53.210+0000] {logging_mixin.py:117} INFO - [2025-04-26T19:40:53.210+0000] {dag.py:3328} INFO - Setting next_dagrun for example_external_task_marker_parent to None, run_after=None
[2025-04-26T19:40:53.225+0000] {processor.py:178} INFO - Processing /home/airflow/.local/lib/python3.7/site-packages/airflow/example_dags/example_external_task_marker_dag.py took 0.187 seconds
