[2025-04-26T19:32:20.179+0000] {processor.py:156} INFO - Started process (PID=72) to work on /home/airflow/.local/lib/python3.7/site-packages/airflow/example_dags/example_latest_only.py
[2025-04-26T19:32:20.185+0000] {processor.py:758} INFO - Processing file /home/airflow/.local/lib/python3.7/site-packages/airflow/example_dags/example_latest_only.py for tasks to queue
[2025-04-26T19:32:20.186+0000] {logging_mixin.py:117} INFO - [2025-04-26T19:32:20.186+0000] {dagbag.py:525} INFO - Filling up the DagBag from /home/airflow/.local/lib/python3.7/site-packages/airflow/example_dags/example_latest_only.py
[2025-04-26T19:32:20.284+0000] {processor.py:768} INFO - DAG(s) dict_keys(['latest_only']) retrieved from /home/airflow/.local/lib/python3.7/site-packages/airflow/example_dags/example_latest_only.py
[2025-04-26T19:32:20.395+0000] {logging_mixin.py:117} INFO - [2025-04-26T19:32:20.395+0000] {dag.py:2573} INFO - Sync 1 DAGs
[2025-04-26T19:32:20.566+0000] {logging_mixin.py:117} INFO - [2025-04-26T19:32:20.565+0000] {dag.py:3328} INFO - Setting next_dagrun for latest_only to 2025-04-26T15:32:20.565745+00:00, run_after=2025-04-26T19:32:20.565745+00:00
[2025-04-26T19:32:20.754+0000] {processor.py:178} INFO - Processing /home/airflow/.local/lib/python3.7/site-packages/airflow/example_dags/example_latest_only.py took 0.612 seconds
[2025-04-26T19:32:50.850+0000] {processor.py:156} INFO - Started process (PID=126) to work on /home/airflow/.local/lib/python3.7/site-packages/airflow/example_dags/example_latest_only.py
[2025-04-26T19:32:50.863+0000] {processor.py:758} INFO - Processing file /home/airflow/.local/lib/python3.7/site-packages/airflow/example_dags/example_latest_only.py for tasks to queue
[2025-04-26T19:32:50.863+0000] {logging_mixin.py:117} INFO - [2025-04-26T19:32:50.863+0000] {dagbag.py:525} INFO - Filling up the DagBag from /home/airflow/.local/lib/python3.7/site-packages/airflow/example_dags/example_latest_only.py
[2025-04-26T19:32:50.872+0000] {processor.py:768} INFO - DAG(s) dict_keys(['latest_only']) retrieved from /home/airflow/.local/lib/python3.7/site-packages/airflow/example_dags/example_latest_only.py
[2025-04-26T19:32:50.901+0000] {logging_mixin.py:117} INFO - [2025-04-26T19:32:50.901+0000] {dag.py:2573} INFO - Sync 1 DAGs
[2025-04-26T19:32:50.918+0000] {logging_mixin.py:117} INFO - [2025-04-26T19:32:50.917+0000] {dag.py:3328} INFO - Setting next_dagrun for latest_only to 2025-04-26T15:32:50.917669+00:00, run_after=2025-04-26T19:32:50.917669+00:00
[2025-04-26T19:32:50.932+0000] {processor.py:178} INFO - Processing /home/airflow/.local/lib/python3.7/site-packages/airflow/example_dags/example_latest_only.py took 0.084 seconds
[2025-04-26T19:33:21.445+0000] {processor.py:156} INFO - Started process (PID=190) to work on /home/airflow/.local/lib/python3.7/site-packages/airflow/example_dags/example_latest_only.py
[2025-04-26T19:33:21.448+0000] {processor.py:758} INFO - Processing file /home/airflow/.local/lib/python3.7/site-packages/airflow/example_dags/example_latest_only.py for tasks to queue
[2025-04-26T19:33:21.448+0000] {logging_mixin.py:117} INFO - [2025-04-26T19:33:21.448+0000] {dagbag.py:525} INFO - Filling up the DagBag from /home/airflow/.local/lib/python3.7/site-packages/airflow/example_dags/example_latest_only.py
[2025-04-26T19:33:21.459+0000] {processor.py:768} INFO - DAG(s) dict_keys(['latest_only']) retrieved from /home/airflow/.local/lib/python3.7/site-packages/airflow/example_dags/example_latest_only.py
[2025-04-26T19:33:21.493+0000] {logging_mixin.py:117} INFO - [2025-04-26T19:33:21.492+0000] {dag.py:2573} INFO - Sync 1 DAGs
[2025-04-26T19:33:21.512+0000] {logging_mixin.py:117} INFO - [2025-04-26T19:33:21.512+0000] {dag.py:3328} INFO - Setting next_dagrun for latest_only to 2025-04-26T15:33:21.511853+00:00, run_after=2025-04-26T19:33:21.511853+00:00
[2025-04-26T19:33:21.541+0000] {processor.py:178} INFO - Processing /home/airflow/.local/lib/python3.7/site-packages/airflow/example_dags/example_latest_only.py took 0.098 seconds
[2025-04-26T19:33:52.164+0000] {processor.py:156} INFO - Started process (PID=253) to work on /home/airflow/.local/lib/python3.7/site-packages/airflow/example_dags/example_latest_only.py
[2025-04-26T19:33:52.164+0000] {processor.py:758} INFO - Processing file /home/airflow/.local/lib/python3.7/site-packages/airflow/example_dags/example_latest_only.py for tasks to queue
[2025-04-26T19:33:52.165+0000] {logging_mixin.py:117} INFO - [2025-04-26T19:33:52.165+0000] {dagbag.py:525} INFO - Filling up the DagBag from /home/airflow/.local/lib/python3.7/site-packages/airflow/example_dags/example_latest_only.py
[2025-04-26T19:33:52.175+0000] {processor.py:768} INFO - DAG(s) dict_keys(['latest_only']) retrieved from /home/airflow/.local/lib/python3.7/site-packages/airflow/example_dags/example_latest_only.py
[2025-04-26T19:33:52.208+0000] {logging_mixin.py:117} INFO - [2025-04-26T19:33:52.208+0000] {dag.py:2573} INFO - Sync 1 DAGs
[2025-04-26T19:33:52.226+0000] {logging_mixin.py:117} INFO - [2025-04-26T19:33:52.226+0000] {dag.py:3328} INFO - Setting next_dagrun for latest_only to 2025-04-26T15:33:52.226491+00:00, run_after=2025-04-26T19:33:52.226491+00:00
[2025-04-26T19:33:52.242+0000] {processor.py:178} INFO - Processing /home/airflow/.local/lib/python3.7/site-packages/airflow/example_dags/example_latest_only.py took 0.081 seconds
[2025-04-26T19:34:22.988+0000] {processor.py:156} INFO - Started process (PID=316) to work on /home/airflow/.local/lib/python3.7/site-packages/airflow/example_dags/example_latest_only.py
[2025-04-26T19:34:22.994+0000] {processor.py:758} INFO - Processing file /home/airflow/.local/lib/python3.7/site-packages/airflow/example_dags/example_latest_only.py for tasks to queue
[2025-04-26T19:34:22.995+0000] {logging_mixin.py:117} INFO - [2025-04-26T19:34:22.994+0000] {dagbag.py:525} INFO - Filling up the DagBag from /home/airflow/.local/lib/python3.7/site-packages/airflow/example_dags/example_latest_only.py
[2025-04-26T19:34:23.015+0000] {processor.py:768} INFO - DAG(s) dict_keys(['latest_only']) retrieved from /home/airflow/.local/lib/python3.7/site-packages/airflow/example_dags/example_latest_only.py
[2025-04-26T19:34:23.064+0000] {logging_mixin.py:117} INFO - [2025-04-26T19:34:23.063+0000] {dag.py:2573} INFO - Sync 1 DAGs
[2025-04-26T19:34:23.085+0000] {logging_mixin.py:117} INFO - [2025-04-26T19:34:23.085+0000] {dag.py:3328} INFO - Setting next_dagrun for latest_only to 2025-04-26T15:34:23.085181+00:00, run_after=2025-04-26T19:34:23.085181+00:00
[2025-04-26T19:34:23.103+0000] {processor.py:178} INFO - Processing /home/airflow/.local/lib/python3.7/site-packages/airflow/example_dags/example_latest_only.py took 0.118 seconds
[2025-04-26T19:35:48.764+0000] {processor.py:156} INFO - Started process (PID=63) to work on /home/airflow/.local/lib/python3.7/site-packages/airflow/example_dags/example_latest_only.py
[2025-04-26T19:35:48.765+0000] {processor.py:758} INFO - Processing file /home/airflow/.local/lib/python3.7/site-packages/airflow/example_dags/example_latest_only.py for tasks to queue
[2025-04-26T19:35:48.765+0000] {logging_mixin.py:117} INFO - [2025-04-26T19:35:48.765+0000] {dagbag.py:525} INFO - Filling up the DagBag from /home/airflow/.local/lib/python3.7/site-packages/airflow/example_dags/example_latest_only.py
[2025-04-26T19:35:48.776+0000] {processor.py:768} INFO - DAG(s) dict_keys(['latest_only']) retrieved from /home/airflow/.local/lib/python3.7/site-packages/airflow/example_dags/example_latest_only.py
[2025-04-26T19:35:48.795+0000] {logging_mixin.py:117} INFO - [2025-04-26T19:35:48.794+0000] {dag.py:2573} INFO - Sync 1 DAGs
[2025-04-26T19:35:48.813+0000] {logging_mixin.py:117} INFO - [2025-04-26T19:35:48.813+0000] {dag.py:3328} INFO - Setting next_dagrun for latest_only to 2025-04-26T15:35:48.813076+00:00, run_after=2025-04-26T19:35:48.813076+00:00
[2025-04-26T19:35:48.828+0000] {processor.py:178} INFO - Processing /home/airflow/.local/lib/python3.7/site-packages/airflow/example_dags/example_latest_only.py took 0.067 seconds
[2025-04-26T19:36:19.801+0000] {processor.py:156} INFO - Started process (PID=134) to work on /home/airflow/.local/lib/python3.7/site-packages/airflow/example_dags/example_latest_only.py
[2025-04-26T19:36:19.802+0000] {processor.py:758} INFO - Processing file /home/airflow/.local/lib/python3.7/site-packages/airflow/example_dags/example_latest_only.py for tasks to queue
[2025-04-26T19:36:19.803+0000] {logging_mixin.py:117} INFO - [2025-04-26T19:36:19.803+0000] {dagbag.py:525} INFO - Filling up the DagBag from /home/airflow/.local/lib/python3.7/site-packages/airflow/example_dags/example_latest_only.py
[2025-04-26T19:36:19.811+0000] {processor.py:768} INFO - DAG(s) dict_keys(['latest_only']) retrieved from /home/airflow/.local/lib/python3.7/site-packages/airflow/example_dags/example_latest_only.py
[2025-04-26T19:36:19.838+0000] {logging_mixin.py:117} INFO - [2025-04-26T19:36:19.838+0000] {dag.py:2573} INFO - Sync 1 DAGs
[2025-04-26T19:36:19.856+0000] {logging_mixin.py:117} INFO - [2025-04-26T19:36:19.856+0000] {dag.py:3328} INFO - Setting next_dagrun for latest_only to 2025-04-26T15:36:19.856281+00:00, run_after=2025-04-26T19:36:19.856281+00:00
[2025-04-26T19:36:19.870+0000] {processor.py:178} INFO - Processing /home/airflow/.local/lib/python3.7/site-packages/airflow/example_dags/example_latest_only.py took 0.071 seconds
[2025-04-26T19:36:50.188+0000] {processor.py:156} INFO - Started process (PID=198) to work on /home/airflow/.local/lib/python3.7/site-packages/airflow/example_dags/example_latest_only.py
[2025-04-26T19:36:50.189+0000] {processor.py:758} INFO - Processing file /home/airflow/.local/lib/python3.7/site-packages/airflow/example_dags/example_latest_only.py for tasks to queue
[2025-04-26T19:36:50.189+0000] {logging_mixin.py:117} INFO - [2025-04-26T19:36:50.189+0000] {dagbag.py:525} INFO - Filling up the DagBag from /home/airflow/.local/lib/python3.7/site-packages/airflow/example_dags/example_latest_only.py
[2025-04-26T19:36:50.199+0000] {processor.py:768} INFO - DAG(s) dict_keys(['latest_only']) retrieved from /home/airflow/.local/lib/python3.7/site-packages/airflow/example_dags/example_latest_only.py
[2025-04-26T19:36:50.227+0000] {logging_mixin.py:117} INFO - [2025-04-26T19:36:50.227+0000] {dag.py:2573} INFO - Sync 1 DAGs
[2025-04-26T19:36:50.244+0000] {logging_mixin.py:117} INFO - [2025-04-26T19:36:50.244+0000] {dag.py:3328} INFO - Setting next_dagrun for latest_only to 2025-04-26T15:36:50.243810+00:00, run_after=2025-04-26T19:36:50.243810+00:00
[2025-04-26T19:36:50.259+0000] {processor.py:178} INFO - Processing /home/airflow/.local/lib/python3.7/site-packages/airflow/example_dags/example_latest_only.py took 0.073 seconds
[2025-04-26T19:37:20.446+0000] {processor.py:156} INFO - Started process (PID=259) to work on /home/airflow/.local/lib/python3.7/site-packages/airflow/example_dags/example_latest_only.py
[2025-04-26T19:37:20.447+0000] {processor.py:758} INFO - Processing file /home/airflow/.local/lib/python3.7/site-packages/airflow/example_dags/example_latest_only.py for tasks to queue
[2025-04-26T19:37:20.447+0000] {logging_mixin.py:117} INFO - [2025-04-26T19:37:20.447+0000] {dagbag.py:525} INFO - Filling up the DagBag from /home/airflow/.local/lib/python3.7/site-packages/airflow/example_dags/example_latest_only.py
[2025-04-26T19:37:20.458+0000] {processor.py:768} INFO - DAG(s) dict_keys(['latest_only']) retrieved from /home/airflow/.local/lib/python3.7/site-packages/airflow/example_dags/example_latest_only.py
[2025-04-26T19:37:20.486+0000] {logging_mixin.py:117} INFO - [2025-04-26T19:37:20.486+0000] {dag.py:2573} INFO - Sync 1 DAGs
[2025-04-26T19:37:20.503+0000] {logging_mixin.py:117} INFO - [2025-04-26T19:37:20.503+0000] {dag.py:3328} INFO - Setting next_dagrun for latest_only to 2025-04-26T15:37:20.503401+00:00, run_after=2025-04-26T19:37:20.503401+00:00
[2025-04-26T19:37:20.517+0000] {processor.py:178} INFO - Processing /home/airflow/.local/lib/python3.7/site-packages/airflow/example_dags/example_latest_only.py took 0.073 seconds
[2025-04-26T19:37:50.761+0000] {processor.py:156} INFO - Started process (PID=322) to work on /home/airflow/.local/lib/python3.7/site-packages/airflow/example_dags/example_latest_only.py
[2025-04-26T19:37:50.763+0000] {processor.py:758} INFO - Processing file /home/airflow/.local/lib/python3.7/site-packages/airflow/example_dags/example_latest_only.py for tasks to queue
[2025-04-26T19:37:50.763+0000] {logging_mixin.py:117} INFO - [2025-04-26T19:37:50.763+0000] {dagbag.py:525} INFO - Filling up the DagBag from /home/airflow/.local/lib/python3.7/site-packages/airflow/example_dags/example_latest_only.py
[2025-04-26T19:37:50.774+0000] {processor.py:768} INFO - DAG(s) dict_keys(['latest_only']) retrieved from /home/airflow/.local/lib/python3.7/site-packages/airflow/example_dags/example_latest_only.py
[2025-04-26T19:37:50.805+0000] {logging_mixin.py:117} INFO - [2025-04-26T19:37:50.805+0000] {dag.py:2573} INFO - Sync 1 DAGs
[2025-04-26T19:37:50.821+0000] {logging_mixin.py:117} INFO - [2025-04-26T19:37:50.821+0000] {dag.py:3328} INFO - Setting next_dagrun for latest_only to 2025-04-26T15:37:50.821227+00:00, run_after=2025-04-26T19:37:50.821227+00:00
[2025-04-26T19:37:50.834+0000] {processor.py:178} INFO - Processing /home/airflow/.local/lib/python3.7/site-packages/airflow/example_dags/example_latest_only.py took 0.075 seconds
[2025-04-26T19:38:20.948+0000] {processor.py:156} INFO - Started process (PID=382) to work on /home/airflow/.local/lib/python3.7/site-packages/airflow/example_dags/example_latest_only.py
[2025-04-26T19:38:20.949+0000] {processor.py:758} INFO - Processing file /home/airflow/.local/lib/python3.7/site-packages/airflow/example_dags/example_latest_only.py for tasks to queue
[2025-04-26T19:38:20.949+0000] {logging_mixin.py:117} INFO - [2025-04-26T19:38:20.949+0000] {dagbag.py:525} INFO - Filling up the DagBag from /home/airflow/.local/lib/python3.7/site-packages/airflow/example_dags/example_latest_only.py
[2025-04-26T19:38:20.958+0000] {processor.py:768} INFO - DAG(s) dict_keys(['latest_only']) retrieved from /home/airflow/.local/lib/python3.7/site-packages/airflow/example_dags/example_latest_only.py
[2025-04-26T19:38:20.985+0000] {logging_mixin.py:117} INFO - [2025-04-26T19:38:20.985+0000] {dag.py:2573} INFO - Sync 1 DAGs
[2025-04-26T19:38:21.001+0000] {logging_mixin.py:117} INFO - [2025-04-26T19:38:21.001+0000] {dag.py:3328} INFO - Setting next_dagrun for latest_only to 2025-04-26T15:38:21.001350+00:00, run_after=2025-04-26T19:38:21.001350+00:00
[2025-04-26T19:38:21.014+0000] {processor.py:178} INFO - Processing /home/airflow/.local/lib/python3.7/site-packages/airflow/example_dags/example_latest_only.py took 0.069 seconds
[2025-04-26T19:38:51.283+0000] {processor.py:156} INFO - Started process (PID=445) to work on /home/airflow/.local/lib/python3.7/site-packages/airflow/example_dags/example_latest_only.py
[2025-04-26T19:38:51.285+0000] {processor.py:758} INFO - Processing file /home/airflow/.local/lib/python3.7/site-packages/airflow/example_dags/example_latest_only.py for tasks to queue
[2025-04-26T19:38:51.285+0000] {logging_mixin.py:117} INFO - [2025-04-26T19:38:51.285+0000] {dagbag.py:525} INFO - Filling up the DagBag from /home/airflow/.local/lib/python3.7/site-packages/airflow/example_dags/example_latest_only.py
[2025-04-26T19:38:51.295+0000] {processor.py:768} INFO - DAG(s) dict_keys(['latest_only']) retrieved from /home/airflow/.local/lib/python3.7/site-packages/airflow/example_dags/example_latest_only.py
[2025-04-26T19:38:51.323+0000] {logging_mixin.py:117} INFO - [2025-04-26T19:38:51.323+0000] {dag.py:2573} INFO - Sync 1 DAGs
[2025-04-26T19:38:51.339+0000] {logging_mixin.py:117} INFO - [2025-04-26T19:38:51.339+0000] {dag.py:3328} INFO - Setting next_dagrun for latest_only to 2025-04-26T15:38:51.339122+00:00, run_after=2025-04-26T19:38:51.339122+00:00
[2025-04-26T19:38:51.356+0000] {processor.py:178} INFO - Processing /home/airflow/.local/lib/python3.7/site-packages/airflow/example_dags/example_latest_only.py took 0.076 seconds
[2025-04-26T19:39:21.646+0000] {processor.py:156} INFO - Started process (PID=507) to work on /home/airflow/.local/lib/python3.7/site-packages/airflow/example_dags/example_latest_only.py
[2025-04-26T19:39:21.648+0000] {processor.py:758} INFO - Processing file /home/airflow/.local/lib/python3.7/site-packages/airflow/example_dags/example_latest_only.py for tasks to queue
[2025-04-26T19:39:21.648+0000] {logging_mixin.py:117} INFO - [2025-04-26T19:39:21.648+0000] {dagbag.py:525} INFO - Filling up the DagBag from /home/airflow/.local/lib/python3.7/site-packages/airflow/example_dags/example_latest_only.py
[2025-04-26T19:39:21.662+0000] {processor.py:768} INFO - DAG(s) dict_keys(['latest_only']) retrieved from /home/airflow/.local/lib/python3.7/site-packages/airflow/example_dags/example_latest_only.py
[2025-04-26T19:39:21.697+0000] {logging_mixin.py:117} INFO - [2025-04-26T19:39:21.697+0000] {dag.py:2573} INFO - Sync 1 DAGs
[2025-04-26T19:39:21.717+0000] {logging_mixin.py:117} INFO - [2025-04-26T19:39:21.717+0000] {dag.py:3328} INFO - Setting next_dagrun for latest_only to 2025-04-26T15:39:21.717292+00:00, run_after=2025-04-26T19:39:21.717292+00:00
[2025-04-26T19:39:21.734+0000] {processor.py:178} INFO - Processing /home/airflow/.local/lib/python3.7/site-packages/airflow/example_dags/example_latest_only.py took 0.092 seconds
