[2025-04-26T19:32:22.112+0000] {processor.py:156} INFO - Started process (PID=83) to work on /home/airflow/.local/lib/python3.7/site-packages/airflow/example_dags/example_complex.py
[2025-04-26T19:32:22.112+0000] {processor.py:758} INFO - Processing file /home/airflow/.local/lib/python3.7/site-packages/airflow/example_dags/example_complex.py for tasks to queue
[2025-04-26T19:32:22.113+0000] {logging_mixin.py:117} INFO - [2025-04-26T19:32:22.113+0000] {dagbag.py:525} INFO - Filling up the DagBag from /home/airflow/.local/lib/python3.7/site-packages/airflow/example_dags/example_complex.py
[2025-04-26T19:32:22.135+0000] {processor.py:768} INFO - DAG(s) dict_keys(['example_complex']) retrieved from /home/airflow/.local/lib/python3.7/site-packages/airflow/example_dags/example_complex.py
[2025-04-26T19:32:22.172+0000] {logging_mixin.py:117} INFO - [2025-04-26T19:32:22.172+0000] {dag.py:2573} INFO - Sync 1 DAGs
[2025-04-26T19:32:22.205+0000] {logging_mixin.py:117} INFO - [2025-04-26T19:32:22.205+0000] {dag.py:3328} INFO - Setting next_dagrun for example_complex to None, run_after=None
[2025-04-26T19:32:22.227+0000] {processor.py:178} INFO - Processing /home/airflow/.local/lib/python3.7/site-packages/airflow/example_dags/example_complex.py took 0.118 seconds
[2025-04-26T19:32:52.491+0000] {processor.py:156} INFO - Started process (PID=137) to work on /home/airflow/.local/lib/python3.7/site-packages/airflow/example_dags/example_complex.py
[2025-04-26T19:32:52.501+0000] {processor.py:758} INFO - Processing file /home/airflow/.local/lib/python3.7/site-packages/airflow/example_dags/example_complex.py for tasks to queue
[2025-04-26T19:32:52.502+0000] {logging_mixin.py:117} INFO - [2025-04-26T19:32:52.502+0000] {dagbag.py:525} INFO - Filling up the DagBag from /home/airflow/.local/lib/python3.7/site-packages/airflow/example_dags/example_complex.py
[2025-04-26T19:32:52.516+0000] {processor.py:768} INFO - DAG(s) dict_keys(['example_complex']) retrieved from /home/airflow/.local/lib/python3.7/site-packages/airflow/example_dags/example_complex.py
[2025-04-26T19:32:52.552+0000] {logging_mixin.py:117} INFO - [2025-04-26T19:32:52.552+0000] {dag.py:2573} INFO - Sync 1 DAGs
[2025-04-26T19:32:52.570+0000] {logging_mixin.py:117} INFO - [2025-04-26T19:32:52.570+0000] {dag.py:3328} INFO - Setting next_dagrun for example_complex to None, run_after=None
[2025-04-26T19:32:52.598+0000] {processor.py:178} INFO - Processing /home/airflow/.local/lib/python3.7/site-packages/airflow/example_dags/example_complex.py took 0.110 seconds
[2025-04-26T19:33:23.289+0000] {processor.py:156} INFO - Started process (PID=201) to work on /home/airflow/.local/lib/python3.7/site-packages/airflow/example_dags/example_complex.py
[2025-04-26T19:33:23.290+0000] {processor.py:758} INFO - Processing file /home/airflow/.local/lib/python3.7/site-packages/airflow/example_dags/example_complex.py for tasks to queue
[2025-04-26T19:33:23.290+0000] {logging_mixin.py:117} INFO - [2025-04-26T19:33:23.290+0000] {dagbag.py:525} INFO - Filling up the DagBag from /home/airflow/.local/lib/python3.7/site-packages/airflow/example_dags/example_complex.py
[2025-04-26T19:33:23.308+0000] {processor.py:768} INFO - DAG(s) dict_keys(['example_complex']) retrieved from /home/airflow/.local/lib/python3.7/site-packages/airflow/example_dags/example_complex.py
[2025-04-26T19:33:23.345+0000] {logging_mixin.py:117} INFO - [2025-04-26T19:33:23.345+0000] {dag.py:2573} INFO - Sync 1 DAGs
[2025-04-26T19:33:23.366+0000] {logging_mixin.py:117} INFO - [2025-04-26T19:33:23.366+0000] {dag.py:3328} INFO - Setting next_dagrun for example_complex to None, run_after=None
[2025-04-26T19:33:23.411+0000] {processor.py:178} INFO - Processing /home/airflow/.local/lib/python3.7/site-packages/airflow/example_dags/example_complex.py took 0.124 seconds
[2025-04-26T19:33:53.858+0000] {processor.py:156} INFO - Started process (PID=264) to work on /home/airflow/.local/lib/python3.7/site-packages/airflow/example_dags/example_complex.py
[2025-04-26T19:33:53.860+0000] {processor.py:758} INFO - Processing file /home/airflow/.local/lib/python3.7/site-packages/airflow/example_dags/example_complex.py for tasks to queue
[2025-04-26T19:33:53.860+0000] {logging_mixin.py:117} INFO - [2025-04-26T19:33:53.860+0000] {dagbag.py:525} INFO - Filling up the DagBag from /home/airflow/.local/lib/python3.7/site-packages/airflow/example_dags/example_complex.py
[2025-04-26T19:33:53.875+0000] {processor.py:768} INFO - DAG(s) dict_keys(['example_complex']) retrieved from /home/airflow/.local/lib/python3.7/site-packages/airflow/example_dags/example_complex.py
[2025-04-26T19:33:53.908+0000] {logging_mixin.py:117} INFO - [2025-04-26T19:33:53.908+0000] {dag.py:2573} INFO - Sync 1 DAGs
[2025-04-26T19:33:53.925+0000] {logging_mixin.py:117} INFO - [2025-04-26T19:33:53.925+0000] {dag.py:3328} INFO - Setting next_dagrun for example_complex to None, run_after=None
[2025-04-26T19:33:53.938+0000] {processor.py:178} INFO - Processing /home/airflow/.local/lib/python3.7/site-packages/airflow/example_dags/example_complex.py took 0.082 seconds
[2025-04-26T19:34:24.976+0000] {processor.py:156} INFO - Started process (PID=327) to work on /home/airflow/.local/lib/python3.7/site-packages/airflow/example_dags/example_complex.py
[2025-04-26T19:34:24.977+0000] {processor.py:758} INFO - Processing file /home/airflow/.local/lib/python3.7/site-packages/airflow/example_dags/example_complex.py for tasks to queue
[2025-04-26T19:34:24.977+0000] {logging_mixin.py:117} INFO - [2025-04-26T19:34:24.977+0000] {dagbag.py:525} INFO - Filling up the DagBag from /home/airflow/.local/lib/python3.7/site-packages/airflow/example_dags/example_complex.py
[2025-04-26T19:34:24.993+0000] {processor.py:768} INFO - DAG(s) dict_keys(['example_complex']) retrieved from /home/airflow/.local/lib/python3.7/site-packages/airflow/example_dags/example_complex.py
[2025-04-26T19:34:25.028+0000] {logging_mixin.py:117} INFO - [2025-04-26T19:34:25.028+0000] {dag.py:2573} INFO - Sync 1 DAGs
[2025-04-26T19:34:25.046+0000] {logging_mixin.py:117} INFO - [2025-04-26T19:34:25.046+0000] {dag.py:3328} INFO - Setting next_dagrun for example_complex to None, run_after=None
[2025-04-26T19:34:25.061+0000] {processor.py:178} INFO - Processing /home/airflow/.local/lib/python3.7/site-packages/airflow/example_dags/example_complex.py took 0.088 seconds
[2025-04-26T19:35:48.321+0000] {processor.py:156} INFO - Started process (PID=74) to work on /home/airflow/.local/lib/python3.7/site-packages/airflow/example_dags/example_complex.py
[2025-04-26T19:35:48.322+0000] {processor.py:758} INFO - Processing file /home/airflow/.local/lib/python3.7/site-packages/airflow/example_dags/example_complex.py for tasks to queue
[2025-04-26T19:35:48.323+0000] {logging_mixin.py:117} INFO - [2025-04-26T19:35:48.323+0000] {dagbag.py:525} INFO - Filling up the DagBag from /home/airflow/.local/lib/python3.7/site-packages/airflow/example_dags/example_complex.py
[2025-04-26T19:35:48.341+0000] {processor.py:768} INFO - DAG(s) dict_keys(['example_complex']) retrieved from /home/airflow/.local/lib/python3.7/site-packages/airflow/example_dags/example_complex.py
[2025-04-26T19:35:48.369+0000] {logging_mixin.py:117} INFO - [2025-04-26T19:35:48.369+0000] {dag.py:2573} INFO - Sync 1 DAGs
[2025-04-26T19:35:48.390+0000] {logging_mixin.py:117} INFO - [2025-04-26T19:35:48.390+0000] {dag.py:3328} INFO - Setting next_dagrun for example_complex to None, run_after=None
[2025-04-26T19:35:48.405+0000] {processor.py:178} INFO - Processing /home/airflow/.local/lib/python3.7/site-packages/airflow/example_dags/example_complex.py took 0.086 seconds
[2025-04-26T19:36:19.147+0000] {processor.py:156} INFO - Started process (PID=125) to work on /home/airflow/.local/lib/python3.7/site-packages/airflow/example_dags/example_complex.py
[2025-04-26T19:36:19.148+0000] {processor.py:758} INFO - Processing file /home/airflow/.local/lib/python3.7/site-packages/airflow/example_dags/example_complex.py for tasks to queue
[2025-04-26T19:36:19.148+0000] {logging_mixin.py:117} INFO - [2025-04-26T19:36:19.148+0000] {dagbag.py:525} INFO - Filling up the DagBag from /home/airflow/.local/lib/python3.7/site-packages/airflow/example_dags/example_complex.py
[2025-04-26T19:36:19.163+0000] {processor.py:768} INFO - DAG(s) dict_keys(['example_complex']) retrieved from /home/airflow/.local/lib/python3.7/site-packages/airflow/example_dags/example_complex.py
[2025-04-26T19:36:19.194+0000] {logging_mixin.py:117} INFO - [2025-04-26T19:36:19.194+0000] {dag.py:2573} INFO - Sync 1 DAGs
[2025-04-26T19:36:19.209+0000] {logging_mixin.py:117} INFO - [2025-04-26T19:36:19.209+0000] {dag.py:3328} INFO - Setting next_dagrun for example_complex to None, run_after=None
[2025-04-26T19:36:19.223+0000] {processor.py:178} INFO - Processing /home/airflow/.local/lib/python3.7/site-packages/airflow/example_dags/example_complex.py took 0.078 seconds
[2025-04-26T19:36:49.552+0000] {processor.py:156} INFO - Started process (PID=189) to work on /home/airflow/.local/lib/python3.7/site-packages/airflow/example_dags/example_complex.py
[2025-04-26T19:36:49.552+0000] {processor.py:758} INFO - Processing file /home/airflow/.local/lib/python3.7/site-packages/airflow/example_dags/example_complex.py for tasks to queue
[2025-04-26T19:36:49.553+0000] {logging_mixin.py:117} INFO - [2025-04-26T19:36:49.553+0000] {dagbag.py:525} INFO - Filling up the DagBag from /home/airflow/.local/lib/python3.7/site-packages/airflow/example_dags/example_complex.py
[2025-04-26T19:36:49.566+0000] {processor.py:768} INFO - DAG(s) dict_keys(['example_complex']) retrieved from /home/airflow/.local/lib/python3.7/site-packages/airflow/example_dags/example_complex.py
[2025-04-26T19:36:49.597+0000] {logging_mixin.py:117} INFO - [2025-04-26T19:36:49.597+0000] {dag.py:2573} INFO - Sync 1 DAGs
[2025-04-26T19:36:49.613+0000] {logging_mixin.py:117} INFO - [2025-04-26T19:36:49.613+0000] {dag.py:3328} INFO - Setting next_dagrun for example_complex to None, run_after=None
[2025-04-26T19:36:49.629+0000] {processor.py:178} INFO - Processing /home/airflow/.local/lib/python3.7/site-packages/airflow/example_dags/example_complex.py took 0.080 seconds
[2025-04-26T19:37:20.180+0000] {processor.py:156} INFO - Started process (PID=254) to work on /home/airflow/.local/lib/python3.7/site-packages/airflow/example_dags/example_complex.py
[2025-04-26T19:37:20.182+0000] {processor.py:758} INFO - Processing file /home/airflow/.local/lib/python3.7/site-packages/airflow/example_dags/example_complex.py for tasks to queue
[2025-04-26T19:37:20.182+0000] {logging_mixin.py:117} INFO - [2025-04-26T19:37:20.182+0000] {dagbag.py:525} INFO - Filling up the DagBag from /home/airflow/.local/lib/python3.7/site-packages/airflow/example_dags/example_complex.py
[2025-04-26T19:37:20.194+0000] {processor.py:768} INFO - DAG(s) dict_keys(['example_complex']) retrieved from /home/airflow/.local/lib/python3.7/site-packages/airflow/example_dags/example_complex.py
[2025-04-26T19:37:20.224+0000] {logging_mixin.py:117} INFO - [2025-04-26T19:37:20.224+0000] {dag.py:2573} INFO - Sync 1 DAGs
[2025-04-26T19:37:20.242+0000] {logging_mixin.py:117} INFO - [2025-04-26T19:37:20.241+0000] {dag.py:3328} INFO - Setting next_dagrun for example_complex to None, run_after=None
[2025-04-26T19:37:20.255+0000] {processor.py:178} INFO - Processing /home/airflow/.local/lib/python3.7/site-packages/airflow/example_dags/example_complex.py took 0.078 seconds
[2025-04-26T19:37:50.584+0000] {processor.py:156} INFO - Started process (PID=319) to work on /home/airflow/.local/lib/python3.7/site-packages/airflow/example_dags/example_complex.py
[2025-04-26T19:37:50.586+0000] {processor.py:758} INFO - Processing file /home/airflow/.local/lib/python3.7/site-packages/airflow/example_dags/example_complex.py for tasks to queue
[2025-04-26T19:37:50.586+0000] {logging_mixin.py:117} INFO - [2025-04-26T19:37:50.586+0000] {dagbag.py:525} INFO - Filling up the DagBag from /home/airflow/.local/lib/python3.7/site-packages/airflow/example_dags/example_complex.py
[2025-04-26T19:37:50.600+0000] {processor.py:768} INFO - DAG(s) dict_keys(['example_complex']) retrieved from /home/airflow/.local/lib/python3.7/site-packages/airflow/example_dags/example_complex.py
[2025-04-26T19:37:50.632+0000] {logging_mixin.py:117} INFO - [2025-04-26T19:37:50.632+0000] {dag.py:2573} INFO - Sync 1 DAGs
[2025-04-26T19:37:50.647+0000] {logging_mixin.py:117} INFO - [2025-04-26T19:37:50.647+0000] {dag.py:3328} INFO - Setting next_dagrun for example_complex to None, run_after=None
[2025-04-26T19:37:50.660+0000] {processor.py:178} INFO - Processing /home/airflow/.local/lib/python3.7/site-packages/airflow/example_dags/example_complex.py took 0.078 seconds
[2025-04-26T19:38:21.027+0000] {processor.py:156} INFO - Started process (PID=384) to work on /home/airflow/.local/lib/python3.7/site-packages/airflow/example_dags/example_complex.py
[2025-04-26T19:38:21.028+0000] {processor.py:758} INFO - Processing file /home/airflow/.local/lib/python3.7/site-packages/airflow/example_dags/example_complex.py for tasks to queue
[2025-04-26T19:38:21.028+0000] {logging_mixin.py:117} INFO - [2025-04-26T19:38:21.028+0000] {dagbag.py:525} INFO - Filling up the DagBag from /home/airflow/.local/lib/python3.7/site-packages/airflow/example_dags/example_complex.py
[2025-04-26T19:38:21.041+0000] {processor.py:768} INFO - DAG(s) dict_keys(['example_complex']) retrieved from /home/airflow/.local/lib/python3.7/site-packages/airflow/example_dags/example_complex.py
[2025-04-26T19:38:21.074+0000] {logging_mixin.py:117} INFO - [2025-04-26T19:38:21.074+0000] {dag.py:2573} INFO - Sync 1 DAGs
[2025-04-26T19:38:21.089+0000] {logging_mixin.py:117} INFO - [2025-04-26T19:38:21.089+0000] {dag.py:3328} INFO - Setting next_dagrun for example_complex to None, run_after=None
[2025-04-26T19:38:21.103+0000] {processor.py:178} INFO - Processing /home/airflow/.local/lib/python3.7/site-packages/airflow/example_dags/example_complex.py took 0.077 seconds
[2025-04-26T19:38:51.370+0000] {processor.py:156} INFO - Started process (PID=447) to work on /home/airflow/.local/lib/python3.7/site-packages/airflow/example_dags/example_complex.py
[2025-04-26T19:38:51.371+0000] {processor.py:758} INFO - Processing file /home/airflow/.local/lib/python3.7/site-packages/airflow/example_dags/example_complex.py for tasks to queue
[2025-04-26T19:38:51.371+0000] {logging_mixin.py:117} INFO - [2025-04-26T19:38:51.371+0000] {dagbag.py:525} INFO - Filling up the DagBag from /home/airflow/.local/lib/python3.7/site-packages/airflow/example_dags/example_complex.py
[2025-04-26T19:38:51.385+0000] {processor.py:768} INFO - DAG(s) dict_keys(['example_complex']) retrieved from /home/airflow/.local/lib/python3.7/site-packages/airflow/example_dags/example_complex.py
[2025-04-26T19:38:51.415+0000] {logging_mixin.py:117} INFO - [2025-04-26T19:38:51.414+0000] {dag.py:2573} INFO - Sync 1 DAGs
[2025-04-26T19:38:51.431+0000] {logging_mixin.py:117} INFO - [2025-04-26T19:38:51.431+0000] {dag.py:3328} INFO - Setting next_dagrun for example_complex to None, run_after=None
[2025-04-26T19:38:51.446+0000] {processor.py:178} INFO - Processing /home/airflow/.local/lib/python3.7/site-packages/airflow/example_dags/example_complex.py took 0.078 seconds
[2025-04-26T19:39:21.864+0000] {processor.py:156} INFO - Started process (PID=510) to work on /home/airflow/.local/lib/python3.7/site-packages/airflow/example_dags/example_complex.py
[2025-04-26T19:39:21.865+0000] {processor.py:758} INFO - Processing file /home/airflow/.local/lib/python3.7/site-packages/airflow/example_dags/example_complex.py for tasks to queue
[2025-04-26T19:39:21.866+0000] {logging_mixin.py:117} INFO - [2025-04-26T19:39:21.865+0000] {dagbag.py:525} INFO - Filling up the DagBag from /home/airflow/.local/lib/python3.7/site-packages/airflow/example_dags/example_complex.py
[2025-04-26T19:39:21.881+0000] {processor.py:768} INFO - DAG(s) dict_keys(['example_complex']) retrieved from /home/airflow/.local/lib/python3.7/site-packages/airflow/example_dags/example_complex.py
[2025-04-26T19:39:21.917+0000] {logging_mixin.py:117} INFO - [2025-04-26T19:39:21.917+0000] {dag.py:2573} INFO - Sync 1 DAGs
[2025-04-26T19:39:21.936+0000] {logging_mixin.py:117} INFO - [2025-04-26T19:39:21.935+0000] {dag.py:3328} INFO - Setting next_dagrun for example_complex to None, run_after=None
[2025-04-26T19:39:21.956+0000] {processor.py:178} INFO - Processing /home/airflow/.local/lib/python3.7/site-packages/airflow/example_dags/example_complex.py took 0.095 seconds
[2025-04-26T19:39:52.567+0000] {processor.py:156} INFO - Started process (PID=576) to work on /home/airflow/.local/lib/python3.7/site-packages/airflow/example_dags/example_complex.py
[2025-04-26T19:39:52.568+0000] {processor.py:758} INFO - Processing file /home/airflow/.local/lib/python3.7/site-packages/airflow/example_dags/example_complex.py for tasks to queue
[2025-04-26T19:39:52.569+0000] {logging_mixin.py:117} INFO - [2025-04-26T19:39:52.569+0000] {dagbag.py:525} INFO - Filling up the DagBag from /home/airflow/.local/lib/python3.7/site-packages/airflow/example_dags/example_complex.py
[2025-04-26T19:39:52.587+0000] {processor.py:768} INFO - DAG(s) dict_keys(['example_complex']) retrieved from /home/airflow/.local/lib/python3.7/site-packages/airflow/example_dags/example_complex.py
[2025-04-26T19:39:52.628+0000] {logging_mixin.py:117} INFO - [2025-04-26T19:39:52.628+0000] {dag.py:2573} INFO - Sync 1 DAGs
[2025-04-26T19:39:52.650+0000] {logging_mixin.py:117} INFO - [2025-04-26T19:39:52.649+0000] {dag.py:3328} INFO - Setting next_dagrun for example_complex to None, run_after=None
[2025-04-26T19:39:52.668+0000] {processor.py:178} INFO - Processing /home/airflow/.local/lib/python3.7/site-packages/airflow/example_dags/example_complex.py took 0.103 seconds
[2025-04-26T19:40:23.201+0000] {processor.py:156} INFO - Started process (PID=633) to work on /home/airflow/.local/lib/python3.7/site-packages/airflow/example_dags/example_complex.py
[2025-04-26T19:40:23.201+0000] {processor.py:758} INFO - Processing file /home/airflow/.local/lib/python3.7/site-packages/airflow/example_dags/example_complex.py for tasks to queue
[2025-04-26T19:40:23.202+0000] {logging_mixin.py:117} INFO - [2025-04-26T19:40:23.202+0000] {dagbag.py:525} INFO - Filling up the DagBag from /home/airflow/.local/lib/python3.7/site-packages/airflow/example_dags/example_complex.py
[2025-04-26T19:40:23.216+0000] {processor.py:768} INFO - DAG(s) dict_keys(['example_complex']) retrieved from /home/airflow/.local/lib/python3.7/site-packages/airflow/example_dags/example_complex.py
[2025-04-26T19:40:23.254+0000] {logging_mixin.py:117} INFO - [2025-04-26T19:40:23.253+0000] {dag.py:2573} INFO - Sync 1 DAGs
[2025-04-26T19:40:23.271+0000] {logging_mixin.py:117} INFO - [2025-04-26T19:40:23.271+0000] {dag.py:3328} INFO - Setting next_dagrun for example_complex to None, run_after=None
[2025-04-26T19:40:23.286+0000] {processor.py:178} INFO - Processing /home/airflow/.local/lib/python3.7/site-packages/airflow/example_dags/example_complex.py took 0.087 seconds
[2025-04-26T19:40:53.773+0000] {processor.py:156} INFO - Started process (PID=697) to work on /home/airflow/.local/lib/python3.7/site-packages/airflow/example_dags/example_complex.py
[2025-04-26T19:40:53.775+0000] {processor.py:758} INFO - Processing file /home/airflow/.local/lib/python3.7/site-packages/airflow/example_dags/example_complex.py for tasks to queue
[2025-04-26T19:40:53.775+0000] {logging_mixin.py:117} INFO - [2025-04-26T19:40:53.775+0000] {dagbag.py:525} INFO - Filling up the DagBag from /home/airflow/.local/lib/python3.7/site-packages/airflow/example_dags/example_complex.py
[2025-04-26T19:40:53.793+0000] {processor.py:768} INFO - DAG(s) dict_keys(['example_complex']) retrieved from /home/airflow/.local/lib/python3.7/site-packages/airflow/example_dags/example_complex.py
[2025-04-26T19:40:53.826+0000] {logging_mixin.py:117} INFO - [2025-04-26T19:40:53.826+0000] {dag.py:2573} INFO - Sync 1 DAGs
[2025-04-26T19:40:53.843+0000] {logging_mixin.py:117} INFO - [2025-04-26T19:40:53.843+0000] {dag.py:3328} INFO - Setting next_dagrun for example_complex to None, run_after=None
[2025-04-26T19:40:53.861+0000] {processor.py:178} INFO - Processing /home/airflow/.local/lib/python3.7/site-packages/airflow/example_dags/example_complex.py took 0.090 seconds
