[2025-04-26T19:32:22.199+0000] {processor.py:156} INFO - Started process (PID=84) to work on /home/airflow/.local/lib/python3.7/site-packages/airflow/example_dags/example_xcom.py
[2025-04-26T19:32:22.199+0000] {processor.py:758} INFO - Processing file /home/airflow/.local/lib/python3.7/site-packages/airflow/example_dags/example_xcom.py for tasks to queue
[2025-04-26T19:32:22.200+0000] {logging_mixin.py:117} INFO - [2025-04-26T19:32:22.200+0000] {dagbag.py:525} INFO - Filling up the DagBag from /home/airflow/.local/lib/python3.7/site-packages/airflow/example_dags/example_xcom.py
[2025-04-26T19:32:22.228+0000] {processor.py:768} INFO - DAG(s) dict_keys(['example_xcom']) retrieved from /home/airflow/.local/lib/python3.7/site-packages/airflow/example_dags/example_xcom.py
[2025-04-26T19:32:22.279+0000] {logging_mixin.py:117} INFO - [2025-04-26T19:32:22.279+0000] {dag.py:2573} INFO - Sync 1 DAGs
[2025-04-26T19:32:22.335+0000] {logging_mixin.py:117} INFO - [2025-04-26T19:32:22.335+0000] {dag.py:3328} INFO - Setting next_dagrun for example_xcom to 2021-01-01T00:00:00+00:00, run_after=2021-01-01T00:00:00+00:00
[2025-04-26T19:32:22.367+0000] {processor.py:178} INFO - Processing /home/airflow/.local/lib/python3.7/site-packages/airflow/example_dags/example_xcom.py took 0.171 seconds
[2025-04-26T19:32:52.580+0000] {processor.py:156} INFO - Started process (PID=138) to work on /home/airflow/.local/lib/python3.7/site-packages/airflow/example_dags/example_xcom.py
[2025-04-26T19:32:52.591+0000] {processor.py:758} INFO - Processing file /home/airflow/.local/lib/python3.7/site-packages/airflow/example_dags/example_xcom.py for tasks to queue
[2025-04-26T19:32:52.591+0000] {logging_mixin.py:117} INFO - [2025-04-26T19:32:52.591+0000] {dagbag.py:525} INFO - Filling up the DagBag from /home/airflow/.local/lib/python3.7/site-packages/airflow/example_dags/example_xcom.py
[2025-04-26T19:32:52.610+0000] {processor.py:768} INFO - DAG(s) dict_keys(['example_xcom']) retrieved from /home/airflow/.local/lib/python3.7/site-packages/airflow/example_dags/example_xcom.py
[2025-04-26T19:32:52.640+0000] {logging_mixin.py:117} INFO - [2025-04-26T19:32:52.640+0000] {dag.py:2573} INFO - Sync 1 DAGs
[2025-04-26T19:32:52.658+0000] {logging_mixin.py:117} INFO - [2025-04-26T19:32:52.657+0000] {dag.py:3328} INFO - Setting next_dagrun for example_xcom to 2021-01-01T00:00:00+00:00, run_after=2021-01-01T00:00:00+00:00
[2025-04-26T19:32:52.680+0000] {processor.py:178} INFO - Processing /home/airflow/.local/lib/python3.7/site-packages/airflow/example_dags/example_xcom.py took 0.103 seconds
[2025-04-26T19:33:23.395+0000] {processor.py:156} INFO - Started process (PID=202) to work on /home/airflow/.local/lib/python3.7/site-packages/airflow/example_dags/example_xcom.py
[2025-04-26T19:33:23.401+0000] {processor.py:758} INFO - Processing file /home/airflow/.local/lib/python3.7/site-packages/airflow/example_dags/example_xcom.py for tasks to queue
[2025-04-26T19:33:23.401+0000] {logging_mixin.py:117} INFO - [2025-04-26T19:33:23.401+0000] {dagbag.py:525} INFO - Filling up the DagBag from /home/airflow/.local/lib/python3.7/site-packages/airflow/example_dags/example_xcom.py
[2025-04-26T19:33:23.443+0000] {processor.py:768} INFO - DAG(s) dict_keys(['example_xcom']) retrieved from /home/airflow/.local/lib/python3.7/site-packages/airflow/example_dags/example_xcom.py
[2025-04-26T19:33:23.484+0000] {logging_mixin.py:117} INFO - [2025-04-26T19:33:23.484+0000] {dag.py:2573} INFO - Sync 1 DAGs
[2025-04-26T19:33:23.507+0000] {logging_mixin.py:117} INFO - [2025-04-26T19:33:23.506+0000] {dag.py:3328} INFO - Setting next_dagrun for example_xcom to 2021-01-01T00:00:00+00:00, run_after=2021-01-01T00:00:00+00:00
[2025-04-26T19:33:23.539+0000] {processor.py:178} INFO - Processing /home/airflow/.local/lib/python3.7/site-packages/airflow/example_dags/example_xcom.py took 0.147 seconds
[2025-04-26T19:33:53.914+0000] {processor.py:156} INFO - Started process (PID=265) to work on /home/airflow/.local/lib/python3.7/site-packages/airflow/example_dags/example_xcom.py
[2025-04-26T19:33:53.915+0000] {processor.py:758} INFO - Processing file /home/airflow/.local/lib/python3.7/site-packages/airflow/example_dags/example_xcom.py for tasks to queue
[2025-04-26T19:33:53.916+0000] {logging_mixin.py:117} INFO - [2025-04-26T19:33:53.916+0000] {dagbag.py:525} INFO - Filling up the DagBag from /home/airflow/.local/lib/python3.7/site-packages/airflow/example_dags/example_xcom.py
[2025-04-26T19:33:53.932+0000] {processor.py:768} INFO - DAG(s) dict_keys(['example_xcom']) retrieved from /home/airflow/.local/lib/python3.7/site-packages/airflow/example_dags/example_xcom.py
[2025-04-26T19:33:53.964+0000] {logging_mixin.py:117} INFO - [2025-04-26T19:33:53.964+0000] {dag.py:2573} INFO - Sync 1 DAGs
[2025-04-26T19:33:53.980+0000] {logging_mixin.py:117} INFO - [2025-04-26T19:33:53.980+0000] {dag.py:3328} INFO - Setting next_dagrun for example_xcom to 2021-01-01T00:00:00+00:00, run_after=2021-01-01T00:00:00+00:00
[2025-04-26T19:33:53.995+0000] {processor.py:178} INFO - Processing /home/airflow/.local/lib/python3.7/site-packages/airflow/example_dags/example_xcom.py took 0.084 seconds
[2025-04-26T19:34:25.042+0000] {processor.py:156} INFO - Started process (PID=328) to work on /home/airflow/.local/lib/python3.7/site-packages/airflow/example_dags/example_xcom.py
[2025-04-26T19:34:25.043+0000] {processor.py:758} INFO - Processing file /home/airflow/.local/lib/python3.7/site-packages/airflow/example_dags/example_xcom.py for tasks to queue
[2025-04-26T19:34:25.043+0000] {logging_mixin.py:117} INFO - [2025-04-26T19:34:25.043+0000] {dagbag.py:525} INFO - Filling up the DagBag from /home/airflow/.local/lib/python3.7/site-packages/airflow/example_dags/example_xcom.py
[2025-04-26T19:34:25.061+0000] {processor.py:768} INFO - DAG(s) dict_keys(['example_xcom']) retrieved from /home/airflow/.local/lib/python3.7/site-packages/airflow/example_dags/example_xcom.py
[2025-04-26T19:34:25.096+0000] {logging_mixin.py:117} INFO - [2025-04-26T19:34:25.096+0000] {dag.py:2573} INFO - Sync 1 DAGs
[2025-04-26T19:34:25.114+0000] {logging_mixin.py:117} INFO - [2025-04-26T19:34:25.114+0000] {dag.py:3328} INFO - Setting next_dagrun for example_xcom to 2021-01-01T00:00:00+00:00, run_after=2021-01-01T00:00:00+00:00
[2025-04-26T19:34:25.129+0000] {processor.py:178} INFO - Processing /home/airflow/.local/lib/python3.7/site-packages/airflow/example_dags/example_xcom.py took 0.089 seconds
[2025-04-26T19:35:48.323+0000] {processor.py:156} INFO - Started process (PID=75) to work on /home/airflow/.local/lib/python3.7/site-packages/airflow/example_dags/example_xcom.py
[2025-04-26T19:35:48.324+0000] {processor.py:758} INFO - Processing file /home/airflow/.local/lib/python3.7/site-packages/airflow/example_dags/example_xcom.py for tasks to queue
[2025-04-26T19:35:48.324+0000] {logging_mixin.py:117} INFO - [2025-04-26T19:35:48.324+0000] {dagbag.py:525} INFO - Filling up the DagBag from /home/airflow/.local/lib/python3.7/site-packages/airflow/example_dags/example_xcom.py
[2025-04-26T19:35:48.344+0000] {processor.py:768} INFO - DAG(s) dict_keys(['example_xcom']) retrieved from /home/airflow/.local/lib/python3.7/site-packages/airflow/example_dags/example_xcom.py
[2025-04-26T19:35:48.370+0000] {logging_mixin.py:117} INFO - [2025-04-26T19:35:48.370+0000] {dag.py:2573} INFO - Sync 1 DAGs
[2025-04-26T19:35:48.389+0000] {logging_mixin.py:117} INFO - [2025-04-26T19:35:48.389+0000] {dag.py:3328} INFO - Setting next_dagrun for example_xcom to 2021-01-01T00:00:00+00:00, run_after=2021-01-01T00:00:00+00:00
[2025-04-26T19:35:48.404+0000] {processor.py:178} INFO - Processing /home/airflow/.local/lib/python3.7/site-packages/airflow/example_dags/example_xcom.py took 0.083 seconds
[2025-04-26T19:36:19.236+0000] {processor.py:156} INFO - Started process (PID=126) to work on /home/airflow/.local/lib/python3.7/site-packages/airflow/example_dags/example_xcom.py
[2025-04-26T19:36:19.238+0000] {processor.py:758} INFO - Processing file /home/airflow/.local/lib/python3.7/site-packages/airflow/example_dags/example_xcom.py for tasks to queue
[2025-04-26T19:36:19.238+0000] {logging_mixin.py:117} INFO - [2025-04-26T19:36:19.238+0000] {dagbag.py:525} INFO - Filling up the DagBag from /home/airflow/.local/lib/python3.7/site-packages/airflow/example_dags/example_xcom.py
[2025-04-26T19:36:19.255+0000] {processor.py:768} INFO - DAG(s) dict_keys(['example_xcom']) retrieved from /home/airflow/.local/lib/python3.7/site-packages/airflow/example_dags/example_xcom.py
[2025-04-26T19:36:19.282+0000] {logging_mixin.py:117} INFO - [2025-04-26T19:36:19.282+0000] {dag.py:2573} INFO - Sync 1 DAGs
[2025-04-26T19:36:19.297+0000] {logging_mixin.py:117} INFO - [2025-04-26T19:36:19.297+0000] {dag.py:3328} INFO - Setting next_dagrun for example_xcom to 2021-01-01T00:00:00+00:00, run_after=2021-01-01T00:00:00+00:00
[2025-04-26T19:36:19.311+0000] {processor.py:178} INFO - Processing /home/airflow/.local/lib/python3.7/site-packages/airflow/example_dags/example_xcom.py took 0.077 seconds
[2025-04-26T19:36:49.640+0000] {processor.py:156} INFO - Started process (PID=190) to work on /home/airflow/.local/lib/python3.7/site-packages/airflow/example_dags/example_xcom.py
[2025-04-26T19:36:49.641+0000] {processor.py:758} INFO - Processing file /home/airflow/.local/lib/python3.7/site-packages/airflow/example_dags/example_xcom.py for tasks to queue
[2025-04-26T19:36:49.642+0000] {logging_mixin.py:117} INFO - [2025-04-26T19:36:49.642+0000] {dagbag.py:525} INFO - Filling up the DagBag from /home/airflow/.local/lib/python3.7/site-packages/airflow/example_dags/example_xcom.py
[2025-04-26T19:36:49.658+0000] {processor.py:768} INFO - DAG(s) dict_keys(['example_xcom']) retrieved from /home/airflow/.local/lib/python3.7/site-packages/airflow/example_dags/example_xcom.py
[2025-04-26T19:36:49.684+0000] {logging_mixin.py:117} INFO - [2025-04-26T19:36:49.684+0000] {dag.py:2573} INFO - Sync 1 DAGs
[2025-04-26T19:36:49.699+0000] {logging_mixin.py:117} INFO - [2025-04-26T19:36:49.699+0000] {dag.py:3328} INFO - Setting next_dagrun for example_xcom to 2021-01-01T00:00:00+00:00, run_after=2021-01-01T00:00:00+00:00
[2025-04-26T19:36:49.712+0000] {processor.py:178} INFO - Processing /home/airflow/.local/lib/python3.7/site-packages/airflow/example_dags/example_xcom.py took 0.075 seconds
[2025-04-26T19:37:20.270+0000] {processor.py:156} INFO - Started process (PID=255) to work on /home/airflow/.local/lib/python3.7/site-packages/airflow/example_dags/example_xcom.py
[2025-04-26T19:37:20.271+0000] {processor.py:758} INFO - Processing file /home/airflow/.local/lib/python3.7/site-packages/airflow/example_dags/example_xcom.py for tasks to queue
[2025-04-26T19:37:20.271+0000] {logging_mixin.py:117} INFO - [2025-04-26T19:37:20.271+0000] {dagbag.py:525} INFO - Filling up the DagBag from /home/airflow/.local/lib/python3.7/site-packages/airflow/example_dags/example_xcom.py
[2025-04-26T19:37:20.287+0000] {processor.py:768} INFO - DAG(s) dict_keys(['example_xcom']) retrieved from /home/airflow/.local/lib/python3.7/site-packages/airflow/example_dags/example_xcom.py
[2025-04-26T19:37:20.315+0000] {logging_mixin.py:117} INFO - [2025-04-26T19:37:20.315+0000] {dag.py:2573} INFO - Sync 1 DAGs
[2025-04-26T19:37:20.331+0000] {logging_mixin.py:117} INFO - [2025-04-26T19:37:20.331+0000] {dag.py:3328} INFO - Setting next_dagrun for example_xcom to 2021-01-01T00:00:00+00:00, run_after=2021-01-01T00:00:00+00:00
[2025-04-26T19:37:20.344+0000] {processor.py:178} INFO - Processing /home/airflow/.local/lib/python3.7/site-packages/airflow/example_dags/example_xcom.py took 0.077 seconds
[2025-04-26T19:37:50.674+0000] {processor.py:156} INFO - Started process (PID=320) to work on /home/airflow/.local/lib/python3.7/site-packages/airflow/example_dags/example_xcom.py
[2025-04-26T19:37:50.676+0000] {processor.py:758} INFO - Processing file /home/airflow/.local/lib/python3.7/site-packages/airflow/example_dags/example_xcom.py for tasks to queue
[2025-04-26T19:37:50.676+0000] {logging_mixin.py:117} INFO - [2025-04-26T19:37:50.676+0000] {dagbag.py:525} INFO - Filling up the DagBag from /home/airflow/.local/lib/python3.7/site-packages/airflow/example_dags/example_xcom.py
[2025-04-26T19:37:50.691+0000] {processor.py:768} INFO - DAG(s) dict_keys(['example_xcom']) retrieved from /home/airflow/.local/lib/python3.7/site-packages/airflow/example_dags/example_xcom.py
[2025-04-26T19:37:50.719+0000] {logging_mixin.py:117} INFO - [2025-04-26T19:37:50.719+0000] {dag.py:2573} INFO - Sync 1 DAGs
[2025-04-26T19:37:50.734+0000] {logging_mixin.py:117} INFO - [2025-04-26T19:37:50.733+0000] {dag.py:3328} INFO - Setting next_dagrun for example_xcom to 2021-01-01T00:00:00+00:00, run_after=2021-01-01T00:00:00+00:00
[2025-04-26T19:37:50.748+0000] {processor.py:178} INFO - Processing /home/airflow/.local/lib/python3.7/site-packages/airflow/example_dags/example_xcom.py took 0.076 seconds
[2025-04-26T19:38:21.099+0000] {processor.py:156} INFO - Started process (PID=385) to work on /home/airflow/.local/lib/python3.7/site-packages/airflow/example_dags/example_xcom.py
[2025-04-26T19:38:21.100+0000] {processor.py:758} INFO - Processing file /home/airflow/.local/lib/python3.7/site-packages/airflow/example_dags/example_xcom.py for tasks to queue
[2025-04-26T19:38:21.101+0000] {logging_mixin.py:117} INFO - [2025-04-26T19:38:21.101+0000] {dagbag.py:525} INFO - Filling up the DagBag from /home/airflow/.local/lib/python3.7/site-packages/airflow/example_dags/example_xcom.py
[2025-04-26T19:38:21.118+0000] {processor.py:768} INFO - DAG(s) dict_keys(['example_xcom']) retrieved from /home/airflow/.local/lib/python3.7/site-packages/airflow/example_dags/example_xcom.py
[2025-04-26T19:38:21.148+0000] {logging_mixin.py:117} INFO - [2025-04-26T19:38:21.148+0000] {dag.py:2573} INFO - Sync 1 DAGs
[2025-04-26T19:38:21.163+0000] {logging_mixin.py:117} INFO - [2025-04-26T19:38:21.163+0000] {dag.py:3328} INFO - Setting next_dagrun for example_xcom to 2021-01-01T00:00:00+00:00, run_after=2021-01-01T00:00:00+00:00
[2025-04-26T19:38:21.177+0000] {processor.py:178} INFO - Processing /home/airflow/.local/lib/python3.7/site-packages/airflow/example_dags/example_xcom.py took 0.080 seconds
[2025-04-26T19:38:51.385+0000] {processor.py:156} INFO - Started process (PID=448) to work on /home/airflow/.local/lib/python3.7/site-packages/airflow/example_dags/example_xcom.py
[2025-04-26T19:38:51.386+0000] {processor.py:758} INFO - Processing file /home/airflow/.local/lib/python3.7/site-packages/airflow/example_dags/example_xcom.py for tasks to queue
[2025-04-26T19:38:51.386+0000] {logging_mixin.py:117} INFO - [2025-04-26T19:38:51.386+0000] {dagbag.py:525} INFO - Filling up the DagBag from /home/airflow/.local/lib/python3.7/site-packages/airflow/example_dags/example_xcom.py
[2025-04-26T19:38:51.402+0000] {processor.py:768} INFO - DAG(s) dict_keys(['example_xcom']) retrieved from /home/airflow/.local/lib/python3.7/site-packages/airflow/example_dags/example_xcom.py
[2025-04-26T19:38:51.428+0000] {logging_mixin.py:117} INFO - [2025-04-26T19:38:51.428+0000] {dag.py:2573} INFO - Sync 1 DAGs
[2025-04-26T19:38:51.444+0000] {logging_mixin.py:117} INFO - [2025-04-26T19:38:51.444+0000] {dag.py:3328} INFO - Setting next_dagrun for example_xcom to 2021-01-01T00:00:00+00:00, run_after=2021-01-01T00:00:00+00:00
[2025-04-26T19:38:51.457+0000] {processor.py:178} INFO - Processing /home/airflow/.local/lib/python3.7/site-packages/airflow/example_dags/example_xcom.py took 0.075 seconds
[2025-04-26T19:39:21.867+0000] {processor.py:156} INFO - Started process (PID=511) to work on /home/airflow/.local/lib/python3.7/site-packages/airflow/example_dags/example_xcom.py
[2025-04-26T19:39:21.868+0000] {processor.py:758} INFO - Processing file /home/airflow/.local/lib/python3.7/site-packages/airflow/example_dags/example_xcom.py for tasks to queue
[2025-04-26T19:39:21.868+0000] {logging_mixin.py:117} INFO - [2025-04-26T19:39:21.868+0000] {dagbag.py:525} INFO - Filling up the DagBag from /home/airflow/.local/lib/python3.7/site-packages/airflow/example_dags/example_xcom.py
[2025-04-26T19:39:21.885+0000] {processor.py:768} INFO - DAG(s) dict_keys(['example_xcom']) retrieved from /home/airflow/.local/lib/python3.7/site-packages/airflow/example_dags/example_xcom.py
[2025-04-26T19:39:21.916+0000] {logging_mixin.py:117} INFO - [2025-04-26T19:39:21.916+0000] {dag.py:2573} INFO - Sync 1 DAGs
[2025-04-26T19:39:21.936+0000] {logging_mixin.py:117} INFO - [2025-04-26T19:39:21.935+0000] {dag.py:3328} INFO - Setting next_dagrun for example_xcom to 2021-01-01T00:00:00+00:00, run_after=2021-01-01T00:00:00+00:00
[2025-04-26T19:39:21.952+0000] {processor.py:178} INFO - Processing /home/airflow/.local/lib/python3.7/site-packages/airflow/example_dags/example_xcom.py took 0.087 seconds
[2025-04-26T19:39:52.569+0000] {processor.py:156} INFO - Started process (PID=577) to work on /home/airflow/.local/lib/python3.7/site-packages/airflow/example_dags/example_xcom.py
[2025-04-26T19:39:52.570+0000] {processor.py:758} INFO - Processing file /home/airflow/.local/lib/python3.7/site-packages/airflow/example_dags/example_xcom.py for tasks to queue
[2025-04-26T19:39:52.571+0000] {logging_mixin.py:117} INFO - [2025-04-26T19:39:52.571+0000] {dagbag.py:525} INFO - Filling up the DagBag from /home/airflow/.local/lib/python3.7/site-packages/airflow/example_dags/example_xcom.py
[2025-04-26T19:39:52.587+0000] {processor.py:768} INFO - DAG(s) dict_keys(['example_xcom']) retrieved from /home/airflow/.local/lib/python3.7/site-packages/airflow/example_dags/example_xcom.py
[2025-04-26T19:39:52.625+0000] {logging_mixin.py:117} INFO - [2025-04-26T19:39:52.625+0000] {dag.py:2573} INFO - Sync 1 DAGs
[2025-04-26T19:39:52.647+0000] {logging_mixin.py:117} INFO - [2025-04-26T19:39:52.646+0000] {dag.py:3328} INFO - Setting next_dagrun for example_xcom to 2021-01-01T00:00:00+00:00, run_after=2021-01-01T00:00:00+00:00
[2025-04-26T19:39:52.665+0000] {processor.py:178} INFO - Processing /home/airflow/.local/lib/python3.7/site-packages/airflow/example_dags/example_xcom.py took 0.098 seconds
[2025-04-26T19:40:23.231+0000] {processor.py:156} INFO - Started process (PID=634) to work on /home/airflow/.local/lib/python3.7/site-packages/airflow/example_dags/example_xcom.py
[2025-04-26T19:40:23.233+0000] {processor.py:758} INFO - Processing file /home/airflow/.local/lib/python3.7/site-packages/airflow/example_dags/example_xcom.py for tasks to queue
[2025-04-26T19:40:23.233+0000] {logging_mixin.py:117} INFO - [2025-04-26T19:40:23.233+0000] {dagbag.py:525} INFO - Filling up the DagBag from /home/airflow/.local/lib/python3.7/site-packages/airflow/example_dags/example_xcom.py
[2025-04-26T19:40:23.250+0000] {processor.py:768} INFO - DAG(s) dict_keys(['example_xcom']) retrieved from /home/airflow/.local/lib/python3.7/site-packages/airflow/example_dags/example_xcom.py
[2025-04-26T19:40:23.281+0000] {logging_mixin.py:117} INFO - [2025-04-26T19:40:23.281+0000] {dag.py:2573} INFO - Sync 1 DAGs
[2025-04-26T19:40:23.298+0000] {logging_mixin.py:117} INFO - [2025-04-26T19:40:23.298+0000] {dag.py:3328} INFO - Setting next_dagrun for example_xcom to 2021-01-01T00:00:00+00:00, run_after=2021-01-01T00:00:00+00:00
[2025-04-26T19:40:23.313+0000] {processor.py:178} INFO - Processing /home/airflow/.local/lib/python3.7/site-packages/airflow/example_dags/example_xcom.py took 0.084 seconds
[2025-04-26T19:40:53.777+0000] {processor.py:156} INFO - Started process (PID=698) to work on /home/airflow/.local/lib/python3.7/site-packages/airflow/example_dags/example_xcom.py
[2025-04-26T19:40:53.777+0000] {processor.py:758} INFO - Processing file /home/airflow/.local/lib/python3.7/site-packages/airflow/example_dags/example_xcom.py for tasks to queue
[2025-04-26T19:40:53.778+0000] {logging_mixin.py:117} INFO - [2025-04-26T19:40:53.778+0000] {dagbag.py:525} INFO - Filling up the DagBag from /home/airflow/.local/lib/python3.7/site-packages/airflow/example_dags/example_xcom.py
[2025-04-26T19:40:53.797+0000] {processor.py:768} INFO - DAG(s) dict_keys(['example_xcom']) retrieved from /home/airflow/.local/lib/python3.7/site-packages/airflow/example_dags/example_xcom.py
[2025-04-26T19:40:53.826+0000] {logging_mixin.py:117} INFO - [2025-04-26T19:40:53.826+0000] {dag.py:2573} INFO - Sync 1 DAGs
[2025-04-26T19:40:53.844+0000] {logging_mixin.py:117} INFO - [2025-04-26T19:40:53.844+0000] {dag.py:3328} INFO - Setting next_dagrun for example_xcom to 2021-01-01T00:00:00+00:00, run_after=2021-01-01T00:00:00+00:00
[2025-04-26T19:40:53.859+0000] {processor.py:178} INFO - Processing /home/airflow/.local/lib/python3.7/site-packages/airflow/example_dags/example_xcom.py took 0.085 seconds
