[2025-04-26T19:32:18.188+0000] {processor.py:156} INFO - Started process (PID=55) to work on /home/airflow/.local/lib/python3.7/site-packages/airflow/example_dags/example_latest_only_with_trigger.py
[2025-04-26T19:32:18.189+0000] {processor.py:758} INFO - Processing file /home/airflow/.local/lib/python3.7/site-packages/airflow/example_dags/example_latest_only_with_trigger.py for tasks to queue
[2025-04-26T19:32:18.189+0000] {logging_mixin.py:117} INFO - [2025-04-26T19:32:18.189+0000] {dagbag.py:525} INFO - Filling up the DagBag from /home/airflow/.local/lib/python3.7/site-packages/airflow/example_dags/example_latest_only_with_trigger.py
[2025-04-26T19:32:18.201+0000] {processor.py:768} INFO - DAG(s) dict_keys(['latest_only_with_trigger']) retrieved from /home/airflow/.local/lib/python3.7/site-packages/airflow/example_dags/example_latest_only_with_trigger.py
[2025-04-26T19:32:18.231+0000] {logging_mixin.py:117} INFO - [2025-04-26T19:32:18.231+0000] {dag.py:2573} INFO - Sync 1 DAGs
[2025-04-26T19:32:18.284+0000] {logging_mixin.py:117} INFO - [2025-04-26T19:32:18.284+0000] {dag.py:3328} INFO - Setting next_dagrun for latest_only_with_trigger to 2025-04-26T15:32:18.280129+00:00, run_after=2025-04-26T19:32:18.280129+00:00
[2025-04-26T19:32:18.321+0000] {processor.py:178} INFO - Processing /home/airflow/.local/lib/python3.7/site-packages/airflow/example_dags/example_latest_only_with_trigger.py took 0.136 seconds
[2025-04-26T19:32:48.481+0000] {processor.py:156} INFO - Started process (PID=118) to work on /home/airflow/.local/lib/python3.7/site-packages/airflow/example_dags/example_latest_only_with_trigger.py
[2025-04-26T19:32:48.491+0000] {processor.py:758} INFO - Processing file /home/airflow/.local/lib/python3.7/site-packages/airflow/example_dags/example_latest_only_with_trigger.py for tasks to queue
[2025-04-26T19:32:48.491+0000] {logging_mixin.py:117} INFO - [2025-04-26T19:32:48.491+0000] {dagbag.py:525} INFO - Filling up the DagBag from /home/airflow/.local/lib/python3.7/site-packages/airflow/example_dags/example_latest_only_with_trigger.py
[2025-04-26T19:32:48.503+0000] {processor.py:768} INFO - DAG(s) dict_keys(['latest_only_with_trigger']) retrieved from /home/airflow/.local/lib/python3.7/site-packages/airflow/example_dags/example_latest_only_with_trigger.py
[2025-04-26T19:32:48.534+0000] {logging_mixin.py:117} INFO - [2025-04-26T19:32:48.534+0000] {dag.py:2573} INFO - Sync 1 DAGs
[2025-04-26T19:32:48.566+0000] {logging_mixin.py:117} INFO - [2025-04-26T19:32:48.566+0000] {dag.py:3328} INFO - Setting next_dagrun for latest_only_with_trigger to 2025-04-26T15:32:48.566284+00:00, run_after=2025-04-26T19:32:48.566284+00:00
[2025-04-26T19:32:48.596+0000] {processor.py:178} INFO - Processing /home/airflow/.local/lib/python3.7/site-packages/airflow/example_dags/example_latest_only_with_trigger.py took 0.116 seconds
[2025-04-26T19:33:19.060+0000] {processor.py:156} INFO - Started process (PID=182) to work on /home/airflow/.local/lib/python3.7/site-packages/airflow/example_dags/example_latest_only_with_trigger.py
[2025-04-26T19:33:19.061+0000] {processor.py:758} INFO - Processing file /home/airflow/.local/lib/python3.7/site-packages/airflow/example_dags/example_latest_only_with_trigger.py for tasks to queue
[2025-04-26T19:33:19.062+0000] {logging_mixin.py:117} INFO - [2025-04-26T19:33:19.062+0000] {dagbag.py:525} INFO - Filling up the DagBag from /home/airflow/.local/lib/python3.7/site-packages/airflow/example_dags/example_latest_only_with_trigger.py
[2025-04-26T19:33:19.073+0000] {processor.py:768} INFO - DAG(s) dict_keys(['latest_only_with_trigger']) retrieved from /home/airflow/.local/lib/python3.7/site-packages/airflow/example_dags/example_latest_only_with_trigger.py
[2025-04-26T19:33:19.105+0000] {logging_mixin.py:117} INFO - [2025-04-26T19:33:19.105+0000] {dag.py:2573} INFO - Sync 1 DAGs
[2025-04-26T19:33:19.124+0000] {logging_mixin.py:117} INFO - [2025-04-26T19:33:19.124+0000] {dag.py:3328} INFO - Setting next_dagrun for latest_only_with_trigger to 2025-04-26T15:33:19.124137+00:00, run_after=2025-04-26T19:33:19.124137+00:00
[2025-04-26T19:33:19.142+0000] {processor.py:178} INFO - Processing /home/airflow/.local/lib/python3.7/site-packages/airflow/example_dags/example_latest_only_with_trigger.py took 0.084 seconds
[2025-04-26T19:33:49.805+0000] {processor.py:156} INFO - Started process (PID=245) to work on /home/airflow/.local/lib/python3.7/site-packages/airflow/example_dags/example_latest_only_with_trigger.py
[2025-04-26T19:33:49.807+0000] {processor.py:758} INFO - Processing file /home/airflow/.local/lib/python3.7/site-packages/airflow/example_dags/example_latest_only_with_trigger.py for tasks to queue
[2025-04-26T19:33:49.807+0000] {logging_mixin.py:117} INFO - [2025-04-26T19:33:49.807+0000] {dagbag.py:525} INFO - Filling up the DagBag from /home/airflow/.local/lib/python3.7/site-packages/airflow/example_dags/example_latest_only_with_trigger.py
[2025-04-26T19:33:49.822+0000] {processor.py:768} INFO - DAG(s) dict_keys(['latest_only_with_trigger']) retrieved from /home/airflow/.local/lib/python3.7/site-packages/airflow/example_dags/example_latest_only_with_trigger.py
[2025-04-26T19:33:49.858+0000] {logging_mixin.py:117} INFO - [2025-04-26T19:33:49.858+0000] {dag.py:2573} INFO - Sync 1 DAGs
[2025-04-26T19:33:49.880+0000] {logging_mixin.py:117} INFO - [2025-04-26T19:33:49.880+0000] {dag.py:3328} INFO - Setting next_dagrun for latest_only_with_trigger to 2025-04-26T15:33:49.879835+00:00, run_after=2025-04-26T19:33:49.879835+00:00
[2025-04-26T19:33:49.900+0000] {processor.py:178} INFO - Processing /home/airflow/.local/lib/python3.7/site-packages/airflow/example_dags/example_latest_only_with_trigger.py took 0.097 seconds
[2025-04-26T19:34:21.046+0000] {processor.py:156} INFO - Started process (PID=308) to work on /home/airflow/.local/lib/python3.7/site-packages/airflow/example_dags/example_latest_only_with_trigger.py
[2025-04-26T19:34:21.047+0000] {processor.py:758} INFO - Processing file /home/airflow/.local/lib/python3.7/site-packages/airflow/example_dags/example_latest_only_with_trigger.py for tasks to queue
[2025-04-26T19:34:21.048+0000] {logging_mixin.py:117} INFO - [2025-04-26T19:34:21.048+0000] {dagbag.py:525} INFO - Filling up the DagBag from /home/airflow/.local/lib/python3.7/site-packages/airflow/example_dags/example_latest_only_with_trigger.py
[2025-04-26T19:34:21.075+0000] {processor.py:768} INFO - DAG(s) dict_keys(['latest_only_with_trigger']) retrieved from /home/airflow/.local/lib/python3.7/site-packages/airflow/example_dags/example_latest_only_with_trigger.py
[2025-04-26T19:34:21.261+0000] {logging_mixin.py:117} INFO - [2025-04-26T19:34:21.261+0000] {dag.py:2573} INFO - Sync 1 DAGs
[2025-04-26T19:34:21.290+0000] {logging_mixin.py:117} INFO - [2025-04-26T19:34:21.290+0000] {dag.py:3328} INFO - Setting next_dagrun for latest_only_with_trigger to 2025-04-26T15:34:21.290166+00:00, run_after=2025-04-26T19:34:21.290166+00:00
[2025-04-26T19:34:21.321+0000] {processor.py:178} INFO - Processing /home/airflow/.local/lib/python3.7/site-packages/airflow/example_dags/example_latest_only_with_trigger.py took 0.278 seconds
[2025-04-26T19:35:48.433+0000] {processor.py:156} INFO - Started process (PID=55) to work on /home/airflow/.local/lib/python3.7/site-packages/airflow/example_dags/example_latest_only_with_trigger.py
[2025-04-26T19:35:48.433+0000] {processor.py:758} INFO - Processing file /home/airflow/.local/lib/python3.7/site-packages/airflow/example_dags/example_latest_only_with_trigger.py for tasks to queue
[2025-04-26T19:35:48.434+0000] {logging_mixin.py:117} INFO - [2025-04-26T19:35:48.434+0000] {dagbag.py:525} INFO - Filling up the DagBag from /home/airflow/.local/lib/python3.7/site-packages/airflow/example_dags/example_latest_only_with_trigger.py
[2025-04-26T19:35:48.444+0000] {processor.py:768} INFO - DAG(s) dict_keys(['latest_only_with_trigger']) retrieved from /home/airflow/.local/lib/python3.7/site-packages/airflow/example_dags/example_latest_only_with_trigger.py
[2025-04-26T19:35:48.464+0000] {logging_mixin.py:117} INFO - [2025-04-26T19:35:48.463+0000] {dag.py:2573} INFO - Sync 1 DAGs
[2025-04-26T19:35:48.483+0000] {logging_mixin.py:117} INFO - [2025-04-26T19:35:48.483+0000] {dag.py:3328} INFO - Setting next_dagrun for latest_only_with_trigger to 2025-04-26T15:35:48.483609+00:00, run_after=2025-04-26T19:35:48.483609+00:00
[2025-04-26T19:35:48.497+0000] {processor.py:178} INFO - Processing /home/airflow/.local/lib/python3.7/site-packages/airflow/example_dags/example_latest_only_with_trigger.py took 0.067 seconds
[2025-04-26T19:36:18.797+0000] {processor.py:156} INFO - Started process (PID=118) to work on /home/airflow/.local/lib/python3.7/site-packages/airflow/example_dags/example_latest_only_with_trigger.py
[2025-04-26T19:36:18.799+0000] {processor.py:758} INFO - Processing file /home/airflow/.local/lib/python3.7/site-packages/airflow/example_dags/example_latest_only_with_trigger.py for tasks to queue
[2025-04-26T19:36:18.799+0000] {logging_mixin.py:117} INFO - [2025-04-26T19:36:18.799+0000] {dagbag.py:525} INFO - Filling up the DagBag from /home/airflow/.local/lib/python3.7/site-packages/airflow/example_dags/example_latest_only_with_trigger.py
[2025-04-26T19:36:18.808+0000] {processor.py:768} INFO - DAG(s) dict_keys(['latest_only_with_trigger']) retrieved from /home/airflow/.local/lib/python3.7/site-packages/airflow/example_dags/example_latest_only_with_trigger.py
[2025-04-26T19:36:18.838+0000] {logging_mixin.py:117} INFO - [2025-04-26T19:36:18.838+0000] {dag.py:2573} INFO - Sync 1 DAGs
[2025-04-26T19:36:18.856+0000] {logging_mixin.py:117} INFO - [2025-04-26T19:36:18.856+0000] {dag.py:3328} INFO - Setting next_dagrun for latest_only_with_trigger to 2025-04-26T15:36:18.856362+00:00, run_after=2025-04-26T19:36:18.856362+00:00
[2025-04-26T19:36:18.873+0000] {processor.py:178} INFO - Processing /home/airflow/.local/lib/python3.7/site-packages/airflow/example_dags/example_latest_only_with_trigger.py took 0.078 seconds
[2025-04-26T19:36:49.119+0000] {processor.py:156} INFO - Started process (PID=182) to work on /home/airflow/.local/lib/python3.7/site-packages/airflow/example_dags/example_latest_only_with_trigger.py
[2025-04-26T19:36:49.120+0000] {processor.py:758} INFO - Processing file /home/airflow/.local/lib/python3.7/site-packages/airflow/example_dags/example_latest_only_with_trigger.py for tasks to queue
[2025-04-26T19:36:49.120+0000] {logging_mixin.py:117} INFO - [2025-04-26T19:36:49.120+0000] {dagbag.py:525} INFO - Filling up the DagBag from /home/airflow/.local/lib/python3.7/site-packages/airflow/example_dags/example_latest_only_with_trigger.py
[2025-04-26T19:36:49.129+0000] {processor.py:768} INFO - DAG(s) dict_keys(['latest_only_with_trigger']) retrieved from /home/airflow/.local/lib/python3.7/site-packages/airflow/example_dags/example_latest_only_with_trigger.py
[2025-04-26T19:36:49.158+0000] {logging_mixin.py:117} INFO - [2025-04-26T19:36:49.158+0000] {dag.py:2573} INFO - Sync 1 DAGs
[2025-04-26T19:36:49.174+0000] {logging_mixin.py:117} INFO - [2025-04-26T19:36:49.174+0000] {dag.py:3328} INFO - Setting next_dagrun for latest_only_with_trigger to 2025-04-26T15:36:49.173970+00:00, run_after=2025-04-26T19:36:49.173970+00:00
[2025-04-26T19:36:49.189+0000] {processor.py:178} INFO - Processing /home/airflow/.local/lib/python3.7/site-packages/airflow/example_dags/example_latest_only_with_trigger.py took 0.072 seconds
[2025-04-26T19:37:19.727+0000] {processor.py:156} INFO - Started process (PID=245) to work on /home/airflow/.local/lib/python3.7/site-packages/airflow/example_dags/example_latest_only_with_trigger.py
[2025-04-26T19:37:19.728+0000] {processor.py:758} INFO - Processing file /home/airflow/.local/lib/python3.7/site-packages/airflow/example_dags/example_latest_only_with_trigger.py for tasks to queue
[2025-04-26T19:37:19.728+0000] {logging_mixin.py:117} INFO - [2025-04-26T19:37:19.728+0000] {dagbag.py:525} INFO - Filling up the DagBag from /home/airflow/.local/lib/python3.7/site-packages/airflow/example_dags/example_latest_only_with_trigger.py
[2025-04-26T19:37:19.739+0000] {processor.py:768} INFO - DAG(s) dict_keys(['latest_only_with_trigger']) retrieved from /home/airflow/.local/lib/python3.7/site-packages/airflow/example_dags/example_latest_only_with_trigger.py
[2025-04-26T19:37:19.769+0000] {logging_mixin.py:117} INFO - [2025-04-26T19:37:19.769+0000] {dag.py:2573} INFO - Sync 1 DAGs
[2025-04-26T19:37:19.785+0000] {logging_mixin.py:117} INFO - [2025-04-26T19:37:19.785+0000] {dag.py:3328} INFO - Setting next_dagrun for latest_only_with_trigger to 2025-04-26T15:37:19.785687+00:00, run_after=2025-04-26T19:37:19.785687+00:00
[2025-04-26T19:37:19.799+0000] {processor.py:178} INFO - Processing /home/airflow/.local/lib/python3.7/site-packages/airflow/example_dags/example_latest_only_with_trigger.py took 0.075 seconds
[2025-04-26T19:37:49.900+0000] {processor.py:156} INFO - Started process (PID=308) to work on /home/airflow/.local/lib/python3.7/site-packages/airflow/example_dags/example_latest_only_with_trigger.py
[2025-04-26T19:37:49.901+0000] {processor.py:758} INFO - Processing file /home/airflow/.local/lib/python3.7/site-packages/airflow/example_dags/example_latest_only_with_trigger.py for tasks to queue
[2025-04-26T19:37:49.901+0000] {logging_mixin.py:117} INFO - [2025-04-26T19:37:49.901+0000] {dagbag.py:525} INFO - Filling up the DagBag from /home/airflow/.local/lib/python3.7/site-packages/airflow/example_dags/example_latest_only_with_trigger.py
[2025-04-26T19:37:49.912+0000] {processor.py:768} INFO - DAG(s) dict_keys(['latest_only_with_trigger']) retrieved from /home/airflow/.local/lib/python3.7/site-packages/airflow/example_dags/example_latest_only_with_trigger.py
[2025-04-26T19:37:49.945+0000] {logging_mixin.py:117} INFO - [2025-04-26T19:37:49.944+0000] {dag.py:2573} INFO - Sync 1 DAGs
[2025-04-26T19:37:49.966+0000] {logging_mixin.py:117} INFO - [2025-04-26T19:37:49.966+0000] {dag.py:3328} INFO - Setting next_dagrun for latest_only_with_trigger to 2025-04-26T15:37:49.966422+00:00, run_after=2025-04-26T19:37:49.966422+00:00
[2025-04-26T19:37:49.983+0000] {processor.py:178} INFO - Processing /home/airflow/.local/lib/python3.7/site-packages/airflow/example_dags/example_latest_only_with_trigger.py took 0.086 seconds
[2025-04-26T19:38:20.467+0000] {processor.py:156} INFO - Started process (PID=371) to work on /home/airflow/.local/lib/python3.7/site-packages/airflow/example_dags/example_latest_only_with_trigger.py
[2025-04-26T19:38:20.468+0000] {processor.py:758} INFO - Processing file /home/airflow/.local/lib/python3.7/site-packages/airflow/example_dags/example_latest_only_with_trigger.py for tasks to queue
[2025-04-26T19:38:20.469+0000] {logging_mixin.py:117} INFO - [2025-04-26T19:38:20.468+0000] {dagbag.py:525} INFO - Filling up the DagBag from /home/airflow/.local/lib/python3.7/site-packages/airflow/example_dags/example_latest_only_with_trigger.py
[2025-04-26T19:38:20.478+0000] {processor.py:768} INFO - DAG(s) dict_keys(['latest_only_with_trigger']) retrieved from /home/airflow/.local/lib/python3.7/site-packages/airflow/example_dags/example_latest_only_with_trigger.py
[2025-04-26T19:38:20.507+0000] {logging_mixin.py:117} INFO - [2025-04-26T19:38:20.507+0000] {dag.py:2573} INFO - Sync 1 DAGs
[2025-04-26T19:38:20.523+0000] {logging_mixin.py:117} INFO - [2025-04-26T19:38:20.523+0000] {dag.py:3328} INFO - Setting next_dagrun for latest_only_with_trigger to 2025-04-26T15:38:20.522892+00:00, run_after=2025-04-26T19:38:20.522892+00:00
[2025-04-26T19:38:20.537+0000] {processor.py:178} INFO - Processing /home/airflow/.local/lib/python3.7/site-packages/airflow/example_dags/example_latest_only_with_trigger.py took 0.073 seconds
[2025-04-26T19:38:50.741+0000] {processor.py:156} INFO - Started process (PID=434) to work on /home/airflow/.local/lib/python3.7/site-packages/airflow/example_dags/example_latest_only_with_trigger.py
[2025-04-26T19:38:50.743+0000] {processor.py:758} INFO - Processing file /home/airflow/.local/lib/python3.7/site-packages/airflow/example_dags/example_latest_only_with_trigger.py for tasks to queue
[2025-04-26T19:38:50.743+0000] {logging_mixin.py:117} INFO - [2025-04-26T19:38:50.743+0000] {dagbag.py:525} INFO - Filling up the DagBag from /home/airflow/.local/lib/python3.7/site-packages/airflow/example_dags/example_latest_only_with_trigger.py
[2025-04-26T19:38:50.755+0000] {processor.py:768} INFO - DAG(s) dict_keys(['latest_only_with_trigger']) retrieved from /home/airflow/.local/lib/python3.7/site-packages/airflow/example_dags/example_latest_only_with_trigger.py
[2025-04-26T19:38:50.784+0000] {logging_mixin.py:117} INFO - [2025-04-26T19:38:50.784+0000] {dag.py:2573} INFO - Sync 1 DAGs
[2025-04-26T19:38:50.801+0000] {logging_mixin.py:117} INFO - [2025-04-26T19:38:50.801+0000] {dag.py:3328} INFO - Setting next_dagrun for latest_only_with_trigger to 2025-04-26T15:38:50.801600+00:00, run_after=2025-04-26T19:38:50.801600+00:00
[2025-04-26T19:38:50.815+0000] {processor.py:178} INFO - Processing /home/airflow/.local/lib/python3.7/site-packages/airflow/example_dags/example_latest_only_with_trigger.py took 0.077 seconds
[2025-04-26T19:39:20.890+0000] {processor.py:156} INFO - Started process (PID=497) to work on /home/airflow/.local/lib/python3.7/site-packages/airflow/example_dags/example_latest_only_with_trigger.py
[2025-04-26T19:39:20.892+0000] {processor.py:758} INFO - Processing file /home/airflow/.local/lib/python3.7/site-packages/airflow/example_dags/example_latest_only_with_trigger.py for tasks to queue
[2025-04-26T19:39:20.892+0000] {logging_mixin.py:117} INFO - [2025-04-26T19:39:20.892+0000] {dagbag.py:525} INFO - Filling up the DagBag from /home/airflow/.local/lib/python3.7/site-packages/airflow/example_dags/example_latest_only_with_trigger.py
[2025-04-26T19:39:20.902+0000] {processor.py:768} INFO - DAG(s) dict_keys(['latest_only_with_trigger']) retrieved from /home/airflow/.local/lib/python3.7/site-packages/airflow/example_dags/example_latest_only_with_trigger.py
[2025-04-26T19:39:20.931+0000] {logging_mixin.py:117} INFO - [2025-04-26T19:39:20.931+0000] {dag.py:2573} INFO - Sync 1 DAGs
[2025-04-26T19:39:20.949+0000] {logging_mixin.py:117} INFO - [2025-04-26T19:39:20.949+0000] {dag.py:3328} INFO - Setting next_dagrun for latest_only_with_trigger to 2025-04-26T15:39:20.949634+00:00, run_after=2025-04-26T19:39:20.949634+00:00
[2025-04-26T19:39:20.968+0000] {processor.py:178} INFO - Processing /home/airflow/.local/lib/python3.7/site-packages/airflow/example_dags/example_latest_only_with_trigger.py took 0.080 seconds
[2025-04-26T19:39:51.455+0000] {processor.py:156} INFO - Started process (PID=551) to work on /home/airflow/.local/lib/python3.7/site-packages/airflow/example_dags/example_latest_only_with_trigger.py
[2025-04-26T19:39:51.456+0000] {processor.py:758} INFO - Processing file /home/airflow/.local/lib/python3.7/site-packages/airflow/example_dags/example_latest_only_with_trigger.py for tasks to queue
[2025-04-26T19:39:51.457+0000] {logging_mixin.py:117} INFO - [2025-04-26T19:39:51.457+0000] {dagbag.py:525} INFO - Filling up the DagBag from /home/airflow/.local/lib/python3.7/site-packages/airflow/example_dags/example_latest_only_with_trigger.py
[2025-04-26T19:39:51.466+0000] {processor.py:768} INFO - DAG(s) dict_keys(['latest_only_with_trigger']) retrieved from /home/airflow/.local/lib/python3.7/site-packages/airflow/example_dags/example_latest_only_with_trigger.py
[2025-04-26T19:39:51.501+0000] {logging_mixin.py:117} INFO - [2025-04-26T19:39:51.501+0000] {dag.py:2573} INFO - Sync 1 DAGs
[2025-04-26T19:39:51.522+0000] {logging_mixin.py:117} INFO - [2025-04-26T19:39:51.521+0000] {dag.py:3328} INFO - Setting next_dagrun for latest_only_with_trigger to 2025-04-26T15:39:51.521748+00:00, run_after=2025-04-26T19:39:51.521748+00:00
[2025-04-26T19:39:51.539+0000] {processor.py:178} INFO - Processing /home/airflow/.local/lib/python3.7/site-packages/airflow/example_dags/example_latest_only_with_trigger.py took 0.086 seconds
[2025-04-26T19:40:21.957+0000] {processor.py:156} INFO - Started process (PID=614) to work on /home/airflow/.local/lib/python3.7/site-packages/airflow/example_dags/example_latest_only_with_trigger.py
[2025-04-26T19:40:21.958+0000] {processor.py:758} INFO - Processing file /home/airflow/.local/lib/python3.7/site-packages/airflow/example_dags/example_latest_only_with_trigger.py for tasks to queue
[2025-04-26T19:40:21.959+0000] {logging_mixin.py:117} INFO - [2025-04-26T19:40:21.958+0000] {dagbag.py:525} INFO - Filling up the DagBag from /home/airflow/.local/lib/python3.7/site-packages/airflow/example_dags/example_latest_only_with_trigger.py
[2025-04-26T19:40:21.968+0000] {processor.py:768} INFO - DAG(s) dict_keys(['latest_only_with_trigger']) retrieved from /home/airflow/.local/lib/python3.7/site-packages/airflow/example_dags/example_latest_only_with_trigger.py
[2025-04-26T19:40:21.997+0000] {logging_mixin.py:117} INFO - [2025-04-26T19:40:21.997+0000] {dag.py:2573} INFO - Sync 1 DAGs
[2025-04-26T19:40:22.014+0000] {logging_mixin.py:117} INFO - [2025-04-26T19:40:22.014+0000] {dag.py:3328} INFO - Setting next_dagrun for latest_only_with_trigger to 2025-04-26T15:40:22.014378+00:00, run_after=2025-04-26T19:40:22.014378+00:00
[2025-04-26T19:40:22.029+0000] {processor.py:178} INFO - Processing /home/airflow/.local/lib/python3.7/site-packages/airflow/example_dags/example_latest_only_with_trigger.py took 0.074 seconds
[2025-04-26T19:40:52.448+0000] {processor.py:156} INFO - Started process (PID=678) to work on /home/airflow/.local/lib/python3.7/site-packages/airflow/example_dags/example_latest_only_with_trigger.py
[2025-04-26T19:40:52.448+0000] {processor.py:758} INFO - Processing file /home/airflow/.local/lib/python3.7/site-packages/airflow/example_dags/example_latest_only_with_trigger.py for tasks to queue
[2025-04-26T19:40:52.449+0000] {logging_mixin.py:117} INFO - [2025-04-26T19:40:52.449+0000] {dagbag.py:525} INFO - Filling up the DagBag from /home/airflow/.local/lib/python3.7/site-packages/airflow/example_dags/example_latest_only_with_trigger.py
[2025-04-26T19:40:52.460+0000] {processor.py:768} INFO - DAG(s) dict_keys(['latest_only_with_trigger']) retrieved from /home/airflow/.local/lib/python3.7/site-packages/airflow/example_dags/example_latest_only_with_trigger.py
[2025-04-26T19:40:52.490+0000] {logging_mixin.py:117} INFO - [2025-04-26T19:40:52.489+0000] {dag.py:2573} INFO - Sync 1 DAGs
[2025-04-26T19:40:52.507+0000] {logging_mixin.py:117} INFO - [2025-04-26T19:40:52.507+0000] {dag.py:3328} INFO - Setting next_dagrun for latest_only_with_trigger to 2025-04-26T15:40:52.506996+00:00, run_after=2025-04-26T19:40:52.506996+00:00
[2025-04-26T19:40:52.523+0000] {processor.py:178} INFO - Processing /home/airflow/.local/lib/python3.7/site-packages/airflow/example_dags/example_latest_only_with_trigger.py took 0.077 seconds
