[2025-04-26T19:32:23.135+0000] {processor.py:156} INFO - Started process (PID=93) to work on /home/airflow/.local/lib/python3.7/site-packages/airflow/example_dags/tutorial_taskflow_api.py
[2025-04-26T19:32:23.136+0000] {processor.py:758} INFO - Processing file /home/airflow/.local/lib/python3.7/site-packages/airflow/example_dags/tutorial_taskflow_api.py for tasks to queue
[2025-04-26T19:32:23.136+0000] {logging_mixin.py:117} INFO - [2025-04-26T19:32:23.136+0000] {dagbag.py:525} INFO - Filling up the DagBag from /home/airflow/.local/lib/python3.7/site-packages/airflow/example_dags/tutorial_taskflow_api.py
[2025-04-26T19:32:23.218+0000] {processor.py:768} INFO - DAG(s) dict_keys(['tutorial_taskflow_api']) retrieved from /home/airflow/.local/lib/python3.7/site-packages/airflow/example_dags/tutorial_taskflow_api.py
[2025-04-26T19:32:23.288+0000] {logging_mixin.py:117} INFO - [2025-04-26T19:32:23.288+0000] {dag.py:2573} INFO - Sync 1 DAGs
[2025-04-26T19:32:23.339+0000] {logging_mixin.py:117} INFO - [2025-04-26T19:32:23.339+0000] {dag.py:3328} INFO - Setting next_dagrun for tutorial_taskflow_api to None, run_after=None
[2025-04-26T19:32:23.375+0000] {processor.py:178} INFO - Processing /home/airflow/.local/lib/python3.7/site-packages/airflow/example_dags/tutorial_taskflow_api.py took 0.248 seconds
[2025-04-26T19:32:53.401+0000] {processor.py:156} INFO - Started process (PID=147) to work on /home/airflow/.local/lib/python3.7/site-packages/airflow/example_dags/tutorial_taskflow_api.py
[2025-04-26T19:32:53.402+0000] {processor.py:758} INFO - Processing file /home/airflow/.local/lib/python3.7/site-packages/airflow/example_dags/tutorial_taskflow_api.py for tasks to queue
[2025-04-26T19:32:53.403+0000] {logging_mixin.py:117} INFO - [2025-04-26T19:32:53.403+0000] {dagbag.py:525} INFO - Filling up the DagBag from /home/airflow/.local/lib/python3.7/site-packages/airflow/example_dags/tutorial_taskflow_api.py
[2025-04-26T19:32:53.419+0000] {processor.py:768} INFO - DAG(s) dict_keys(['tutorial_taskflow_api']) retrieved from /home/airflow/.local/lib/python3.7/site-packages/airflow/example_dags/tutorial_taskflow_api.py
[2025-04-26T19:32:53.449+0000] {logging_mixin.py:117} INFO - [2025-04-26T19:32:53.448+0000] {dag.py:2573} INFO - Sync 1 DAGs
[2025-04-26T19:32:53.472+0000] {logging_mixin.py:117} INFO - [2025-04-26T19:32:53.472+0000] {dag.py:3328} INFO - Setting next_dagrun for tutorial_taskflow_api to None, run_after=None
[2025-04-26T19:32:53.488+0000] {processor.py:178} INFO - Processing /home/airflow/.local/lib/python3.7/site-packages/airflow/example_dags/tutorial_taskflow_api.py took 0.089 seconds
[2025-04-26T19:33:23.328+0000] {processor.py:156} INFO - Started process (PID=211) to work on /home/airflow/.local/lib/python3.7/site-packages/airflow/example_dags/tutorial_taskflow_api.py
[2025-04-26T19:33:23.336+0000] {processor.py:758} INFO - Processing file /home/airflow/.local/lib/python3.7/site-packages/airflow/example_dags/tutorial_taskflow_api.py for tasks to queue
[2025-04-26T19:33:23.336+0000] {logging_mixin.py:117} INFO - [2025-04-26T19:33:23.336+0000] {dagbag.py:525} INFO - Filling up the DagBag from /home/airflow/.local/lib/python3.7/site-packages/airflow/example_dags/tutorial_taskflow_api.py
[2025-04-26T19:33:23.355+0000] {processor.py:768} INFO - DAG(s) dict_keys(['tutorial_taskflow_api']) retrieved from /home/airflow/.local/lib/python3.7/site-packages/airflow/example_dags/tutorial_taskflow_api.py
[2025-04-26T19:33:23.389+0000] {logging_mixin.py:117} INFO - [2025-04-26T19:33:23.389+0000] {dag.py:2573} INFO - Sync 1 DAGs
[2025-04-26T19:33:23.408+0000] {logging_mixin.py:117} INFO - [2025-04-26T19:33:23.408+0000] {dag.py:3328} INFO - Setting next_dagrun for tutorial_taskflow_api to None, run_after=None
[2025-04-26T19:33:23.424+0000] {processor.py:178} INFO - Processing /home/airflow/.local/lib/python3.7/site-packages/airflow/example_dags/tutorial_taskflow_api.py took 0.098 seconds
[2025-04-26T19:33:54.278+0000] {processor.py:156} INFO - Started process (PID=271) to work on /home/airflow/.local/lib/python3.7/site-packages/airflow/example_dags/tutorial_taskflow_api.py
[2025-04-26T19:33:54.279+0000] {processor.py:758} INFO - Processing file /home/airflow/.local/lib/python3.7/site-packages/airflow/example_dags/tutorial_taskflow_api.py for tasks to queue
[2025-04-26T19:33:54.280+0000] {logging_mixin.py:117} INFO - [2025-04-26T19:33:54.280+0000] {dagbag.py:525} INFO - Filling up the DagBag from /home/airflow/.local/lib/python3.7/site-packages/airflow/example_dags/tutorial_taskflow_api.py
[2025-04-26T19:33:54.295+0000] {processor.py:768} INFO - DAG(s) dict_keys(['tutorial_taskflow_api']) retrieved from /home/airflow/.local/lib/python3.7/site-packages/airflow/example_dags/tutorial_taskflow_api.py
[2025-04-26T19:33:54.322+0000] {logging_mixin.py:117} INFO - [2025-04-26T19:33:54.322+0000] {dag.py:2573} INFO - Sync 1 DAGs
[2025-04-26T19:33:54.350+0000] {logging_mixin.py:117} INFO - [2025-04-26T19:33:54.349+0000] {dag.py:3328} INFO - Setting next_dagrun for tutorial_taskflow_api to None, run_after=None
[2025-04-26T19:33:54.368+0000] {processor.py:178} INFO - Processing /home/airflow/.local/lib/python3.7/site-packages/airflow/example_dags/tutorial_taskflow_api.py took 0.093 seconds
[2025-04-26T19:34:25.684+0000] {processor.py:156} INFO - Started process (PID=337) to work on /home/airflow/.local/lib/python3.7/site-packages/airflow/example_dags/tutorial_taskflow_api.py
[2025-04-26T19:34:25.684+0000] {processor.py:758} INFO - Processing file /home/airflow/.local/lib/python3.7/site-packages/airflow/example_dags/tutorial_taskflow_api.py for tasks to queue
[2025-04-26T19:34:25.685+0000] {logging_mixin.py:117} INFO - [2025-04-26T19:34:25.685+0000] {dagbag.py:525} INFO - Filling up the DagBag from /home/airflow/.local/lib/python3.7/site-packages/airflow/example_dags/tutorial_taskflow_api.py
[2025-04-26T19:34:25.702+0000] {processor.py:768} INFO - DAG(s) dict_keys(['tutorial_taskflow_api']) retrieved from /home/airflow/.local/lib/python3.7/site-packages/airflow/example_dags/tutorial_taskflow_api.py
[2025-04-26T19:34:25.731+0000] {logging_mixin.py:117} INFO - [2025-04-26T19:34:25.731+0000] {dag.py:2573} INFO - Sync 1 DAGs
[2025-04-26T19:34:25.749+0000] {logging_mixin.py:117} INFO - [2025-04-26T19:34:25.749+0000] {dag.py:3328} INFO - Setting next_dagrun for tutorial_taskflow_api to None, run_after=None
[2025-04-26T19:34:25.764+0000] {processor.py:178} INFO - Processing /home/airflow/.local/lib/python3.7/site-packages/airflow/example_dags/tutorial_taskflow_api.py took 0.082 seconds
[2025-04-26T19:35:48.975+0000] {processor.py:156} INFO - Started process (PID=84) to work on /home/airflow/.local/lib/python3.7/site-packages/airflow/example_dags/tutorial_taskflow_api.py
[2025-04-26T19:35:48.976+0000] {processor.py:758} INFO - Processing file /home/airflow/.local/lib/python3.7/site-packages/airflow/example_dags/tutorial_taskflow_api.py for tasks to queue
[2025-04-26T19:35:48.977+0000] {logging_mixin.py:117} INFO - [2025-04-26T19:35:48.977+0000] {dagbag.py:525} INFO - Filling up the DagBag from /home/airflow/.local/lib/python3.7/site-packages/airflow/example_dags/tutorial_taskflow_api.py
[2025-04-26T19:35:48.993+0000] {processor.py:768} INFO - DAG(s) dict_keys(['tutorial_taskflow_api']) retrieved from /home/airflow/.local/lib/python3.7/site-packages/airflow/example_dags/tutorial_taskflow_api.py
[2025-04-26T19:35:49.014+0000] {logging_mixin.py:117} INFO - [2025-04-26T19:35:49.014+0000] {dag.py:2573} INFO - Sync 1 DAGs
[2025-04-26T19:35:49.032+0000] {logging_mixin.py:117} INFO - [2025-04-26T19:35:49.032+0000] {dag.py:3328} INFO - Setting next_dagrun for tutorial_taskflow_api to None, run_after=None
[2025-04-26T19:35:49.051+0000] {processor.py:178} INFO - Processing /home/airflow/.local/lib/python3.7/site-packages/airflow/example_dags/tutorial_taskflow_api.py took 0.078 seconds
[2025-04-26T19:36:20.587+0000] {processor.py:156} INFO - Started process (PID=147) to work on /home/airflow/.local/lib/python3.7/site-packages/airflow/example_dags/tutorial_taskflow_api.py
[2025-04-26T19:36:20.588+0000] {processor.py:758} INFO - Processing file /home/airflow/.local/lib/python3.7/site-packages/airflow/example_dags/tutorial_taskflow_api.py for tasks to queue
[2025-04-26T19:36:20.589+0000] {logging_mixin.py:117} INFO - [2025-04-26T19:36:20.589+0000] {dagbag.py:525} INFO - Filling up the DagBag from /home/airflow/.local/lib/python3.7/site-packages/airflow/example_dags/tutorial_taskflow_api.py
[2025-04-26T19:36:20.604+0000] {processor.py:768} INFO - DAG(s) dict_keys(['tutorial_taskflow_api']) retrieved from /home/airflow/.local/lib/python3.7/site-packages/airflow/example_dags/tutorial_taskflow_api.py
[2025-04-26T19:36:20.630+0000] {logging_mixin.py:117} INFO - [2025-04-26T19:36:20.630+0000] {dag.py:2573} INFO - Sync 1 DAGs
[2025-04-26T19:36:20.645+0000] {logging_mixin.py:117} INFO - [2025-04-26T19:36:20.645+0000] {dag.py:3328} INFO - Setting next_dagrun for tutorial_taskflow_api to None, run_after=None
[2025-04-26T19:36:20.664+0000] {processor.py:178} INFO - Processing /home/airflow/.local/lib/python3.7/site-packages/airflow/example_dags/tutorial_taskflow_api.py took 0.079 seconds
[2025-04-26T19:36:50.987+0000] {processor.py:156} INFO - Started process (PID=211) to work on /home/airflow/.local/lib/python3.7/site-packages/airflow/example_dags/tutorial_taskflow_api.py
[2025-04-26T19:36:50.988+0000] {processor.py:758} INFO - Processing file /home/airflow/.local/lib/python3.7/site-packages/airflow/example_dags/tutorial_taskflow_api.py for tasks to queue
[2025-04-26T19:36:50.988+0000] {logging_mixin.py:117} INFO - [2025-04-26T19:36:50.988+0000] {dagbag.py:525} INFO - Filling up the DagBag from /home/airflow/.local/lib/python3.7/site-packages/airflow/example_dags/tutorial_taskflow_api.py
[2025-04-26T19:36:51.003+0000] {processor.py:768} INFO - DAG(s) dict_keys(['tutorial_taskflow_api']) retrieved from /home/airflow/.local/lib/python3.7/site-packages/airflow/example_dags/tutorial_taskflow_api.py
[2025-04-26T19:36:51.031+0000] {logging_mixin.py:117} INFO - [2025-04-26T19:36:51.031+0000] {dag.py:2573} INFO - Sync 1 DAGs
[2025-04-26T19:36:51.047+0000] {logging_mixin.py:117} INFO - [2025-04-26T19:36:51.047+0000] {dag.py:3328} INFO - Setting next_dagrun for tutorial_taskflow_api to None, run_after=None
[2025-04-26T19:36:51.063+0000] {processor.py:178} INFO - Processing /home/airflow/.local/lib/python3.7/site-packages/airflow/example_dags/tutorial_taskflow_api.py took 0.078 seconds
[2025-04-26T19:37:21.306+0000] {processor.py:156} INFO - Started process (PID=274) to work on /home/airflow/.local/lib/python3.7/site-packages/airflow/example_dags/tutorial_taskflow_api.py
[2025-04-26T19:37:21.307+0000] {processor.py:758} INFO - Processing file /home/airflow/.local/lib/python3.7/site-packages/airflow/example_dags/tutorial_taskflow_api.py for tasks to queue
[2025-04-26T19:37:21.308+0000] {logging_mixin.py:117} INFO - [2025-04-26T19:37:21.308+0000] {dagbag.py:525} INFO - Filling up the DagBag from /home/airflow/.local/lib/python3.7/site-packages/airflow/example_dags/tutorial_taskflow_api.py
[2025-04-26T19:37:21.324+0000] {processor.py:768} INFO - DAG(s) dict_keys(['tutorial_taskflow_api']) retrieved from /home/airflow/.local/lib/python3.7/site-packages/airflow/example_dags/tutorial_taskflow_api.py
[2025-04-26T19:37:21.354+0000] {logging_mixin.py:117} INFO - [2025-04-26T19:37:21.354+0000] {dag.py:2573} INFO - Sync 1 DAGs
[2025-04-26T19:37:21.371+0000] {logging_mixin.py:117} INFO - [2025-04-26T19:37:21.371+0000] {dag.py:3328} INFO - Setting next_dagrun for tutorial_taskflow_api to None, run_after=None
[2025-04-26T19:37:21.385+0000] {processor.py:178} INFO - Processing /home/airflow/.local/lib/python3.7/site-packages/airflow/example_dags/tutorial_taskflow_api.py took 0.081 seconds
[2025-04-26T19:37:51.720+0000] {processor.py:156} INFO - Started process (PID=337) to work on /home/airflow/.local/lib/python3.7/site-packages/airflow/example_dags/tutorial_taskflow_api.py
[2025-04-26T19:37:51.722+0000] {processor.py:758} INFO - Processing file /home/airflow/.local/lib/python3.7/site-packages/airflow/example_dags/tutorial_taskflow_api.py for tasks to queue
[2025-04-26T19:37:51.722+0000] {logging_mixin.py:117} INFO - [2025-04-26T19:37:51.722+0000] {dagbag.py:525} INFO - Filling up the DagBag from /home/airflow/.local/lib/python3.7/site-packages/airflow/example_dags/tutorial_taskflow_api.py
[2025-04-26T19:37:51.740+0000] {processor.py:768} INFO - DAG(s) dict_keys(['tutorial_taskflow_api']) retrieved from /home/airflow/.local/lib/python3.7/site-packages/airflow/example_dags/tutorial_taskflow_api.py
[2025-04-26T19:37:51.774+0000] {logging_mixin.py:117} INFO - [2025-04-26T19:37:51.774+0000] {dag.py:2573} INFO - Sync 1 DAGs
[2025-04-26T19:37:51.793+0000] {logging_mixin.py:117} INFO - [2025-04-26T19:37:51.793+0000] {dag.py:3328} INFO - Setting next_dagrun for tutorial_taskflow_api to None, run_after=None
[2025-04-26T19:37:51.809+0000] {processor.py:178} INFO - Processing /home/airflow/.local/lib/python3.7/site-packages/airflow/example_dags/tutorial_taskflow_api.py took 0.091 seconds
[2025-04-26T19:38:22.061+0000] {processor.py:156} INFO - Started process (PID=400) to work on /home/airflow/.local/lib/python3.7/site-packages/airflow/example_dags/tutorial_taskflow_api.py
[2025-04-26T19:38:22.063+0000] {processor.py:758} INFO - Processing file /home/airflow/.local/lib/python3.7/site-packages/airflow/example_dags/tutorial_taskflow_api.py for tasks to queue
[2025-04-26T19:38:22.063+0000] {logging_mixin.py:117} INFO - [2025-04-26T19:38:22.063+0000] {dagbag.py:525} INFO - Filling up the DagBag from /home/airflow/.local/lib/python3.7/site-packages/airflow/example_dags/tutorial_taskflow_api.py
[2025-04-26T19:38:22.079+0000] {processor.py:768} INFO - DAG(s) dict_keys(['tutorial_taskflow_api']) retrieved from /home/airflow/.local/lib/python3.7/site-packages/airflow/example_dags/tutorial_taskflow_api.py
[2025-04-26T19:38:22.111+0000] {logging_mixin.py:117} INFO - [2025-04-26T19:38:22.111+0000] {dag.py:2573} INFO - Sync 1 DAGs
[2025-04-26T19:38:22.127+0000] {logging_mixin.py:117} INFO - [2025-04-26T19:38:22.127+0000] {dag.py:3328} INFO - Setting next_dagrun for tutorial_taskflow_api to None, run_after=None
[2025-04-26T19:38:22.141+0000] {processor.py:178} INFO - Processing /home/airflow/.local/lib/python3.7/site-packages/airflow/example_dags/tutorial_taskflow_api.py took 0.082 seconds
[2025-04-26T19:38:52.364+0000] {processor.py:156} INFO - Started process (PID=463) to work on /home/airflow/.local/lib/python3.7/site-packages/airflow/example_dags/tutorial_taskflow_api.py
[2025-04-26T19:38:52.365+0000] {processor.py:758} INFO - Processing file /home/airflow/.local/lib/python3.7/site-packages/airflow/example_dags/tutorial_taskflow_api.py for tasks to queue
[2025-04-26T19:38:52.366+0000] {logging_mixin.py:117} INFO - [2025-04-26T19:38:52.366+0000] {dagbag.py:525} INFO - Filling up the DagBag from /home/airflow/.local/lib/python3.7/site-packages/airflow/example_dags/tutorial_taskflow_api.py
[2025-04-26T19:38:52.382+0000] {processor.py:768} INFO - DAG(s) dict_keys(['tutorial_taskflow_api']) retrieved from /home/airflow/.local/lib/python3.7/site-packages/airflow/example_dags/tutorial_taskflow_api.py
[2025-04-26T19:38:52.412+0000] {logging_mixin.py:117} INFO - [2025-04-26T19:38:52.412+0000] {dag.py:2573} INFO - Sync 1 DAGs
[2025-04-26T19:38:52.429+0000] {logging_mixin.py:117} INFO - [2025-04-26T19:38:52.429+0000] {dag.py:3328} INFO - Setting next_dagrun for tutorial_taskflow_api to None, run_after=None
[2025-04-26T19:38:52.447+0000] {processor.py:178} INFO - Processing /home/airflow/.local/lib/python3.7/site-packages/airflow/example_dags/tutorial_taskflow_api.py took 0.085 seconds
[2025-04-26T19:39:22.907+0000] {processor.py:156} INFO - Started process (PID=526) to work on /home/airflow/.local/lib/python3.7/site-packages/airflow/example_dags/tutorial_taskflow_api.py
[2025-04-26T19:39:22.908+0000] {processor.py:758} INFO - Processing file /home/airflow/.local/lib/python3.7/site-packages/airflow/example_dags/tutorial_taskflow_api.py for tasks to queue
[2025-04-26T19:39:22.909+0000] {logging_mixin.py:117} INFO - [2025-04-26T19:39:22.909+0000] {dagbag.py:525} INFO - Filling up the DagBag from /home/airflow/.local/lib/python3.7/site-packages/airflow/example_dags/tutorial_taskflow_api.py
[2025-04-26T19:39:22.926+0000] {processor.py:768} INFO - DAG(s) dict_keys(['tutorial_taskflow_api']) retrieved from /home/airflow/.local/lib/python3.7/site-packages/airflow/example_dags/tutorial_taskflow_api.py
[2025-04-26T19:39:22.957+0000] {logging_mixin.py:117} INFO - [2025-04-26T19:39:22.956+0000] {dag.py:2573} INFO - Sync 1 DAGs
[2025-04-26T19:39:22.973+0000] {logging_mixin.py:117} INFO - [2025-04-26T19:39:22.973+0000] {dag.py:3328} INFO - Setting next_dagrun for tutorial_taskflow_api to None, run_after=None
[2025-04-26T19:39:22.987+0000] {processor.py:178} INFO - Processing /home/airflow/.local/lib/python3.7/site-packages/airflow/example_dags/tutorial_taskflow_api.py took 0.083 seconds
