[2025-04-26T19:32:22.711+0000] {processor.py:156} INFO - Started process (PID=89) to work on /home/airflow/.local/lib/python3.7/site-packages/airflow/example_dags/tutorial_dag.py
[2025-04-26T19:32:22.712+0000] {processor.py:758} INFO - Processing file /home/airflow/.local/lib/python3.7/site-packages/airflow/example_dags/tutorial_dag.py for tasks to queue
[2025-04-26T19:32:22.712+0000] {logging_mixin.py:117} INFO - [2025-04-26T19:32:22.712+0000] {dagbag.py:525} INFO - Filling up the DagBag from /home/airflow/.local/lib/python3.7/site-packages/airflow/example_dags/tutorial_dag.py
[2025-04-26T19:32:22.781+0000] {processor.py:768} INFO - DAG(s) dict_keys(['tutorial_dag']) retrieved from /home/airflow/.local/lib/python3.7/site-packages/airflow/example_dags/tutorial_dag.py
[2025-04-26T19:32:22.852+0000] {logging_mixin.py:117} INFO - [2025-04-26T19:32:22.852+0000] {dag.py:2573} INFO - Sync 1 DAGs
[2025-04-26T19:32:22.886+0000] {logging_mixin.py:117} INFO - [2025-04-26T19:32:22.886+0000] {dag.py:3328} INFO - Setting next_dagrun for tutorial_dag to None, run_after=None
[2025-04-26T19:32:22.912+0000] {processor.py:178} INFO - Processing /home/airflow/.local/lib/python3.7/site-packages/airflow/example_dags/tutorial_dag.py took 0.203 seconds
[2025-04-26T19:32:52.937+0000] {processor.py:156} INFO - Started process (PID=143) to work on /home/airflow/.local/lib/python3.7/site-packages/airflow/example_dags/tutorial_dag.py
[2025-04-26T19:32:52.948+0000] {processor.py:758} INFO - Processing file /home/airflow/.local/lib/python3.7/site-packages/airflow/example_dags/tutorial_dag.py for tasks to queue
[2025-04-26T19:32:52.948+0000] {logging_mixin.py:117} INFO - [2025-04-26T19:32:52.948+0000] {dagbag.py:525} INFO - Filling up the DagBag from /home/airflow/.local/lib/python3.7/site-packages/airflow/example_dags/tutorial_dag.py
[2025-04-26T19:32:52.959+0000] {processor.py:768} INFO - DAG(s) dict_keys(['tutorial_dag']) retrieved from /home/airflow/.local/lib/python3.7/site-packages/airflow/example_dags/tutorial_dag.py
[2025-04-26T19:32:52.987+0000] {logging_mixin.py:117} INFO - [2025-04-26T19:32:52.987+0000] {dag.py:2573} INFO - Sync 1 DAGs
[2025-04-26T19:32:53.004+0000] {logging_mixin.py:117} INFO - [2025-04-26T19:32:53.004+0000] {dag.py:3328} INFO - Setting next_dagrun for tutorial_dag to None, run_after=None
[2025-04-26T19:32:53.033+0000] {processor.py:178} INFO - Processing /home/airflow/.local/lib/python3.7/site-packages/airflow/example_dags/tutorial_dag.py took 0.098 seconds
[2025-04-26T19:33:23.834+0000] {processor.py:156} INFO - Started process (PID=207) to work on /home/airflow/.local/lib/python3.7/site-packages/airflow/example_dags/tutorial_dag.py
[2025-04-26T19:33:23.847+0000] {processor.py:758} INFO - Processing file /home/airflow/.local/lib/python3.7/site-packages/airflow/example_dags/tutorial_dag.py for tasks to queue
[2025-04-26T19:33:23.848+0000] {logging_mixin.py:117} INFO - [2025-04-26T19:33:23.848+0000] {dagbag.py:525} INFO - Filling up the DagBag from /home/airflow/.local/lib/python3.7/site-packages/airflow/example_dags/tutorial_dag.py
[2025-04-26T19:33:23.864+0000] {processor.py:768} INFO - DAG(s) dict_keys(['tutorial_dag']) retrieved from /home/airflow/.local/lib/python3.7/site-packages/airflow/example_dags/tutorial_dag.py
[2025-04-26T19:33:23.908+0000] {logging_mixin.py:117} INFO - [2025-04-26T19:33:23.908+0000] {dag.py:2573} INFO - Sync 1 DAGs
[2025-04-26T19:33:23.930+0000] {logging_mixin.py:117} INFO - [2025-04-26T19:33:23.930+0000] {dag.py:3328} INFO - Setting next_dagrun for tutorial_dag to None, run_after=None
[2025-04-26T19:33:23.949+0000] {processor.py:178} INFO - Processing /home/airflow/.local/lib/python3.7/site-packages/airflow/example_dags/tutorial_dag.py took 0.117 seconds
[2025-04-26T19:33:54.486+0000] {processor.py:156} INFO - Started process (PID=275) to work on /home/airflow/.local/lib/python3.7/site-packages/airflow/example_dags/tutorial_dag.py
[2025-04-26T19:33:54.487+0000] {processor.py:758} INFO - Processing file /home/airflow/.local/lib/python3.7/site-packages/airflow/example_dags/tutorial_dag.py for tasks to queue
[2025-04-26T19:33:54.488+0000] {logging_mixin.py:117} INFO - [2025-04-26T19:33:54.488+0000] {dagbag.py:525} INFO - Filling up the DagBag from /home/airflow/.local/lib/python3.7/site-packages/airflow/example_dags/tutorial_dag.py
[2025-04-26T19:33:54.498+0000] {processor.py:768} INFO - DAG(s) dict_keys(['tutorial_dag']) retrieved from /home/airflow/.local/lib/python3.7/site-packages/airflow/example_dags/tutorial_dag.py
[2025-04-26T19:33:54.530+0000] {logging_mixin.py:117} INFO - [2025-04-26T19:33:54.530+0000] {dag.py:2573} INFO - Sync 1 DAGs
[2025-04-26T19:33:54.550+0000] {logging_mixin.py:117} INFO - [2025-04-26T19:33:54.550+0000] {dag.py:3328} INFO - Setting next_dagrun for tutorial_dag to None, run_after=None
[2025-04-26T19:33:54.565+0000] {processor.py:178} INFO - Processing /home/airflow/.local/lib/python3.7/site-packages/airflow/example_dags/tutorial_dag.py took 0.081 seconds
[2025-04-26T19:34:25.385+0000] {processor.py:156} INFO - Started process (PID=333) to work on /home/airflow/.local/lib/python3.7/site-packages/airflow/example_dags/tutorial_dag.py
[2025-04-26T19:34:25.386+0000] {processor.py:758} INFO - Processing file /home/airflow/.local/lib/python3.7/site-packages/airflow/example_dags/tutorial_dag.py for tasks to queue
[2025-04-26T19:34:25.387+0000] {logging_mixin.py:117} INFO - [2025-04-26T19:34:25.387+0000] {dagbag.py:525} INFO - Filling up the DagBag from /home/airflow/.local/lib/python3.7/site-packages/airflow/example_dags/tutorial_dag.py
[2025-04-26T19:34:25.398+0000] {processor.py:768} INFO - DAG(s) dict_keys(['tutorial_dag']) retrieved from /home/airflow/.local/lib/python3.7/site-packages/airflow/example_dags/tutorial_dag.py
[2025-04-26T19:34:25.434+0000] {logging_mixin.py:117} INFO - [2025-04-26T19:34:25.433+0000] {dag.py:2573} INFO - Sync 1 DAGs
[2025-04-26T19:34:25.461+0000] {logging_mixin.py:117} INFO - [2025-04-26T19:34:25.460+0000] {dag.py:3328} INFO - Setting next_dagrun for tutorial_dag to None, run_after=None
[2025-04-26T19:34:25.482+0000] {processor.py:178} INFO - Processing /home/airflow/.local/lib/python3.7/site-packages/airflow/example_dags/tutorial_dag.py took 0.100 seconds
[2025-04-26T19:35:48.614+0000] {processor.py:156} INFO - Started process (PID=80) to work on /home/airflow/.local/lib/python3.7/site-packages/airflow/example_dags/tutorial_dag.py
[2025-04-26T19:35:48.615+0000] {processor.py:758} INFO - Processing file /home/airflow/.local/lib/python3.7/site-packages/airflow/example_dags/tutorial_dag.py for tasks to queue
[2025-04-26T19:35:48.615+0000] {logging_mixin.py:117} INFO - [2025-04-26T19:35:48.615+0000] {dagbag.py:525} INFO - Filling up the DagBag from /home/airflow/.local/lib/python3.7/site-packages/airflow/example_dags/tutorial_dag.py
[2025-04-26T19:35:48.626+0000] {processor.py:768} INFO - DAG(s) dict_keys(['tutorial_dag']) retrieved from /home/airflow/.local/lib/python3.7/site-packages/airflow/example_dags/tutorial_dag.py
[2025-04-26T19:35:48.652+0000] {logging_mixin.py:117} INFO - [2025-04-26T19:35:48.652+0000] {dag.py:2573} INFO - Sync 1 DAGs
[2025-04-26T19:35:48.683+0000] {logging_mixin.py:117} INFO - [2025-04-26T19:35:48.682+0000] {dag.py:3328} INFO - Setting next_dagrun for tutorial_dag to None, run_after=None
[2025-04-26T19:35:48.703+0000] {processor.py:178} INFO - Processing /home/airflow/.local/lib/python3.7/site-packages/airflow/example_dags/tutorial_dag.py took 0.091 seconds
[2025-04-26T19:36:20.333+0000] {processor.py:156} INFO - Started process (PID=143) to work on /home/airflow/.local/lib/python3.7/site-packages/airflow/example_dags/tutorial_dag.py
[2025-04-26T19:36:20.335+0000] {processor.py:758} INFO - Processing file /home/airflow/.local/lib/python3.7/site-packages/airflow/example_dags/tutorial_dag.py for tasks to queue
[2025-04-26T19:36:20.335+0000] {logging_mixin.py:117} INFO - [2025-04-26T19:36:20.335+0000] {dagbag.py:525} INFO - Filling up the DagBag from /home/airflow/.local/lib/python3.7/site-packages/airflow/example_dags/tutorial_dag.py
[2025-04-26T19:36:20.345+0000] {processor.py:768} INFO - DAG(s) dict_keys(['tutorial_dag']) retrieved from /home/airflow/.local/lib/python3.7/site-packages/airflow/example_dags/tutorial_dag.py
[2025-04-26T19:36:20.374+0000] {logging_mixin.py:117} INFO - [2025-04-26T19:36:20.374+0000] {dag.py:2573} INFO - Sync 1 DAGs
[2025-04-26T19:36:20.389+0000] {logging_mixin.py:117} INFO - [2025-04-26T19:36:20.389+0000] {dag.py:3328} INFO - Setting next_dagrun for tutorial_dag to None, run_after=None
[2025-04-26T19:36:20.402+0000] {processor.py:178} INFO - Processing /home/airflow/.local/lib/python3.7/site-packages/airflow/example_dags/tutorial_dag.py took 0.070 seconds
[2025-04-26T19:36:50.734+0000] {processor.py:156} INFO - Started process (PID=207) to work on /home/airflow/.local/lib/python3.7/site-packages/airflow/example_dags/tutorial_dag.py
[2025-04-26T19:36:50.736+0000] {processor.py:758} INFO - Processing file /home/airflow/.local/lib/python3.7/site-packages/airflow/example_dags/tutorial_dag.py for tasks to queue
[2025-04-26T19:36:50.736+0000] {logging_mixin.py:117} INFO - [2025-04-26T19:36:50.736+0000] {dagbag.py:525} INFO - Filling up the DagBag from /home/airflow/.local/lib/python3.7/site-packages/airflow/example_dags/tutorial_dag.py
[2025-04-26T19:36:50.747+0000] {processor.py:768} INFO - DAG(s) dict_keys(['tutorial_dag']) retrieved from /home/airflow/.local/lib/python3.7/site-packages/airflow/example_dags/tutorial_dag.py
[2025-04-26T19:36:50.775+0000] {logging_mixin.py:117} INFO - [2025-04-26T19:36:50.775+0000] {dag.py:2573} INFO - Sync 1 DAGs
[2025-04-26T19:36:50.792+0000] {logging_mixin.py:117} INFO - [2025-04-26T19:36:50.792+0000] {dag.py:3328} INFO - Setting next_dagrun for tutorial_dag to None, run_after=None
[2025-04-26T19:36:50.806+0000] {processor.py:178} INFO - Processing /home/airflow/.local/lib/python3.7/site-packages/airflow/example_dags/tutorial_dag.py took 0.074 seconds
[2025-04-26T19:37:21.055+0000] {processor.py:156} INFO - Started process (PID=270) to work on /home/airflow/.local/lib/python3.7/site-packages/airflow/example_dags/tutorial_dag.py
[2025-04-26T19:37:21.056+0000] {processor.py:758} INFO - Processing file /home/airflow/.local/lib/python3.7/site-packages/airflow/example_dags/tutorial_dag.py for tasks to queue
[2025-04-26T19:37:21.057+0000] {logging_mixin.py:117} INFO - [2025-04-26T19:37:21.057+0000] {dagbag.py:525} INFO - Filling up the DagBag from /home/airflow/.local/lib/python3.7/site-packages/airflow/example_dags/tutorial_dag.py
[2025-04-26T19:37:21.066+0000] {processor.py:768} INFO - DAG(s) dict_keys(['tutorial_dag']) retrieved from /home/airflow/.local/lib/python3.7/site-packages/airflow/example_dags/tutorial_dag.py
[2025-04-26T19:37:21.093+0000] {logging_mixin.py:117} INFO - [2025-04-26T19:37:21.093+0000] {dag.py:2573} INFO - Sync 1 DAGs
[2025-04-26T19:37:21.110+0000] {logging_mixin.py:117} INFO - [2025-04-26T19:37:21.110+0000] {dag.py:3328} INFO - Setting next_dagrun for tutorial_dag to None, run_after=None
[2025-04-26T19:37:21.124+0000] {processor.py:178} INFO - Processing /home/airflow/.local/lib/python3.7/site-packages/airflow/example_dags/tutorial_dag.py took 0.071 seconds
[2025-04-26T19:37:51.426+0000] {processor.py:156} INFO - Started process (PID=333) to work on /home/airflow/.local/lib/python3.7/site-packages/airflow/example_dags/tutorial_dag.py
[2025-04-26T19:37:51.428+0000] {processor.py:758} INFO - Processing file /home/airflow/.local/lib/python3.7/site-packages/airflow/example_dags/tutorial_dag.py for tasks to queue
[2025-04-26T19:37:51.428+0000] {logging_mixin.py:117} INFO - [2025-04-26T19:37:51.428+0000] {dagbag.py:525} INFO - Filling up the DagBag from /home/airflow/.local/lib/python3.7/site-packages/airflow/example_dags/tutorial_dag.py
[2025-04-26T19:37:51.439+0000] {processor.py:768} INFO - DAG(s) dict_keys(['tutorial_dag']) retrieved from /home/airflow/.local/lib/python3.7/site-packages/airflow/example_dags/tutorial_dag.py
[2025-04-26T19:37:51.472+0000] {logging_mixin.py:117} INFO - [2025-04-26T19:37:51.471+0000] {dag.py:2573} INFO - Sync 1 DAGs
[2025-04-26T19:37:51.491+0000] {logging_mixin.py:117} INFO - [2025-04-26T19:37:51.491+0000] {dag.py:3328} INFO - Setting next_dagrun for tutorial_dag to None, run_after=None
[2025-04-26T19:37:51.508+0000] {processor.py:178} INFO - Processing /home/airflow/.local/lib/python3.7/site-packages/airflow/example_dags/tutorial_dag.py took 0.084 seconds
[2025-04-26T19:38:21.850+0000] {processor.py:156} INFO - Started process (PID=396) to work on /home/airflow/.local/lib/python3.7/site-packages/airflow/example_dags/tutorial_dag.py
[2025-04-26T19:38:21.851+0000] {processor.py:758} INFO - Processing file /home/airflow/.local/lib/python3.7/site-packages/airflow/example_dags/tutorial_dag.py for tasks to queue
[2025-04-26T19:38:21.851+0000] {logging_mixin.py:117} INFO - [2025-04-26T19:38:21.851+0000] {dagbag.py:525} INFO - Filling up the DagBag from /home/airflow/.local/lib/python3.7/site-packages/airflow/example_dags/tutorial_dag.py
[2025-04-26T19:38:21.861+0000] {processor.py:768} INFO - DAG(s) dict_keys(['tutorial_dag']) retrieved from /home/airflow/.local/lib/python3.7/site-packages/airflow/example_dags/tutorial_dag.py
[2025-04-26T19:38:21.889+0000] {logging_mixin.py:117} INFO - [2025-04-26T19:38:21.889+0000] {dag.py:2573} INFO - Sync 1 DAGs
[2025-04-26T19:38:21.903+0000] {logging_mixin.py:117} INFO - [2025-04-26T19:38:21.903+0000] {dag.py:3328} INFO - Setting next_dagrun for tutorial_dag to None, run_after=None
[2025-04-26T19:38:21.918+0000] {processor.py:178} INFO - Processing /home/airflow/.local/lib/python3.7/site-packages/airflow/example_dags/tutorial_dag.py took 0.070 seconds
[2025-04-26T19:38:52.135+0000] {processor.py:156} INFO - Started process (PID=459) to work on /home/airflow/.local/lib/python3.7/site-packages/airflow/example_dags/tutorial_dag.py
[2025-04-26T19:38:52.136+0000] {processor.py:758} INFO - Processing file /home/airflow/.local/lib/python3.7/site-packages/airflow/example_dags/tutorial_dag.py for tasks to queue
[2025-04-26T19:38:52.136+0000] {logging_mixin.py:117} INFO - [2025-04-26T19:38:52.136+0000] {dagbag.py:525} INFO - Filling up the DagBag from /home/airflow/.local/lib/python3.7/site-packages/airflow/example_dags/tutorial_dag.py
[2025-04-26T19:38:52.146+0000] {processor.py:768} INFO - DAG(s) dict_keys(['tutorial_dag']) retrieved from /home/airflow/.local/lib/python3.7/site-packages/airflow/example_dags/tutorial_dag.py
[2025-04-26T19:38:52.177+0000] {logging_mixin.py:117} INFO - [2025-04-26T19:38:52.177+0000] {dag.py:2573} INFO - Sync 1 DAGs
[2025-04-26T19:38:52.194+0000] {logging_mixin.py:117} INFO - [2025-04-26T19:38:52.194+0000] {dag.py:3328} INFO - Setting next_dagrun for tutorial_dag to None, run_after=None
[2025-04-26T19:38:52.209+0000] {processor.py:178} INFO - Processing /home/airflow/.local/lib/python3.7/site-packages/airflow/example_dags/tutorial_dag.py took 0.077 seconds
[2025-04-26T19:39:22.652+0000] {processor.py:156} INFO - Started process (PID=522) to work on /home/airflow/.local/lib/python3.7/site-packages/airflow/example_dags/tutorial_dag.py
[2025-04-26T19:39:22.653+0000] {processor.py:758} INFO - Processing file /home/airflow/.local/lib/python3.7/site-packages/airflow/example_dags/tutorial_dag.py for tasks to queue
[2025-04-26T19:39:22.654+0000] {logging_mixin.py:117} INFO - [2025-04-26T19:39:22.654+0000] {dagbag.py:525} INFO - Filling up the DagBag from /home/airflow/.local/lib/python3.7/site-packages/airflow/example_dags/tutorial_dag.py
[2025-04-26T19:39:22.664+0000] {processor.py:768} INFO - DAG(s) dict_keys(['tutorial_dag']) retrieved from /home/airflow/.local/lib/python3.7/site-packages/airflow/example_dags/tutorial_dag.py
[2025-04-26T19:39:22.694+0000] {logging_mixin.py:117} INFO - [2025-04-26T19:39:22.694+0000] {dag.py:2573} INFO - Sync 1 DAGs
[2025-04-26T19:39:22.714+0000] {logging_mixin.py:117} INFO - [2025-04-26T19:39:22.713+0000] {dag.py:3328} INFO - Setting next_dagrun for tutorial_dag to None, run_after=None
[2025-04-26T19:39:22.728+0000] {processor.py:178} INFO - Processing /home/airflow/.local/lib/python3.7/site-packages/airflow/example_dags/tutorial_dag.py took 0.079 seconds
[2025-04-26T19:39:53.153+0000] {processor.py:156} INFO - Started process (PID=585) to work on /home/airflow/.local/lib/python3.7/site-packages/airflow/example_dags/tutorial_dag.py
[2025-04-26T19:39:53.154+0000] {processor.py:758} INFO - Processing file /home/airflow/.local/lib/python3.7/site-packages/airflow/example_dags/tutorial_dag.py for tasks to queue
[2025-04-26T19:39:53.154+0000] {logging_mixin.py:117} INFO - [2025-04-26T19:39:53.154+0000] {dagbag.py:525} INFO - Filling up the DagBag from /home/airflow/.local/lib/python3.7/site-packages/airflow/example_dags/tutorial_dag.py
[2025-04-26T19:39:53.164+0000] {processor.py:768} INFO - DAG(s) dict_keys(['tutorial_dag']) retrieved from /home/airflow/.local/lib/python3.7/site-packages/airflow/example_dags/tutorial_dag.py
[2025-04-26T19:39:53.194+0000] {logging_mixin.py:117} INFO - [2025-04-26T19:39:53.194+0000] {dag.py:2573} INFO - Sync 1 DAGs
[2025-04-26T19:39:53.211+0000] {logging_mixin.py:117} INFO - [2025-04-26T19:39:53.210+0000] {dag.py:3328} INFO - Setting next_dagrun for tutorial_dag to None, run_after=None
[2025-04-26T19:39:53.224+0000] {processor.py:178} INFO - Processing /home/airflow/.local/lib/python3.7/site-packages/airflow/example_dags/tutorial_dag.py took 0.073 seconds
[2025-04-26T19:40:23.525+0000] {processor.py:156} INFO - Started process (PID=639) to work on /home/airflow/.local/lib/python3.7/site-packages/airflow/example_dags/tutorial_dag.py
[2025-04-26T19:40:23.527+0000] {processor.py:758} INFO - Processing file /home/airflow/.local/lib/python3.7/site-packages/airflow/example_dags/tutorial_dag.py for tasks to queue
[2025-04-26T19:40:23.527+0000] {logging_mixin.py:117} INFO - [2025-04-26T19:40:23.527+0000] {dagbag.py:525} INFO - Filling up the DagBag from /home/airflow/.local/lib/python3.7/site-packages/airflow/example_dags/tutorial_dag.py
[2025-04-26T19:40:23.539+0000] {processor.py:768} INFO - DAG(s) dict_keys(['tutorial_dag']) retrieved from /home/airflow/.local/lib/python3.7/site-packages/airflow/example_dags/tutorial_dag.py
[2025-04-26T19:40:23.568+0000] {logging_mixin.py:117} INFO - [2025-04-26T19:40:23.568+0000] {dag.py:2573} INFO - Sync 1 DAGs
[2025-04-26T19:40:23.585+0000] {logging_mixin.py:117} INFO - [2025-04-26T19:40:23.585+0000] {dag.py:3328} INFO - Setting next_dagrun for tutorial_dag to None, run_after=None
[2025-04-26T19:40:23.599+0000] {processor.py:178} INFO - Processing /home/airflow/.local/lib/python3.7/site-packages/airflow/example_dags/tutorial_dag.py took 0.076 seconds
[2025-04-26T19:40:54.177+0000] {processor.py:156} INFO - Started process (PID=703) to work on /home/airflow/.local/lib/python3.7/site-packages/airflow/example_dags/tutorial_dag.py
[2025-04-26T19:40:54.178+0000] {processor.py:758} INFO - Processing file /home/airflow/.local/lib/python3.7/site-packages/airflow/example_dags/tutorial_dag.py for tasks to queue
[2025-04-26T19:40:54.178+0000] {logging_mixin.py:117} INFO - [2025-04-26T19:40:54.178+0000] {dagbag.py:525} INFO - Filling up the DagBag from /home/airflow/.local/lib/python3.7/site-packages/airflow/example_dags/tutorial_dag.py
[2025-04-26T19:40:54.189+0000] {processor.py:768} INFO - DAG(s) dict_keys(['tutorial_dag']) retrieved from /home/airflow/.local/lib/python3.7/site-packages/airflow/example_dags/tutorial_dag.py
[2025-04-26T19:40:54.218+0000] {logging_mixin.py:117} INFO - [2025-04-26T19:40:54.218+0000] {dag.py:2573} INFO - Sync 1 DAGs
[2025-04-26T19:40:54.236+0000] {logging_mixin.py:117} INFO - [2025-04-26T19:40:54.236+0000] {dag.py:3328} INFO - Setting next_dagrun for tutorial_dag to None, run_after=None
[2025-04-26T19:40:54.254+0000] {processor.py:178} INFO - Processing /home/airflow/.local/lib/python3.7/site-packages/airflow/example_dags/tutorial_dag.py took 0.080 seconds
