[2025-04-26T19:32:21.362+0000] {processor.py:156} INFO - Started process (PID=77) to work on /home/airflow/.local/lib/python3.7/site-packages/airflow/example_dags/tutorial.py
[2025-04-26T19:32:21.374+0000] {processor.py:758} INFO - Processing file /home/airflow/.local/lib/python3.7/site-packages/airflow/example_dags/tutorial.py for tasks to queue
[2025-04-26T19:32:21.378+0000] {logging_mixin.py:117} INFO - [2025-04-26T19:32:21.377+0000] {dagbag.py:525} INFO - Filling up the DagBag from /home/airflow/.local/lib/python3.7/site-packages/airflow/example_dags/tutorial.py
[2025-04-26T19:32:21.454+0000] {processor.py:768} INFO - DAG(s) dict_keys(['tutorial']) retrieved from /home/airflow/.local/lib/python3.7/site-packages/airflow/example_dags/tutorial.py
[2025-04-26T19:32:21.562+0000] {logging_mixin.py:117} INFO - [2025-04-26T19:32:21.561+0000] {dag.py:2573} INFO - Sync 1 DAGs
[2025-04-26T19:32:21.614+0000] {logging_mixin.py:117} INFO - [2025-04-26T19:32:21.614+0000] {dag.py:3328} INFO - Setting next_dagrun for tutorial to 2025-04-25T19:32:21.613833+00:00, run_after=2025-04-26T19:32:21.613833+00:00
[2025-04-26T19:32:21.637+0000] {processor.py:178} INFO - Processing /home/airflow/.local/lib/python3.7/site-packages/airflow/example_dags/tutorial.py took 0.306 seconds
[2025-04-26T19:32:52.105+0000] {processor.py:156} INFO - Started process (PID=131) to work on /home/airflow/.local/lib/python3.7/site-packages/airflow/example_dags/tutorial.py
[2025-04-26T19:32:52.105+0000] {processor.py:758} INFO - Processing file /home/airflow/.local/lib/python3.7/site-packages/airflow/example_dags/tutorial.py for tasks to queue
[2025-04-26T19:32:52.106+0000] {logging_mixin.py:117} INFO - [2025-04-26T19:32:52.106+0000] {dagbag.py:525} INFO - Filling up the DagBag from /home/airflow/.local/lib/python3.7/site-packages/airflow/example_dags/tutorial.py
[2025-04-26T19:32:52.116+0000] {processor.py:768} INFO - DAG(s) dict_keys(['tutorial']) retrieved from /home/airflow/.local/lib/python3.7/site-packages/airflow/example_dags/tutorial.py
[2025-04-26T19:32:52.148+0000] {logging_mixin.py:117} INFO - [2025-04-26T19:32:52.148+0000] {dag.py:2573} INFO - Sync 1 DAGs
[2025-04-26T19:32:52.164+0000] {logging_mixin.py:117} INFO - [2025-04-26T19:32:52.164+0000] {dag.py:3328} INFO - Setting next_dagrun for tutorial to 2025-04-25T19:32:52.164091+00:00, run_after=2025-04-26T19:32:52.164091+00:00
[2025-04-26T19:32:52.196+0000] {processor.py:178} INFO - Processing /home/airflow/.local/lib/python3.7/site-packages/airflow/example_dags/tutorial.py took 0.094 seconds
[2025-04-26T19:33:22.832+0000] {processor.py:156} INFO - Started process (PID=195) to work on /home/airflow/.local/lib/python3.7/site-packages/airflow/example_dags/tutorial.py
[2025-04-26T19:33:22.834+0000] {processor.py:758} INFO - Processing file /home/airflow/.local/lib/python3.7/site-packages/airflow/example_dags/tutorial.py for tasks to queue
[2025-04-26T19:33:22.834+0000] {logging_mixin.py:117} INFO - [2025-04-26T19:33:22.834+0000] {dagbag.py:525} INFO - Filling up the DagBag from /home/airflow/.local/lib/python3.7/site-packages/airflow/example_dags/tutorial.py
[2025-04-26T19:33:22.851+0000] {processor.py:768} INFO - DAG(s) dict_keys(['tutorial']) retrieved from /home/airflow/.local/lib/python3.7/site-packages/airflow/example_dags/tutorial.py
[2025-04-26T19:33:22.883+0000] {logging_mixin.py:117} INFO - [2025-04-26T19:33:22.883+0000] {dag.py:2573} INFO - Sync 1 DAGs
[2025-04-26T19:33:22.902+0000] {logging_mixin.py:117} INFO - [2025-04-26T19:33:22.902+0000] {dag.py:3328} INFO - Setting next_dagrun for tutorial to 2025-04-25T19:33:22.902513+00:00, run_after=2025-04-26T19:33:22.902513+00:00
[2025-04-26T19:33:22.930+0000] {processor.py:178} INFO - Processing /home/airflow/.local/lib/python3.7/site-packages/airflow/example_dags/tutorial.py took 0.100 seconds
[2025-04-26T19:33:53.579+0000] {processor.py:156} INFO - Started process (PID=258) to work on /home/airflow/.local/lib/python3.7/site-packages/airflow/example_dags/tutorial.py
[2025-04-26T19:33:53.580+0000] {processor.py:758} INFO - Processing file /home/airflow/.local/lib/python3.7/site-packages/airflow/example_dags/tutorial.py for tasks to queue
[2025-04-26T19:33:53.581+0000] {logging_mixin.py:117} INFO - [2025-04-26T19:33:53.580+0000] {dagbag.py:525} INFO - Filling up the DagBag from /home/airflow/.local/lib/python3.7/site-packages/airflow/example_dags/tutorial.py
[2025-04-26T19:33:53.591+0000] {processor.py:768} INFO - DAG(s) dict_keys(['tutorial']) retrieved from /home/airflow/.local/lib/python3.7/site-packages/airflow/example_dags/tutorial.py
[2025-04-26T19:33:53.622+0000] {logging_mixin.py:117} INFO - [2025-04-26T19:33:53.622+0000] {dag.py:2573} INFO - Sync 1 DAGs
[2025-04-26T19:33:53.640+0000] {logging_mixin.py:117} INFO - [2025-04-26T19:33:53.640+0000] {dag.py:3328} INFO - Setting next_dagrun for tutorial to 2025-04-25T19:33:53.640154+00:00, run_after=2025-04-26T19:33:53.640154+00:00
[2025-04-26T19:33:53.654+0000] {processor.py:178} INFO - Processing /home/airflow/.local/lib/python3.7/site-packages/airflow/example_dags/tutorial.py took 0.078 seconds
[2025-04-26T19:34:24.616+0000] {processor.py:156} INFO - Started process (PID=321) to work on /home/airflow/.local/lib/python3.7/site-packages/airflow/example_dags/tutorial.py
[2025-04-26T19:34:24.617+0000] {processor.py:758} INFO - Processing file /home/airflow/.local/lib/python3.7/site-packages/airflow/example_dags/tutorial.py for tasks to queue
[2025-04-26T19:34:24.617+0000] {logging_mixin.py:117} INFO - [2025-04-26T19:34:24.617+0000] {dagbag.py:525} INFO - Filling up the DagBag from /home/airflow/.local/lib/python3.7/site-packages/airflow/example_dags/tutorial.py
[2025-04-26T19:34:24.634+0000] {processor.py:768} INFO - DAG(s) dict_keys(['tutorial']) retrieved from /home/airflow/.local/lib/python3.7/site-packages/airflow/example_dags/tutorial.py
[2025-04-26T19:34:24.675+0000] {logging_mixin.py:117} INFO - [2025-04-26T19:34:24.675+0000] {dag.py:2573} INFO - Sync 1 DAGs
[2025-04-26T19:34:24.700+0000] {logging_mixin.py:117} INFO - [2025-04-26T19:34:24.700+0000] {dag.py:3328} INFO - Setting next_dagrun for tutorial to 2025-04-25T19:34:24.700014+00:00, run_after=2025-04-26T19:34:24.700014+00:00
[2025-04-26T19:34:24.728+0000] {processor.py:178} INFO - Processing /home/airflow/.local/lib/python3.7/site-packages/airflow/example_dags/tutorial.py took 0.115 seconds
[2025-04-26T19:35:48.954+0000] {processor.py:156} INFO - Started process (PID=68) to work on /home/airflow/.local/lib/python3.7/site-packages/airflow/example_dags/tutorial.py
[2025-04-26T19:35:48.955+0000] {processor.py:758} INFO - Processing file /home/airflow/.local/lib/python3.7/site-packages/airflow/example_dags/tutorial.py for tasks to queue
[2025-04-26T19:35:48.955+0000] {logging_mixin.py:117} INFO - [2025-04-26T19:35:48.955+0000] {dagbag.py:525} INFO - Filling up the DagBag from /home/airflow/.local/lib/python3.7/site-packages/airflow/example_dags/tutorial.py
[2025-04-26T19:35:48.966+0000] {processor.py:768} INFO - DAG(s) dict_keys(['tutorial']) retrieved from /home/airflow/.local/lib/python3.7/site-packages/airflow/example_dags/tutorial.py
[2025-04-26T19:35:48.986+0000] {logging_mixin.py:117} INFO - [2025-04-26T19:35:48.986+0000] {dag.py:2573} INFO - Sync 1 DAGs
[2025-04-26T19:35:49.005+0000] {logging_mixin.py:117} INFO - [2025-04-26T19:35:49.005+0000] {dag.py:3328} INFO - Setting next_dagrun for tutorial to 2025-04-25T19:35:49.005505+00:00, run_after=2025-04-26T19:35:49.005505+00:00
[2025-04-26T19:35:49.021+0000] {processor.py:178} INFO - Processing /home/airflow/.local/lib/python3.7/site-packages/airflow/example_dags/tutorial.py took 0.069 seconds
[2025-04-26T19:36:20.155+0000] {processor.py:156} INFO - Started process (PID=139) to work on /home/airflow/.local/lib/python3.7/site-packages/airflow/example_dags/tutorial.py
[2025-04-26T19:36:20.156+0000] {processor.py:758} INFO - Processing file /home/airflow/.local/lib/python3.7/site-packages/airflow/example_dags/tutorial.py for tasks to queue
[2025-04-26T19:36:20.156+0000] {logging_mixin.py:117} INFO - [2025-04-26T19:36:20.156+0000] {dagbag.py:525} INFO - Filling up the DagBag from /home/airflow/.local/lib/python3.7/site-packages/airflow/example_dags/tutorial.py
[2025-04-26T19:36:20.166+0000] {processor.py:768} INFO - DAG(s) dict_keys(['tutorial']) retrieved from /home/airflow/.local/lib/python3.7/site-packages/airflow/example_dags/tutorial.py
[2025-04-26T19:36:20.196+0000] {logging_mixin.py:117} INFO - [2025-04-26T19:36:20.196+0000] {dag.py:2573} INFO - Sync 1 DAGs
[2025-04-26T19:36:20.212+0000] {logging_mixin.py:117} INFO - [2025-04-26T19:36:20.212+0000] {dag.py:3328} INFO - Setting next_dagrun for tutorial to 2025-04-25T19:36:20.212300+00:00, run_after=2025-04-26T19:36:20.212300+00:00
[2025-04-26T19:36:20.226+0000] {processor.py:178} INFO - Processing /home/airflow/.local/lib/python3.7/site-packages/airflow/example_dags/tutorial.py took 0.073 seconds
[2025-04-26T19:36:50.529+0000] {processor.py:156} INFO - Started process (PID=203) to work on /home/airflow/.local/lib/python3.7/site-packages/airflow/example_dags/tutorial.py
[2025-04-26T19:36:50.531+0000] {processor.py:758} INFO - Processing file /home/airflow/.local/lib/python3.7/site-packages/airflow/example_dags/tutorial.py for tasks to queue
[2025-04-26T19:36:50.531+0000] {logging_mixin.py:117} INFO - [2025-04-26T19:36:50.531+0000] {dagbag.py:525} INFO - Filling up the DagBag from /home/airflow/.local/lib/python3.7/site-packages/airflow/example_dags/tutorial.py
[2025-04-26T19:36:50.541+0000] {processor.py:768} INFO - DAG(s) dict_keys(['tutorial']) retrieved from /home/airflow/.local/lib/python3.7/site-packages/airflow/example_dags/tutorial.py
[2025-04-26T19:36:50.567+0000] {logging_mixin.py:117} INFO - [2025-04-26T19:36:50.567+0000] {dag.py:2573} INFO - Sync 1 DAGs
[2025-04-26T19:36:50.581+0000] {logging_mixin.py:117} INFO - [2025-04-26T19:36:50.581+0000] {dag.py:3328} INFO - Setting next_dagrun for tutorial to 2025-04-25T19:36:50.581700+00:00, run_after=2025-04-26T19:36:50.581700+00:00
[2025-04-26T19:36:50.595+0000] {processor.py:178} INFO - Processing /home/airflow/.local/lib/python3.7/site-packages/airflow/example_dags/tutorial.py took 0.068 seconds
[2025-04-26T19:37:20.881+0000] {processor.py:156} INFO - Started process (PID=266) to work on /home/airflow/.local/lib/python3.7/site-packages/airflow/example_dags/tutorial.py
[2025-04-26T19:37:20.882+0000] {processor.py:758} INFO - Processing file /home/airflow/.local/lib/python3.7/site-packages/airflow/example_dags/tutorial.py for tasks to queue
[2025-04-26T19:37:20.883+0000] {logging_mixin.py:117} INFO - [2025-04-26T19:37:20.883+0000] {dagbag.py:525} INFO - Filling up the DagBag from /home/airflow/.local/lib/python3.7/site-packages/airflow/example_dags/tutorial.py
[2025-04-26T19:37:20.893+0000] {processor.py:768} INFO - DAG(s) dict_keys(['tutorial']) retrieved from /home/airflow/.local/lib/python3.7/site-packages/airflow/example_dags/tutorial.py
[2025-04-26T19:37:20.918+0000] {logging_mixin.py:117} INFO - [2025-04-26T19:37:20.918+0000] {dag.py:2573} INFO - Sync 1 DAGs
[2025-04-26T19:37:20.935+0000] {logging_mixin.py:117} INFO - [2025-04-26T19:37:20.935+0000] {dag.py:3328} INFO - Setting next_dagrun for tutorial to 2025-04-25T19:37:20.935279+00:00, run_after=2025-04-26T19:37:20.935279+00:00
[2025-04-26T19:37:20.950+0000] {processor.py:178} INFO - Processing /home/airflow/.local/lib/python3.7/site-packages/airflow/example_dags/tutorial.py took 0.071 seconds
[2025-04-26T19:37:51.125+0000] {processor.py:156} INFO - Started process (PID=329) to work on /home/airflow/.local/lib/python3.7/site-packages/airflow/example_dags/tutorial.py
[2025-04-26T19:37:51.126+0000] {processor.py:758} INFO - Processing file /home/airflow/.local/lib/python3.7/site-packages/airflow/example_dags/tutorial.py for tasks to queue
[2025-04-26T19:37:51.126+0000] {logging_mixin.py:117} INFO - [2025-04-26T19:37:51.126+0000] {dagbag.py:525} INFO - Filling up the DagBag from /home/airflow/.local/lib/python3.7/site-packages/airflow/example_dags/tutorial.py
[2025-04-26T19:37:51.136+0000] {processor.py:768} INFO - DAG(s) dict_keys(['tutorial']) retrieved from /home/airflow/.local/lib/python3.7/site-packages/airflow/example_dags/tutorial.py
[2025-04-26T19:37:51.164+0000] {logging_mixin.py:117} INFO - [2025-04-26T19:37:51.164+0000] {dag.py:2573} INFO - Sync 1 DAGs
[2025-04-26T19:37:51.181+0000] {logging_mixin.py:117} INFO - [2025-04-26T19:37:51.180+0000] {dag.py:3328} INFO - Setting next_dagrun for tutorial to 2025-04-25T19:37:51.180731+00:00, run_after=2025-04-26T19:37:51.180731+00:00
[2025-04-26T19:37:51.201+0000] {processor.py:178} INFO - Processing /home/airflow/.local/lib/python3.7/site-packages/airflow/example_dags/tutorial.py took 0.078 seconds
[2025-04-26T19:38:21.393+0000] {processor.py:156} INFO - Started process (PID=391) to work on /home/airflow/.local/lib/python3.7/site-packages/airflow/example_dags/tutorial.py
[2025-04-26T19:38:21.395+0000] {processor.py:758} INFO - Processing file /home/airflow/.local/lib/python3.7/site-packages/airflow/example_dags/tutorial.py for tasks to queue
[2025-04-26T19:38:21.395+0000] {logging_mixin.py:117} INFO - [2025-04-26T19:38:21.395+0000] {dagbag.py:525} INFO - Filling up the DagBag from /home/airflow/.local/lib/python3.7/site-packages/airflow/example_dags/tutorial.py
[2025-04-26T19:38:21.404+0000] {processor.py:768} INFO - DAG(s) dict_keys(['tutorial']) retrieved from /home/airflow/.local/lib/python3.7/site-packages/airflow/example_dags/tutorial.py
[2025-04-26T19:38:21.432+0000] {logging_mixin.py:117} INFO - [2025-04-26T19:38:21.432+0000] {dag.py:2573} INFO - Sync 1 DAGs
[2025-04-26T19:38:21.446+0000] {logging_mixin.py:117} INFO - [2025-04-26T19:38:21.446+0000] {dag.py:3328} INFO - Setting next_dagrun for tutorial to 2025-04-25T19:38:21.446522+00:00, run_after=2025-04-26T19:38:21.446522+00:00
[2025-04-26T19:38:21.460+0000] {processor.py:178} INFO - Processing /home/airflow/.local/lib/python3.7/site-packages/airflow/example_dags/tutorial.py took 0.069 seconds
[2025-04-26T19:38:51.744+0000] {processor.py:156} INFO - Started process (PID=453) to work on /home/airflow/.local/lib/python3.7/site-packages/airflow/example_dags/tutorial.py
[2025-04-26T19:38:51.746+0000] {processor.py:758} INFO - Processing file /home/airflow/.local/lib/python3.7/site-packages/airflow/example_dags/tutorial.py for tasks to queue
[2025-04-26T19:38:51.746+0000] {logging_mixin.py:117} INFO - [2025-04-26T19:38:51.746+0000] {dagbag.py:525} INFO - Filling up the DagBag from /home/airflow/.local/lib/python3.7/site-packages/airflow/example_dags/tutorial.py
[2025-04-26T19:38:51.756+0000] {processor.py:768} INFO - DAG(s) dict_keys(['tutorial']) retrieved from /home/airflow/.local/lib/python3.7/site-packages/airflow/example_dags/tutorial.py
[2025-04-26T19:38:51.784+0000] {logging_mixin.py:117} INFO - [2025-04-26T19:38:51.784+0000] {dag.py:2573} INFO - Sync 1 DAGs
[2025-04-26T19:38:51.801+0000] {logging_mixin.py:117} INFO - [2025-04-26T19:38:51.801+0000] {dag.py:3328} INFO - Setting next_dagrun for tutorial to 2025-04-25T19:38:51.801303+00:00, run_after=2025-04-26T19:38:51.801303+00:00
[2025-04-26T19:38:51.816+0000] {processor.py:178} INFO - Processing /home/airflow/.local/lib/python3.7/site-packages/airflow/example_dags/tutorial.py took 0.074 seconds
[2025-04-26T19:39:22.261+0000] {processor.py:156} INFO - Started process (PID=516) to work on /home/airflow/.local/lib/python3.7/site-packages/airflow/example_dags/tutorial.py
[2025-04-26T19:39:22.262+0000] {processor.py:758} INFO - Processing file /home/airflow/.local/lib/python3.7/site-packages/airflow/example_dags/tutorial.py for tasks to queue
[2025-04-26T19:39:22.263+0000] {logging_mixin.py:117} INFO - [2025-04-26T19:39:22.262+0000] {dagbag.py:525} INFO - Filling up the DagBag from /home/airflow/.local/lib/python3.7/site-packages/airflow/example_dags/tutorial.py
[2025-04-26T19:39:22.273+0000] {processor.py:768} INFO - DAG(s) dict_keys(['tutorial']) retrieved from /home/airflow/.local/lib/python3.7/site-packages/airflow/example_dags/tutorial.py
[2025-04-26T19:39:22.303+0000] {logging_mixin.py:117} INFO - [2025-04-26T19:39:22.303+0000] {dag.py:2573} INFO - Sync 1 DAGs
[2025-04-26T19:39:22.322+0000] {logging_mixin.py:117} INFO - [2025-04-26T19:39:22.322+0000] {dag.py:3328} INFO - Setting next_dagrun for tutorial to 2025-04-25T19:39:22.322416+00:00, run_after=2025-04-26T19:39:22.322416+00:00
[2025-04-26T19:39:22.339+0000] {processor.py:178} INFO - Processing /home/airflow/.local/lib/python3.7/site-packages/airflow/example_dags/tutorial.py took 0.080 seconds
